INFO:werkzeug:127.0.0.1 - - [03/Jan/2024 15:11:35] "GET /loginadm HTTP/1.1" 200 -
INFO:werkzeug:127.0.0.1 - - [03/Jan/2024 15:11:35] "GET /static/styles/loginadm.css HTTP/1.1" 200 -
INFO:werkzeug:127.0.0.1 - - [03/Jan/2024 15:11:35] "[36mGET /static/images/exitbutton.png HTTP/1.1[0m" 304 -
INFO:werkzeug:127.0.0.1 - - [03/Jan/2024 15:11:35] "[36mGET /static/images/background-zezinho.png HTTP/1.1[0m" 304 -
INFO:werkzeug:127.0.0.1 - - [03/Jan/2024 15:11:36] "GET /relatoriosadm HTTP/1.1" 200 -
INFO:werkzeug:127.0.0.1 - - [03/Jan/2024 15:11:36] "[36mGET /static/styles/relatoriosadm.css HTTP/1.1[0m" 304 -
INFO:werkzeug:127.0.0.1 - - [03/Jan/2024 15:11:36] "[36mGET /static/images/exitbutton.png HTTP/1.1[0m" 304 -
INFO:werkzeug:127.0.0.1 - - [03/Jan/2024 15:11:36] "[36mGET /static/images/background-zezinho.png HTTP/1.1[0m" 304 -
INFO:werkzeug:127.0.0.1 - - [03/Jan/2024 15:11:40] "GET /login HTTP/1.1" 200 -
INFO:werkzeug:127.0.0.1 - - [03/Jan/2024 15:11:40] "[36mGET /static/styles/loading.css HTTP/1.1[0m" 304 -
INFO:werkzeug:127.0.0.1 - - [03/Jan/2024 15:11:40] "[36mGET /static/styles/login.css HTTP/1.1[0m" 304 -
INFO:werkzeug:127.0.0.1 - - [03/Jan/2024 15:11:40] "[36mGET /static/images/zezinho.png HTTP/1.1[0m" 304 -
INFO:werkzeug:127.0.0.1 - - [03/Jan/2024 15:11:42] "[32mPOST /login HTTP/1.1[0m" 302 -
INFO:werkzeug:127.0.0.1 - - [03/Jan/2024 15:11:42] "GET /loginadm HTTP/1.1" 200 -
INFO:werkzeug:127.0.0.1 - - [03/Jan/2024 15:11:42] "[36mGET /static/styles/loginadm.css HTTP/1.1[0m" 304 -
INFO:werkzeug:127.0.0.1 - - [03/Jan/2024 15:11:42] "[36mGET /static/images/exitbutton.png HTTP/1.1[0m" 304 -
INFO:werkzeug:127.0.0.1 - - [03/Jan/2024 15:11:45] "GET /login HTTP/1.1" 200 -
INFO:werkzeug:127.0.0.1 - - [03/Jan/2024 15:11:45] "[36mGET /static/styles/loading.css HTTP/1.1[0m" 304 -
INFO:werkzeug:127.0.0.1 - - [03/Jan/2024 15:11:45] "[36mGET /static/styles/login.css HTTP/1.1[0m" 304 -
INFO:werkzeug:127.0.0.1 - - [03/Jan/2024 15:11:49] "[32mPOST /login HTTP/1.1[0m" 302 -
INFO:werkzeug:127.0.0.1 - - [03/Jan/2024 15:11:49] "GET /loginrec HTTP/1.1" 200 -
INFO:werkzeug:127.0.0.1 - - [03/Jan/2024 15:11:49] "[36mGET /static/styles/loginrec.css HTTP/1.1[0m" 304 -
INFO:werkzeug:127.0.0.1 - - [03/Jan/2024 15:11:49] "[36mGET /static/images/exitbutton.png HTTP/1.1[0m" 304 -
INFO:werkzeug:127.0.0.1 - - [03/Jan/2024 15:11:49] "[36mGET /static/images/background-zezinho.png HTTP/1.1[0m" 304 -
INFO:werkzeug:127.0.0.1 - - [03/Jan/2024 15:11:49] "[36mGET /static/images/zezinhobola.png HTTP/1.1[0m" 304 -
INFO:werkzeug:127.0.0.1 - - [03/Jan/2024 15:11:56] "GET /ajudaOZe HTTP/1.1" 200 -
INFO:werkzeug:127.0.0.1 - - [03/Jan/2024 15:11:56] "[36mGET /static/styles/ajudaOZe.css HTTP/1.1[0m" 304 -
INFO:werkzeug:127.0.0.1 - - [03/Jan/2024 15:11:56] "[36mGET /static/images/exitbutton.png HTTP/1.1[0m" 304 -
INFO:werkzeug:127.0.0.1 - - [03/Jan/2024 15:11:56] "[36mGET /static/images/background-zezinho.png HTTP/1.1[0m" 304 -
INFO:werkzeug:127.0.0.1 - - [03/Jan/2024 15:11:58] "GET /loginrec HTTP/1.1" 200 -
INFO:werkzeug:127.0.0.1 - - [03/Jan/2024 15:11:58] "[36mGET /static/styles/loginrec.css HTTP/1.1[0m" 304 -
INFO:werkzeug:127.0.0.1 - - [03/Jan/2024 15:11:58] "[36mGET /static/images/exitbutton.png HTTP/1.1[0m" 304 -
INFO:werkzeug:127.0.0.1 - - [03/Jan/2024 15:11:58] "[36mGET /static/images/background-zezinho.png HTTP/1.1[0m" 304 -
INFO:werkzeug:127.0.0.1 - - [03/Jan/2024 15:11:58] "[36mGET /static/images/zezinhobola.png HTTP/1.1[0m" 304 -
INFO:werkzeug:127.0.0.1 - - [03/Jan/2024 15:11:59] "GET /ajudaOZe HTTP/1.1" 200 -
INFO:werkzeug:127.0.0.1 - - [03/Jan/2024 15:11:59] "[36mGET /static/styles/ajudaOZe.css HTTP/1.1[0m" 304 -
INFO:werkzeug:127.0.0.1 - - [03/Jan/2024 15:11:59] "[36mGET /static/images/exitbutton.png HTTP/1.1[0m" 304 -
INFO:werkzeug:127.0.0.1 - - [03/Jan/2024 15:12:03] "GET /loginrec HTTP/1.1" 200 -
INFO:werkzeug:127.0.0.1 - - [03/Jan/2024 15:12:03] "[36mGET /static/styles/loginrec.css HTTP/1.1[0m" 304 -
INFO:werkzeug:127.0.0.1 - - [03/Jan/2024 15:12:03] "[36mGET /static/images/exitbutton.png HTTP/1.1[0m" 304 -
INFO:werkzeug:127.0.0.1 - - [03/Jan/2024 15:12:05] "GET /abastecimento HTTP/1.1" 200 -
INFO:werkzeug:127.0.0.1 - - [03/Jan/2024 15:12:05] "[36mGET /static/images/exitbutton.png HTTP/1.1[0m" 304 -
INFO:werkzeug:127.0.0.1 - - [03/Jan/2024 15:12:05] "[36mGET /static/styles/abastecimento.css HTTP/1.1[0m" 304 -
INFO:werkzeug:127.0.0.1 - - [03/Jan/2024 15:12:05] "[36mGET /static/images/background-zezinho.png HTTP/1.1[0m" 304 -
INFO:werkzeug:127.0.0.1 - - [03/Jan/2024 15:12:11] "GET /loginrec HTTP/1.1" 200 -
INFO:werkzeug:127.0.0.1 - - [03/Jan/2024 15:12:11] "[36mGET /static/styles/loginrec.css HTTP/1.1[0m" 304 -
INFO:werkzeug:127.0.0.1 - - [03/Jan/2024 15:12:11] "[36mGET /static/images/exitbutton.png HTTP/1.1[0m" 304 -
INFO:root:Página de reabastecimento carregada com sucesso.
INFO:werkzeug:127.0.0.1 - - [03/Jan/2024 15:12:12] "GET /reabastecimento HTTP/1.1" 200 -
INFO:werkzeug:127.0.0.1 - - [03/Jan/2024 15:12:12] "[36mGET /static/styles/reabastecimento.css HTTP/1.1[0m" 304 -
INFO:werkzeug:127.0.0.1 - - [03/Jan/2024 15:12:12] "[36mGET /static/images/exitbutton.png HTTP/1.1[0m" 304 -
INFO:werkzeug:127.0.0.1 - - [03/Jan/2024 15:12:12] "[36mGET /static/images/background-zezinho.png HTTP/1.1[0m" 304 -
INFO:werkzeug:127.0.0.1 - - [03/Jan/2024 15:12:16] "GET /loginrec HTTP/1.1" 200 -
INFO:werkzeug:127.0.0.1 - - [03/Jan/2024 15:12:16] "[36mGET /static/styles/loginrec.css HTTP/1.1[0m" 304 -
INFO:werkzeug:127.0.0.1 - - [03/Jan/2024 15:12:16] "[36mGET /static/images/exitbutton.png HTTP/1.1[0m" 304 -
INFO:werkzeug:127.0.0.1 - - [03/Jan/2024 15:12:20] "GET /loginrec HTTP/1.1" 200 -
INFO:werkzeug:127.0.0.1 - - [03/Jan/2024 15:12:20] "[36mGET /static/styles/loginrec.css HTTP/1.1[0m" 304 -
INFO:werkzeug:127.0.0.1 - - [03/Jan/2024 15:12:20] "[36mGET /static/images/exitbutton.png HTTP/1.1[0m" 304 -
INFO:werkzeug:127.0.0.1 - - [03/Jan/2024 15:12:23] "GET /login HTTP/1.1" 200 -
INFO:werkzeug:127.0.0.1 - - [03/Jan/2024 15:12:23] "[36mGET /static/styles/loading.css HTTP/1.1[0m" 304 -
INFO:werkzeug:127.0.0.1 - - [03/Jan/2024 15:12:23] "[36mGET /static/styles/login.css HTTP/1.1[0m" 304 -
INFO:werkzeug:127.0.0.1 - - [03/Jan/2024 15:12:29] "[32mPOST /login HTTP/1.1[0m" 302 -
INFO:werkzeug:127.0.0.1 - - [03/Jan/2024 15:12:29] "GET /loginadm HTTP/1.1" 200 -
INFO:werkzeug:127.0.0.1 - - [03/Jan/2024 15:12:29] "[36mGET /static/styles/loginadm.css HTTP/1.1[0m" 304 -
INFO:werkzeug:127.0.0.1 - - [03/Jan/2024 15:12:29] "[36mGET /static/images/exitbutton.png HTTP/1.1[0m" 304 -
INFO:werkzeug:127.0.0.1 - - [03/Jan/2024 15:12:29] "[36mGET /static/images/background-zezinho.png HTTP/1.1[0m" 304 -
INFO:werkzeug:127.0.0.1 - - [03/Jan/2024 15:13:21] "GET /loginadm HTTP/1.1" 200 -
INFO:werkzeug:127.0.0.1 - - [03/Jan/2024 15:13:21] "GET /static/styles/loginadm.css HTTP/1.1" 200 -
INFO:werkzeug:127.0.0.1 - - [03/Jan/2024 15:13:21] "[36mGET /static/images/exitbutton.png HTTP/1.1[0m" 304 -
INFO:werkzeug:127.0.0.1 - - [03/Jan/2024 15:13:21] "[36mGET /static/images/background-zezinho.png HTTP/1.1[0m" 304 -
INFO:werkzeug:127.0.0.1 - - [03/Jan/2024 15:13:27] "[36mGET /static/styles/loginadm.css HTTP/1.1[0m" 304 -
INFO:werkzeug:[31m[1mWARNING: This is a development server. Do not use it in a production deployment. Use a production WSGI server instead.[0m
 * Running on http://127.0.0.1:5000
INFO:werkzeug:[33mPress CTRL+C to quit[0m
INFO:werkzeug: * Restarting with stat
WARNING:werkzeug: * Debugger is active!
INFO:werkzeug: * Debugger PIN: 128-076-020
INFO:werkzeug:127.0.0.1 - - [04/Jan/2024 08:38:07] "[32mGET / HTTP/1.1[0m" 302 -
INFO:werkzeug:127.0.0.1 - - [04/Jan/2024 08:38:07] "GET /login?next=/ HTTP/1.1" 200 -
INFO:werkzeug:127.0.0.1 - - [04/Jan/2024 08:38:07] "[36mGET /static/styles/login.css HTTP/1.1[0m" 304 -
INFO:werkzeug:127.0.0.1 - - [04/Jan/2024 08:38:07] "[36mGET /static/styles/loading.css HTTP/1.1[0m" 304 -
INFO:werkzeug:127.0.0.1 - - [04/Jan/2024 08:38:07] "[36mGET /static/images/zezinho.png HTTP/1.1[0m" 304 -
INFO:werkzeug:127.0.0.1 - - [04/Jan/2024 08:38:07] "[33mGET /favicon.ico HTTP/1.1[0m" 404 -
INFO:werkzeug:127.0.0.1 - - [04/Jan/2024 08:38:10] "[36mGET /static/styles/loading.css HTTP/1.1[0m" 304 -
INFO:werkzeug:127.0.0.1 - - [04/Jan/2024 08:38:10] "[36mGET /static/styles/login.css HTTP/1.1[0m" 304 -
INFO:werkzeug:127.0.0.1 - - [04/Jan/2024 08:38:17] "[32mPOST /login HTTP/1.1[0m" 302 -
INFO:werkzeug:127.0.0.1 - - [04/Jan/2024 08:38:17] "GET /loginrec HTTP/1.1" 200 -
INFO:werkzeug:127.0.0.1 - - [04/Jan/2024 08:38:17] "[36mGET /static/styles/loginrec.css HTTP/1.1[0m" 304 -
INFO:werkzeug:127.0.0.1 - - [04/Jan/2024 08:38:17] "[36mGET /static/images/exitbutton.png HTTP/1.1[0m" 304 -
INFO:werkzeug:127.0.0.1 - - [04/Jan/2024 08:38:17] "[36mGET /static/images/zezinhobola.png HTTP/1.1[0m" 304 -
INFO:werkzeug:127.0.0.1 - - [04/Jan/2024 08:38:17] "[36mGET /static/images/background-zezinho.png HTTP/1.1[0m" 304 -
INFO:werkzeug:127.0.0.1 - - [04/Jan/2024 08:38:20] "GET /ajudaOZe HTTP/1.1" 200 -
INFO:werkzeug:127.0.0.1 - - [04/Jan/2024 08:38:20] "[36mGET /static/images/exitbutton.png HTTP/1.1[0m" 304 -
INFO:werkzeug:127.0.0.1 - - [04/Jan/2024 08:38:20] "[36mGET /static/styles/ajudaOZe.css HTTP/1.1[0m" 304 -
INFO:werkzeug:127.0.0.1 - - [04/Jan/2024 08:38:20] "[36mGET /static/images/background-zezinho.png HTTP/1.1[0m" 304 -
INFO:werkzeug:127.0.0.1 - - [04/Jan/2024 08:38:22] "[35m[1mPOST /ajudaOZe HTTP/1.1[0m" 500 -
INFO:werkzeug:127.0.0.1 - - [04/Jan/2024 08:38:22] "[36mGET /ajudaOZe?__debugger__=yes&cmd=resource&f=style.css HTTP/1.1[0m" 304 -
INFO:werkzeug:127.0.0.1 - - [04/Jan/2024 08:38:22] "[36mGET /ajudaOZe?__debugger__=yes&cmd=resource&f=debugger.js HTTP/1.1[0m" 304 -
INFO:werkzeug:127.0.0.1 - - [04/Jan/2024 08:38:22] "[36mGET /ajudaOZe?__debugger__=yes&cmd=resource&f=console.png HTTP/1.1[0m" 304 -
INFO:werkzeug:127.0.0.1 - - [04/Jan/2024 08:38:22] "[36mGET /ajudaOZe?__debugger__=yes&cmd=resource&f=console.png HTTP/1.1[0m" 304 -
INFO:werkzeug: * Detected change in 'C:\\Users\\x17859816\\Desktop\\PaperControlSystem\\app.py', reloading
INFO:werkzeug: * Restarting with stat
WARNING:werkzeug: * Debugger is active!
INFO:werkzeug: * Debugger PIN: 128-076-020
INFO:werkzeug:127.0.0.1 - - [04/Jan/2024 08:49:00] "[32mGET /loginrec HTTP/1.1[0m" 302 -
INFO:werkzeug:127.0.0.1 - - [04/Jan/2024 08:49:00] "GET /login?next=/loginrec HTTP/1.1" 200 -
INFO:werkzeug:127.0.0.1 - - [04/Jan/2024 08:49:01] "[36mGET /static/styles/login.css HTTP/1.1[0m" 304 -
INFO:werkzeug:127.0.0.1 - - [04/Jan/2024 08:49:01] "[36mGET /static/styles/loading.css HTTP/1.1[0m" 304 -
INFO:werkzeug:127.0.0.1 - - [04/Jan/2024 08:49:01] "[36mGET /static/images/zezinho.png HTTP/1.1[0m" 304 -
INFO:werkzeug:127.0.0.1 - - [04/Jan/2024 08:49:02] "[32mPOST /login HTTP/1.1[0m" 302 -
INFO:werkzeug:127.0.0.1 - - [04/Jan/2024 08:49:02] "GET /loginrec HTTP/1.1" 200 -
INFO:werkzeug:127.0.0.1 - - [04/Jan/2024 08:49:02] "[36mGET /static/styles/loginrec.css HTTP/1.1[0m" 304 -
INFO:werkzeug:127.0.0.1 - - [04/Jan/2024 08:49:02] "[36mGET /static/images/exitbutton.png HTTP/1.1[0m" 304 -
INFO:werkzeug:127.0.0.1 - - [04/Jan/2024 08:49:02] "[36mGET /static/images/background-zezinho.png HTTP/1.1[0m" 304 -
INFO:werkzeug:127.0.0.1 - - [04/Jan/2024 08:49:02] "[36mGET /static/images/zezinhobola.png HTTP/1.1[0m" 304 -
INFO:werkzeug:127.0.0.1 - - [04/Jan/2024 08:49:04] "GET /ajudaOZe HTTP/1.1" 200 -
INFO:werkzeug:127.0.0.1 - - [04/Jan/2024 08:49:04] "[36mGET /static/styles/ajudaOZe.css HTTP/1.1[0m" 304 -
INFO:werkzeug:127.0.0.1 - - [04/Jan/2024 08:49:04] "[36mGET /static/images/exitbutton.png HTTP/1.1[0m" 304 -
INFO:werkzeug:127.0.0.1 - - [04/Jan/2024 08:49:09] "POST /ajudaOZe HTTP/1.1" 200 -
INFO:werkzeug:127.0.0.1 - - [04/Jan/2024 08:49:09] "[36mGET /static/styles/ajudaOZe.css HTTP/1.1[0m" 304 -
INFO:werkzeug:127.0.0.1 - - [04/Jan/2024 08:49:09] "[36mGET /static/images/exitbutton.png HTTP/1.1[0m" 304 -
INFO:werkzeug:127.0.0.1 - - [04/Jan/2024 08:49:17] "[36mGET /static/styles/ajudaOZe.css HTTP/1.1[0m" 304 -
INFO:werkzeug:127.0.0.1 - - [04/Jan/2024 08:50:59] "POST /ajudaOZe HTTP/1.1" 200 -
INFO:werkzeug:127.0.0.1 - - [04/Jan/2024 08:50:59] "[36mGET /static/styles/ajudaOZe.css HTTP/1.1[0m" 304 -
INFO:werkzeug:127.0.0.1 - - [04/Jan/2024 08:50:59] "[36mGET /static/images/exitbutton.png HTTP/1.1[0m" 304 -
INFO:werkzeug:127.0.0.1 - - [04/Jan/2024 08:53:15] "GET /loginrec HTTP/1.1" 200 -
INFO:werkzeug:127.0.0.1 - - [04/Jan/2024 08:53:15] "[36mGET /static/styles/loginrec.css HTTP/1.1[0m" 304 -
INFO:werkzeug:127.0.0.1 - - [04/Jan/2024 08:53:15] "[36mGET /static/images/exitbutton.png HTTP/1.1[0m" 304 -
INFO:werkzeug:127.0.0.1 - - [04/Jan/2024 08:53:15] "[36mGET /static/images/background-zezinho.png HTTP/1.1[0m" 304 -
INFO:werkzeug:127.0.0.1 - - [04/Jan/2024 08:53:15] "[36mGET /static/images/zezinhobola.png HTTP/1.1[0m" 304 -
INFO:werkzeug:127.0.0.1 - - [04/Jan/2024 08:53:17] "GET /ajudaOZe HTTP/1.1" 200 -
INFO:werkzeug:127.0.0.1 - - [04/Jan/2024 08:53:17] "[36mGET /static/styles/ajudaOZe.css HTTP/1.1[0m" 304 -
INFO:werkzeug:127.0.0.1 - - [04/Jan/2024 08:53:17] "[36mGET /static/images/exitbutton.png HTTP/1.1[0m" 304 -
INFO:werkzeug:127.0.0.1 - - [04/Jan/2024 08:53:17] "[36mGET /static/images/background-zezinho.png HTTP/1.1[0m" 304 -
INFO:werkzeug:127.0.0.1 - - [04/Jan/2024 08:54:55] "GET /ajudaOZe HTTP/1.1" 200 -
INFO:werkzeug:127.0.0.1 - - [04/Jan/2024 08:54:55] "[36mGET /static/images/exitbutton.png HTTP/1.1[0m" 304 -
INFO:werkzeug:127.0.0.1 - - [04/Jan/2024 08:54:55] "GET /static/styles/ajudaOZe.css HTTP/1.1" 200 -
INFO:werkzeug:127.0.0.1 - - [04/Jan/2024 08:54:55] "[36mGET /static/images/background-zezinho.png HTTP/1.1[0m" 304 -
INFO:werkzeug:127.0.0.1 - - [04/Jan/2024 08:56:19] "GET /loginrec HTTP/1.1" 200 -
INFO:werkzeug:127.0.0.1 - - [04/Jan/2024 08:56:19] "[36mGET /static/styles/loginrec.css HTTP/1.1[0m" 304 -
INFO:werkzeug:127.0.0.1 - - [04/Jan/2024 08:56:19] "[36mGET /static/images/exitbutton.png HTTP/1.1[0m" 304 -
INFO:werkzeug:127.0.0.1 - - [04/Jan/2024 08:56:19] "[36mGET /static/images/background-zezinho.png HTTP/1.1[0m" 304 -
INFO:werkzeug:127.0.0.1 - - [04/Jan/2024 08:56:19] "[36mGET /static/images/zezinhobola.png HTTP/1.1[0m" 304 -
INFO:werkzeug:127.0.0.1 - - [04/Jan/2024 08:56:21] "GET /ajudaOZe HTTP/1.1" 200 -
INFO:werkzeug:127.0.0.1 - - [04/Jan/2024 08:56:21] "[36mGET /static/images/exitbutton.png HTTP/1.1[0m" 304 -
INFO:werkzeug:127.0.0.1 - - [04/Jan/2024 08:56:21] "GET /static/styles/ajudaOZe.css HTTP/1.1" 200 -
INFO:werkzeug:127.0.0.1 - - [04/Jan/2024 08:56:21] "[36mGET /static/images/background-zezinho.png HTTP/1.1[0m" 304 -
INFO:werkzeug:127.0.0.1 - - [04/Jan/2024 08:56:27] "[36mGET /static/styles/ajudaOZe.css HTTP/1.1[0m" 304 -
INFO:werkzeug:127.0.0.1 - - [04/Jan/2024 08:56:35] "GET /ajudaOZe HTTP/1.1" 200 -
INFO:werkzeug:127.0.0.1 - - [04/Jan/2024 08:56:35] "GET /static/styles/ajudaOZe.css HTTP/1.1" 200 -
INFO:werkzeug:127.0.0.1 - - [04/Jan/2024 08:56:35] "[36mGET /static/images/exitbutton.png HTTP/1.1[0m" 304 -
INFO:werkzeug:127.0.0.1 - - [04/Jan/2024 08:56:35] "[36mGET /static/images/background-zezinho.png HTTP/1.1[0m" 304 -
INFO:werkzeug:127.0.0.1 - - [04/Jan/2024 08:57:26] "[36mGET /static/styles/ajudaOZe.css HTTP/1.1[0m" 304 -
INFO:werkzeug:127.0.0.1 - - [04/Jan/2024 08:57:45] "GET /ajudaOZe HTTP/1.1" 200 -
INFO:werkzeug:127.0.0.1 - - [04/Jan/2024 08:57:45] "[36mGET /static/images/exitbutton.png HTTP/1.1[0m" 304 -
INFO:werkzeug:127.0.0.1 - - [04/Jan/2024 08:57:45] "GET /static/styles/ajudaOZe.css HTTP/1.1" 200 -
INFO:werkzeug:127.0.0.1 - - [04/Jan/2024 08:57:45] "[36mGET /static/images/background-zezinho.png HTTP/1.1[0m" 304 -
INFO:werkzeug:127.0.0.1 - - [04/Jan/2024 08:57:50] "GET /ajudaOZe HTTP/1.1" 200 -
INFO:werkzeug:127.0.0.1 - - [04/Jan/2024 08:57:50] "[36mGET /static/images/exitbutton.png HTTP/1.1[0m" 304 -
INFO:werkzeug:127.0.0.1 - - [04/Jan/2024 08:57:50] "GET /static/styles/ajudaOZe.css HTTP/1.1" 200 -
INFO:werkzeug:127.0.0.1 - - [04/Jan/2024 08:57:50] "[36mGET /static/images/background-zezinho.png HTTP/1.1[0m" 304 -
INFO:werkzeug:127.0.0.1 - - [04/Jan/2024 08:57:59] "GET /ajudaOZe HTTP/1.1" 200 -
INFO:werkzeug:127.0.0.1 - - [04/Jan/2024 08:57:59] "[36mGET /static/images/exitbutton.png HTTP/1.1[0m" 304 -
INFO:werkzeug:127.0.0.1 - - [04/Jan/2024 08:57:59] "GET /static/styles/ajudaOZe.css HTTP/1.1" 200 -
INFO:werkzeug:127.0.0.1 - - [04/Jan/2024 08:57:59] "[36mGET /static/images/background-zezinho.png HTTP/1.1[0m" 304 -
INFO:werkzeug:127.0.0.1 - - [04/Jan/2024 08:58:08] "GET /ajudaOZe HTTP/1.1" 200 -
INFO:werkzeug:127.0.0.1 - - [04/Jan/2024 08:58:08] "[36mGET /static/images/exitbutton.png HTTP/1.1[0m" 304 -
INFO:werkzeug:127.0.0.1 - - [04/Jan/2024 08:58:08] "GET /static/styles/ajudaOZe.css HTTP/1.1" 200 -
INFO:werkzeug:127.0.0.1 - - [04/Jan/2024 08:58:08] "[36mGET /static/images/background-zezinho.png HTTP/1.1[0m" 304 -
INFO:werkzeug:127.0.0.1 - - [04/Jan/2024 08:59:55] "GET /loginrec HTTP/1.1" 200 -
INFO:werkzeug:127.0.0.1 - - [04/Jan/2024 08:59:55] "[36mGET /static/images/exitbutton.png HTTP/1.1[0m" 304 -
INFO:werkzeug:127.0.0.1 - - [04/Jan/2024 08:59:55] "GET /static/styles/loginrec.css HTTP/1.1" 200 -
INFO:werkzeug:127.0.0.1 - - [04/Jan/2024 08:59:55] "[36mGET /static/images/background-zezinho.png HTTP/1.1[0m" 304 -
INFO:werkzeug:127.0.0.1 - - [04/Jan/2024 08:59:55] "[36mGET /static/images/zezinhobola.png HTTP/1.1[0m" 304 -
INFO:werkzeug:127.0.0.1 - - [04/Jan/2024 08:59:59] "[36mGET /static/styles/loginrec.css HTTP/1.1[0m" 304 -
INFO:werkzeug:127.0.0.1 - - [04/Jan/2024 09:00:11] "GET /loginrec HTTP/1.1" 200 -
INFO:werkzeug:127.0.0.1 - - [04/Jan/2024 09:00:11] "GET /static/styles/loginrec.css HTTP/1.1" 200 -
INFO:werkzeug:127.0.0.1 - - [04/Jan/2024 09:00:11] "[36mGET /static/images/exitbutton.png HTTP/1.1[0m" 304 -
INFO:werkzeug:127.0.0.1 - - [04/Jan/2024 09:00:11] "[36mGET /static/images/background-zezinho.png HTTP/1.1[0m" 304 -
INFO:werkzeug:127.0.0.1 - - [04/Jan/2024 09:00:11] "[36mGET /static/images/zezinhobola.png HTTP/1.1[0m" 304 -
INFO:werkzeug:127.0.0.1 - - [04/Jan/2024 09:02:32] "GET /loginrec HTTP/1.1" 200 -
INFO:werkzeug:127.0.0.1 - - [04/Jan/2024 09:02:32] "[36mGET /static/images/exitbutton.png HTTP/1.1[0m" 304 -
INFO:werkzeug:127.0.0.1 - - [04/Jan/2024 09:02:32] "GET /static/styles/loginrec.css HTTP/1.1" 200 -
INFO:werkzeug:127.0.0.1 - - [04/Jan/2024 09:02:32] "[36mGET /static/images/background-zezinho.png HTTP/1.1[0m" 304 -
INFO:werkzeug:127.0.0.1 - - [04/Jan/2024 09:02:32] "[36mGET /static/images/zezinhobola.png HTTP/1.1[0m" 304 -
INFO:werkzeug:127.0.0.1 - - [04/Jan/2024 09:02:45] "GET /loginrec HTTP/1.1" 200 -
INFO:werkzeug:127.0.0.1 - - [04/Jan/2024 09:02:45] "GET /static/styles/loginrec.css HTTP/1.1" 200 -
INFO:werkzeug:127.0.0.1 - - [04/Jan/2024 09:02:45] "[36mGET /static/images/exitbutton.png HTTP/1.1[0m" 304 -
INFO:werkzeug:127.0.0.1 - - [04/Jan/2024 09:02:45] "[36mGET /static/images/background-zezinho.png HTTP/1.1[0m" 304 -
INFO:werkzeug:127.0.0.1 - - [04/Jan/2024 09:02:45] "[36mGET /static/images/zezinhobola.png HTTP/1.1[0m" 304 -
INFO:werkzeug:127.0.0.1 - - [04/Jan/2024 09:12:38] "GET /login HTTP/1.1" 200 -
INFO:werkzeug:127.0.0.1 - - [04/Jan/2024 09:12:38] "[36mGET /static/styles/loading.css HTTP/1.1[0m" 304 -
INFO:werkzeug:127.0.0.1 - - [04/Jan/2024 09:12:38] "[36mGET /static/styles/login.css HTTP/1.1[0m" 304 -
INFO:werkzeug:127.0.0.1 - - [04/Jan/2024 09:12:38] "[36mGET /static/images/zezinho.png HTTP/1.1[0m" 304 -
INFO:werkzeug:127.0.0.1 - - [04/Jan/2024 09:12:40] "[32mPOST /login HTTP/1.1[0m" 302 -
INFO:werkzeug:127.0.0.1 - - [04/Jan/2024 09:12:40] "[35m[1mGET /loginadm HTTP/1.1[0m" 500 -
INFO:werkzeug:127.0.0.1 - - [04/Jan/2024 09:12:40] "GET /loginadm?__debugger__=yes&cmd=resource&f=style.css HTTP/1.1" 200 -
INFO:werkzeug:127.0.0.1 - - [04/Jan/2024 09:12:40] "GET /loginadm?__debugger__=yes&cmd=resource&f=debugger.js HTTP/1.1" 200 -
INFO:werkzeug:127.0.0.1 - - [04/Jan/2024 09:12:40] "GET /loginadm?__debugger__=yes&cmd=resource&f=console.png HTTP/1.1" 200 -
INFO:werkzeug:127.0.0.1 - - [04/Jan/2024 09:12:40] "[36mGET /loginadm?__debugger__=yes&cmd=resource&f=console.png HTTP/1.1[0m" 304 -
INFO:werkzeug: * Detected change in 'C:\\Users\\x17859816\\Desktop\\PaperControlSystem\\app.py', reloading
INFO:werkzeug: * Restarting with stat
WARNING:werkzeug: * Debugger is active!
INFO:werkzeug: * Debugger PIN: 128-076-020
INFO:werkzeug:127.0.0.1 - - [04/Jan/2024 09:14:11] "[32mGET /loginadm HTTP/1.1[0m" 302 -
INFO:werkzeug:127.0.0.1 - - [04/Jan/2024 09:14:11] "GET /login?next=/loginadm HTTP/1.1" 200 -
INFO:werkzeug:127.0.0.1 - - [04/Jan/2024 09:14:11] "[36mGET /static/styles/loading.css HTTP/1.1[0m" 304 -
INFO:werkzeug:127.0.0.1 - - [04/Jan/2024 09:14:11] "[36mGET /static/styles/login.css HTTP/1.1[0m" 304 -
INFO:werkzeug:127.0.0.1 - - [04/Jan/2024 09:14:11] "[36mGET /static/images/zezinho.png HTTP/1.1[0m" 304 -
INFO:werkzeug:127.0.0.1 - - [04/Jan/2024 09:14:13] "[32mPOST /login HTTP/1.1[0m" 302 -
INFO:werkzeug:127.0.0.1 - - [04/Jan/2024 09:14:13] "GET /loginrec HTTP/1.1" 200 -
INFO:werkzeug:127.0.0.1 - - [04/Jan/2024 09:14:13] "[36mGET /static/styles/loginrec.css HTTP/1.1[0m" 304 -
INFO:werkzeug:127.0.0.1 - - [04/Jan/2024 09:14:13] "[36mGET /static/images/exitbutton.png HTTP/1.1[0m" 304 -
INFO:werkzeug:127.0.0.1 - - [04/Jan/2024 09:14:13] "[36mGET /static/images/background-zezinho.png HTTP/1.1[0m" 304 -
INFO:werkzeug:127.0.0.1 - - [04/Jan/2024 09:14:13] "[36mGET /static/images/zezinhobola.png HTTP/1.1[0m" 304 -
INFO:werkzeug:127.0.0.1 - - [04/Jan/2024 09:14:15] "GET /login HTTP/1.1" 200 -
INFO:werkzeug:127.0.0.1 - - [04/Jan/2024 09:14:15] "[36mGET /static/styles/loading.css HTTP/1.1[0m" 304 -
INFO:werkzeug:127.0.0.1 - - [04/Jan/2024 09:14:15] "[36mGET /static/styles/login.css HTTP/1.1[0m" 304 -
INFO:werkzeug:127.0.0.1 - - [04/Jan/2024 09:14:15] "[36mGET /static/images/zezinho.png HTTP/1.1[0m" 304 -
INFO:werkzeug:127.0.0.1 - - [04/Jan/2024 09:14:18] "[32mPOST /login HTTP/1.1[0m" 302 -
INFO:werkzeug:127.0.0.1 - - [04/Jan/2024 09:14:18] "GET /loginadm HTTP/1.1" 200 -
INFO:werkzeug:127.0.0.1 - - [04/Jan/2024 09:14:18] "[36mGET /static/images/exitbutton.png HTTP/1.1[0m" 304 -
INFO:werkzeug:127.0.0.1 - - [04/Jan/2024 09:14:18] "[36mGET /static/styles/loginadm.css HTTP/1.1[0m" 304 -
INFO:werkzeug:127.0.0.1 - - [04/Jan/2024 09:14:18] "[36mGET /static/images/background-zezinho.png HTTP/1.1[0m" 304 -
INFO:werkzeug:127.0.0.1 - - [04/Jan/2024 09:14:21] "GET /quantidadeadm HTTP/1.1" 200 -
INFO:werkzeug:127.0.0.1 - - [04/Jan/2024 09:14:24] "[36mGET /static/styles/loginadm.css HTTP/1.1[0m" 304 -
INFO:werkzeug:127.0.0.1 - - [04/Jan/2024 09:15:22] "GET /quantidadeadm HTTP/1.1" 200 -
INFO:werkzeug:127.0.0.1 - - [04/Jan/2024 09:15:22] "GET /static/styles/quantidadeadm.css HTTP/1.1" 200 -
INFO:werkzeug:127.0.0.1 - - [04/Jan/2024 09:15:22] "[36mGET /static/images/exitbutton.png HTTP/1.1[0m" 304 -
INFO:werkzeug:127.0.0.1 - - [04/Jan/2024 09:15:39] "GET /quantidadeadm HTTP/1.1" 200 -
INFO:werkzeug:127.0.0.1 - - [04/Jan/2024 09:15:39] "[36mGET /static/images/exitbutton.png HTTP/1.1[0m" 304 -
INFO:werkzeug:127.0.0.1 - - [04/Jan/2024 09:15:39] "GET /static/styles/quantidadeadm.css HTTP/1.1" 200 -
INFO:werkzeug:127.0.0.1 - - [04/Jan/2024 09:15:39] "[36mGET /static/images/background-zezinho.png HTTP/1.1[0m" 304 -
INFO:werkzeug:127.0.0.1 - - [04/Jan/2024 09:15:56] "GET /quantidadeadm HTTP/1.1" 200 -
INFO:werkzeug:127.0.0.1 - - [04/Jan/2024 09:15:56] "[36mGET /static/images/exitbutton.png HTTP/1.1[0m" 304 -
INFO:werkzeug:127.0.0.1 - - [04/Jan/2024 09:15:56] "GET /static/styles/quantidadeadm.css HTTP/1.1" 200 -
INFO:werkzeug:127.0.0.1 - - [04/Jan/2024 09:15:56] "[36mGET /static/images/background-zezinho.png HTTP/1.1[0m" 304 -
INFO:werkzeug:127.0.0.1 - - [04/Jan/2024 09:16:15] "GET /quantidadeadm HTTP/1.1" 200 -
INFO:werkzeug:127.0.0.1 - - [04/Jan/2024 09:16:16] "[36mGET /static/images/exitbutton.png HTTP/1.1[0m" 304 -
INFO:werkzeug:127.0.0.1 - - [04/Jan/2024 09:16:16] "GET /static/styles/quantidadeadm.css HTTP/1.1" 200 -
INFO:werkzeug:127.0.0.1 - - [04/Jan/2024 09:16:16] "[36mGET /static/images/background-zezinho.png HTTP/1.1[0m" 304 -
INFO:werkzeug:127.0.0.1 - - [04/Jan/2024 09:17:51] "GET /quantidadeadm HTTP/1.1" 200 -
INFO:werkzeug:127.0.0.1 - - [04/Jan/2024 09:17:51] "[36mGET /static/styles/quantidadeadm.css HTTP/1.1[0m" 304 -
INFO:werkzeug:127.0.0.1 - - [04/Jan/2024 09:17:51] "[36mGET /static/images/exitbutton.png HTTP/1.1[0m" 304 -
INFO:werkzeug:127.0.0.1 - - [04/Jan/2024 09:17:51] "[36mGET /static/images/background-zezinho.png HTTP/1.1[0m" 304 -
INFO:werkzeug:127.0.0.1 - - [04/Jan/2024 09:18:01] "POST /quantidadeadm HTTP/1.1" 200 -
INFO:werkzeug:127.0.0.1 - - [04/Jan/2024 09:18:01] "[36mGET /static/styles/quantidadeadm.css HTTP/1.1[0m" 304 -
INFO:werkzeug:127.0.0.1 - - [04/Jan/2024 09:18:01] "[36mGET /static/images/exitbutton.png HTTP/1.1[0m" 304 -
INFO:werkzeug:127.0.0.1 - - [04/Jan/2024 09:18:02] "POST /quantidadeadm HTTP/1.1" 200 -
INFO:werkzeug:127.0.0.1 - - [04/Jan/2024 09:18:02] "[36mGET /static/styles/quantidadeadm.css HTTP/1.1[0m" 304 -
INFO:werkzeug:127.0.0.1 - - [04/Jan/2024 09:18:02] "[36mGET /static/images/exitbutton.png HTTP/1.1[0m" 304 -
INFO:werkzeug:127.0.0.1 - - [04/Jan/2024 09:18:03] "POST /quantidadeadm HTTP/1.1" 200 -
INFO:werkzeug:127.0.0.1 - - [04/Jan/2024 09:18:03] "[36mGET /static/styles/quantidadeadm.css HTTP/1.1[0m" 304 -
INFO:werkzeug:127.0.0.1 - - [04/Jan/2024 09:18:03] "[36mGET /static/images/exitbutton.png HTTP/1.1[0m" 304 -
INFO:werkzeug:127.0.0.1 - - [04/Jan/2024 09:22:28] "POST /quantidadeadm HTTP/1.1" 200 -
INFO:werkzeug:127.0.0.1 - - [04/Jan/2024 09:22:28] "[36mGET /static/styles/quantidadeadm.css HTTP/1.1[0m" 304 -
INFO:werkzeug:127.0.0.1 - - [04/Jan/2024 09:22:28] "[36mGET /static/images/exitbutton.png HTTP/1.1[0m" 304 -
INFO:werkzeug:127.0.0.1 - - [04/Jan/2024 09:22:28] "[36mGET /static/images/background-zezinho.png HTTP/1.1[0m" 304 -
INFO:werkzeug:127.0.0.1 - - [04/Jan/2024 09:34:15] "[36mGET /static/styles/quantidadeadm.css HTTP/1.1[0m" 304 -
INFO:werkzeug: * Detected change in 'C:\\Users\\x17859816\\Desktop\\PaperControlSystem\\app.py', reloading
INFO:werkzeug: * Restarting with stat
WARNING:werkzeug: * Debugger is active!
INFO:werkzeug: * Debugger PIN: 128-076-020
INFO:werkzeug: * Detected change in 'C:\\Users\\x17859816\\Desktop\\PaperControlSystem\\app.py', reloading
INFO:werkzeug: * Restarting with stat
WARNING:werkzeug: * Debugger is active!
INFO:werkzeug: * Debugger PIN: 128-076-020
INFO:werkzeug:127.0.0.1 - - [04/Jan/2024 10:05:11] "[32mPOST /quantidadeadm HTTP/1.1[0m" 302 -
INFO:werkzeug:127.0.0.1 - - [04/Jan/2024 10:05:11] "GET /login?next=/quantidadeadm HTTP/1.1" 200 -
INFO:werkzeug:127.0.0.1 - - [04/Jan/2024 10:05:11] "[36mGET /static/styles/login.css HTTP/1.1[0m" 304 -
INFO:werkzeug:127.0.0.1 - - [04/Jan/2024 10:05:11] "[36mGET /static/styles/loading.css HTTP/1.1[0m" 304 -
INFO:werkzeug:127.0.0.1 - - [04/Jan/2024 10:05:11] "[36mGET /static/images/zezinho.png HTTP/1.1[0m" 304 -
INFO:werkzeug:127.0.0.1 - - [04/Jan/2024 10:05:13] "[32mPOST /login HTTP/1.1[0m" 302 -
INFO:werkzeug:127.0.0.1 - - [04/Jan/2024 10:05:13] "GET /loginadm HTTP/1.1" 200 -
INFO:werkzeug:127.0.0.1 - - [04/Jan/2024 10:05:13] "[36mGET /static/styles/loginadm.css HTTP/1.1[0m" 304 -
INFO:werkzeug:127.0.0.1 - - [04/Jan/2024 10:05:13] "[36mGET /static/images/exitbutton.png HTTP/1.1[0m" 304 -
INFO:werkzeug:127.0.0.1 - - [04/Jan/2024 10:05:13] "[36mGET /static/images/background-zezinho.png HTTP/1.1[0m" 304 -
INFO:werkzeug:127.0.0.1 - - [04/Jan/2024 10:05:14] "GET /quantidadeadm HTTP/1.1" 200 -
INFO:werkzeug:127.0.0.1 - - [04/Jan/2024 10:05:14] "[36mGET /static/styles/quantidadeadm.css HTTP/1.1[0m" 304 -
INFO:werkzeug:127.0.0.1 - - [04/Jan/2024 10:05:14] "[36mGET /static/images/exitbutton.png HTTP/1.1[0m" 304 -
INFO:werkzeug:127.0.0.1 - - [04/Jan/2024 10:05:14] "[36mGET /static/images/background-zezinho.png HTTP/1.1[0m" 304 -
INFO:werkzeug:127.0.0.1 - - [04/Jan/2024 10:12:05] "[35m[1mPOST /quantidadeadm HTTP/1.1[0m" 500 -
INFO:werkzeug: * Detected change in 'C:\\Users\\x17859816\\Desktop\\PaperControlSystem\\app.py', reloading
INFO:werkzeug: * Restarting with stat
WARNING:werkzeug: * Debugger is active!
INFO:werkzeug: * Debugger PIN: 128-076-020
INFO:werkzeug:127.0.0.1 - - [04/Jan/2024 10:16:10] "[32mGET /loginadm HTTP/1.1[0m" 302 -
INFO:werkzeug:127.0.0.1 - - [04/Jan/2024 10:16:10] "GET /login?next=/loginadm HTTP/1.1" 200 -
INFO:werkzeug:127.0.0.1 - - [04/Jan/2024 10:16:11] "[36mGET /static/styles/login.css HTTP/1.1[0m" 304 -
INFO:werkzeug:127.0.0.1 - - [04/Jan/2024 10:16:11] "[36mGET /static/styles/loading.css HTTP/1.1[0m" 304 -
INFO:werkzeug:127.0.0.1 - - [04/Jan/2024 10:16:11] "[36mGET /static/images/zezinho.png HTTP/1.1[0m" 304 -
INFO:werkzeug:127.0.0.1 - - [04/Jan/2024 10:16:12] "[32mPOST /login HTTP/1.1[0m" 302 -
INFO:werkzeug:127.0.0.1 - - [04/Jan/2024 10:16:12] "GET /loginadm HTTP/1.1" 200 -
INFO:werkzeug:127.0.0.1 - - [04/Jan/2024 10:16:12] "[36mGET /static/styles/loginadm.css HTTP/1.1[0m" 304 -
INFO:werkzeug:127.0.0.1 - - [04/Jan/2024 10:16:12] "[36mGET /static/images/exitbutton.png HTTP/1.1[0m" 304 -
INFO:werkzeug:127.0.0.1 - - [04/Jan/2024 10:16:12] "[36mGET /static/images/background-zezinho.png HTTP/1.1[0m" 304 -
INFO:werkzeug:127.0.0.1 - - [04/Jan/2024 10:16:12] "GET /quantidadeadm HTTP/1.1" 200 -
INFO:werkzeug:127.0.0.1 - - [04/Jan/2024 10:16:12] "[36mGET /static/styles/quantidadeadm.css HTTP/1.1[0m" 304 -
INFO:werkzeug:127.0.0.1 - - [04/Jan/2024 10:16:12] "[36mGET /static/images/exitbutton.png HTTP/1.1[0m" 304 -
INFO:werkzeug:127.0.0.1 - - [04/Jan/2024 10:16:12] "[36mGET /static/images/background-zezinho.png HTTP/1.1[0m" 304 -
INFO:werkzeug:127.0.0.1 - - [04/Jan/2024 10:16:17] "[35m[1mPOST /quantidadeadm HTTP/1.1[0m" 500 -
INFO:werkzeug:127.0.0.1 - - [04/Jan/2024 10:16:27] "[35m[1mPOST /quantidadeadm HTTP/1.1[0m" 500 -
INFO:werkzeug: * Detected change in 'C:\\Users\\x17859816\\Desktop\\PaperControlSystem\\app.py', reloading
INFO:werkzeug: * Restarting with stat
WARNING:werkzeug: * Debugger is active!
INFO:werkzeug: * Debugger PIN: 128-076-020
INFO:werkzeug:127.0.0.1 - - [04/Jan/2024 10:22:35] "[32mGET /loginadm HTTP/1.1[0m" 302 -
INFO:werkzeug:127.0.0.1 - - [04/Jan/2024 10:22:35] "GET /login?next=/loginadm HTTP/1.1" 200 -
INFO:werkzeug:127.0.0.1 - - [04/Jan/2024 10:22:36] "[36mGET /static/styles/login.css HTTP/1.1[0m" 304 -
INFO:werkzeug:127.0.0.1 - - [04/Jan/2024 10:22:36] "[36mGET /static/styles/loading.css HTTP/1.1[0m" 304 -
INFO:werkzeug:127.0.0.1 - - [04/Jan/2024 10:22:36] "[36mGET /static/images/zezinho.png HTTP/1.1[0m" 304 -
INFO:werkzeug:127.0.0.1 - - [04/Jan/2024 10:22:37] "[32mPOST /login HTTP/1.1[0m" 302 -
INFO:werkzeug:127.0.0.1 - - [04/Jan/2024 10:22:37] "GET /loginadm HTTP/1.1" 200 -
INFO:werkzeug:127.0.0.1 - - [04/Jan/2024 10:22:37] "[36mGET /static/styles/loginadm.css HTTP/1.1[0m" 304 -
INFO:werkzeug:127.0.0.1 - - [04/Jan/2024 10:22:37] "[36mGET /static/images/exitbutton.png HTTP/1.1[0m" 304 -
INFO:werkzeug:127.0.0.1 - - [04/Jan/2024 10:22:37] "[36mGET /static/images/background-zezinho.png HTTP/1.1[0m" 304 -
INFO:werkzeug:127.0.0.1 - - [04/Jan/2024 10:22:38] "GET /quantidadeadm HTTP/1.1" 200 -
INFO:werkzeug:127.0.0.1 - - [04/Jan/2024 10:22:38] "[36mGET /static/styles/quantidadeadm.css HTTP/1.1[0m" 304 -
INFO:werkzeug:127.0.0.1 - - [04/Jan/2024 10:22:38] "[36mGET /static/images/exitbutton.png HTTP/1.1[0m" 304 -
INFO:werkzeug:127.0.0.1 - - [04/Jan/2024 10:22:38] "[36mGET /static/images/background-zezinho.png HTTP/1.1[0m" 304 -
ERROR:root:Erro no servidor: 400 Bad Request: The browser (or proxy) sent a request that this server could not understand.
Traceback (most recent call last):
  File "C:\Users\x17859816\Desktop\PaperControlSystem\app.py", line 449, in quantidadeadm
    file = request.files['excelFile']
           ~~~~~~~~~~~~~^^^^^^^^^^^^^
  File "C:\Users\x17859816\Desktop\PaperControlSystem\venv\Lib\site-packages\flask\debughelpers.py", line 85, in __getitem__
    return super().__getitem__(key)
           ^^^^^^^^^^^^^^^^^^^^^^^^
  File "C:\Users\x17859816\Desktop\PaperControlSystem\venv\Lib\site-packages\werkzeug\datastructures\structures.py", line 192, in __getitem__
    raise exceptions.BadRequestKeyError(key)
werkzeug.exceptions.BadRequestKeyError: 400 Bad Request: The browser (or proxy) sent a request that this server could not understand.
INFO:werkzeug:127.0.0.1 - - [04/Jan/2024 10:22:43] "[35m[1mPOST /quantidadeadm HTTP/1.1[0m" 500 -
INFO:werkzeug: * Detected change in 'C:\\Users\\x17859816\\Desktop\\PaperControlSystem\\app.py', reloading
INFO:werkzeug: * Restarting with stat
WARNING:werkzeug: * Debugger is active!
INFO:werkzeug: * Debugger PIN: 128-076-020
INFO:werkzeug:127.0.0.1 - - [04/Jan/2024 10:24:58] "[32mGET /loginadm HTTP/1.1[0m" 302 -
INFO:werkzeug:127.0.0.1 - - [04/Jan/2024 10:24:58] "GET /login?next=/loginadm HTTP/1.1" 200 -
INFO:werkzeug:127.0.0.1 - - [04/Jan/2024 10:24:59] "[36mGET /static/styles/loading.css HTTP/1.1[0m" 304 -
INFO:werkzeug:127.0.0.1 - - [04/Jan/2024 10:24:59] "[36mGET /static/styles/login.css HTTP/1.1[0m" 304 -
INFO:werkzeug:127.0.0.1 - - [04/Jan/2024 10:24:59] "[36mGET /static/images/zezinho.png HTTP/1.1[0m" 304 -
INFO:werkzeug:127.0.0.1 - - [04/Jan/2024 10:25:00] "[32mPOST /login HTTP/1.1[0m" 302 -
INFO:werkzeug:127.0.0.1 - - [04/Jan/2024 10:25:00] "GET /loginadm HTTP/1.1" 200 -
INFO:werkzeug:127.0.0.1 - - [04/Jan/2024 10:25:00] "[36mGET /static/styles/loginadm.css HTTP/1.1[0m" 304 -
INFO:werkzeug:127.0.0.1 - - [04/Jan/2024 10:25:00] "[36mGET /static/images/exitbutton.png HTTP/1.1[0m" 304 -
INFO:werkzeug:127.0.0.1 - - [04/Jan/2024 10:25:00] "[36mGET /static/images/background-zezinho.png HTTP/1.1[0m" 304 -
INFO:werkzeug:127.0.0.1 - - [04/Jan/2024 10:25:02] "GET /quantidadeadm HTTP/1.1" 200 -
INFO:werkzeug:127.0.0.1 - - [04/Jan/2024 10:25:02] "[36mGET /static/styles/quantidadeadm.css HTTP/1.1[0m" 304 -
INFO:werkzeug:127.0.0.1 - - [04/Jan/2024 10:25:02] "[36mGET /static/images/exitbutton.png HTTP/1.1[0m" 304 -
INFO:werkzeug:127.0.0.1 - - [04/Jan/2024 10:25:02] "[36mGET /static/images/background-zezinho.png HTTP/1.1[0m" 304 -
INFO:werkzeug:127.0.0.1 - - [04/Jan/2024 10:25:06] "POST /quantidadeadm HTTP/1.1" 200 -
INFO:werkzeug:127.0.0.1 - - [04/Jan/2024 10:25:17] "POST /quantidadeadm HTTP/1.1" 200 -
INFO:werkzeug: * Detected change in 'C:\\Users\\x17859816\\Desktop\\PaperControlSystem\\app.py', reloading
INFO:werkzeug: * Restarting with stat
WARNING:werkzeug: * Debugger is active!
INFO:werkzeug: * Debugger PIN: 128-076-020
INFO:werkzeug:127.0.0.1 - - [04/Jan/2024 10:33:15] "[32mGET /loginadm HTTP/1.1[0m" 302 -
INFO:werkzeug:127.0.0.1 - - [04/Jan/2024 10:33:15] "GET /login?next=/loginadm HTTP/1.1" 200 -
INFO:werkzeug:127.0.0.1 - - [04/Jan/2024 10:33:15] "[36mGET /static/styles/loading.css HTTP/1.1[0m" 304 -
INFO:werkzeug:127.0.0.1 - - [04/Jan/2024 10:33:15] "[36mGET /static/styles/login.css HTTP/1.1[0m" 304 -
INFO:werkzeug:127.0.0.1 - - [04/Jan/2024 10:33:15] "[36mGET /static/images/zezinho.png HTTP/1.1[0m" 304 -
INFO:werkzeug:127.0.0.1 - - [04/Jan/2024 10:33:16] "[32mPOST /login HTTP/1.1[0m" 302 -
INFO:werkzeug:127.0.0.1 - - [04/Jan/2024 10:33:16] "GET /loginadm HTTP/1.1" 200 -
INFO:werkzeug:127.0.0.1 - - [04/Jan/2024 10:33:16] "[36mGET /static/styles/loginadm.css HTTP/1.1[0m" 304 -
INFO:werkzeug:127.0.0.1 - - [04/Jan/2024 10:33:16] "[36mGET /static/images/exitbutton.png HTTP/1.1[0m" 304 -
INFO:werkzeug:127.0.0.1 - - [04/Jan/2024 10:33:16] "[36mGET /static/images/background-zezinho.png HTTP/1.1[0m" 304 -
INFO:werkzeug:127.0.0.1 - - [04/Jan/2024 10:33:17] "GET /quantidadeadm HTTP/1.1" 200 -
INFO:werkzeug:127.0.0.1 - - [04/Jan/2024 10:33:17] "[36mGET /static/styles/quantidadeadm.css HTTP/1.1[0m" 304 -
INFO:werkzeug:127.0.0.1 - - [04/Jan/2024 10:33:17] "[36mGET /static/images/exitbutton.png HTTP/1.1[0m" 304 -
INFO:werkzeug:127.0.0.1 - - [04/Jan/2024 10:33:17] "[36mGET /static/images/background-zezinho.png HTTP/1.1[0m" 304 -
ERROR:root:Erro no servidor: 'ilha'
Traceback (most recent call last):
  File "C:\Users\x17859816\Desktop\PaperControlSystem\venv\Lib\site-packages\pandas\core\indexes\base.py", line 3790, in get_loc
    return self._engine.get_loc(casted_key)
           ^^^^^^^^^^^^^^^^^^^^^^^^^^^^^^^^
  File "index.pyx", line 152, in pandas._libs.index.IndexEngine.get_loc
  File "index.pyx", line 181, in pandas._libs.index.IndexEngine.get_loc
  File "pandas\_libs\hashtable_class_helper.pxi", line 7080, in pandas._libs.hashtable.PyObjectHashTable.get_item
  File "pandas\_libs\hashtable_class_helper.pxi", line 7088, in pandas._libs.hashtable.PyObjectHashTable.get_item
KeyError: 'ilha'

The above exception was the direct cause of the following exception:

Traceback (most recent call last):
  File "C:\Users\x17859816\Desktop\PaperControlSystem\app.py", line 462, in quantidadeadm
    ilha = row['ilha']
           ~~~^^^^^^^^
  File "C:\Users\x17859816\Desktop\PaperControlSystem\venv\Lib\site-packages\pandas\core\series.py", line 1040, in __getitem__
    return self._get_value(key)
           ^^^^^^^^^^^^^^^^^^^^
  File "C:\Users\x17859816\Desktop\PaperControlSystem\venv\Lib\site-packages\pandas\core\series.py", line 1156, in _get_value
    loc = self.index.get_loc(label)
          ^^^^^^^^^^^^^^^^^^^^^^^^^
  File "C:\Users\x17859816\Desktop\PaperControlSystem\venv\Lib\site-packages\pandas\core\indexes\base.py", line 3797, in get_loc
    raise KeyError(key) from err
KeyError: 'ilha'
INFO:werkzeug:127.0.0.1 - - [04/Jan/2024 10:33:22] "[35m[1mPOST /quantidadeadm HTTP/1.1[0m" 500 -
INFO:werkzeug: * Detected change in 'C:\\Users\\x17859816\\Desktop\\PaperControlSystem\\app.py', reloading
INFO:werkzeug: * Restarting with stat
WARNING:werkzeug: * Debugger is active!
INFO:werkzeug: * Debugger PIN: 128-076-020
INFO:werkzeug:127.0.0.1 - - [04/Jan/2024 10:45:32] "[32mPOST /quantidadeadm HTTP/1.1[0m" 302 -
INFO:werkzeug:127.0.0.1 - - [04/Jan/2024 10:45:32] "GET /login?next=/quantidadeadm HTTP/1.1" 200 -
INFO:werkzeug:127.0.0.1 - - [04/Jan/2024 10:45:32] "[36mGET /static/styles/loading.css HTTP/1.1[0m" 304 -
INFO:werkzeug:127.0.0.1 - - [04/Jan/2024 10:45:32] "[36mGET /static/styles/login.css HTTP/1.1[0m" 304 -
INFO:werkzeug:127.0.0.1 - - [04/Jan/2024 10:45:32] "[36mGET /static/images/zezinho.png HTTP/1.1[0m" 304 -
INFO:werkzeug:127.0.0.1 - - [04/Jan/2024 10:45:33] "[32mPOST /login HTTP/1.1[0m" 302 -
INFO:werkzeug:127.0.0.1 - - [04/Jan/2024 10:45:33] "GET /loginadm HTTP/1.1" 200 -
INFO:werkzeug:127.0.0.1 - - [04/Jan/2024 10:45:33] "[36mGET /static/styles/loginadm.css HTTP/1.1[0m" 304 -
INFO:werkzeug:127.0.0.1 - - [04/Jan/2024 10:45:33] "[36mGET /static/images/exitbutton.png HTTP/1.1[0m" 304 -
INFO:werkzeug:127.0.0.1 - - [04/Jan/2024 10:45:33] "[36mGET /static/images/background-zezinho.png HTTP/1.1[0m" 304 -
INFO:werkzeug:127.0.0.1 - - [04/Jan/2024 10:45:33] "GET /quantidadeadm HTTP/1.1" 200 -
INFO:werkzeug:127.0.0.1 - - [04/Jan/2024 10:45:33] "[36mGET /static/styles/quantidadeadm.css HTTP/1.1[0m" 304 -
INFO:werkzeug:127.0.0.1 - - [04/Jan/2024 10:45:33] "[36mGET /static/images/exitbutton.png HTTP/1.1[0m" 304 -
INFO:werkzeug:127.0.0.1 - - [04/Jan/2024 10:45:34] "[36mGET /static/images/background-zezinho.png HTTP/1.1[0m" 304 -
ERROR:root:Erro no servidor: 'QTD. PAPEL IMPRESSA NA SEMANA'
Traceback (most recent call last):
  File "C:\Users\x17859816\Desktop\PaperControlSystem\venv\Lib\site-packages\pandas\core\indexes\base.py", line 3790, in get_loc
    return self._engine.get_loc(casted_key)
           ^^^^^^^^^^^^^^^^^^^^^^^^^^^^^^^^
  File "index.pyx", line 152, in pandas._libs.index.IndexEngine.get_loc
  File "index.pyx", line 181, in pandas._libs.index.IndexEngine.get_loc
  File "pandas\_libs\hashtable_class_helper.pxi", line 7080, in pandas._libs.hashtable.PyObjectHashTable.get_item
  File "pandas\_libs\hashtable_class_helper.pxi", line 7088, in pandas._libs.hashtable.PyObjectHashTable.get_item
KeyError: 'QTD. PAPEL IMPRESSA NA SEMANA'

The above exception was the direct cause of the following exception:

Traceback (most recent call last):
  File "C:\Users\x17859816\Desktop\PaperControlSystem\app.py", line 465, in quantidadeadm
    quantidade_impressa = row['QTD. PAPEL IMPRESSA NA SEMANA']
                          ~~~^^^^^^^^^^^^^^^^^^^^^^^^^^^^^^^^^
  File "C:\Users\x17859816\Desktop\PaperControlSystem\venv\Lib\site-packages\pandas\core\series.py", line 1040, in __getitem__
    return self._get_value(key)
           ^^^^^^^^^^^^^^^^^^^^
  File "C:\Users\x17859816\Desktop\PaperControlSystem\venv\Lib\site-packages\pandas\core\series.py", line 1156, in _get_value
    loc = self.index.get_loc(label)
          ^^^^^^^^^^^^^^^^^^^^^^^^^
  File "C:\Users\x17859816\Desktop\PaperControlSystem\venv\Lib\site-packages\pandas\core\indexes\base.py", line 3797, in get_loc
    raise KeyError(key) from err
KeyError: 'QTD. PAPEL IMPRESSA NA SEMANA'
INFO:werkzeug:127.0.0.1 - - [04/Jan/2024 10:45:37] "[35m[1mPOST /quantidadeadm HTTP/1.1[0m" 500 -
INFO:werkzeug: * Detected change in 'C:\\Users\\x17859816\\Desktop\\PaperControlSystem\\app.py', reloading
INFO:werkzeug: * Restarting with stat
WARNING:werkzeug: * Debugger is active!
INFO:werkzeug: * Debugger PIN: 128-076-020
INFO:werkzeug:127.0.0.1 - - [04/Jan/2024 10:49:39] "[32mPOST /quantidadeadm HTTP/1.1[0m" 302 -
INFO:werkzeug:127.0.0.1 - - [04/Jan/2024 10:49:39] "GET /login?next=/quantidadeadm HTTP/1.1" 200 -
INFO:werkzeug:127.0.0.1 - - [04/Jan/2024 10:49:40] "[36mGET /static/styles/login.css HTTP/1.1[0m" 304 -
INFO:werkzeug:127.0.0.1 - - [04/Jan/2024 10:49:40] "[36mGET /static/styles/loading.css HTTP/1.1[0m" 304 -
INFO:werkzeug:127.0.0.1 - - [04/Jan/2024 10:49:40] "[36mGET /static/images/zezinho.png HTTP/1.1[0m" 304 -
INFO:werkzeug:127.0.0.1 - - [04/Jan/2024 10:49:41] "[32mPOST /login HTTP/1.1[0m" 302 -
INFO:werkzeug:127.0.0.1 - - [04/Jan/2024 10:49:41] "GET /loginadm HTTP/1.1" 200 -
INFO:werkzeug:127.0.0.1 - - [04/Jan/2024 10:49:41] "[36mGET /static/styles/loginadm.css HTTP/1.1[0m" 304 -
INFO:werkzeug:127.0.0.1 - - [04/Jan/2024 10:49:41] "[36mGET /static/images/exitbutton.png HTTP/1.1[0m" 304 -
INFO:werkzeug:127.0.0.1 - - [04/Jan/2024 10:49:41] "[36mGET /static/images/background-zezinho.png HTTP/1.1[0m" 304 -
INFO:werkzeug:127.0.0.1 - - [04/Jan/2024 10:49:42] "GET /quantidadeadm HTTP/1.1" 200 -
INFO:werkzeug:127.0.0.1 - - [04/Jan/2024 10:49:42] "[36mGET /static/styles/quantidadeadm.css HTTP/1.1[0m" 304 -
INFO:werkzeug:127.0.0.1 - - [04/Jan/2024 10:49:42] "[36mGET /static/images/exitbutton.png HTTP/1.1[0m" 304 -
INFO:werkzeug:127.0.0.1 - - [04/Jan/2024 10:49:42] "[36mGET /static/images/background-zezinho.png HTTP/1.1[0m" 304 -
ERROR:root:Erro no servidor: 'QUANTIDADE PAPEL IMPRESSA NA SEMANA'
Traceback (most recent call last):
  File "C:\Users\x17859816\Desktop\PaperControlSystem\venv\Lib\site-packages\pandas\core\indexes\base.py", line 3790, in get_loc
    return self._engine.get_loc(casted_key)
           ^^^^^^^^^^^^^^^^^^^^^^^^^^^^^^^^
  File "index.pyx", line 152, in pandas._libs.index.IndexEngine.get_loc
  File "index.pyx", line 181, in pandas._libs.index.IndexEngine.get_loc
  File "pandas\_libs\hashtable_class_helper.pxi", line 7080, in pandas._libs.hashtable.PyObjectHashTable.get_item
  File "pandas\_libs\hashtable_class_helper.pxi", line 7088, in pandas._libs.hashtable.PyObjectHashTable.get_item
KeyError: 'QUANTIDADE PAPEL IMPRESSA NA SEMANA'

The above exception was the direct cause of the following exception:

Traceback (most recent call last):
  File "C:\Users\x17859816\Desktop\PaperControlSystem\app.py", line 465, in quantidadeadm
    quantidade_impressa = row['QUANTIDADE PAPEL IMPRESSA NA SEMANA']
                          ~~~^^^^^^^^^^^^^^^^^^^^^^^^^^^^^^^^^^^^^^^
  File "C:\Users\x17859816\Desktop\PaperControlSystem\venv\Lib\site-packages\pandas\core\series.py", line 1040, in __getitem__
    return self._get_value(key)
           ^^^^^^^^^^^^^^^^^^^^
  File "C:\Users\x17859816\Desktop\PaperControlSystem\venv\Lib\site-packages\pandas\core\series.py", line 1156, in _get_value
    loc = self.index.get_loc(label)
          ^^^^^^^^^^^^^^^^^^^^^^^^^
  File "C:\Users\x17859816\Desktop\PaperControlSystem\venv\Lib\site-packages\pandas\core\indexes\base.py", line 3797, in get_loc
    raise KeyError(key) from err
KeyError: 'QUANTIDADE PAPEL IMPRESSA NA SEMANA'
INFO:werkzeug:127.0.0.1 - - [04/Jan/2024 10:49:55] "[35m[1mPOST /quantidadeadm HTTP/1.1[0m" 500 -
INFO:werkzeug: * Detected change in 'C:\\Users\\x17859816\\Desktop\\PaperControlSystem\\app.py', reloading
INFO:werkzeug: * Restarting with stat
WARNING:werkzeug: * Debugger is active!
INFO:werkzeug: * Debugger PIN: 128-076-020
INFO:werkzeug: * Detected change in 'C:\\Users\\x17859816\\Desktop\\PaperControlSystem\\app.py', reloading
INFO:werkzeug: * Restarting with stat
WARNING:werkzeug: * Debugger is active!
INFO:werkzeug: * Debugger PIN: 128-076-020
INFO:werkzeug:127.0.0.1 - - [04/Jan/2024 10:50:44] "[32mGET / HTTP/1.1[0m" 302 -
INFO:werkzeug:127.0.0.1 - - [04/Jan/2024 10:50:44] "GET /login?next=/ HTTP/1.1" 200 -
INFO:werkzeug:127.0.0.1 - - [04/Jan/2024 10:50:44] "[36mGET /static/styles/loading.css HTTP/1.1[0m" 304 -
INFO:werkzeug:127.0.0.1 - - [04/Jan/2024 10:50:44] "[36mGET /static/styles/login.css HTTP/1.1[0m" 304 -
INFO:werkzeug:127.0.0.1 - - [04/Jan/2024 10:50:44] "[36mGET /static/images/zezinho.png HTTP/1.1[0m" 304 -
INFO:werkzeug:127.0.0.1 - - [04/Jan/2024 10:50:45] "[32mPOST /login HTTP/1.1[0m" 302 -
INFO:werkzeug:127.0.0.1 - - [04/Jan/2024 10:50:45] "GET /loginadm HTTP/1.1" 200 -
INFO:werkzeug:127.0.0.1 - - [04/Jan/2024 10:50:46] "[36mGET /static/styles/loginadm.css HTTP/1.1[0m" 304 -
INFO:werkzeug:127.0.0.1 - - [04/Jan/2024 10:50:46] "[36mGET /static/images/exitbutton.png HTTP/1.1[0m" 304 -
INFO:werkzeug:127.0.0.1 - - [04/Jan/2024 10:50:46] "[36mGET /static/images/background-zezinho.png HTTP/1.1[0m" 304 -
INFO:werkzeug:127.0.0.1 - - [04/Jan/2024 10:50:46] "GET /quantidadeadm HTTP/1.1" 200 -
INFO:werkzeug:127.0.0.1 - - [04/Jan/2024 10:50:47] "[36mGET /static/styles/quantidadeadm.css HTTP/1.1[0m" 304 -
INFO:werkzeug:127.0.0.1 - - [04/Jan/2024 10:50:47] "[36mGET /static/images/exitbutton.png HTTP/1.1[0m" 304 -
INFO:werkzeug:127.0.0.1 - - [04/Jan/2024 10:50:47] "[36mGET /static/images/background-zezinho.png HTTP/1.1[0m" 304 -
ERROR:root:Erro no servidor: 'QUANTIDADE'
Traceback (most recent call last):
  File "C:\Users\x17859816\Desktop\PaperControlSystem\venv\Lib\site-packages\pandas\core\indexes\base.py", line 3790, in get_loc
    return self._engine.get_loc(casted_key)
           ^^^^^^^^^^^^^^^^^^^^^^^^^^^^^^^^
  File "index.pyx", line 152, in pandas._libs.index.IndexEngine.get_loc
  File "index.pyx", line 181, in pandas._libs.index.IndexEngine.get_loc
  File "pandas\_libs\hashtable_class_helper.pxi", line 7080, in pandas._libs.hashtable.PyObjectHashTable.get_item
  File "pandas\_libs\hashtable_class_helper.pxi", line 7088, in pandas._libs.hashtable.PyObjectHashTable.get_item
KeyError: 'QUANTIDADE'

The above exception was the direct cause of the following exception:

Traceback (most recent call last):
  File "C:\Users\x17859816\Desktop\PaperControlSystem\app.py", line 465, in quantidadeadm
    quantidade_impressa = row['QUANTIDADE']
                          ~~~^^^^^^^^^^^^^^
  File "C:\Users\x17859816\Desktop\PaperControlSystem\venv\Lib\site-packages\pandas\core\series.py", line 1040, in __getitem__
    return self._get_value(key)
           ^^^^^^^^^^^^^^^^^^^^
  File "C:\Users\x17859816\Desktop\PaperControlSystem\venv\Lib\site-packages\pandas\core\series.py", line 1156, in _get_value
    loc = self.index.get_loc(label)
          ^^^^^^^^^^^^^^^^^^^^^^^^^
  File "C:\Users\x17859816\Desktop\PaperControlSystem\venv\Lib\site-packages\pandas\core\indexes\base.py", line 3797, in get_loc
    raise KeyError(key) from err
KeyError: 'QUANTIDADE'
INFO:werkzeug:127.0.0.1 - - [04/Jan/2024 10:50:50] "[35m[1mPOST /quantidadeadm HTTP/1.1[0m" 500 -
INFO:werkzeug: * Detected change in 'C:\\Users\\x17859816\\Desktop\\PaperControlSystem\\app.py', reloading
INFO:werkzeug: * Restarting with stat
WARNING:werkzeug: * Debugger is active!
INFO:werkzeug: * Debugger PIN: 128-076-020
INFO:werkzeug:127.0.0.1 - - [04/Jan/2024 10:53:01] "[36mGET /static/styles/loginadm.css HTTP/1.1[0m" 304 -
INFO:werkzeug:127.0.0.1 - - [04/Jan/2024 10:53:01] "[36mGET /static/styles/loading.css HTTP/1.1[0m" 304 -
INFO:werkzeug:127.0.0.1 - - [04/Jan/2024 10:53:01] "[36mGET /static/styles/login.css HTTP/1.1[0m" 304 -
INFO:werkzeug:127.0.0.1 - - [04/Jan/2024 10:53:03] "GET /login?next=/ HTTP/1.1" 200 -
INFO:werkzeug:127.0.0.1 - - [04/Jan/2024 10:53:03] "[36mGET /static/styles/loading.css HTTP/1.1[0m" 304 -
INFO:werkzeug:127.0.0.1 - - [04/Jan/2024 10:53:03] "[36mGET /static/styles/login.css HTTP/1.1[0m" 304 -
INFO:werkzeug:127.0.0.1 - - [04/Jan/2024 10:53:03] "[36mGET /static/images/zezinho.png HTTP/1.1[0m" 304 -
INFO:werkzeug:127.0.0.1 - - [04/Jan/2024 10:53:04] "[32mPOST /login HTTP/1.1[0m" 302 -
INFO:werkzeug:127.0.0.1 - - [04/Jan/2024 10:53:04] "GET /loginadm HTTP/1.1" 200 -
INFO:werkzeug:127.0.0.1 - - [04/Jan/2024 10:53:04] "[36mGET /static/styles/loginadm.css HTTP/1.1[0m" 304 -
INFO:werkzeug:127.0.0.1 - - [04/Jan/2024 10:53:04] "[36mGET /static/images/exitbutton.png HTTP/1.1[0m" 304 -
INFO:werkzeug:127.0.0.1 - - [04/Jan/2024 10:53:04] "[36mGET /static/images/background-zezinho.png HTTP/1.1[0m" 304 -
INFO:werkzeug:127.0.0.1 - - [04/Jan/2024 10:53:06] "GET /quantidadeadm HTTP/1.1" 200 -
INFO:werkzeug:127.0.0.1 - - [04/Jan/2024 10:53:06] "[36mGET /static/styles/quantidadeadm.css HTTP/1.1[0m" 304 -
INFO:werkzeug:127.0.0.1 - - [04/Jan/2024 10:53:06] "[36mGET /static/images/exitbutton.png HTTP/1.1[0m" 304 -
INFO:werkzeug:127.0.0.1 - - [04/Jan/2024 10:53:06] "[36mGET /static/images/background-zezinho.png HTTP/1.1[0m" 304 -
ERROR:root:Erro no servidor: 'quantidade'
Traceback (most recent call last):
  File "C:\Users\x17859816\Desktop\PaperControlSystem\venv\Lib\site-packages\pandas\core\indexes\base.py", line 3790, in get_loc
    return self._engine.get_loc(casted_key)
           ^^^^^^^^^^^^^^^^^^^^^^^^^^^^^^^^
  File "index.pyx", line 152, in pandas._libs.index.IndexEngine.get_loc
  File "index.pyx", line 181, in pandas._libs.index.IndexEngine.get_loc
  File "pandas\_libs\hashtable_class_helper.pxi", line 7080, in pandas._libs.hashtable.PyObjectHashTable.get_item
  File "pandas\_libs\hashtable_class_helper.pxi", line 7088, in pandas._libs.hashtable.PyObjectHashTable.get_item
KeyError: 'quantidade'

The above exception was the direct cause of the following exception:

Traceback (most recent call last):
  File "C:\Users\x17859816\Desktop\PaperControlSystem\app.py", line 465, in quantidadeadm
    quantidade_impressa = row['quantidade']
                          ~~~^^^^^^^^^^^^^^
  File "C:\Users\x17859816\Desktop\PaperControlSystem\venv\Lib\site-packages\pandas\core\series.py", line 1040, in __getitem__
    return self._get_value(key)
           ^^^^^^^^^^^^^^^^^^^^
  File "C:\Users\x17859816\Desktop\PaperControlSystem\venv\Lib\site-packages\pandas\core\series.py", line 1156, in _get_value
    loc = self.index.get_loc(label)
          ^^^^^^^^^^^^^^^^^^^^^^^^^
  File "C:\Users\x17859816\Desktop\PaperControlSystem\venv\Lib\site-packages\pandas\core\indexes\base.py", line 3797, in get_loc
    raise KeyError(key) from err
KeyError: 'quantidade'
INFO:werkzeug:127.0.0.1 - - [04/Jan/2024 10:53:09] "[35m[1mPOST /quantidadeadm HTTP/1.1[0m" 500 -
INFO:werkzeug: * Detected change in 'C:\\Users\\x17859816\\Desktop\\PaperControlSystem\\app.py', reloading
INFO:werkzeug: * Restarting with stat
WARNING:werkzeug: * Debugger is active!
INFO:werkzeug: * Debugger PIN: 128-076-020
INFO:werkzeug:127.0.0.1 - - [04/Jan/2024 10:55:51] "[32mPOST /quantidadeadm HTTP/1.1[0m" 302 -
INFO:werkzeug:127.0.0.1 - - [04/Jan/2024 10:55:51] "GET /login?next=/quantidadeadm HTTP/1.1" 200 -
INFO:werkzeug:127.0.0.1 - - [04/Jan/2024 10:55:51] "[36mGET /static/styles/login.css HTTP/1.1[0m" 304 -
INFO:werkzeug:127.0.0.1 - - [04/Jan/2024 10:55:51] "[36mGET /static/styles/loading.css HTTP/1.1[0m" 304 -
INFO:werkzeug:127.0.0.1 - - [04/Jan/2024 10:55:51] "[36mGET /static/images/zezinho.png HTTP/1.1[0m" 304 -
INFO:werkzeug:127.0.0.1 - - [04/Jan/2024 10:55:52] "[32mPOST /login HTTP/1.1[0m" 302 -
INFO:werkzeug:127.0.0.1 - - [04/Jan/2024 10:55:52] "GET /loginadm HTTP/1.1" 200 -
INFO:werkzeug:127.0.0.1 - - [04/Jan/2024 10:55:52] "[36mGET /static/styles/loginadm.css HTTP/1.1[0m" 304 -
INFO:werkzeug:127.0.0.1 - - [04/Jan/2024 10:55:52] "[36mGET /static/images/exitbutton.png HTTP/1.1[0m" 304 -
INFO:werkzeug:127.0.0.1 - - [04/Jan/2024 10:55:52] "[36mGET /static/images/background-zezinho.png HTTP/1.1[0m" 304 -
INFO:werkzeug:127.0.0.1 - - [04/Jan/2024 10:55:53] "GET /quantidadeadm HTTP/1.1" 200 -
INFO:werkzeug:127.0.0.1 - - [04/Jan/2024 10:55:53] "[36mGET /static/styles/quantidadeadm.css HTTP/1.1[0m" 304 -
INFO:werkzeug:127.0.0.1 - - [04/Jan/2024 10:55:53] "[36mGET /static/images/exitbutton.png HTTP/1.1[0m" 304 -
INFO:werkzeug:127.0.0.1 - - [04/Jan/2024 10:55:53] "[36mGET /static/images/background-zezinho.png HTTP/1.1[0m" 304 -
ERROR:root:Erro no servidor: 'localização'
Traceback (most recent call last):
  File "C:\Users\x17859816\Desktop\PaperControlSystem\venv\Lib\site-packages\pandas\core\indexes\base.py", line 3790, in get_loc
    return self._engine.get_loc(casted_key)
           ^^^^^^^^^^^^^^^^^^^^^^^^^^^^^^^^
  File "index.pyx", line 152, in pandas._libs.index.IndexEngine.get_loc
  File "index.pyx", line 181, in pandas._libs.index.IndexEngine.get_loc
  File "pandas\_libs\hashtable_class_helper.pxi", line 7080, in pandas._libs.hashtable.PyObjectHashTable.get_item
  File "pandas\_libs\hashtable_class_helper.pxi", line 7088, in pandas._libs.hashtable.PyObjectHashTable.get_item
KeyError: 'localização'

The above exception was the direct cause of the following exception:

Traceback (most recent call last):
  File "C:\Users\x17859816\Desktop\PaperControlSystem\app.py", line 462, in quantidadeadm
    ilha = row['localização']  # Nome da coluna para ilha
           ~~~^^^^^^^^^^^^^^^
  File "C:\Users\x17859816\Desktop\PaperControlSystem\venv\Lib\site-packages\pandas\core\series.py", line 1040, in __getitem__
    return self._get_value(key)
           ^^^^^^^^^^^^^^^^^^^^
  File "C:\Users\x17859816\Desktop\PaperControlSystem\venv\Lib\site-packages\pandas\core\series.py", line 1156, in _get_value
    loc = self.index.get_loc(label)
          ^^^^^^^^^^^^^^^^^^^^^^^^^
  File "C:\Users\x17859816\Desktop\PaperControlSystem\venv\Lib\site-packages\pandas\core\indexes\base.py", line 3797, in get_loc
    raise KeyError(key) from err
KeyError: 'localização'
INFO:werkzeug:127.0.0.1 - - [04/Jan/2024 10:55:57] "[35m[1mPOST /quantidadeadm HTTP/1.1[0m" 500 -
INFO:werkzeug: * Detected change in 'C:\\Users\\x17859816\\Desktop\\PaperControlSystem\\app.py', reloading
INFO:werkzeug: * Restarting with stat
