INFO:werkzeug: * Detected change in 'C:\\Users\\x17859816\\Desktop\\PaperControlSystem\\app.py', reloading
INFO:werkzeug: * Restarting with stat
WARNING:werkzeug: * Debugger is active!
INFO:werkzeug: * Debugger PIN: 128-076-020
INFO:werkzeug:[31m[1mWARNING: This is a development server. Do not use it in a production deployment. Use a production WSGI server instead.[0m
 * Running on http://127.0.0.1:5000
INFO:werkzeug:[33mPress CTRL+C to quit[0m
INFO:werkzeug: * Restarting with stat
WARNING:werkzeug: * Debugger is active!
INFO:werkzeug: * Debugger PIN: 128-076-020
INFO:werkzeug:127.0.0.1 - - [11/Jan/2024 08:06:00] "[32mGET / HTTP/1.1[0m" 302 -
INFO:werkzeug:127.0.0.1 - - [11/Jan/2024 08:06:00] "GET /login?next=/ HTTP/1.1" 200 -
INFO:werkzeug:127.0.0.1 - - [11/Jan/2024 08:06:00] "[36mGET /static/styles/loading.css HTTP/1.1[0m" 304 -
INFO:werkzeug:127.0.0.1 - - [11/Jan/2024 08:06:00] "[36mGET /static/styles/login.css HTTP/1.1[0m" 304 -
INFO:werkzeug:127.0.0.1 - - [11/Jan/2024 08:06:00] "[36mGET /static/images/zezinho.png HTTP/1.1[0m" 304 -
INFO:werkzeug:127.0.0.1 - - [11/Jan/2024 08:06:00] "[33mGET /favicon.ico HTTP/1.1[0m" 404 -
INFO:werkzeug:127.0.0.1 - - [11/Jan/2024 08:06:02] "[32mPOST /login HTTP/1.1[0m" 302 -
INFO:werkzeug:127.0.0.1 - - [11/Jan/2024 08:06:02] "GET /loginadm HTTP/1.1" 200 -
INFO:werkzeug:127.0.0.1 - - [11/Jan/2024 08:06:02] "[36mGET /static/styles/loginadm.css HTTP/1.1[0m" 304 -
INFO:werkzeug:127.0.0.1 - - [11/Jan/2024 08:06:02] "[36mGET /static/images/exitbutton.png HTTP/1.1[0m" 304 -
INFO:werkzeug:127.0.0.1 - - [11/Jan/2024 08:06:02] "[36mGET /static/images/background-pc.png HTTP/1.1[0m" 304 -
INFO:werkzeug:127.0.0.1 - - [11/Jan/2024 08:06:05] "GET /quantidadeadm HTTP/1.1" 200 -
INFO:werkzeug:127.0.0.1 - - [11/Jan/2024 08:06:05] "[36mGET /static/images/exitbutton.png HTTP/1.1[0m" 304 -
INFO:werkzeug:127.0.0.1 - - [11/Jan/2024 08:06:05] "[36mGET /static/styles/quantidadeadm.css HTTP/1.1[0m" 304 -
INFO:werkzeug:127.0.0.1 - - [11/Jan/2024 08:06:06] "[36mGET /static/images/background-pc.png HTTP/1.1[0m" 304 -
WARNING:root:Valor nulo em 'andar', definindo como 0
WARNING:root:Valor nulo ou invï¿½lido em 'quantidade'
WARNING:root:Valor nulo em 'andar', definindo como 0
WARNING:root:Valor nulo ou invï¿½lido em 'quantidade'
WARNING:root:Valor nulo em 'andar', definindo como 0
WARNING:root:Valor nulo ou invï¿½lido em 'quantidade'
WARNING:root:Valor nulo em 'andar', definindo como 0
WARNING:root:Valor nulo ou invï¿½lido em 'quantidade'
WARNING:root:Valor nulo em 'andar', definindo como 0
WARNING:root:Valor nulo ou invï¿½lido em 'quantidade'
WARNING:root:Valor nulo em 'andar', definindo como 0
WARNING:root:Valor nulo ou invï¿½lido em 'quantidade'
WARNING:root:Valor nulo em 'andar', definindo como 0
WARNING:root:Valor nulo ou invï¿½lido em 'quantidade'
WARNING:root:Valor nulo em 'andar', definindo como 0
WARNING:root:Valor nulo ou invï¿½lido em 'quantidade'
WARNING:root:Valor nulo em 'andar', definindo como 0
WARNING:root:Valor nulo ou invï¿½lido em 'quantidade'
WARNING:root:Valor nulo em 'andar', definindo como 0
WARNING:root:Valor nulo ou invï¿½lido em 'quantidade'
WARNING:root:Valor nulo em 'andar', definindo como 0
WARNING:root:Valor nulo ou invï¿½lido em 'quantidade'
WARNING:root:Valor nulo em 'andar', definindo como 0
WARNING:root:Valor nulo ou invï¿½lido em 'quantidade'
WARNING:root:Valor nulo em 'andar', definindo como 0
WARNING:root:Valor nulo ou invï¿½lido em 'quantidade'
INFO:werkzeug:127.0.0.1 - - [11/Jan/2024 08:06:23] "POST /quantidadeadm HTTP/1.1" 200 -
INFO:werkzeug:127.0.0.1 - - [11/Jan/2024 08:06:36] "GET /quantidadeadm HTTP/1.1" 200 -
WARNING:root:Valor nulo em 'andar', definindo como 0
WARNING:root:Valor nulo ou invï¿½lido em 'quantidade'
WARNING:root:Valor nulo em 'andar', definindo como 0
WARNING:root:Valor nulo ou invï¿½lido em 'quantidade'
WARNING:root:Valor nulo em 'andar', definindo como 0
WARNING:root:Valor nulo ou invï¿½lido em 'quantidade'
INFO:werkzeug:127.0.0.1 - - [11/Jan/2024 08:06:42] "POST /quantidadeadm HTTP/1.1" 200 -
INFO:werkzeug:127.0.0.1 - - [11/Jan/2024 08:07:56] "GET /quantidadeadm HTTP/1.1" 200 -
WARNING:root:Valor nulo em 'andar', definindo como 0
WARNING:root:Valor nulo ou invï¿½lido em 'quantidade'
WARNING:root:Valor nulo em 'andar', definindo como 0
WARNING:root:Valor nulo ou invï¿½lido em 'quantidade'
WARNING:root:Valor nulo em 'andar', definindo como 0
WARNING:root:Valor nulo ou invï¿½lido em 'quantidade'
INFO:werkzeug:127.0.0.1 - - [11/Jan/2024 08:08:04] "POST /quantidadeadm HTTP/1.1" 200 -
INFO:werkzeug:127.0.0.1 - - [11/Jan/2024 08:20:35] "GET /quantidadeadm HTTP/1.1" 200 -
INFO:werkzeug:127.0.0.1 - - [11/Jan/2024 08:20:37] "[36mGET /static/styles/quantidadeadm.css HTTP/1.1[0m" 304 -
INFO:werkzeug: * Detected change in 'C:\\Users\\x17859816\\Desktop\\PaperControlSystem\\app.py', reloading
INFO:werkzeug: * Restarting with stat
WARNING:werkzeug: * Debugger is active!
INFO:werkzeug: * Debugger PIN: 128-076-020
INFO:werkzeug: * Detected change in 'C:\\Users\\x17859816\\Desktop\\PaperControlSystem\\app.py', reloading
INFO:werkzeug: * Restarting with stat
WARNING:werkzeug: * Debugger is active!
INFO:werkzeug: * Debugger PIN: 128-076-020
INFO:werkzeug:127.0.0.1 - - [11/Jan/2024 08:29:24] "[32mGET /quantidadeadm HTTP/1.1[0m" 302 -
INFO:werkzeug:127.0.0.1 - - [11/Jan/2024 08:29:25] "GET /login?next=/quantidadeadm HTTP/1.1" 200 -
INFO:werkzeug:127.0.0.1 - - [11/Jan/2024 08:29:25] "[36mGET /static/styles/loading.css HTTP/1.1[0m" 304 -
INFO:werkzeug:127.0.0.1 - - [11/Jan/2024 08:29:25] "[36mGET /static/styles/login.css HTTP/1.1[0m" 304 -
INFO:werkzeug:127.0.0.1 - - [11/Jan/2024 08:29:25] "[36mGET /static/images/zezinho.png HTTP/1.1[0m" 304 -
INFO:werkzeug:127.0.0.1 - - [11/Jan/2024 08:29:26] "[32mPOST /login HTTP/1.1[0m" 302 -
INFO:werkzeug:127.0.0.1 - - [11/Jan/2024 08:29:26] "GET /loginadm HTTP/1.1" 200 -
INFO:werkzeug:127.0.0.1 - - [11/Jan/2024 08:29:26] "[36mGET /static/styles/loginadm.css HTTP/1.1[0m" 304 -
INFO:werkzeug:127.0.0.1 - - [11/Jan/2024 08:29:26] "[36mGET /static/images/exitbutton.png HTTP/1.1[0m" 304 -
INFO:werkzeug:127.0.0.1 - - [11/Jan/2024 08:29:26] "[36mGET /static/images/background-pc.png HTTP/1.1[0m" 304 -
INFO:werkzeug:127.0.0.1 - - [11/Jan/2024 08:29:28] "GET /quantidadeadm HTTP/1.1" 200 -
INFO:werkzeug:127.0.0.1 - - [11/Jan/2024 08:29:28] "[36mGET /static/styles/quantidadeadm.css HTTP/1.1[0m" 304 -
INFO:werkzeug:127.0.0.1 - - [11/Jan/2024 08:29:28] "[36mGET /static/images/exitbutton.png HTTP/1.1[0m" 304 -
INFO:werkzeug:127.0.0.1 - - [11/Jan/2024 08:29:28] "[36mGET /static/images/background-pc.png HTTP/1.1[0m" 304 -
INFO:werkzeug:127.0.0.1 - - [11/Jan/2024 08:31:31] "GET /quantidadeadm HTTP/1.1" 200 -
INFO:werkzeug:127.0.0.1 - - [11/Jan/2024 08:31:31] "[36mGET /static/styles/quantidadeadm.css HTTP/1.1[0m" 304 -
INFO:werkzeug:127.0.0.1 - - [11/Jan/2024 08:31:31] "[36mGET /static/images/exitbutton.png HTTP/1.1[0m" 304 -
INFO:werkzeug:127.0.0.1 - - [11/Jan/2024 08:31:31] "[36mGET /static/images/background-pc.png HTTP/1.1[0m" 304 -
INFO:werkzeug:127.0.0.1 - - [11/Jan/2024 08:31:32] "GET /quantidadeadm HTTP/1.1" 200 -
INFO:werkzeug:127.0.0.1 - - [11/Jan/2024 08:31:32] "[36mGET /static/styles/quantidadeadm.css HTTP/1.1[0m" 304 -
INFO:werkzeug:127.0.0.1 - - [11/Jan/2024 08:31:32] "[36mGET /static/images/exitbutton.png HTTP/1.1[0m" 304 -
WARNING:root:Valor nulo em 'andar', definindo como 0
WARNING:root:Valor nulo ou invï¿½lido em 'quantidade'
WARNING:root:Valor nulo em 'andar', definindo como 0
WARNING:root:Valor nulo ou invï¿½lido em 'quantidade'
WARNING:root:Valor nulo em 'andar', definindo como 0
WARNING:root:Valor nulo ou invï¿½lido em 'quantidade'
ERROR:root:Erro no servidor: render_template_string() takes 1 positional argument but 2 were given
Traceback (most recent call last):
  File "C:\Users\x17859816\Desktop\PaperControlSystem\app.py", line 521, in quantidadeadm
    return render_template_string('quantidadeadm.html', table_html)
           ^^^^^^^^^^^^^^^^^^^^^^^^^^^^^^^^^^^^^^^^^^^^^^^^^^^^^^^^
TypeError: render_template_string() takes 1 positional argument but 2 were given
INFO:werkzeug:127.0.0.1 - - [11/Jan/2024 08:31:37] "[35m[1mPOST /quantidadeadm HTTP/1.1[0m" 500 -
INFO:werkzeug: * Detected change in 'C:\\Users\\x17859816\\Desktop\\PaperControlSystem\\app.py', reloading
INFO:werkzeug: * Restarting with stat
WARNING:werkzeug: * Debugger is active!
INFO:werkzeug: * Debugger PIN: 128-076-020
INFO:werkzeug:127.0.0.1 - - [11/Jan/2024 08:35:48] "[32mPOST /quantidadeadm HTTP/1.1[0m" 302 -
INFO:werkzeug:127.0.0.1 - - [11/Jan/2024 08:35:48] "GET /login?next=/quantidadeadm HTTP/1.1" 200 -
INFO:werkzeug:127.0.0.1 - - [11/Jan/2024 08:35:48] "[36mGET /static/styles/login.css HTTP/1.1[0m" 304 -
INFO:werkzeug:127.0.0.1 - - [11/Jan/2024 08:35:48] "[36mGET /static/styles/loading.css HTTP/1.1[0m" 304 -
INFO:werkzeug:127.0.0.1 - - [11/Jan/2024 08:35:48] "[36mGET /static/images/zezinho.png HTTP/1.1[0m" 304 -
INFO:werkzeug:127.0.0.1 - - [11/Jan/2024 08:35:49] "[32mPOST /login HTTP/1.1[0m" 302 -
INFO:werkzeug:127.0.0.1 - - [11/Jan/2024 08:35:49] "GET /loginadm HTTP/1.1" 200 -
INFO:werkzeug:127.0.0.1 - - [11/Jan/2024 08:35:49] "[36mGET /static/styles/loginadm.css HTTP/1.1[0m" 304 -
INFO:werkzeug:127.0.0.1 - - [11/Jan/2024 08:35:49] "[36mGET /static/images/exitbutton.png HTTP/1.1[0m" 304 -
INFO:werkzeug:127.0.0.1 - - [11/Jan/2024 08:35:49] "[36mGET /static/images/background-pc.png HTTP/1.1[0m" 304 -
INFO:werkzeug:127.0.0.1 - - [11/Jan/2024 08:35:50] "GET /quantidadeadm HTTP/1.1" 200 -
INFO:werkzeug:127.0.0.1 - - [11/Jan/2024 08:35:50] "[36mGET /static/styles/quantidadeadm.css HTTP/1.1[0m" 304 -
INFO:werkzeug:127.0.0.1 - - [11/Jan/2024 08:35:50] "[36mGET /static/images/exitbutton.png HTTP/1.1[0m" 304 -
INFO:werkzeug:127.0.0.1 - - [11/Jan/2024 08:35:50] "[36mGET /static/images/background-pc.png HTTP/1.1[0m" 304 -
WARNING:root:Valor nulo em 'andar', definindo como 0
WARNING:root:Valor nulo ou invï¿½lido em 'quantidade'
WARNING:root:Valor nulo em 'andar', definindo como 0
WARNING:root:Valor nulo ou invï¿½lido em 'quantidade'
WARNING:root:Valor nulo em 'andar', definindo como 0
WARNING:root:Valor nulo ou invï¿½lido em 'quantidade'
ERROR:root:Erro no servidor: render_template() takes 1 positional argument but 2 were given
Traceback (most recent call last):
  File "C:\Users\x17859816\Desktop\PaperControlSystem\app.py", line 521, in quantidadeadm
    return render_template('quantidadeadm.html', table_html)
           ^^^^^^^^^^^^^^^^^^^^^^^^^^^^^^^^^^^^^^^^^^^^^^^^^
TypeError: render_template() takes 1 positional argument but 2 were given
INFO:werkzeug:127.0.0.1 - - [11/Jan/2024 08:35:54] "[35m[1mPOST /quantidadeadm HTTP/1.1[0m" 500 -
INFO:werkzeug: * Detected change in 'C:\\Users\\x17859816\\Desktop\\PaperControlSystem\\app.py', reloading
INFO:werkzeug: * Restarting with stat
WARNING:werkzeug: * Debugger is active!
INFO:werkzeug: * Debugger PIN: 128-076-020
INFO:werkzeug:127.0.0.1 - - [11/Jan/2024 08:38:40] "[32mPOST /quantidadeadm HTTP/1.1[0m" 302 -
INFO:werkzeug:127.0.0.1 - - [11/Jan/2024 08:38:40] "GET /login?next=/quantidadeadm HTTP/1.1" 200 -
INFO:werkzeug:127.0.0.1 - - [11/Jan/2024 08:38:40] "[36mGET /static/styles/loading.css HTTP/1.1[0m" 304 -
INFO:werkzeug:127.0.0.1 - - [11/Jan/2024 08:38:40] "[36mGET /static/styles/login.css HTTP/1.1[0m" 304 -
INFO:werkzeug:127.0.0.1 - - [11/Jan/2024 08:38:40] "[36mGET /static/images/zezinho.png HTTP/1.1[0m" 304 -
INFO:werkzeug:127.0.0.1 - - [11/Jan/2024 08:38:41] "[32mPOST /login HTTP/1.1[0m" 302 -
INFO:werkzeug:127.0.0.1 - - [11/Jan/2024 08:38:41] "GET /loginadm HTTP/1.1" 200 -
INFO:werkzeug:127.0.0.1 - - [11/Jan/2024 08:38:41] "[36mGET /static/styles/loginadm.css HTTP/1.1[0m" 304 -
INFO:werkzeug:127.0.0.1 - - [11/Jan/2024 08:38:41] "[36mGET /static/images/exitbutton.png HTTP/1.1[0m" 304 -
INFO:werkzeug:127.0.0.1 - - [11/Jan/2024 08:38:41] "[36mGET /static/images/background-pc.png HTTP/1.1[0m" 304 -
INFO:werkzeug:127.0.0.1 - - [11/Jan/2024 08:38:42] "GET /quantidadeadm HTTP/1.1" 200 -
INFO:werkzeug:127.0.0.1 - - [11/Jan/2024 08:38:42] "[36mGET /static/styles/quantidadeadm.css HTTP/1.1[0m" 304 -
INFO:werkzeug:127.0.0.1 - - [11/Jan/2024 08:38:42] "[36mGET /static/images/exitbutton.png HTTP/1.1[0m" 304 -
INFO:werkzeug:127.0.0.1 - - [11/Jan/2024 08:38:43] "[36mGET /static/images/background-pc.png HTTP/1.1[0m" 304 -
WARNING:root:Valor nulo em 'andar', definindo como 0
WARNING:root:Valor nulo ou invï¿½lido em 'quantidade'
WARNING:root:Valor nulo em 'andar', definindo como 0
WARNING:root:Valor nulo ou invï¿½lido em 'quantidade'
WARNING:root:Valor nulo em 'andar', definindo como 0
WARNING:root:Valor nulo ou invï¿½lido em 'quantidade'
INFO:werkzeug:127.0.0.1 - - [11/Jan/2024 08:38:46] "POST /quantidadeadm HTTP/1.1" 200 -
INFO:werkzeug:127.0.0.1 - - [11/Jan/2024 08:38:46] "[36mGET /static/styles/quantidadeadm.css HTTP/1.1[0m" 304 -
INFO:werkzeug:127.0.0.1 - - [11/Jan/2024 08:38:46] "[36mGET /static/images/exitbutton.png HTTP/1.1[0m" 304 -
WARNING:root:Valor nulo em 'andar', definindo como 0
WARNING:root:Valor nulo ou invï¿½lido em 'quantidade'
WARNING:root:Valor nulo em 'andar', definindo como 0
WARNING:root:Valor nulo ou invï¿½lido em 'quantidade'
WARNING:root:Valor nulo em 'andar', definindo como 0
WARNING:root:Valor nulo ou invï¿½lido em 'quantidade'
INFO:werkzeug:127.0.0.1 - - [11/Jan/2024 08:44:42] "POST /quantidadeadm HTTP/1.1" 200 -
INFO:werkzeug:127.0.0.1 - - [11/Jan/2024 08:44:42] "[36mGET /static/styles/quantidadeadm.css HTTP/1.1[0m" 304 -
INFO:werkzeug:127.0.0.1 - - [11/Jan/2024 08:44:42] "[36mGET /static/images/exitbutton.png HTTP/1.1[0m" 304 -
INFO:werkzeug:127.0.0.1 - - [11/Jan/2024 08:44:42] "[36mGET /static/images/background-pc.png HTTP/1.1[0m" 304 -
WARNING:root:Valor nulo em 'andar', definindo como 0
WARNING:root:Valor nulo ou invï¿½lido em 'quantidade'
WARNING:root:Valor nulo em 'andar', definindo como 0
WARNING:root:Valor nulo ou invï¿½lido em 'quantidade'
WARNING:root:Valor nulo em 'andar', definindo como 0
WARNING:root:Valor nulo ou invï¿½lido em 'quantidade'
INFO:werkzeug:127.0.0.1 - - [11/Jan/2024 08:46:01] "POST /quantidadeadm HTTP/1.1" 200 -
INFO:werkzeug:127.0.0.1 - - [11/Jan/2024 08:46:01] "[36mGET /static/styles/quantidadeadm.css HTTP/1.1[0m" 304 -
INFO:werkzeug:127.0.0.1 - - [11/Jan/2024 08:46:01] "[36mGET /static/images/exitbutton.png HTTP/1.1[0m" 304 -
INFO:werkzeug:127.0.0.1 - - [11/Jan/2024 08:46:02] "[36mGET /static/images/background-pc.png HTTP/1.1[0m" 304 -
WARNING:root:Valor nulo em 'andar', definindo como 0
WARNING:root:Valor nulo ou invï¿½lido em 'quantidade'
WARNING:root:Valor nulo em 'andar', definindo como 0
WARNING:root:Valor nulo ou invï¿½lido em 'quantidade'
WARNING:root:Valor nulo em 'andar', definindo como 0
WARNING:root:Valor nulo ou invï¿½lido em 'quantidade'
INFO:werkzeug:127.0.0.1 - - [11/Jan/2024 08:46:04] "POST /quantidadeadm HTTP/1.1" 200 -
INFO:werkzeug:127.0.0.1 - - [11/Jan/2024 08:46:04] "[36mGET /static/styles/quantidadeadm.css HTTP/1.1[0m" 304 -
INFO:werkzeug:127.0.0.1 - - [11/Jan/2024 08:46:04] "[36mGET /static/images/exitbutton.png HTTP/1.1[0m" 304 -
INFO:werkzeug: * Detected change in 'C:\\Users\\x17859816\\Desktop\\PaperControlSystem\\app.py', reloading
INFO:werkzeug: * Restarting with stat
WARNING:werkzeug: * Debugger is active!
INFO:werkzeug: * Debugger PIN: 128-076-020
INFO:werkzeug:127.0.0.1 - - [11/Jan/2024 08:46:12] "[32mPOST /quantidadeadm HTTP/1.1[0m" 302 -
INFO:werkzeug:127.0.0.1 - - [11/Jan/2024 08:46:12] "GET /login?next=/quantidadeadm HTTP/1.1" 200 -
INFO:werkzeug:127.0.0.1 - - [11/Jan/2024 08:46:12] "[36mGET /static/styles/loading.css HTTP/1.1[0m" 304 -
INFO:werkzeug:127.0.0.1 - - [11/Jan/2024 08:46:12] "[36mGET /static/styles/login.css HTTP/1.1[0m" 304 -
INFO:werkzeug:127.0.0.1 - - [11/Jan/2024 08:46:12] "[36mGET /static/images/zezinho.png HTTP/1.1[0m" 304 -
INFO:werkzeug:127.0.0.1 - - [11/Jan/2024 08:46:13] "[32mPOST /login HTTP/1.1[0m" 302 -
INFO:werkzeug:127.0.0.1 - - [11/Jan/2024 08:46:13] "GET /loginadm HTTP/1.1" 200 -
INFO:werkzeug:127.0.0.1 - - [11/Jan/2024 08:46:13] "[36mGET /static/styles/loginadm.css HTTP/1.1[0m" 304 -
INFO:werkzeug:127.0.0.1 - - [11/Jan/2024 08:46:13] "[36mGET /static/images/exitbutton.png HTTP/1.1[0m" 304 -
INFO:werkzeug:127.0.0.1 - - [11/Jan/2024 08:46:13] "[36mGET /static/images/background-pc.png HTTP/1.1[0m" 304 -
INFO:werkzeug:127.0.0.1 - - [11/Jan/2024 08:46:14] "GET /quantidadeadm HTTP/1.1" 200 -
INFO:werkzeug:127.0.0.1 - - [11/Jan/2024 08:46:14] "[36mGET /static/styles/quantidadeadm.css HTTP/1.1[0m" 304 -
INFO:werkzeug:127.0.0.1 - - [11/Jan/2024 08:46:14] "[36mGET /static/images/exitbutton.png HTTP/1.1[0m" 304 -
WARNING:root:Valor nulo em 'andar', definindo como 0
WARNING:root:Valor nulo ou invï¿½lido em 'quantidade'
WARNING:root:Valor nulo em 'andar', definindo como 0
WARNING:root:Valor nulo ou invï¿½lido em 'quantidade'
WARNING:root:Valor nulo em 'andar', definindo como 0
WARNING:root:Valor nulo ou invï¿½lido em 'quantidade'
INFO:werkzeug:127.0.0.1 - - [11/Jan/2024 08:46:18] "POST /quantidadeadm HTTP/1.1" 200 -
INFO:werkzeug:127.0.0.1 - - [11/Jan/2024 08:46:18] "[36mGET /static/styles/quantidadeadm.css HTTP/1.1[0m" 304 -
INFO:werkzeug:127.0.0.1 - - [11/Jan/2024 08:46:18] "[36mGET /static/images/exitbutton.png HTTP/1.1[0m" 304 -
WARNING:root:Valor nulo em 'andar', definindo como 0
WARNING:root:Valor nulo ou invï¿½lido em 'quantidade'
WARNING:root:Valor nulo em 'andar', definindo como 0
WARNING:root:Valor nulo ou invï¿½lido em 'quantidade'
WARNING:root:Valor nulo em 'andar', definindo como 0
WARNING:root:Valor nulo ou invï¿½lido em 'quantidade'
INFO:werkzeug:127.0.0.1 - - [11/Jan/2024 08:56:57] "POST /quantidadeadm HTTP/1.1" 200 -
INFO:werkzeug:127.0.0.1 - - [11/Jan/2024 08:56:57] "[36mGET /static/styles/quantidadeadm.css HTTP/1.1[0m" 304 -
INFO:werkzeug:127.0.0.1 - - [11/Jan/2024 08:56:57] "[36mGET /static/images/exitbutton.png HTTP/1.1[0m" 304 -
INFO:werkzeug:127.0.0.1 - - [11/Jan/2024 08:56:57] "[36mGET /static/images/background-pc.png HTTP/1.1[0m" 304 -
WARNING:root:Valor nulo em 'andar', definindo como 0
WARNING:root:Valor nulo ou invï¿½lido em 'quantidade'
WARNING:root:Valor nulo em 'andar', definindo como 0
WARNING:root:Valor nulo ou invï¿½lido em 'quantidade'
WARNING:root:Valor nulo em 'andar', definindo como 0
WARNING:root:Valor nulo ou invï¿½lido em 'quantidade'
INFO:werkzeug:127.0.0.1 - - [11/Jan/2024 08:57:00] "POST /quantidadeadm HTTP/1.1" 200 -
INFO:werkzeug:127.0.0.1 - - [11/Jan/2024 08:57:00] "[36mGET /static/styles/quantidadeadm.css HTTP/1.1[0m" 304 -
INFO:werkzeug:127.0.0.1 - - [11/Jan/2024 08:57:00] "[36mGET /static/images/exitbutton.png HTTP/1.1[0m" 304 -
INFO:werkzeug:127.0.0.1 - - [11/Jan/2024 08:57:22] "[36mGET /static/styles/quantidadeadm.css HTTP/1.1[0m" 304 -
WARNING:root:Valor nulo em 'andar', definindo como 0
WARNING:root:Valor nulo ou inválido em 'quantidade'
WARNING:root:Valor nulo em 'andar', definindo como 0
WARNING:root:Valor nulo ou inválido em 'quantidade'
WARNING:root:Valor nulo em 'andar', definindo como 0
WARNING:root:Valor nulo ou inválido em 'quantidade'
INFO:werkzeug:127.0.0.1 - - [11/Jan/2024 08:58:25] "POST /quantidadeadm HTTP/1.1" 200 -
INFO:werkzeug:127.0.0.1 - - [11/Jan/2024 08:58:25] "[36mGET /static/styles/quantidadeadm.css HTTP/1.1[0m" 304 -
INFO:werkzeug:127.0.0.1 - - [11/Jan/2024 08:58:25] "[36mGET /static/images/exitbutton.png HTTP/1.1[0m" 304 -
INFO:werkzeug:127.0.0.1 - - [11/Jan/2024 08:58:27] "GET /login HTTP/1.1" 200 -
INFO:werkzeug:127.0.0.1 - - [11/Jan/2024 08:58:27] "[36mGET /static/styles/loading.css HTTP/1.1[0m" 304 -
INFO:werkzeug:127.0.0.1 - - [11/Jan/2024 08:58:27] "[36mGET /static/styles/login.css HTTP/1.1[0m" 304 -
INFO:werkzeug:127.0.0.1 - - [11/Jan/2024 08:58:27] "[36mGET /static/images/zezinho.png HTTP/1.1[0m" 304 -
INFO:werkzeug:127.0.0.1 - - [11/Jan/2024 08:58:30] "[32mPOST /login HTTP/1.1[0m" 302 -
INFO:werkzeug:127.0.0.1 - - [11/Jan/2024 08:58:30] "GET /loginadm HTTP/1.1" 200 -
INFO:werkzeug:127.0.0.1 - - [11/Jan/2024 08:58:30] "[36mGET /static/styles/loginadm.css HTTP/1.1[0m" 304 -
INFO:werkzeug:127.0.0.1 - - [11/Jan/2024 08:58:30] "[36mGET /static/images/exitbutton.png HTTP/1.1[0m" 304 -
INFO:werkzeug:127.0.0.1 - - [11/Jan/2024 08:58:30] "[36mGET /static/images/background-pc.png HTTP/1.1[0m" 304 -
INFO:werkzeug:127.0.0.1 - - [11/Jan/2024 08:58:31] "GET /quantidadeadm HTTP/1.1" 200 -
INFO:werkzeug:127.0.0.1 - - [11/Jan/2024 08:58:31] "[36mGET /static/styles/quantidadeadm.css HTTP/1.1[0m" 304 -
INFO:werkzeug:127.0.0.1 - - [11/Jan/2024 08:58:31] "[36mGET /static/images/exitbutton.png HTTP/1.1[0m" 304 -
INFO:werkzeug:127.0.0.1 - - [11/Jan/2024 08:58:34] "POST /quantidadeadm HTTP/1.1" 200 -
INFO:werkzeug:127.0.0.1 - - [11/Jan/2024 08:58:36] "POST /quantidadeadm HTTP/1.1" 200 -
INFO:werkzeug:127.0.0.1 - - [11/Jan/2024 08:58:37] "POST /quantidadeadm HTTP/1.1" 200 -
INFO:werkzeug:127.0.0.1 - - [11/Jan/2024 08:58:37] "POST /quantidadeadm HTTP/1.1" 200 -
INFO:werkzeug:127.0.0.1 - - [11/Jan/2024 08:58:37] "POST /quantidadeadm HTTP/1.1" 200 -
INFO:werkzeug:127.0.0.1 - - [11/Jan/2024 08:58:37] "POST /quantidadeadm HTTP/1.1" 200 -
INFO:werkzeug:127.0.0.1 - - [11/Jan/2024 08:58:38] "POST /quantidadeadm HTTP/1.1" 200 -
INFO:werkzeug:127.0.0.1 - - [11/Jan/2024 08:58:38] "POST /quantidadeadm HTTP/1.1" 200 -
INFO:werkzeug:127.0.0.1 - - [11/Jan/2024 09:02:53] "POST /quantidadeadm HTTP/1.1" 200 -
INFO:werkzeug:127.0.0.1 - - [11/Jan/2024 09:02:53] "POST /quantidadeadm HTTP/1.1" 200 -
INFO:werkzeug:127.0.0.1 - - [11/Jan/2024 09:02:53] "POST /quantidadeadm HTTP/1.1" 200 -
INFO:werkzeug:127.0.0.1 - - [11/Jan/2024 09:02:53] "POST /quantidadeadm HTTP/1.1" 200 -
INFO:werkzeug:127.0.0.1 - - [11/Jan/2024 09:02:54] "POST /quantidadeadm HTTP/1.1" 200 -
INFO:werkzeug:127.0.0.1 - - [11/Jan/2024 09:02:54] "POST /quantidadeadm HTTP/1.1" 200 -
INFO:werkzeug:127.0.0.1 - - [11/Jan/2024 09:02:54] "POST /quantidadeadm HTTP/1.1" 200 -
INFO:werkzeug:127.0.0.1 - - [11/Jan/2024 09:02:54] "POST /quantidadeadm HTTP/1.1" 200 -
INFO:werkzeug:127.0.0.1 - - [11/Jan/2024 09:08:51] "GET /login HTTP/1.1" 200 -
INFO:werkzeug:127.0.0.1 - - [11/Jan/2024 09:08:51] "[36mGET /static/styles/loading.css HTTP/1.1[0m" 304 -
INFO:werkzeug:127.0.0.1 - - [11/Jan/2024 09:08:51] "[36mGET /static/styles/login.css HTTP/1.1[0m" 304 -
INFO:werkzeug:127.0.0.1 - - [11/Jan/2024 09:08:51] "[36mGET /static/images/zezinho.png HTTP/1.1[0m" 304 -
INFO:werkzeug:127.0.0.1 - - [11/Jan/2024 09:08:52] "[32mPOST /login HTTP/1.1[0m" 302 -
INFO:werkzeug:127.0.0.1 - - [11/Jan/2024 09:08:52] "GET /loginadm HTTP/1.1" 200 -
INFO:werkzeug:127.0.0.1 - - [11/Jan/2024 09:08:52] "[36mGET /static/styles/loginadm.css HTTP/1.1[0m" 304 -
INFO:werkzeug:127.0.0.1 - - [11/Jan/2024 09:08:52] "[36mGET /static/images/exitbutton.png HTTP/1.1[0m" 304 -
INFO:werkzeug:127.0.0.1 - - [11/Jan/2024 09:08:52] "[36mGET /static/images/background-pc.png HTTP/1.1[0m" 304 -
INFO:werkzeug:127.0.0.1 - - [11/Jan/2024 09:08:53] "GET /quantidadeadm HTTP/1.1" 200 -
INFO:werkzeug:127.0.0.1 - - [11/Jan/2024 09:08:53] "[36mGET /static/styles/quantidadeadm.css HTTP/1.1[0m" 304 -
INFO:werkzeug:127.0.0.1 - - [11/Jan/2024 09:08:53] "[36mGET /static/images/exitbutton.png HTTP/1.1[0m" 304 -
INFO:werkzeug:127.0.0.1 - - [11/Jan/2024 09:08:53] "[36mGET /static/images/background-pc.png HTTP/1.1[0m" 304 -
INFO:werkzeug:127.0.0.1 - - [11/Jan/2024 09:08:57] "POST /quantidadeadm HTTP/1.1" 200 -
INFO:werkzeug:127.0.0.1 - - [11/Jan/2024 09:08:58] "POST /quantidadeadm HTTP/1.1" 200 -
INFO:werkzeug:127.0.0.1 - - [11/Jan/2024 09:08:58] "POST /quantidadeadm HTTP/1.1" 200 -
INFO:werkzeug:127.0.0.1 - - [11/Jan/2024 09:08:59] "POST /quantidadeadm HTTP/1.1" 200 -
INFO:werkzeug:127.0.0.1 - - [11/Jan/2024 09:08:59] "POST /quantidadeadm HTTP/1.1" 200 -
INFO:werkzeug:127.0.0.1 - - [11/Jan/2024 09:08:59] "POST /quantidadeadm HTTP/1.1" 200 -
INFO:werkzeug:127.0.0.1 - - [11/Jan/2024 09:08:59] "POST /quantidadeadm HTTP/1.1" 200 -
INFO:werkzeug:127.0.0.1 - - [11/Jan/2024 09:09:00] "POST /quantidadeadm HTTP/1.1" 200 -
INFO:werkzeug:127.0.0.1 - - [11/Jan/2024 09:09:00] "POST /quantidadeadm HTTP/1.1" 200 -
INFO:werkzeug:127.0.0.1 - - [11/Jan/2024 09:09:00] "POST /quantidadeadm HTTP/1.1" 200 -
INFO:werkzeug:127.0.0.1 - - [11/Jan/2024 09:09:00] "POST /quantidadeadm HTTP/1.1" 200 -
INFO:werkzeug:127.0.0.1 - - [11/Jan/2024 09:09:01] "POST /quantidadeadm HTTP/1.1" 200 -
INFO:werkzeug:127.0.0.1 - - [11/Jan/2024 09:09:01] "POST /quantidadeadm HTTP/1.1" 200 -
INFO:werkzeug:127.0.0.1 - - [11/Jan/2024 09:09:01] "POST /quantidadeadm HTTP/1.1" 200 -
INFO:werkzeug:127.0.0.1 - - [11/Jan/2024 09:09:01] "POST /quantidadeadm HTTP/1.1" 200 -
INFO:werkzeug:127.0.0.1 - - [11/Jan/2024 09:09:06] "[36mGET /static/styles/quantidadeadm.css HTTP/1.1[0m" 304 -
INFO:werkzeug:127.0.0.1 - - [11/Jan/2024 09:09:09] "POST /quantidadeadm HTTP/1.1" 200 -
INFO:werkzeug:127.0.0.1 - - [11/Jan/2024 09:09:10] "POST /quantidadeadm HTTP/1.1" 200 -
INFO:werkzeug:127.0.0.1 - - [11/Jan/2024 09:09:10] "POST /quantidadeadm HTTP/1.1" 200 -
INFO:werkzeug:127.0.0.1 - - [11/Jan/2024 09:09:12] "POST /quantidadeadm HTTP/1.1" 200 -
INFO:werkzeug:127.0.0.1 - - [11/Jan/2024 09:09:13] "POST /quantidadeadm HTTP/1.1" 200 -
INFO:werkzeug:127.0.0.1 - - [11/Jan/2024 09:09:13] "POST /quantidadeadm HTTP/1.1" 200 -
INFO:werkzeug:127.0.0.1 - - [11/Jan/2024 09:09:13] "POST /quantidadeadm HTTP/1.1" 200 -
INFO:werkzeug: * Detected change in 'C:\\Users\\x17859816\\Desktop\\PaperControlSystem\\app.py', reloading
INFO:werkzeug: * Restarting with stat
WARNING:werkzeug: * Debugger is active!
INFO:werkzeug: * Debugger PIN: 128-076-020
INFO:werkzeug: * Detected change in 'C:\\Users\\x17859816\\Desktop\\PaperControlSystem\\app.py', reloading
INFO:werkzeug: * Restarting with stat
WARNING:werkzeug: * Debugger is active!
INFO:werkzeug: * Debugger PIN: 128-076-020
INFO:werkzeug:127.0.0.1 - - [11/Jan/2024 09:18:05] "[32mGET /quantidadeadm HTTP/1.1[0m" 302 -
INFO:werkzeug:127.0.0.1 - - [11/Jan/2024 09:18:05] "GET /login?next=/quantidadeadm HTTP/1.1" 200 -
INFO:werkzeug:127.0.0.1 - - [11/Jan/2024 09:18:05] "[36mGET /static/styles/login.css HTTP/1.1[0m" 304 -
INFO:werkzeug:127.0.0.1 - - [11/Jan/2024 09:18:05] "[36mGET /static/styles/loading.css HTTP/1.1[0m" 304 -
INFO:werkzeug:127.0.0.1 - - [11/Jan/2024 09:18:05] "[36mGET /static/images/zezinho.png HTTP/1.1[0m" 304 -
INFO:werkzeug:127.0.0.1 - - [11/Jan/2024 09:18:06] "[32mPOST /login HTTP/1.1[0m" 302 -
INFO:werkzeug:127.0.0.1 - - [11/Jan/2024 09:18:06] "GET /loginadm HTTP/1.1" 200 -
INFO:werkzeug:127.0.0.1 - - [11/Jan/2024 09:18:06] "[36mGET /static/styles/loginadm.css HTTP/1.1[0m" 304 -
INFO:werkzeug:127.0.0.1 - - [11/Jan/2024 09:18:06] "[36mGET /static/images/exitbutton.png HTTP/1.1[0m" 304 -
INFO:werkzeug:127.0.0.1 - - [11/Jan/2024 09:18:06] "[36mGET /static/images/background-pc.png HTTP/1.1[0m" 304 -
INFO:werkzeug:127.0.0.1 - - [11/Jan/2024 09:18:07] "GET /quantidadeadm HTTP/1.1" 200 -
INFO:werkzeug:127.0.0.1 - - [11/Jan/2024 09:18:07] "[36mGET /static/styles/quantidadeadm.css HTTP/1.1[0m" 304 -
INFO:werkzeug:127.0.0.1 - - [11/Jan/2024 09:18:07] "[36mGET /static/images/exitbutton.png HTTP/1.1[0m" 304 -
INFO:werkzeug:127.0.0.1 - - [11/Jan/2024 09:18:07] "[36mGET /static/images/background-pc.png HTTP/1.1[0m" 304 -
INFO:werkzeug:127.0.0.1 - - [11/Jan/2024 09:18:11] "POST /quantidadeadm HTTP/1.1" 200 -
INFO:werkzeug: * Detected change in 'C:\\Users\\x17859816\\Desktop\\PaperControlSystem\\app.py', reloading
INFO:werkzeug: * Restarting with stat
WARNING:werkzeug: * Debugger is active!
INFO:werkzeug: * Debugger PIN: 128-076-020
INFO:werkzeug:127.0.0.1 - - [11/Jan/2024 09:20:37] "[32mGET /quantidadeadm HTTP/1.1[0m" 302 -
INFO:werkzeug:127.0.0.1 - - [11/Jan/2024 09:20:37] "GET /login?next=/quantidadeadm HTTP/1.1" 200 -
INFO:werkzeug:127.0.0.1 - - [11/Jan/2024 09:20:37] "[36mGET /static/styles/login.css HTTP/1.1[0m" 304 -
INFO:werkzeug:127.0.0.1 - - [11/Jan/2024 09:20:37] "[36mGET /static/styles/loading.css HTTP/1.1[0m" 304 -
INFO:werkzeug:127.0.0.1 - - [11/Jan/2024 09:20:37] "[36mGET /static/images/zezinho.png HTTP/1.1[0m" 304 -
INFO:werkzeug:127.0.0.1 - - [11/Jan/2024 09:20:37] "GET /login?next=/quantidadeadm HTTP/1.1" 200 -
INFO:werkzeug:127.0.0.1 - - [11/Jan/2024 09:20:37] "[36mGET /static/styles/loading.css HTTP/1.1[0m" 304 -
INFO:werkzeug:127.0.0.1 - - [11/Jan/2024 09:20:37] "[36mGET /static/styles/login.css HTTP/1.1[0m" 304 -
INFO:werkzeug:127.0.0.1 - - [11/Jan/2024 09:20:38] "[32mPOST /login HTTP/1.1[0m" 302 -
INFO:werkzeug:127.0.0.1 - - [11/Jan/2024 09:20:38] "GET /loginadm HTTP/1.1" 200 -
INFO:werkzeug:127.0.0.1 - - [11/Jan/2024 09:20:38] "[36mGET /static/styles/loginadm.css HTTP/1.1[0m" 304 -
INFO:werkzeug:127.0.0.1 - - [11/Jan/2024 09:20:38] "[36mGET /static/images/exitbutton.png HTTP/1.1[0m" 304 -
INFO:werkzeug:127.0.0.1 - - [11/Jan/2024 09:20:38] "[36mGET /static/images/background-pc.png HTTP/1.1[0m" 304 -
INFO:werkzeug:127.0.0.1 - - [11/Jan/2024 09:20:39] "GET /quantidadeadm HTTP/1.1" 200 -
INFO:werkzeug:127.0.0.1 - - [11/Jan/2024 09:20:39] "[36mGET /static/styles/quantidadeadm.css HTTP/1.1[0m" 304 -
INFO:werkzeug:127.0.0.1 - - [11/Jan/2024 09:20:39] "[36mGET /static/images/exitbutton.png HTTP/1.1[0m" 304 -
INFO:werkzeug:127.0.0.1 - - [11/Jan/2024 09:20:40] "[36mGET /static/images/background-pc.png HTTP/1.1[0m" 304 -
INFO:werkzeug:127.0.0.1 - - [11/Jan/2024 09:20:43] "POST /quantidadeadm HTTP/1.1" 200 -
INFO:werkzeug:127.0.0.1 - - [11/Jan/2024 09:21:50] "GET /login HTTP/1.1" 200 -
INFO:werkzeug:127.0.0.1 - - [11/Jan/2024 09:21:50] "[36mGET /static/styles/loading.css HTTP/1.1[0m" 304 -
INFO:werkzeug:127.0.0.1 - - [11/Jan/2024 09:21:50] "[36mGET /static/styles/login.css HTTP/1.1[0m" 304 -
INFO:werkzeug:127.0.0.1 - - [11/Jan/2024 09:21:50] "[36mGET /static/images/zezinho.png HTTP/1.1[0m" 304 -
INFO:werkzeug:127.0.0.1 - - [11/Jan/2024 09:21:51] "[32mPOST /login HTTP/1.1[0m" 302 -
INFO:werkzeug:127.0.0.1 - - [11/Jan/2024 09:21:51] "GET /loginadm HTTP/1.1" 200 -
INFO:werkzeug:127.0.0.1 - - [11/Jan/2024 09:21:51] "[36mGET /static/styles/loginadm.css HTTP/1.1[0m" 304 -
INFO:werkzeug:127.0.0.1 - - [11/Jan/2024 09:21:51] "[36mGET /static/images/exitbutton.png HTTP/1.1[0m" 304 -
INFO:werkzeug:127.0.0.1 - - [11/Jan/2024 09:21:51] "[36mGET /static/images/background-pc.png HTTP/1.1[0m" 304 -
INFO:werkzeug:127.0.0.1 - - [11/Jan/2024 09:21:52] "GET /quantidadeadm HTTP/1.1" 200 -
INFO:werkzeug:127.0.0.1 - - [11/Jan/2024 09:21:52] "[36mGET /static/styles/quantidadeadm.css HTTP/1.1[0m" 304 -
INFO:werkzeug:127.0.0.1 - - [11/Jan/2024 09:21:52] "[36mGET /static/images/exitbutton.png HTTP/1.1[0m" 304 -
INFO:werkzeug:127.0.0.1 - - [11/Jan/2024 09:21:52] "[36mGET /static/images/background-pc.png HTTP/1.1[0m" 304 -
INFO:werkzeug:127.0.0.1 - - [11/Jan/2024 09:21:54] "GET /quantidadeadm HTTP/1.1" 200 -
INFO:werkzeug:127.0.0.1 - - [11/Jan/2024 09:21:54] "[36mGET /static/styles/quantidadeadm.css HTTP/1.1[0m" 304 -
INFO:werkzeug:127.0.0.1 - - [11/Jan/2024 09:21:54] "[36mGET /static/images/exitbutton.png HTTP/1.1[0m" 304 -
INFO:werkzeug:127.0.0.1 - - [11/Jan/2024 09:22:00] "POST /quantidadeadm HTTP/1.1" 200 -
INFO:werkzeug:127.0.0.1 - - [11/Jan/2024 09:27:09] "GET /loginadm HTTP/1.1" 200 -
INFO:werkzeug:127.0.0.1 - - [11/Jan/2024 09:27:09] "[36mGET /static/styles/loginadm.css HTTP/1.1[0m" 304 -
INFO:werkzeug:127.0.0.1 - - [11/Jan/2024 09:27:09] "[36mGET /static/images/exitbutton.png HTTP/1.1[0m" 304 -
INFO:werkzeug:127.0.0.1 - - [11/Jan/2024 09:27:09] "[36mGET /static/images/background-pc.png HTTP/1.1[0m" 304 -
INFO:werkzeug:127.0.0.1 - - [11/Jan/2024 09:27:12] "GET /login HTTP/1.1" 200 -
INFO:werkzeug:127.0.0.1 - - [11/Jan/2024 09:27:12] "[36mGET /static/styles/loading.css HTTP/1.1[0m" 304 -
INFO:werkzeug:127.0.0.1 - - [11/Jan/2024 09:27:12] "[36mGET /static/styles/login.css HTTP/1.1[0m" 304 -
INFO:werkzeug:127.0.0.1 - - [11/Jan/2024 09:27:12] "[36mGET /static/images/zezinho.png HTTP/1.1[0m" 304 -
INFO:werkzeug:127.0.0.1 - - [11/Jan/2024 09:27:13] "GET /login HTTP/1.1" 200 -
INFO:werkzeug:127.0.0.1 - - [11/Jan/2024 09:27:13] "[36mGET /static/styles/loading.css HTTP/1.1[0m" 304 -
INFO:werkzeug:127.0.0.1 - - [11/Jan/2024 09:27:13] "[36mGET /static/styles/login.css HTTP/1.1[0m" 304 -
INFO:werkzeug:127.0.0.1 - - [11/Jan/2024 09:27:14] "[32mPOST /login HTTP/1.1[0m" 302 -
INFO:werkzeug:127.0.0.1 - - [11/Jan/2024 09:27:14] "GET /loginadm HTTP/1.1" 200 -
INFO:werkzeug:127.0.0.1 - - [11/Jan/2024 09:27:14] "[36mGET /static/styles/loginadm.css HTTP/1.1[0m" 304 -
INFO:werkzeug:127.0.0.1 - - [11/Jan/2024 09:27:14] "[36mGET /static/images/exitbutton.png HTTP/1.1[0m" 304 -
INFO:werkzeug:127.0.0.1 - - [11/Jan/2024 09:27:15] "GET /quantidadeadm HTTP/1.1" 200 -
INFO:werkzeug:127.0.0.1 - - [11/Jan/2024 09:27:15] "[36mGET /static/styles/quantidadeadm.css HTTP/1.1[0m" 304 -
INFO:werkzeug:127.0.0.1 - - [11/Jan/2024 09:27:15] "[36mGET /static/images/exitbutton.png HTTP/1.1[0m" 304 -
INFO:werkzeug:127.0.0.1 - - [11/Jan/2024 09:27:15] "[36mGET /static/images/background-pc.png HTTP/1.1[0m" 304 -
INFO:werkzeug:127.0.0.1 - - [11/Jan/2024 09:27:18] "POST /quantidadeadm HTTP/1.1" 200 -
INFO:werkzeug:127.0.0.1 - - [11/Jan/2024 09:27:19] "POST /quantidadeadm HTTP/1.1" 200 -
INFO:werkzeug:127.0.0.1 - - [11/Jan/2024 09:27:20] "POST /quantidadeadm HTTP/1.1" 200 -
INFO:werkzeug: * Detected change in 'C:\\Users\\x17859816\\Desktop\\PaperControlSystem\\app.py', reloading
INFO:werkzeug: * Restarting with stat
WARNING:werkzeug: * Debugger is active!
INFO:werkzeug: * Debugger PIN: 128-076-020
INFO:werkzeug:127.0.0.1 - - [11/Jan/2024 09:29:40] "[32mGET /quantidadeadm HTTP/1.1[0m" 302 -
INFO:werkzeug:127.0.0.1 - - [11/Jan/2024 09:29:40] "GET /login?next=/quantidadeadm HTTP/1.1" 200 -
INFO:werkzeug:127.0.0.1 - - [11/Jan/2024 09:29:41] "[36mGET /static/styles/login.css HTTP/1.1[0m" 304 -
INFO:werkzeug:127.0.0.1 - - [11/Jan/2024 09:29:41] "[36mGET /static/styles/loading.css HTTP/1.1[0m" 304 -
INFO:werkzeug:127.0.0.1 - - [11/Jan/2024 09:29:41] "[36mGET /static/images/zezinho.png HTTP/1.1[0m" 304 -
INFO:werkzeug:127.0.0.1 - - [11/Jan/2024 09:29:41] "[32mPOST /login HTTP/1.1[0m" 302 -
INFO:werkzeug:127.0.0.1 - - [11/Jan/2024 09:29:41] "GET /loginadm HTTP/1.1" 200 -
INFO:werkzeug:127.0.0.1 - - [11/Jan/2024 09:29:41] "[36mGET /static/styles/loginadm.css HTTP/1.1[0m" 304 -
INFO:werkzeug:127.0.0.1 - - [11/Jan/2024 09:29:41] "[36mGET /static/images/exitbutton.png HTTP/1.1[0m" 304 -
INFO:werkzeug:127.0.0.1 - - [11/Jan/2024 09:29:41] "[36mGET /static/images/background-pc.png HTTP/1.1[0m" 304 -
INFO:werkzeug:127.0.0.1 - - [11/Jan/2024 09:29:42] "GET /quantidadeadm HTTP/1.1" 200 -
INFO:werkzeug:127.0.0.1 - - [11/Jan/2024 09:29:42] "[36mGET /static/styles/quantidadeadm.css HTTP/1.1[0m" 304 -
INFO:werkzeug:127.0.0.1 - - [11/Jan/2024 09:29:42] "[36mGET /static/images/exitbutton.png HTTP/1.1[0m" 304 -
INFO:werkzeug:127.0.0.1 - - [11/Jan/2024 09:29:42] "[36mGET /static/images/background-pc.png HTTP/1.1[0m" 304 -
INFO:werkzeug:127.0.0.1 - - [11/Jan/2024 09:29:45] "POST /quantidadeadm HTTP/1.1" 200 -
INFO:werkzeug: * Detected change in 'C:\\Users\\x17859816\\Desktop\\PaperControlSystem\\app.py', reloading
INFO:werkzeug: * Restarting with stat
WARNING:werkzeug: * Debugger is active!
INFO:werkzeug: * Debugger PIN: 128-076-020
INFO:werkzeug: * Detected change in 'C:\\Users\\x17859816\\Desktop\\PaperControlSystem\\app.py', reloading
INFO:werkzeug: * Restarting with stat
WARNING:werkzeug: * Debugger is active!
INFO:werkzeug: * Debugger PIN: 128-076-020
INFO:werkzeug:127.0.0.1 - - [11/Jan/2024 09:47:32] "[32mGET /quantidadeadm HTTP/1.1[0m" 302 -
INFO:werkzeug:127.0.0.1 - - [11/Jan/2024 09:47:32] "GET /login?next=/quantidadeadm HTTP/1.1" 200 -
INFO:werkzeug:127.0.0.1 - - [11/Jan/2024 09:47:32] "[36mGET /static/styles/login.css HTTP/1.1[0m" 304 -
INFO:werkzeug:127.0.0.1 - - [11/Jan/2024 09:47:32] "[36mGET /static/styles/loading.css HTTP/1.1[0m" 304 -
INFO:werkzeug:127.0.0.1 - - [11/Jan/2024 09:47:32] "[36mGET /static/images/zezinho.png HTTP/1.1[0m" 304 -
INFO:werkzeug:127.0.0.1 - - [11/Jan/2024 09:47:34] "[32mPOST /login HTTP/1.1[0m" 302 -
INFO:werkzeug:127.0.0.1 - - [11/Jan/2024 09:47:34] "GET /loginadm HTTP/1.1" 200 -
INFO:werkzeug:127.0.0.1 - - [11/Jan/2024 09:47:34] "[36mGET /static/styles/loginadm.css HTTP/1.1[0m" 304 -
INFO:werkzeug:127.0.0.1 - - [11/Jan/2024 09:47:34] "[36mGET /static/images/exitbutton.png HTTP/1.1[0m" 304 -
INFO:werkzeug:127.0.0.1 - - [11/Jan/2024 09:47:34] "[36mGET /static/images/background-pc.png HTTP/1.1[0m" 304 -
INFO:werkzeug:127.0.0.1 - - [11/Jan/2024 09:47:35] "GET /quantidadeadm HTTP/1.1" 200 -
INFO:werkzeug:127.0.0.1 - - [11/Jan/2024 09:47:35] "[36mGET /static/styles/quantidadeadm.css HTTP/1.1[0m" 304 -
INFO:werkzeug:127.0.0.1 - - [11/Jan/2024 09:47:35] "[36mGET /static/images/exitbutton.png HTTP/1.1[0m" 304 -
INFO:werkzeug:127.0.0.1 - - [11/Jan/2024 09:47:35] "[36mGET /static/images/background-pc.png HTTP/1.1[0m" 304 -
WARNING:root:Valor nulo em 'andar', definindo como 0
WARNING:root:Valor nulo ou inválido em 'quantidade'
WARNING:root:Valor nulo em 'andar', definindo como 0
WARNING:root:Valor nulo ou inválido em 'quantidade'
WARNING:root:Valor nulo em 'andar', definindo como 0
WARNING:root:Valor nulo ou inválido em 'quantidade'
INFO:werkzeug:127.0.0.1 - - [11/Jan/2024 09:47:39] "POST /quantidadeadm HTTP/1.1" 200 -
INFO:werkzeug: * Detected change in 'C:\\Users\\x17859816\\Desktop\\PaperControlSystem\\app.py', reloading
INFO:werkzeug: * Restarting with stat
INFO:werkzeug:[31m[1mWARNING: This is a development server. Do not use it in a production deployment. Use a production WSGI server instead.[0m
 * Running on http://127.0.0.1:5000
INFO:werkzeug:[33mPress CTRL+C to quit[0m
INFO:werkzeug: * Restarting with stat
WARNING:werkzeug: * Debugger is active!
INFO:werkzeug: * Debugger PIN: 110-393-147
INFO:werkzeug:127.0.0.1 - - [11/Jan/2024 12:28:37] "[32mGET / HTTP/1.1[0m" 302 -
INFO:werkzeug:127.0.0.1 - - [11/Jan/2024 12:28:37] "GET /login?next=/ HTTP/1.1" 200 -
INFO:werkzeug:127.0.0.1 - - [11/Jan/2024 12:28:37] "GET /static/styles/loading.css HTTP/1.1" 200 -
INFO:werkzeug:127.0.0.1 - - [11/Jan/2024 12:28:37] "GET /static/styles/login.css HTTP/1.1" 200 -
INFO:werkzeug:127.0.0.1 - - [11/Jan/2024 12:28:37] "GET /static/images/zezinho.png HTTP/1.1" 200 -
INFO:werkzeug:127.0.0.1 - - [11/Jan/2024 12:28:41] "[32mPOST /login HTTP/1.1[0m" 302 -
INFO:werkzeug:127.0.0.1 - - [11/Jan/2024 12:28:42] "GET /loginadm HTTP/1.1" 200 -
INFO:werkzeug:127.0.0.1 - - [11/Jan/2024 12:28:42] "GET /static/images/exitbutton.png HTTP/1.1" 200 -
INFO:werkzeug:127.0.0.1 - - [11/Jan/2024 12:28:42] "GET /static/styles/loginadm.css HTTP/1.1" 200 -
INFO:werkzeug:127.0.0.1 - - [11/Jan/2024 12:28:42] "GET /static/images/background-pc.png HTTP/1.1" 200 -
INFO:werkzeug:127.0.0.1 - - [11/Jan/2024 12:28:44] "GET /quantidadeadm HTTP/1.1" 200 -
INFO:werkzeug:127.0.0.1 - - [11/Jan/2024 12:28:44] "[36mGET /static/images/exitbutton.png HTTP/1.1[0m" 304 -
INFO:werkzeug:127.0.0.1 - - [11/Jan/2024 12:28:44] "GET /static/styles/quantidadeadm.css HTTP/1.1" 200 -
INFO:werkzeug:127.0.0.1 - - [11/Jan/2024 12:28:45] "[36mGET /static/images/background-pc.png HTTP/1.1[0m" 304 -
WARNING:root:Valor nulo em 'andar', definindo como 0
WARNING:root:Valor nulo ou inválido em 'quantidade'
WARNING:root:Valor nulo em 'andar', definindo como 0
WARNING:root:Valor nulo ou inválido em 'quantidade'
WARNING:root:Valor nulo em 'andar', definindo como 0
WARNING:root:Valor nulo ou inválido em 'quantidade'
INFO:werkzeug:127.0.0.1 - - [11/Jan/2024 12:28:56] "POST /quantidadeadm HTTP/1.1" 200 -
INFO:werkzeug:127.0.0.1 - - [11/Jan/2024 12:29:00] "GET /quantidadeadm HTTP/1.1" 200 -
INFO:werkzeug: * Detected change in 'C:\\Users\\x16170389\\Desktop\\papercontrolsystem\\app.py', reloading
INFO:werkzeug: * Restarting with stat
WARNING:werkzeug: * Debugger is active!
INFO:werkzeug: * Debugger PIN: 110-393-147
INFO:werkzeug:127.0.0.1 - - [11/Jan/2024 12:37:06] "[32mGET /quantidadeadm HTTP/1.1[0m" 302 -
INFO:werkzeug:127.0.0.1 - - [11/Jan/2024 12:37:06] "GET /login?next=/quantidadeadm HTTP/1.1" 200 -
INFO:werkzeug:127.0.0.1 - - [11/Jan/2024 12:37:06] "[36mGET /static/styles/login.css HTTP/1.1[0m" 304 -
INFO:werkzeug:127.0.0.1 - - [11/Jan/2024 12:37:06] "[36mGET /static/styles/loading.css HTTP/1.1[0m" 304 -
INFO:werkzeug:127.0.0.1 - - [11/Jan/2024 12:37:06] "[36mGET /static/images/zezinho.png HTTP/1.1[0m" 304 -
INFO:werkzeug:127.0.0.1 - - [11/Jan/2024 12:37:08] "[32mPOST /login HTTP/1.1[0m" 302 -
INFO:werkzeug:127.0.0.1 - - [11/Jan/2024 12:37:08] "GET /loginadm HTTP/1.1" 200 -
INFO:werkzeug:127.0.0.1 - - [11/Jan/2024 12:37:08] "[36mGET /static/images/exitbutton.png HTTP/1.1[0m" 304 -
INFO:werkzeug:127.0.0.1 - - [11/Jan/2024 12:37:08] "[36mGET /static/styles/loginadm.css HTTP/1.1[0m" 304 -
INFO:werkzeug:127.0.0.1 - - [11/Jan/2024 12:37:08] "[36mGET /static/images/background-pc.png HTTP/1.1[0m" 304 -
INFO:werkzeug:127.0.0.1 - - [11/Jan/2024 12:37:09] "GET /quantidadeadm HTTP/1.1" 200 -
INFO:werkzeug:127.0.0.1 - - [11/Jan/2024 12:37:09] "[36mGET /static/styles/quantidadeadm.css HTTP/1.1[0m" 304 -
INFO:werkzeug:127.0.0.1 - - [11/Jan/2024 12:37:09] "[36mGET /static/images/exitbutton.png HTTP/1.1[0m" 304 -
INFO:werkzeug:127.0.0.1 - - [11/Jan/2024 12:37:09] "[36mGET /static/images/background-pc.png HTTP/1.1[0m" 304 -
WARNING:root:Valor nulo em 'andar', definindo como 0
WARNING:root:Valor nulo ou inválido em 'quantidade'
WARNING:root:Valor nulo em 'andar', definindo como 0
WARNING:root:Valor nulo ou inválido em 'quantidade'
WARNING:root:Valor nulo em 'andar', definindo como 0
WARNING:root:Valor nulo ou inválido em 'quantidade'
ERROR:root:Erro no servidor: No wkhtmltopdf executable found: "b''"
If this file exists please check that this process can read it or you can pass path to it manually in method call, check README. Otherwise please install wkhtmltopdf - https://github.com/JazzCore/python-pdfkit/wiki/Installing-wkhtmltopdf
Traceback (most recent call last):
  File "C:\Users\x16170389\AppData\Local\Programs\Python\Python311\Lib\site-packages\pdfkit\configuration.py", line 35, in __init__
    with open(self.wkhtmltopdf) as f:
         ^^^^^^^^^^^^^^^^^^^^^^
FileNotFoundError: [Errno 2] No such file or directory: b''

During handling of the above exception, another exception occurred:

Traceback (most recent call last):
  File "C:\Users\x16170389\Desktop\papercontrolsystem\app.py", line 587, in quantidadeadm
    pdfkit.from_file(relatorio_html, relatorio_pdf)
  File "C:\Users\x16170389\AppData\Local\Programs\Python\Python311\Lib\site-packages\pdfkit\api.py", line 48, in from_file
    r = PDFKit(input, 'file', options=options, toc=toc, cover=cover, css=css,
        ^^^^^^^^^^^^^^^^^^^^^^^^^^^^^^^^^^^^^^^^^^^^^^^^^^^^^^^^^^^^^^^^^^^^^
  File "C:\Users\x16170389\AppData\Local\Programs\Python\Python311\Lib\site-packages\pdfkit\pdfkit.py", line 45, in __init__
    self.configuration = (Configuration() if configuration is None
                          ^^^^^^^^^^^^^^^
  File "C:\Users\x16170389\AppData\Local\Programs\Python\Python311\Lib\site-packages\pdfkit\configuration.py", line 38, in __init__
    raise IOError('No wkhtmltopdf executable found: "%s"\n'
OSError: No wkhtmltopdf executable found: "b''"
If this file exists please check that this process can read it or you can pass path to it manually in method call, check README. Otherwise please install wkhtmltopdf - https://github.com/JazzCore/python-pdfkit/wiki/Installing-wkhtmltopdf
INFO:werkzeug:127.0.0.1 - - [11/Jan/2024 12:37:13] "[35m[1mPOST /quantidadeadm HTTP/1.1[0m" 500 -
INFO:werkzeug: * Detected change in 'C:\\Users\\x16170389\\Desktop\\papercontrolsystem\\app.py', reloading
INFO:werkzeug: * Restarting with stat
WARNING:werkzeug: * Debugger is active!
INFO:werkzeug: * Debugger PIN: 110-393-147
INFO:werkzeug:127.0.0.1 - - [11/Jan/2024 12:37:44] "[32mGET /quantidadeadm HTTP/1.1[0m" 302 -
INFO:werkzeug:127.0.0.1 - - [11/Jan/2024 12:37:44] "GET /login?next=/quantidadeadm HTTP/1.1" 200 -
INFO:werkzeug:127.0.0.1 - - [11/Jan/2024 12:37:44] "[36mGET /static/styles/loading.css HTTP/1.1[0m" 304 -
INFO:werkzeug:127.0.0.1 - - [11/Jan/2024 12:37:44] "[36mGET /static/styles/login.css HTTP/1.1[0m" 304 -
INFO:werkzeug:127.0.0.1 - - [11/Jan/2024 12:37:44] "[36mGET /static/images/zezinho.png HTTP/1.1[0m" 304 -
INFO:werkzeug:127.0.0.1 - - [11/Jan/2024 12:37:46] "[32mPOST /login HTTP/1.1[0m" 302 -
INFO:werkzeug:127.0.0.1 - - [11/Jan/2024 12:37:46] "GET /loginadm HTTP/1.1" 200 -
INFO:werkzeug:127.0.0.1 - - [11/Jan/2024 12:37:46] "[36mGET /static/styles/loginadm.css HTTP/1.1[0m" 304 -
INFO:werkzeug:127.0.0.1 - - [11/Jan/2024 12:37:46] "[36mGET /static/images/exitbutton.png HTTP/1.1[0m" 304 -
INFO:werkzeug:127.0.0.1 - - [11/Jan/2024 12:37:46] "[36mGET /static/images/background-pc.png HTTP/1.1[0m" 304 -
INFO:werkzeug:127.0.0.1 - - [11/Jan/2024 12:37:47] "GET /quantidadeadm HTTP/1.1" 200 -
INFO:werkzeug:127.0.0.1 - - [11/Jan/2024 12:37:47] "[36mGET /static/styles/quantidadeadm.css HTTP/1.1[0m" 304 -
INFO:werkzeug:127.0.0.1 - - [11/Jan/2024 12:37:47] "[36mGET /static/images/exitbutton.png HTTP/1.1[0m" 304 -
WARNING:root:Valor nulo em 'andar', definindo como 0
WARNING:root:Valor nulo ou inválido em 'quantidade'
WARNING:root:Valor nulo em 'andar', definindo como 0
WARNING:root:Valor nulo ou inválido em 'quantidade'
WARNING:root:Valor nulo em 'andar', definindo como 0
WARNING:root:Valor nulo ou inválido em 'quantidade'
ERROR:root:Erro no servidor: No wkhtmltopdf executable found: "b''"
If this file exists please check that this process can read it or you can pass path to it manually in method call, check README. Otherwise please install wkhtmltopdf - https://github.com/JazzCore/python-pdfkit/wiki/Installing-wkhtmltopdf
Traceback (most recent call last):
  File "C:\Users\x16170389\AppData\Local\Programs\Python\Python311\Lib\site-packages\pdfkit\configuration.py", line 35, in __init__
    with open(self.wkhtmltopdf) as f:
         ^^^^^^^^^^^^^^^^^^^^^^
FileNotFoundError: [Errno 2] No such file or directory: b''

During handling of the above exception, another exception occurred:

Traceback (most recent call last):
  File "C:\Users\x16170389\Desktop\papercontrolsystem\app.py", line 587, in quantidadeadm
    pdfkit.from_file(relatorio_html, relatorio_pdf)
  File "C:\Users\x16170389\AppData\Local\Programs\Python\Python311\Lib\site-packages\pdfkit\api.py", line 48, in from_file
    r = PDFKit(input, 'file', options=options, toc=toc, cover=cover, css=css,
        ^^^^^^^^^^^^^^^^^^^^^^^^^^^^^^^^^^^^^^^^^^^^^^^^^^^^^^^^^^^^^^^^^^^^^
  File "C:\Users\x16170389\AppData\Local\Programs\Python\Python311\Lib\site-packages\pdfkit\pdfkit.py", line 45, in __init__
    self.configuration = (Configuration() if configuration is None
                          ^^^^^^^^^^^^^^^
  File "C:\Users\x16170389\AppData\Local\Programs\Python\Python311\Lib\site-packages\pdfkit\configuration.py", line 38, in __init__
    raise IOError('No wkhtmltopdf executable found: "%s"\n'
OSError: No wkhtmltopdf executable found: "b''"
If this file exists please check that this process can read it or you can pass path to it manually in method call, check README. Otherwise please install wkhtmltopdf - https://github.com/JazzCore/python-pdfkit/wiki/Installing-wkhtmltopdf
INFO:werkzeug:127.0.0.1 - - [11/Jan/2024 12:37:52] "[35m[1mPOST /quantidadeadm HTTP/1.1[0m" 500 -
INFO:werkzeug: * Detected change in 'C:\\Users\\x16170389\\Desktop\\papercontrolsystem\\app.py', reloading
INFO:werkzeug: * Restarting with stat
WARNING:werkzeug: * Debugger is active!
INFO:werkzeug: * Debugger PIN: 110-393-147
INFO:werkzeug:127.0.0.1 - - [11/Jan/2024 12:39:31] "[32mGET /quantidadeadm HTTP/1.1[0m" 302 -
INFO:werkzeug:127.0.0.1 - - [11/Jan/2024 12:39:31] "GET /login?next=/quantidadeadm HTTP/1.1" 200 -
INFO:werkzeug:127.0.0.1 - - [11/Jan/2024 12:39:31] "[36mGET /static/styles/loading.css HTTP/1.1[0m" 304 -
INFO:werkzeug:127.0.0.1 - - [11/Jan/2024 12:39:31] "[36mGET /static/styles/login.css HTTP/1.1[0m" 304 -
INFO:werkzeug:127.0.0.1 - - [11/Jan/2024 12:39:31] "[36mGET /static/images/zezinho.png HTTP/1.1[0m" 304 -
INFO:werkzeug:127.0.0.1 - - [11/Jan/2024 12:39:33] "[32mPOST /login HTTP/1.1[0m" 302 -
INFO:werkzeug:127.0.0.1 - - [11/Jan/2024 12:39:33] "GET /loginadm HTTP/1.1" 200 -
INFO:werkzeug:127.0.0.1 - - [11/Jan/2024 12:39:33] "[36mGET /static/images/exitbutton.png HTTP/1.1[0m" 304 -
INFO:werkzeug:127.0.0.1 - - [11/Jan/2024 12:39:33] "[36mGET /static/styles/loginadm.css HTTP/1.1[0m" 304 -
INFO:werkzeug:127.0.0.1 - - [11/Jan/2024 12:39:33] "[36mGET /static/images/background-pc.png HTTP/1.1[0m" 304 -
INFO:werkzeug:127.0.0.1 - - [11/Jan/2024 12:39:34] "GET /quantidadeadm HTTP/1.1" 200 -
INFO:werkzeug:127.0.0.1 - - [11/Jan/2024 12:39:34] "[36mGET /static/styles/quantidadeadm.css HTTP/1.1[0m" 304 -
INFO:werkzeug:127.0.0.1 - - [11/Jan/2024 12:39:34] "[36mGET /static/images/exitbutton.png HTTP/1.1[0m" 304 -
WARNING:root:Valor nulo em 'andar', definindo como 0
WARNING:root:Valor nulo ou inválido em 'quantidade'
WARNING:root:Valor nulo em 'andar', definindo como 0
WARNING:root:Valor nulo ou inválido em 'quantidade'
WARNING:root:Valor nulo em 'andar', definindo como 0
WARNING:root:Valor nulo ou inválido em 'quantidade'
ERROR:root:Erro no servidor: No wkhtmltopdf executable found: "b''"
If this file exists please check that this process can read it or you can pass path to it manually in method call, check README. Otherwise please install wkhtmltopdf - https://github.com/JazzCore/python-pdfkit/wiki/Installing-wkhtmltopdf
Traceback (most recent call last):
  File "C:\Users\x16170389\AppData\Local\Programs\Python\Python311\Lib\site-packages\pdfkit\configuration.py", line 35, in __init__
    with open(self.wkhtmltopdf) as f:
         ^^^^^^^^^^^^^^^^^^^^^^
FileNotFoundError: [Errno 2] No such file or directory: b''

During handling of the above exception, another exception occurred:

Traceback (most recent call last):
  File "C:\Users\x16170389\Desktop\papercontrolsystem\app.py", line 588, in quantidadeadm
    pdfkit.from_file(relatorio_html, relatorio_pdf)
  File "C:\Users\x16170389\AppData\Local\Programs\Python\Python311\Lib\site-packages\pdfkit\api.py", line 48, in from_file
    r = PDFKit(input, 'file', options=options, toc=toc, cover=cover, css=css,
        ^^^^^^^^^^^^^^^^^^^^^^^^^^^^^^^^^^^^^^^^^^^^^^^^^^^^^^^^^^^^^^^^^^^^^
  File "C:\Users\x16170389\AppData\Local\Programs\Python\Python311\Lib\site-packages\pdfkit\pdfkit.py", line 45, in __init__
    self.configuration = (Configuration() if configuration is None
                          ^^^^^^^^^^^^^^^
  File "C:\Users\x16170389\AppData\Local\Programs\Python\Python311\Lib\site-packages\pdfkit\configuration.py", line 38, in __init__
    raise IOError('No wkhtmltopdf executable found: "%s"\n'
OSError: No wkhtmltopdf executable found: "b''"
If this file exists please check that this process can read it or you can pass path to it manually in method call, check README. Otherwise please install wkhtmltopdf - https://github.com/JazzCore/python-pdfkit/wiki/Installing-wkhtmltopdf
INFO:werkzeug:127.0.0.1 - - [11/Jan/2024 12:39:38] "[35m[1mPOST /quantidadeadm HTTP/1.1[0m" 500 -
INFO:werkzeug:127.0.0.1 - - [11/Jan/2024 12:39:38] "[36mGET /quantidadeadm?__debugger__=yes&cmd=resource&f=style.css HTTP/1.1[0m" 304 -
INFO:werkzeug:127.0.0.1 - - [11/Jan/2024 12:39:38] "[36mGET /quantidadeadm?__debugger__=yes&cmd=resource&f=debugger.js HTTP/1.1[0m" 304 -
INFO:werkzeug:127.0.0.1 - - [11/Jan/2024 12:39:38] "[36mGET /quantidadeadm?__debugger__=yes&cmd=resource&f=console.png HTTP/1.1[0m" 304 -
INFO:werkzeug:127.0.0.1 - - [11/Jan/2024 12:39:38] "[36mGET /quantidadeadm?__debugger__=yes&cmd=resource&f=console.png HTTP/1.1[0m" 304 -
INFO:werkzeug: * Detected change in 'C:\\Users\\x16170389\\Desktop\\papercontrolsystem\\app.py', reloading
INFO:werkzeug: * Restarting with stat
WARNING:werkzeug: * Debugger is active!
INFO:werkzeug: * Debugger PIN: 110-393-147
INFO:werkzeug:127.0.0.1 - - [11/Jan/2024 12:40:05] "[32mPOST /quantidadeadm HTTP/1.1[0m" 302 -
INFO:werkzeug:127.0.0.1 - - [11/Jan/2024 12:40:05] "GET /login?next=/quantidadeadm HTTP/1.1" 200 -
INFO:werkzeug:127.0.0.1 - - [11/Jan/2024 12:40:05] "[36mGET /static/styles/loading.css HTTP/1.1[0m" 304 -
INFO:werkzeug:127.0.0.1 - - [11/Jan/2024 12:40:05] "[36mGET /static/styles/login.css HTTP/1.1[0m" 304 -
INFO:werkzeug:127.0.0.1 - - [11/Jan/2024 12:40:05] "[36mGET /static/images/zezinho.png HTTP/1.1[0m" 304 -
INFO:werkzeug:127.0.0.1 - - [11/Jan/2024 12:40:07] "[32mPOST /login HTTP/1.1[0m" 302 -
INFO:werkzeug:127.0.0.1 - - [11/Jan/2024 12:40:07] "GET /loginadm HTTP/1.1" 200 -
INFO:werkzeug:127.0.0.1 - - [11/Jan/2024 12:40:07] "[36mGET /static/styles/loginadm.css HTTP/1.1[0m" 304 -
INFO:werkzeug:127.0.0.1 - - [11/Jan/2024 12:40:07] "[36mGET /static/images/exitbutton.png HTTP/1.1[0m" 304 -
INFO:werkzeug:127.0.0.1 - - [11/Jan/2024 12:40:07] "[36mGET /static/images/background-pc.png HTTP/1.1[0m" 304 -
INFO:werkzeug:127.0.0.1 - - [11/Jan/2024 12:40:07] "GET /quantidadeadm HTTP/1.1" 200 -
INFO:werkzeug:127.0.0.1 - - [11/Jan/2024 12:40:08] "[36mGET /static/styles/quantidadeadm.css HTTP/1.1[0m" 304 -
INFO:werkzeug:127.0.0.1 - - [11/Jan/2024 12:40:08] "[36mGET /static/images/exitbutton.png HTTP/1.1[0m" 304 -
INFO:werkzeug:127.0.0.1 - - [11/Jan/2024 12:40:08] "[36mGET /static/images/background-pc.png HTTP/1.1[0m" 304 -
WARNING:root:Valor nulo em 'andar', definindo como 0
WARNING:root:Valor nulo ou inválido em 'quantidade'
WARNING:root:Valor nulo em 'andar', definindo como 0
WARNING:root:Valor nulo ou inválido em 'quantidade'
WARNING:root:Valor nulo em 'andar', definindo como 0
WARNING:root:Valor nulo ou inválido em 'quantidade'
ERROR:root:Erro no servidor: No wkhtmltopdf executable found: "b''"
If this file exists please check that this process can read it or you can pass path to it manually in method call, check README. Otherwise please install wkhtmltopdf - https://github.com/JazzCore/python-pdfkit/wiki/Installing-wkhtmltopdf
Traceback (most recent call last):
  File "C:\Users\x16170389\AppData\Local\Programs\Python\Python311\Lib\site-packages\pdfkit\configuration.py", line 35, in __init__
    with open(self.wkhtmltopdf) as f:
         ^^^^^^^^^^^^^^^^^^^^^^
FileNotFoundError: [Errno 2] No such file or directory: b''

During handling of the above exception, another exception occurred:

Traceback (most recent call last):
  File "C:\Users\x16170389\Desktop\papercontrolsystem\app.py", line 588, in quantidadeadm
    pdfkit.from_file(relatorio_html, relatorio_pdf)
  File "C:\Users\x16170389\AppData\Local\Programs\Python\Python311\Lib\site-packages\pdfkit\api.py", line 48, in from_file
    r = PDFKit(input, 'file', options=options, toc=toc, cover=cover, css=css,
        ^^^^^^^^^^^^^^^^^^^^^^^^^^^^^^^^^^^^^^^^^^^^^^^^^^^^^^^^^^^^^^^^^^^^^
  File "C:\Users\x16170389\AppData\Local\Programs\Python\Python311\Lib\site-packages\pdfkit\pdfkit.py", line 45, in __init__
    self.configuration = (Configuration() if configuration is None
                          ^^^^^^^^^^^^^^^
  File "C:\Users\x16170389\AppData\Local\Programs\Python\Python311\Lib\site-packages\pdfkit\configuration.py", line 38, in __init__
    raise IOError('No wkhtmltopdf executable found: "%s"\n'
OSError: No wkhtmltopdf executable found: "b''"
If this file exists please check that this process can read it or you can pass path to it manually in method call, check README. Otherwise please install wkhtmltopdf - https://github.com/JazzCore/python-pdfkit/wiki/Installing-wkhtmltopdf
INFO:werkzeug:127.0.0.1 - - [11/Jan/2024 12:40:11] "[35m[1mPOST /quantidadeadm HTTP/1.1[0m" 500 -
INFO:werkzeug:127.0.0.1 - - [11/Jan/2024 12:40:11] "[36mGET /quantidadeadm?__debugger__=yes&cmd=resource&f=style.css HTTP/1.1[0m" 304 -
INFO:werkzeug:127.0.0.1 - - [11/Jan/2024 12:40:11] "[36mGET /quantidadeadm?__debugger__=yes&cmd=resource&f=debugger.js HTTP/1.1[0m" 304 -
INFO:werkzeug:127.0.0.1 - - [11/Jan/2024 12:40:11] "[36mGET /quantidadeadm?__debugger__=yes&cmd=resource&f=console.png HTTP/1.1[0m" 304 -
INFO:werkzeug:127.0.0.1 - - [11/Jan/2024 12:40:11] "[36mGET /quantidadeadm?__debugger__=yes&cmd=resource&f=console.png HTTP/1.1[0m" 304 -
INFO:werkzeug: * Detected change in 'C:\\Users\\x16170389\\Desktop\\papercontrolsystem\\app.py', reloading
INFO:werkzeug: * Restarting with stat
WARNING:werkzeug: * Debugger is active!
INFO:werkzeug: * Debugger PIN: 110-393-147
INFO:werkzeug:127.0.0.1 - - [11/Jan/2024 12:41:25] "[32mPOST /quantidadeadm HTTP/1.1[0m" 302 -
INFO:werkzeug:127.0.0.1 - - [11/Jan/2024 12:41:25] "GET /login?next=/quantidadeadm HTTP/1.1" 200 -
INFO:werkzeug:127.0.0.1 - - [11/Jan/2024 12:41:25] "[36mGET /static/styles/loading.css HTTP/1.1[0m" 304 -
INFO:werkzeug:127.0.0.1 - - [11/Jan/2024 12:41:25] "[36mGET /static/styles/login.css HTTP/1.1[0m" 304 -
INFO:werkzeug:127.0.0.1 - - [11/Jan/2024 12:41:25] "[36mGET /static/images/zezinho.png HTTP/1.1[0m" 304 -
INFO:werkzeug:127.0.0.1 - - [11/Jan/2024 12:41:38] "[32mPOST /login HTTP/1.1[0m" 302 -
INFO:werkzeug:127.0.0.1 - - [11/Jan/2024 12:41:38] "GET /loginadm HTTP/1.1" 200 -
INFO:werkzeug:127.0.0.1 - - [11/Jan/2024 12:41:38] "[36mGET /static/styles/loginadm.css HTTP/1.1[0m" 304 -
INFO:werkzeug:127.0.0.1 - - [11/Jan/2024 12:41:38] "[36mGET /static/images/exitbutton.png HTTP/1.1[0m" 304 -
INFO:werkzeug:127.0.0.1 - - [11/Jan/2024 12:41:38] "[36mGET /static/images/background-pc.png HTTP/1.1[0m" 304 -
INFO:werkzeug:127.0.0.1 - - [11/Jan/2024 12:41:39] "GET /quantidadeadm HTTP/1.1" 200 -
INFO:werkzeug:127.0.0.1 - - [11/Jan/2024 12:41:39] "[36mGET /static/styles/quantidadeadm.css HTTP/1.1[0m" 304 -
INFO:werkzeug:127.0.0.1 - - [11/Jan/2024 12:41:39] "[36mGET /static/images/exitbutton.png HTTP/1.1[0m" 304 -
INFO:werkzeug:127.0.0.1 - - [11/Jan/2024 12:41:39] "[36mGET /static/images/background-pc.png HTTP/1.1[0m" 304 -
WARNING:root:Valor nulo em 'andar', definindo como 0
WARNING:root:Valor nulo ou inválido em 'quantidade'
WARNING:root:Valor nulo em 'andar', definindo como 0
WARNING:root:Valor nulo ou inválido em 'quantidade'
WARNING:root:Valor nulo em 'andar', definindo como 0
WARNING:root:Valor nulo ou inválido em 'quantidade'
ERROR:root:Erro no servidor: No wkhtmltopdf executable found: "b''"
If this file exists please check that this process can read it or you can pass path to it manually in method call, check README. Otherwise please install wkhtmltopdf - https://github.com/JazzCore/python-pdfkit/wiki/Installing-wkhtmltopdf
Traceback (most recent call last):
  File "C:\Users\x16170389\AppData\Local\Programs\Python\Python311\Lib\site-packages\pdfkit\configuration.py", line 35, in __init__
    with open(self.wkhtmltopdf) as f:
         ^^^^^^^^^^^^^^^^^^^^^^
FileNotFoundError: [Errno 2] No such file or directory: b''

During handling of the above exception, another exception occurred:

Traceback (most recent call last):
  File "C:\Users\x16170389\Desktop\papercontrolsystem\app.py", line 588, in quantidadeadm
    pdfkit.from_file(relatorio_html, relatorio_pdf)
  File "C:\Users\x16170389\AppData\Local\Programs\Python\Python311\Lib\site-packages\pdfkit\api.py", line 48, in from_file
    r = PDFKit(input, 'file', options=options, toc=toc, cover=cover, css=css,
        ^^^^^^^^^^^^^^^^^^^^^^^^^^^^^^^^^^^^^^^^^^^^^^^^^^^^^^^^^^^^^^^^^^^^^
  File "C:\Users\x16170389\AppData\Local\Programs\Python\Python311\Lib\site-packages\pdfkit\pdfkit.py", line 45, in __init__
    self.configuration = (Configuration() if configuration is None
                          ^^^^^^^^^^^^^^^
  File "C:\Users\x16170389\AppData\Local\Programs\Python\Python311\Lib\site-packages\pdfkit\configuration.py", line 38, in __init__
    raise IOError('No wkhtmltopdf executable found: "%s"\n'
OSError: No wkhtmltopdf executable found: "b''"
If this file exists please check that this process can read it or you can pass path to it manually in method call, check README. Otherwise please install wkhtmltopdf - https://github.com/JazzCore/python-pdfkit/wiki/Installing-wkhtmltopdf
INFO:werkzeug:127.0.0.1 - - [11/Jan/2024 12:41:44] "POST /quantidadeadm HTTP/1.1" 200 -
INFO:werkzeug:127.0.0.1 - - [11/Jan/2024 12:41:44] "[36mGET /static/styles/quantidadeadm.css HTTP/1.1[0m" 304 -
INFO:werkzeug:127.0.0.1 - - [11/Jan/2024 12:41:44] "[36mGET /static/images/exitbutton.png HTTP/1.1[0m" 304 -
WARNING:root:Valor nulo em 'andar', definindo como 0
WARNING:root:Valor nulo ou inválido em 'quantidade'
WARNING:root:Valor nulo em 'andar', definindo como 0
WARNING:root:Valor nulo ou inválido em 'quantidade'
WARNING:root:Valor nulo em 'andar', definindo como 0
WARNING:root:Valor nulo ou inválido em 'quantidade'
ERROR:root:Erro no servidor: No wkhtmltopdf executable found: "b''"
If this file exists please check that this process can read it or you can pass path to it manually in method call, check README. Otherwise please install wkhtmltopdf - https://github.com/JazzCore/python-pdfkit/wiki/Installing-wkhtmltopdf
Traceback (most recent call last):
  File "C:\Users\x16170389\AppData\Local\Programs\Python\Python311\Lib\site-packages\pdfkit\configuration.py", line 35, in __init__
    with open(self.wkhtmltopdf) as f:
         ^^^^^^^^^^^^^^^^^^^^^^
FileNotFoundError: [Errno 2] No such file or directory: b''

During handling of the above exception, another exception occurred:

Traceback (most recent call last):
  File "C:\Users\x16170389\Desktop\papercontrolsystem\app.py", line 588, in quantidadeadm
    pdfkit.from_file(relatorio_html, relatorio_pdf)
  File "C:\Users\x16170389\AppData\Local\Programs\Python\Python311\Lib\site-packages\pdfkit\api.py", line 48, in from_file
    r = PDFKit(input, 'file', options=options, toc=toc, cover=cover, css=css,
        ^^^^^^^^^^^^^^^^^^^^^^^^^^^^^^^^^^^^^^^^^^^^^^^^^^^^^^^^^^^^^^^^^^^^^
  File "C:\Users\x16170389\AppData\Local\Programs\Python\Python311\Lib\site-packages\pdfkit\pdfkit.py", line 45, in __init__
    self.configuration = (Configuration() if configuration is None
                          ^^^^^^^^^^^^^^^
  File "C:\Users\x16170389\AppData\Local\Programs\Python\Python311\Lib\site-packages\pdfkit\configuration.py", line 38, in __init__
    raise IOError('No wkhtmltopdf executable found: "%s"\n'
OSError: No wkhtmltopdf executable found: "b''"
If this file exists please check that this process can read it or you can pass path to it manually in method call, check README. Otherwise please install wkhtmltopdf - https://github.com/JazzCore/python-pdfkit/wiki/Installing-wkhtmltopdf
INFO:werkzeug:127.0.0.1 - - [11/Jan/2024 12:41:51] "POST /quantidadeadm HTTP/1.1" 200 -
INFO:werkzeug:127.0.0.1 - - [11/Jan/2024 12:41:51] "[36mGET /static/styles/quantidadeadm.css HTTP/1.1[0m" 304 -
INFO:werkzeug:127.0.0.1 - - [11/Jan/2024 12:41:51] "[36mGET /static/images/exitbutton.png HTTP/1.1[0m" 304 -
INFO:werkzeug: * Detected change in 'C:\\Users\\x16170389\\Desktop\\papercontrolsystem\\app.py', reloading
INFO:werkzeug: * Restarting with stat
WARNING:werkzeug: * Debugger is active!
INFO:werkzeug: * Debugger PIN: 110-393-147
INFO:werkzeug: * Detected change in 'C:\\Users\\x16170389\\Desktop\\papercontrolsystem\\app.py', reloading
INFO:werkzeug: * Restarting with stat
WARNING:werkzeug: * Debugger is active!
INFO:werkzeug: * Debugger PIN: 110-393-147
INFO:werkzeug:127.0.0.1 - - [11/Jan/2024 12:50:33] "[32mPOST /quantidadeadm HTTP/1.1[0m" 302 -
INFO:werkzeug:127.0.0.1 - - [11/Jan/2024 12:50:33] "GET /login?next=/quantidadeadm HTTP/1.1" 200 -
INFO:werkzeug:127.0.0.1 - - [11/Jan/2024 12:50:33] "[36mGET /static/styles/login.css HTTP/1.1[0m" 304 -
INFO:werkzeug:127.0.0.1 - - [11/Jan/2024 12:50:33] "[36mGET /static/styles/loading.css HTTP/1.1[0m" 304 -
INFO:werkzeug:127.0.0.1 - - [11/Jan/2024 12:50:33] "[36mGET /static/images/zezinho.png HTTP/1.1[0m" 304 -
INFO:werkzeug:127.0.0.1 - - [11/Jan/2024 12:50:35] "[32mPOST /login HTTP/1.1[0m" 302 -
INFO:werkzeug:127.0.0.1 - - [11/Jan/2024 12:50:35] "GET /loginadm HTTP/1.1" 200 -
INFO:werkzeug:127.0.0.1 - - [11/Jan/2024 12:50:35] "[36mGET /static/styles/loginadm.css HTTP/1.1[0m" 304 -
INFO:werkzeug:127.0.0.1 - - [11/Jan/2024 12:50:35] "[36mGET /static/images/exitbutton.png HTTP/1.1[0m" 304 -
INFO:werkzeug:127.0.0.1 - - [11/Jan/2024 12:50:35] "[36mGET /static/images/background-pc.png HTTP/1.1[0m" 304 -
INFO:werkzeug:127.0.0.1 - - [11/Jan/2024 12:50:36] "GET /quantidadeadm HTTP/1.1" 200 -
INFO:werkzeug:127.0.0.1 - - [11/Jan/2024 12:50:36] "[36mGET /static/styles/quantidadeadm.css HTTP/1.1[0m" 304 -
INFO:werkzeug:127.0.0.1 - - [11/Jan/2024 12:50:36] "[36mGET /static/images/exitbutton.png HTTP/1.1[0m" 304 -
INFO:werkzeug:127.0.0.1 - - [11/Jan/2024 12:50:36] "[36mGET /static/images/background-pc.png HTTP/1.1[0m" 304 -
WARNING:root:Valor nulo em 'andar', definindo como 0
WARNING:root:Valor nulo ou inválido em 'quantidade'
WARNING:root:Valor nulo em 'andar', definindo como 0
WARNING:root:Valor nulo ou inválido em 'quantidade'
WARNING:root:Valor nulo em 'andar', definindo como 0
WARNING:root:Valor nulo ou inválido em 'quantidade'
ERROR:root:Erro no servidor: relatorio_template.html
Traceback (most recent call last):
  File "C:\Users\x16170389\Desktop\papercontrolsystem\app.py", line 588, in quantidadeadm
    relatorio_pdf(string=render_template('relatorio_template.html', data=resultado_df.to_dict(
                         ^^^^^^^^^^^^^^^^^^^^^^^^^^^^^^^^^^^^^^^^^^^^^^^^^^^^^^^^^^^^^^^^^^^^^
  File "C:\Users\x16170389\AppData\Local\Programs\Python\Python311\Lib\site-packages\flask\templating.py", line 151, in render_template
    template = app.jinja_env.get_or_select_template(template_name_or_list)
               ^^^^^^^^^^^^^^^^^^^^^^^^^^^^^^^^^^^^^^^^^^^^^^^^^^^^^^^^^^^
  File "C:\Users\x16170389\AppData\Local\Programs\Python\Python311\Lib\site-packages\jinja2\environment.py", line 1081, in get_or_select_template
    return self.get_template(template_name_or_list, parent, globals)
           ^^^^^^^^^^^^^^^^^^^^^^^^^^^^^^^^^^^^^^^^^^^^^^^^^^^^^^^^^
  File "C:\Users\x16170389\AppData\Local\Programs\Python\Python311\Lib\site-packages\jinja2\environment.py", line 1010, in get_template
    return self._load_template(name, globals)
           ^^^^^^^^^^^^^^^^^^^^^^^^^^^^^^^^^^
  File "C:\Users\x16170389\AppData\Local\Programs\Python\Python311\Lib\site-packages\jinja2\environment.py", line 969, in _load_template
    template = self.loader.load(self, name, self.make_globals(globals))
               ^^^^^^^^^^^^^^^^^^^^^^^^^^^^^^^^^^^^^^^^^^^^^^^^^^^^^^^^
  File "C:\Users\x16170389\AppData\Local\Programs\Python\Python311\Lib\site-packages\jinja2\loaders.py", line 126, in load
    source, filename, uptodate = self.get_source(environment, name)
                                 ^^^^^^^^^^^^^^^^^^^^^^^^^^^^^^^^^^
  File "C:\Users\x16170389\AppData\Local\Programs\Python\Python311\Lib\site-packages\flask\templating.py", line 65, in get_source
    return self._get_source_fast(environment, template)
           ^^^^^^^^^^^^^^^^^^^^^^^^^^^^^^^^^^^^^^^^^^^^
  File "C:\Users\x16170389\AppData\Local\Programs\Python\Python311\Lib\site-packages\flask\templating.py", line 99, in _get_source_fast
    raise TemplateNotFound(template)
jinja2.exceptions.TemplateNotFound: relatorio_template.html
INFO:werkzeug:127.0.0.1 - - [11/Jan/2024 12:50:39] "POST /quantidadeadm HTTP/1.1" 200 -
INFO:werkzeug:127.0.0.1 - - [11/Jan/2024 12:50:39] "[36mGET /static/styles/quantidadeadm.css HTTP/1.1[0m" 304 -
INFO:werkzeug:127.0.0.1 - - [11/Jan/2024 12:50:39] "[36mGET /static/images/exitbutton.png HTTP/1.1[0m" 304 -
INFO:werkzeug: * Detected change in 'C:\\Users\\x16170389\\Desktop\\papercontrolsystem\\app.py', reloading
INFO:werkzeug: * Restarting with stat
WARNING:werkzeug: * Debugger is active!
INFO:werkzeug: * Debugger PIN: 110-393-147
INFO:werkzeug:127.0.0.1 - - [11/Jan/2024 12:52:48] "[32mPOST /quantidadeadm HTTP/1.1[0m" 302 -
INFO:werkzeug:127.0.0.1 - - [11/Jan/2024 12:52:48] "GET /login?next=/quantidadeadm HTTP/1.1" 200 -
INFO:werkzeug:127.0.0.1 - - [11/Jan/2024 12:52:48] "[36mGET /static/styles/login.css HTTP/1.1[0m" 304 -
INFO:werkzeug:127.0.0.1 - - [11/Jan/2024 12:52:48] "[36mGET /static/styles/loading.css HTTP/1.1[0m" 304 -
INFO:werkzeug:127.0.0.1 - - [11/Jan/2024 12:52:48] "[36mGET /static/images/zezinho.png HTTP/1.1[0m" 304 -
INFO:werkzeug:127.0.0.1 - - [11/Jan/2024 12:52:49] "[32mPOST /login HTTP/1.1[0m" 302 -
INFO:werkzeug:127.0.0.1 - - [11/Jan/2024 12:52:49] "GET /loginadm HTTP/1.1" 200 -
INFO:werkzeug:127.0.0.1 - - [11/Jan/2024 12:52:49] "[36mGET /static/styles/loginadm.css HTTP/1.1[0m" 304 -
INFO:werkzeug:127.0.0.1 - - [11/Jan/2024 12:52:49] "[36mGET /static/images/exitbutton.png HTTP/1.1[0m" 304 -
INFO:werkzeug:127.0.0.1 - - [11/Jan/2024 12:52:50] "[36mGET /static/images/background-pc.png HTTP/1.1[0m" 304 -
INFO:werkzeug:127.0.0.1 - - [11/Jan/2024 12:52:51] "GET /quantidadeadm HTTP/1.1" 200 -
INFO:werkzeug:127.0.0.1 - - [11/Jan/2024 12:52:51] "[36mGET /static/styles/quantidadeadm.css HTTP/1.1[0m" 304 -
INFO:werkzeug:127.0.0.1 - - [11/Jan/2024 12:52:51] "[36mGET /static/images/exitbutton.png HTTP/1.1[0m" 304 -
WARNING:root:Valor nulo em 'andar', definindo como 0
WARNING:root:Valor nulo ou inválido em 'quantidade'
WARNING:root:Valor nulo em 'andar', definindo como 0
WARNING:root:Valor nulo ou inválido em 'quantidade'
WARNING:root:Valor nulo em 'andar', definindo como 0
WARNING:root:Valor nulo ou inválido em 'quantidade'
INFO:werkzeug:127.0.0.1 - - [11/Jan/2024 12:52:54] "POST /quantidadeadm HTTP/1.1" 200 -
INFO:werkzeug: * Detected change in 'C:\\Users\\x16170389\\Desktop\\papercontrolsystem\\app.py', reloading
INFO:werkzeug: * Restarting with stat
WARNING:werkzeug: * Debugger is active!
INFO:werkzeug: * Debugger PIN: 110-393-147
INFO:werkzeug:127.0.0.1 - - [11/Jan/2024 12:54:26] "[32mGET /quantidadeadm HTTP/1.1[0m" 302 -
INFO:werkzeug:127.0.0.1 - - [11/Jan/2024 12:54:26] "GET /login?next=/quantidadeadm HTTP/1.1" 200 -
INFO:werkzeug:127.0.0.1 - - [11/Jan/2024 12:54:26] "[36mGET /static/styles/login.css HTTP/1.1[0m" 304 -
INFO:werkzeug:127.0.0.1 - - [11/Jan/2024 12:54:26] "[36mGET /static/styles/loading.css HTTP/1.1[0m" 304 -
INFO:werkzeug:127.0.0.1 - - [11/Jan/2024 12:54:26] "[36mGET /static/images/zezinho.png HTTP/1.1[0m" 304 -
INFO:werkzeug:127.0.0.1 - - [11/Jan/2024 12:54:28] "[32mPOST /login HTTP/1.1[0m" 302 -
INFO:werkzeug:127.0.0.1 - - [11/Jan/2024 12:54:28] "GET /loginadm HTTP/1.1" 200 -
INFO:werkzeug:127.0.0.1 - - [11/Jan/2024 12:54:28] "[36mGET /static/styles/loginadm.css HTTP/1.1[0m" 304 -
INFO:werkzeug:127.0.0.1 - - [11/Jan/2024 12:54:28] "[36mGET /static/images/exitbutton.png HTTP/1.1[0m" 304 -
INFO:werkzeug:127.0.0.1 - - [11/Jan/2024 12:54:28] "[36mGET /static/images/background-pc.png HTTP/1.1[0m" 304 -
INFO:werkzeug:127.0.0.1 - - [11/Jan/2024 12:54:29] "GET /quantidadeadm HTTP/1.1" 200 -
INFO:werkzeug:127.0.0.1 - - [11/Jan/2024 12:54:29] "[36mGET /static/styles/quantidadeadm.css HTTP/1.1[0m" 304 -
INFO:werkzeug:127.0.0.1 - - [11/Jan/2024 12:54:29] "[36mGET /static/images/exitbutton.png HTTP/1.1[0m" 304 -
WARNING:root:Valor nulo em 'andar', definindo como 0
WARNING:root:Valor nulo ou inválido em 'quantidade'
WARNING:root:Valor nulo em 'andar', definindo como 0
WARNING:root:Valor nulo ou inválido em 'quantidade'
WARNING:root:Valor nulo em 'andar', definindo como 0
WARNING:root:Valor nulo ou inválido em 'quantidade'
INFO:werkzeug:127.0.0.1 - - [11/Jan/2024 12:54:32] "POST /quantidadeadm HTTP/1.1" 200 -
INFO:werkzeug: * Detected change in 'C:\\Users\\x16170389\\Desktop\\papercontrolsystem\\app.py', reloading
INFO:werkzeug: * Restarting with stat
WARNING:werkzeug: * Debugger is active!
INFO:werkzeug: * Debugger PIN: 110-393-147
INFO:werkzeug:127.0.0.1 - - [11/Jan/2024 12:56:26] "[32mGET /quantidadeadm HTTP/1.1[0m" 302 -
INFO:werkzeug:127.0.0.1 - - [11/Jan/2024 12:56:26] "GET /login?next=/quantidadeadm HTTP/1.1" 200 -
INFO:werkzeug:127.0.0.1 - - [11/Jan/2024 12:56:26] "[36mGET /static/styles/loading.css HTTP/1.1[0m" 304 -
INFO:werkzeug:127.0.0.1 - - [11/Jan/2024 12:56:26] "[36mGET /static/styles/login.css HTTP/1.1[0m" 304 -
INFO:werkzeug:127.0.0.1 - - [11/Jan/2024 12:56:26] "[36mGET /static/images/zezinho.png HTTP/1.1[0m" 304 -
INFO:werkzeug:127.0.0.1 - - [11/Jan/2024 12:56:30] "[32mPOST /login HTTP/1.1[0m" 302 -
INFO:werkzeug:127.0.0.1 - - [11/Jan/2024 12:56:30] "GET /loginadm HTTP/1.1" 200 -
INFO:werkzeug:127.0.0.1 - - [11/Jan/2024 12:56:30] "[36mGET /static/styles/loginadm.css HTTP/1.1[0m" 304 -
INFO:werkzeug:127.0.0.1 - - [11/Jan/2024 12:56:30] "[36mGET /static/images/exitbutton.png HTTP/1.1[0m" 304 -
INFO:werkzeug:127.0.0.1 - - [11/Jan/2024 12:56:30] "[36mGET /static/images/background-pc.png HTTP/1.1[0m" 304 -
INFO:werkzeug:127.0.0.1 - - [11/Jan/2024 12:56:45] "GET /quantidadeadm HTTP/1.1" 200 -
INFO:werkzeug:127.0.0.1 - - [11/Jan/2024 12:56:45] "[36mGET /static/styles/quantidadeadm.css HTTP/1.1[0m" 304 -
INFO:werkzeug:127.0.0.1 - - [11/Jan/2024 12:56:45] "[36mGET /static/images/exitbutton.png HTTP/1.1[0m" 304 -
WARNING:root:Valor nulo em 'andar', definindo como 0
WARNING:root:Valor nulo ou inválido em 'quantidade'
WARNING:root:Valor nulo em 'andar', definindo como 0
WARNING:root:Valor nulo ou inválido em 'quantidade'
WARNING:root:Valor nulo em 'andar', definindo como 0
WARNING:root:Valor nulo ou inválido em 'quantidade'
ERROR:root:Erro no servidor: No wkhtmltopdf executable found: "b''"
If this file exists please check that this process can read it or you can pass path to it manually in method call, check README. Otherwise please install wkhtmltopdf - https://github.com/JazzCore/python-pdfkit/wiki/Installing-wkhtmltopdf
Traceback (most recent call last):
  File "C:\Users\x16170389\AppData\Local\Programs\Python\Python311\Lib\site-packages\pdfkit\configuration.py", line 35, in __init__
    with open(self.wkhtmltopdf) as f:
         ^^^^^^^^^^^^^^^^^^^^^^
FileNotFoundError: [Errno 2] No such file or directory: b''

During handling of the above exception, another exception occurred:

Traceback (most recent call last):
  File "C:\Users\x16170389\Desktop\papercontrolsystem\app.py", line 588, in quantidadeadm
    pdfkit.from_file(relatorio_html, relatorio_pdf)
  File "C:\Users\x16170389\AppData\Local\Programs\Python\Python311\Lib\site-packages\pdfkit\api.py", line 48, in from_file
    r = PDFKit(input, 'file', options=options, toc=toc, cover=cover, css=css,
        ^^^^^^^^^^^^^^^^^^^^^^^^^^^^^^^^^^^^^^^^^^^^^^^^^^^^^^^^^^^^^^^^^^^^^
  File "C:\Users\x16170389\AppData\Local\Programs\Python\Python311\Lib\site-packages\pdfkit\pdfkit.py", line 45, in __init__
    self.configuration = (Configuration() if configuration is None
                          ^^^^^^^^^^^^^^^
  File "C:\Users\x16170389\AppData\Local\Programs\Python\Python311\Lib\site-packages\pdfkit\configuration.py", line 38, in __init__
    raise IOError('No wkhtmltopdf executable found: "%s"\n'
OSError: No wkhtmltopdf executable found: "b''"
If this file exists please check that this process can read it or you can pass path to it manually in method call, check README. Otherwise please install wkhtmltopdf - https://github.com/JazzCore/python-pdfkit/wiki/Installing-wkhtmltopdf
INFO:werkzeug:127.0.0.1 - - [11/Jan/2024 12:56:49] "POST /quantidadeadm HTTP/1.1" 200 -
INFO:werkzeug:127.0.0.1 - - [11/Jan/2024 12:56:49] "[36mGET /static/styles/quantidadeadm.css HTTP/1.1[0m" 304 -
INFO:werkzeug:127.0.0.1 - - [11/Jan/2024 12:56:50] "[36mGET /static/images/exitbutton.png HTTP/1.1[0m" 304 -
INFO:werkzeug: * Detected change in 'C:\\Users\\x16170389\\Desktop\\papercontrolsystem\\app.py', reloading
INFO:werkzeug: * Restarting with stat
WARNING:werkzeug: * Debugger is active!
INFO:werkzeug: * Debugger PIN: 110-393-147
INFO:werkzeug:127.0.0.1 - - [11/Jan/2024 13:05:34] "[32mPOST /quantidadeadm HTTP/1.1[0m" 302 -
INFO:werkzeug:127.0.0.1 - - [11/Jan/2024 13:05:34] "GET /login?next=/quantidadeadm HTTP/1.1" 200 -
INFO:werkzeug:127.0.0.1 - - [11/Jan/2024 13:05:34] "[36mGET /static/styles/loading.css HTTP/1.1[0m" 304 -
INFO:werkzeug:127.0.0.1 - - [11/Jan/2024 13:05:34] "[36mGET /static/styles/login.css HTTP/1.1[0m" 304 -
INFO:werkzeug:127.0.0.1 - - [11/Jan/2024 13:05:34] "[36mGET /static/images/zezinho.png HTTP/1.1[0m" 304 -
INFO:werkzeug:127.0.0.1 - - [11/Jan/2024 13:05:35] "[32mPOST /login HTTP/1.1[0m" 302 -
INFO:werkzeug:127.0.0.1 - - [11/Jan/2024 13:05:35] "GET /loginadm HTTP/1.1" 200 -
INFO:werkzeug:127.0.0.1 - - [11/Jan/2024 13:05:35] "[36mGET /static/styles/loginadm.css HTTP/1.1[0m" 304 -
INFO:werkzeug:127.0.0.1 - - [11/Jan/2024 13:05:35] "[36mGET /static/images/exitbutton.png HTTP/1.1[0m" 304 -
INFO:werkzeug:127.0.0.1 - - [11/Jan/2024 13:05:35] "[36mGET /static/images/background-pc.png HTTP/1.1[0m" 304 -
INFO:werkzeug:127.0.0.1 - - [11/Jan/2024 13:05:36] "GET /quantidadeadm HTTP/1.1" 200 -
INFO:werkzeug:127.0.0.1 - - [11/Jan/2024 13:05:36] "[36mGET /static/styles/quantidadeadm.css HTTP/1.1[0m" 304 -
INFO:werkzeug:127.0.0.1 - - [11/Jan/2024 13:05:36] "[36mGET /static/images/exitbutton.png HTTP/1.1[0m" 304 -
INFO:werkzeug:127.0.0.1 - - [11/Jan/2024 13:05:37] "[36mGET /static/images/background-pc.png HTTP/1.1[0m" 304 -
WARNING:root:Valor nulo em 'andar', definindo como 0
WARNING:root:Valor nulo ou inválido em 'quantidade'
WARNING:root:Valor nulo em 'andar', definindo como 0
WARNING:root:Valor nulo ou inválido em 'quantidade'
WARNING:root:Valor nulo em 'andar', definindo como 0
WARNING:root:Valor nulo ou inválido em 'quantidade'
ERROR:root:Erro no servidor: 'OpenpyxlWriter' object has no attribute 'load_workbook'
Traceback (most recent call last):
  File "C:\Users\x16170389\Desktop\papercontrolsystem\app.py", line 590, in quantidadeadm
    workbook.book = workbook.load_workbook(relatorio_xlsx)
                    ^^^^^^^^^^^^^^^^^^^^^^
AttributeError: 'OpenpyxlWriter' object has no attribute 'load_workbook'
INFO:werkzeug:127.0.0.1 - - [11/Jan/2024 13:05:41] "POST /quantidadeadm HTTP/1.1" 200 -
INFO:werkzeug:127.0.0.1 - - [11/Jan/2024 13:05:41] "[36mGET /static/styles/quantidadeadm.css HTTP/1.1[0m" 304 -
INFO:werkzeug:127.0.0.1 - - [11/Jan/2024 13:05:41] "[36mGET /static/images/exitbutton.png HTTP/1.1[0m" 304 -
INFO:werkzeug: * Detected change in 'C:\\Users\\x16170389\\Desktop\\papercontrolsystem\\app.py', reloading
INFO:werkzeug: * Restarting with stat
WARNING:werkzeug: * Debugger is active!
INFO:werkzeug: * Debugger PIN: 110-393-147
INFO:werkzeug:127.0.0.1 - - [11/Jan/2024 13:07:29] "[32mPOST /quantidadeadm HTTP/1.1[0m" 302 -
INFO:werkzeug:127.0.0.1 - - [11/Jan/2024 13:07:29] "GET /login?next=/quantidadeadm HTTP/1.1" 200 -
INFO:werkzeug:127.0.0.1 - - [11/Jan/2024 13:07:29] "[36mGET /static/styles/loading.css HTTP/1.1[0m" 304 -
INFO:werkzeug:127.0.0.1 - - [11/Jan/2024 13:07:29] "[36mGET /static/styles/login.css HTTP/1.1[0m" 304 -
INFO:werkzeug:127.0.0.1 - - [11/Jan/2024 13:07:29] "[36mGET /static/images/zezinho.png HTTP/1.1[0m" 304 -
INFO:werkzeug:127.0.0.1 - - [11/Jan/2024 13:07:30] "[32mPOST /login HTTP/1.1[0m" 302 -
INFO:werkzeug:127.0.0.1 - - [11/Jan/2024 13:07:30] "GET /loginadm HTTP/1.1" 200 -
INFO:werkzeug:127.0.0.1 - - [11/Jan/2024 13:07:30] "[36mGET /static/styles/loginadm.css HTTP/1.1[0m" 304 -
INFO:werkzeug:127.0.0.1 - - [11/Jan/2024 13:07:30] "[36mGET /static/images/exitbutton.png HTTP/1.1[0m" 304 -
INFO:werkzeug:127.0.0.1 - - [11/Jan/2024 13:07:30] "[36mGET /static/images/background-pc.png HTTP/1.1[0m" 304 -
INFO:werkzeug:127.0.0.1 - - [11/Jan/2024 13:07:31] "GET /quantidadeadm HTTP/1.1" 200 -
INFO:werkzeug:127.0.0.1 - - [11/Jan/2024 13:07:31] "[36mGET /static/styles/quantidadeadm.css HTTP/1.1[0m" 304 -
INFO:werkzeug:127.0.0.1 - - [11/Jan/2024 13:07:31] "[36mGET /static/images/exitbutton.png HTTP/1.1[0m" 304 -
WARNING:root:Valor nulo em 'andar', definindo como 0
WARNING:root:Valor nulo ou inválido em 'quantidade'
WARNING:root:Valor nulo em 'andar', definindo como 0
WARNING:root:Valor nulo ou inválido em 'quantidade'
WARNING:root:Valor nulo em 'andar', definindo como 0
WARNING:root:Valor nulo ou inválido em 'quantidade'
INFO:werkzeug:127.0.0.1 - - [11/Jan/2024 13:07:34] "POST /quantidadeadm HTTP/1.1" 200 -
INFO:werkzeug:127.0.0.1 - - [11/Jan/2024 13:08:41] "GET /loginadm HTTP/1.1" 200 -
INFO:werkzeug:127.0.0.1 - - [11/Jan/2024 13:08:41] "[36mGET /static/styles/loginadm.css HTTP/1.1[0m" 304 -
INFO:werkzeug:127.0.0.1 - - [11/Jan/2024 13:08:41] "[36mGET /static/images/exitbutton.png HTTP/1.1[0m" 304 -
INFO:werkzeug:127.0.0.1 - - [11/Jan/2024 13:08:41] "[36mGET /static/images/background-pc.png HTTP/1.1[0m" 304 -
INFO:werkzeug:127.0.0.1 - - [11/Jan/2024 13:08:51] "GET /login HTTP/1.1" 200 -
INFO:werkzeug:127.0.0.1 - - [11/Jan/2024 13:08:51] "[36mGET /static/styles/loading.css HTTP/1.1[0m" 304 -
INFO:werkzeug:127.0.0.1 - - [11/Jan/2024 13:08:51] "[36mGET /static/styles/login.css HTTP/1.1[0m" 304 -
INFO:werkzeug:127.0.0.1 - - [11/Jan/2024 13:08:51] "[36mGET /static/images/zezinho.png HTTP/1.1[0m" 304 -
INFO:werkzeug:127.0.0.1 - - [11/Jan/2024 13:09:58] "[32mPOST /login HTTP/1.1[0m" 302 -
INFO:werkzeug:127.0.0.1 - - [11/Jan/2024 13:09:58] "GET /loginadm HTTP/1.1" 200 -
INFO:werkzeug:127.0.0.1 - - [11/Jan/2024 13:09:58] "[36mGET /static/styles/loginadm.css HTTP/1.1[0m" 304 -
INFO:werkzeug:127.0.0.1 - - [11/Jan/2024 13:09:58] "[36mGET /static/images/exitbutton.png HTTP/1.1[0m" 304 -
INFO:werkzeug:127.0.0.1 - - [11/Jan/2024 13:09:58] "[36mGET /static/images/background-pc.png HTTP/1.1[0m" 304 -
INFO:werkzeug:127.0.0.1 - - [11/Jan/2024 13:10:09] "GET /login HTTP/1.1" 200 -
INFO:werkzeug:127.0.0.1 - - [11/Jan/2024 13:10:09] "[36mGET /static/styles/loading.css HTTP/1.1[0m" 304 -
INFO:werkzeug:127.0.0.1 - - [11/Jan/2024 13:10:09] "[36mGET /static/styles/login.css HTTP/1.1[0m" 304 -
INFO:werkzeug:127.0.0.1 - - [11/Jan/2024 13:10:09] "[36mGET /static/images/zezinho.png HTTP/1.1[0m" 304 -
INFO:werkzeug:127.0.0.1 - - [11/Jan/2024 13:10:12] "[32mPOST /login HTTP/1.1[0m" 302 -
INFO:werkzeug:127.0.0.1 - - [11/Jan/2024 13:10:12] "GET /loginrec HTTP/1.1" 200 -
INFO:werkzeug:127.0.0.1 - - [11/Jan/2024 13:10:12] "[36mGET /static/images/exitbutton.png HTTP/1.1[0m" 304 -
INFO:werkzeug:127.0.0.1 - - [11/Jan/2024 13:10:12] "GET /static/styles/loginrec.css HTTP/1.1" 200 -
INFO:werkzeug:127.0.0.1 - - [11/Jan/2024 13:10:12] "GET /static/images/zezinhobola.png HTTP/1.1" 200 -
INFO:werkzeug:127.0.0.1 - - [11/Jan/2024 13:10:12] "GET /static/images/background-zezinho.png HTTP/1.1" 200 -
INFO:werkzeug:127.0.0.1 - - [11/Jan/2024 13:10:22] "[36mGET /static/styles/loginrec.css HTTP/1.1[0m" 304 -
INFO:werkzeug:127.0.0.1 - - [11/Jan/2024 13:10:30] "GET /login HTTP/1.1" 200 -
INFO:werkzeug:127.0.0.1 - - [11/Jan/2024 13:10:30] "[36mGET /static/styles/loading.css HTTP/1.1[0m" 304 -
INFO:werkzeug:127.0.0.1 - - [11/Jan/2024 13:10:30] "[36mGET /static/styles/login.css HTTP/1.1[0m" 304 -
INFO:werkzeug:127.0.0.1 - - [11/Jan/2024 13:10:30] "[36mGET /static/images/zezinho.png HTTP/1.1[0m" 304 -
INFO:werkzeug:127.0.0.1 - - [11/Jan/2024 13:10:33] "[32mPOST /login HTTP/1.1[0m" 302 -
INFO:werkzeug:127.0.0.1 - - [11/Jan/2024 13:10:33] "GET /loginadm HTTP/1.1" 200 -
INFO:werkzeug:127.0.0.1 - - [11/Jan/2024 13:10:33] "[36mGET /static/styles/loginadm.css HTTP/1.1[0m" 304 -
INFO:werkzeug:127.0.0.1 - - [11/Jan/2024 13:10:33] "[36mGET /static/images/exitbutton.png HTTP/1.1[0m" 304 -
INFO:werkzeug:127.0.0.1 - - [11/Jan/2024 13:10:33] "[36mGET /static/images/background-pc.png HTTP/1.1[0m" 304 -
INFO:werkzeug:127.0.0.1 - - [11/Jan/2024 13:10:41] "GET /quantidadeadm HTTP/1.1" 200 -
INFO:werkzeug:127.0.0.1 - - [11/Jan/2024 13:10:41] "[36mGET /static/styles/quantidadeadm.css HTTP/1.1[0m" 304 -
INFO:werkzeug:127.0.0.1 - - [11/Jan/2024 13:10:41] "[36mGET /static/images/exitbutton.png HTTP/1.1[0m" 304 -
INFO:werkzeug:127.0.0.1 - - [11/Jan/2024 13:10:41] "[36mGET /static/images/background-pc.png HTTP/1.1[0m" 304 -
WARNING:root:Valor nulo em 'andar', definindo como 0
WARNING:root:Valor nulo ou inválido em 'quantidade'
WARNING:root:Valor nulo em 'andar', definindo como 0
WARNING:root:Valor nulo ou inválido em 'quantidade'
WARNING:root:Valor nulo em 'andar', definindo como 0
WARNING:root:Valor nulo ou inválido em 'quantidade'
INFO:werkzeug:127.0.0.1 - - [11/Jan/2024 13:11:00] "POST /quantidadeadm HTTP/1.1" 200 -
INFO:werkzeug:127.0.0.1 - - [11/Jan/2024 13:32:07] "GET /quantidadeadm HTTP/1.1" 200 -
INFO:werkzeug:127.0.0.1 - - [11/Jan/2024 13:32:07] "[36mGET /static/styles/quantidadeadm.css HTTP/1.1[0m" 304 -
INFO:werkzeug:127.0.0.1 - - [11/Jan/2024 13:32:07] "[36mGET /static/images/exitbutton.png HTTP/1.1[0m" 304 -
INFO:werkzeug:127.0.0.1 - - [11/Jan/2024 13:32:07] "[36mGET /static/images/background-pc.png HTTP/1.1[0m" 304 -
ERROR:root:Erro no servidor: 'QUANTIDADE'
Traceback (most recent call last):
  File "C:\Users\x16170389\AppData\Local\Programs\Python\Python311\Lib\site-packages\pandas\core\indexes\base.py", line 3791, in get_loc
    return self._engine.get_loc(casted_key)
           ^^^^^^^^^^^^^^^^^^^^^^^^^^^^^^^^
  File "index.pyx", line 152, in pandas._libs.index.IndexEngine.get_loc
  File "index.pyx", line 181, in pandas._libs.index.IndexEngine.get_loc
  File "pandas\_libs\hashtable_class_helper.pxi", line 7080, in pandas._libs.hashtable.PyObjectHashTable.get_item
  File "pandas\_libs\hashtable_class_helper.pxi", line 7088, in pandas._libs.hashtable.PyObjectHashTable.get_item
KeyError: 'QUANTIDADE'

The above exception was the direct cause of the following exception:

Traceback (most recent call last):
  File "C:\Users\x16170389\Desktop\papercontrolsystem\app.py", line 520, in quantidadeadm
    quantidade_value = row['QUANTIDADE']
                       ~~~^^^^^^^^^^^^^^
  File "C:\Users\x16170389\AppData\Local\Programs\Python\Python311\Lib\site-packages\pandas\core\series.py", line 1040, in __getitem__
    return self._get_value(key)
           ^^^^^^^^^^^^^^^^^^^^
  File "C:\Users\x16170389\AppData\Local\Programs\Python\Python311\Lib\site-packages\pandas\core\series.py", line 1156, in _get_value
    loc = self.index.get_loc(label)
          ^^^^^^^^^^^^^^^^^^^^^^^^^
  File "C:\Users\x16170389\AppData\Local\Programs\Python\Python311\Lib\site-packages\pandas\core\indexes\base.py", line 3798, in get_loc
    raise KeyError(key) from err
KeyError: 'QUANTIDADE'
INFO:werkzeug:127.0.0.1 - - [11/Jan/2024 13:32:12] "[35m[1mPOST /quantidadeadm HTTP/1.1[0m" 500 -
INFO:werkzeug:127.0.0.1 - - [11/Jan/2024 13:32:12] "[36mGET /quantidadeadm?__debugger__=yes&cmd=resource&f=debugger.js HTTP/1.1[0m" 304 -
INFO:werkzeug:127.0.0.1 - - [11/Jan/2024 13:32:12] "[36mGET /quantidadeadm?__debugger__=yes&cmd=resource&f=style.css HTTP/1.1[0m" 304 -
INFO:werkzeug:127.0.0.1 - - [11/Jan/2024 13:32:12] "[36mGET /quantidadeadm?__debugger__=yes&cmd=resource&f=console.png HTTP/1.1[0m" 304 -
INFO:werkzeug:127.0.0.1 - - [11/Jan/2024 13:32:12] "[36mGET /quantidadeadm?__debugger__=yes&cmd=resource&f=console.png HTTP/1.1[0m" 304 -
INFO:werkzeug: * Detected change in 'C:\\Users\\x16170389\\Desktop\\papercontrolsystem\\app.py', reloading
INFO:werkzeug: * Restarting with stat
WARNING:werkzeug: * Debugger is active!
INFO:werkzeug: * Debugger PIN: 110-393-147
INFO:werkzeug:127.0.0.1 - - [11/Jan/2024 13:32:51] "[32mGET /quantidadeadm HTTP/1.1[0m" 302 -
INFO:werkzeug:127.0.0.1 - - [11/Jan/2024 13:32:51] "GET /login?next=/quantidadeadm HTTP/1.1" 200 -
INFO:werkzeug:127.0.0.1 - - [11/Jan/2024 13:32:51] "[36mGET /static/styles/login.css HTTP/1.1[0m" 304 -
INFO:werkzeug:127.0.0.1 - - [11/Jan/2024 13:32:51] "[36mGET /static/styles/loading.css HTTP/1.1[0m" 304 -
INFO:werkzeug:127.0.0.1 - - [11/Jan/2024 13:32:51] "[36mGET /static/images/zezinho.png HTTP/1.1[0m" 304 -
INFO:werkzeug:127.0.0.1 - - [11/Jan/2024 13:32:53] "[32mPOST /login HTTP/1.1[0m" 302 -
INFO:werkzeug:127.0.0.1 - - [11/Jan/2024 13:32:53] "GET /loginadm HTTP/1.1" 200 -
INFO:werkzeug:127.0.0.1 - - [11/Jan/2024 13:32:53] "[36mGET /static/styles/loginadm.css HTTP/1.1[0m" 304 -
INFO:werkzeug:127.0.0.1 - - [11/Jan/2024 13:32:53] "[36mGET /static/images/exitbutton.png HTTP/1.1[0m" 304 -
INFO:werkzeug:127.0.0.1 - - [11/Jan/2024 13:32:53] "[36mGET /static/images/background-pc.png HTTP/1.1[0m" 304 -
INFO:werkzeug:127.0.0.1 - - [11/Jan/2024 13:32:54] "GET /quantidadeadm HTTP/1.1" 200 -
INFO:werkzeug:127.0.0.1 - - [11/Jan/2024 13:32:54] "[36mGET /static/styles/quantidadeadm.css HTTP/1.1[0m" 304 -
INFO:werkzeug:127.0.0.1 - - [11/Jan/2024 13:32:54] "[36mGET /static/images/exitbutton.png HTTP/1.1[0m" 304 -
ERROR:root:Erro no servidor: 'QUANTIDADE'
Traceback (most recent call last):
  File "C:\Users\x16170389\AppData\Local\Programs\Python\Python311\Lib\site-packages\pandas\core\indexes\base.py", line 3791, in get_loc
    return self._engine.get_loc(casted_key)
           ^^^^^^^^^^^^^^^^^^^^^^^^^^^^^^^^
  File "index.pyx", line 152, in pandas._libs.index.IndexEngine.get_loc
  File "index.pyx", line 181, in pandas._libs.index.IndexEngine.get_loc
  File "pandas\_libs\hashtable_class_helper.pxi", line 7080, in pandas._libs.hashtable.PyObjectHashTable.get_item
  File "pandas\_libs\hashtable_class_helper.pxi", line 7088, in pandas._libs.hashtable.PyObjectHashTable.get_item
KeyError: 'QUANTIDADE'

The above exception was the direct cause of the following exception:

Traceback (most recent call last):
  File "C:\Users\x16170389\Desktop\papercontrolsystem\app.py", line 520, in quantidadeadm
    quantidade_value = row['QUANTIDADE']
                       ~~~^^^^^^^^^^^^^^
  File "C:\Users\x16170389\AppData\Local\Programs\Python\Python311\Lib\site-packages\pandas\core\series.py", line 1040, in __getitem__
    return self._get_value(key)
           ^^^^^^^^^^^^^^^^^^^^
  File "C:\Users\x16170389\AppData\Local\Programs\Python\Python311\Lib\site-packages\pandas\core\series.py", line 1156, in _get_value
    loc = self.index.get_loc(label)
          ^^^^^^^^^^^^^^^^^^^^^^^^^
  File "C:\Users\x16170389\AppData\Local\Programs\Python\Python311\Lib\site-packages\pandas\core\indexes\base.py", line 3798, in get_loc
    raise KeyError(key) from err
KeyError: 'QUANTIDADE'
INFO:werkzeug:127.0.0.1 - - [11/Jan/2024 13:32:59] "POST /quantidadeadm HTTP/1.1" 200 -
INFO:werkzeug:127.0.0.1 - - [11/Jan/2024 13:32:59] "[36mGET /static/styles/quantidadeadm.css HTTP/1.1[0m" 304 -
INFO:werkzeug:127.0.0.1 - - [11/Jan/2024 13:32:59] "[36mGET /static/images/exitbutton.png HTTP/1.1[0m" 304 -
INFO:werkzeug: * Detected change in 'C:\\Users\\x16170389\\Desktop\\papercontrolsystem\\app.py', reloading
INFO:werkzeug: * Restarting with stat
WARNING:werkzeug: * Debugger is active!
INFO:werkzeug: * Debugger PIN: 110-393-147
INFO:werkzeug:127.0.0.1 - - [11/Jan/2024 13:43:19] "[32mPOST /quantidadeadm HTTP/1.1[0m" 302 -
INFO:werkzeug:127.0.0.1 - - [11/Jan/2024 13:43:19] "GET /login?next=/quantidadeadm HTTP/1.1" 200 -
INFO:werkzeug:127.0.0.1 - - [11/Jan/2024 13:43:19] "[36mGET /static/styles/login.css HTTP/1.1[0m" 304 -
INFO:werkzeug:127.0.0.1 - - [11/Jan/2024 13:43:19] "[36mGET /static/styles/loading.css HTTP/1.1[0m" 304 -
INFO:werkzeug:127.0.0.1 - - [11/Jan/2024 13:43:19] "[36mGET /static/images/zezinho.png HTTP/1.1[0m" 304 -
INFO:werkzeug:127.0.0.1 - - [11/Jan/2024 13:43:21] "[32mPOST /login HTTP/1.1[0m" 302 -
INFO:werkzeug:127.0.0.1 - - [11/Jan/2024 13:43:21] "GET /loginadm HTTP/1.1" 200 -
INFO:werkzeug:127.0.0.1 - - [11/Jan/2024 13:43:21] "[36mGET /static/styles/loginadm.css HTTP/1.1[0m" 304 -
INFO:werkzeug:127.0.0.1 - - [11/Jan/2024 13:43:21] "[36mGET /static/images/exitbutton.png HTTP/1.1[0m" 304 -
INFO:werkzeug:127.0.0.1 - - [11/Jan/2024 13:43:21] "[36mGET /static/images/background-pc.png HTTP/1.1[0m" 304 -
INFO:werkzeug:127.0.0.1 - - [11/Jan/2024 13:43:23] "GET /quantidadeadm HTTP/1.1" 200 -
INFO:werkzeug:127.0.0.1 - - [11/Jan/2024 13:43:23] "[36mGET /static/styles/quantidadeadm.css HTTP/1.1[0m" 304 -
INFO:werkzeug:127.0.0.1 - - [11/Jan/2024 13:43:23] "[36mGET /static/images/exitbutton.png HTTP/1.1[0m" 304 -
INFO:werkzeug:127.0.0.1 - - [11/Jan/2024 13:43:23] "[36mGET /static/images/background-pc.png HTTP/1.1[0m" 304 -
ERROR:root:Erro no servidor: 'QUANTIDADE'
Traceback (most recent call last):
  File "C:\Users\x16170389\AppData\Local\Programs\Python\Python311\Lib\site-packages\pandas\core\indexes\base.py", line 3791, in get_loc
    return self._engine.get_loc(casted_key)
           ^^^^^^^^^^^^^^^^^^^^^^^^^^^^^^^^
  File "index.pyx", line 152, in pandas._libs.index.IndexEngine.get_loc
  File "index.pyx", line 181, in pandas._libs.index.IndexEngine.get_loc
  File "pandas\_libs\hashtable_class_helper.pxi", line 7080, in pandas._libs.hashtable.PyObjectHashTable.get_item
  File "pandas\_libs\hashtable_class_helper.pxi", line 7088, in pandas._libs.hashtable.PyObjectHashTable.get_item
KeyError: 'QUANTIDADE'

The above exception was the direct cause of the following exception:

Traceback (most recent call last):
  File "C:\Users\x16170389\Desktop\papercontrolsystem\app.py", line 518, in quantidadeadm
    quantidade_value = row['QUANTIDADE']
                       ~~~^^^^^^^^^^^^^^
  File "C:\Users\x16170389\AppData\Local\Programs\Python\Python311\Lib\site-packages\pandas\core\series.py", line 1040, in __getitem__
    return self._get_value(key)
           ^^^^^^^^^^^^^^^^^^^^
  File "C:\Users\x16170389\AppData\Local\Programs\Python\Python311\Lib\site-packages\pandas\core\series.py", line 1156, in _get_value
    loc = self.index.get_loc(label)
          ^^^^^^^^^^^^^^^^^^^^^^^^^
  File "C:\Users\x16170389\AppData\Local\Programs\Python\Python311\Lib\site-packages\pandas\core\indexes\base.py", line 3798, in get_loc
    raise KeyError(key) from err
KeyError: 'QUANTIDADE'
INFO:werkzeug:127.0.0.1 - - [11/Jan/2024 13:43:27] "POST /quantidadeadm HTTP/1.1" 200 -
INFO:werkzeug:127.0.0.1 - - [11/Jan/2024 13:43:27] "[36mGET /static/styles/quantidadeadm.css HTTP/1.1[0m" 304 -
INFO:werkzeug:127.0.0.1 - - [11/Jan/2024 13:43:27] "[36mGET /static/images/exitbutton.png HTTP/1.1[0m" 304 -
ERROR:root:Erro no servidor: 'QUANTIDADE'
Traceback (most recent call last):
  File "C:\Users\x16170389\AppData\Local\Programs\Python\Python311\Lib\site-packages\pandas\core\indexes\base.py", line 3791, in get_loc
    return self._engine.get_loc(casted_key)
           ^^^^^^^^^^^^^^^^^^^^^^^^^^^^^^^^
  File "index.pyx", line 152, in pandas._libs.index.IndexEngine.get_loc
  File "index.pyx", line 181, in pandas._libs.index.IndexEngine.get_loc
  File "pandas\_libs\hashtable_class_helper.pxi", line 7080, in pandas._libs.hashtable.PyObjectHashTable.get_item
  File "pandas\_libs\hashtable_class_helper.pxi", line 7088, in pandas._libs.hashtable.PyObjectHashTable.get_item
KeyError: 'QUANTIDADE'

The above exception was the direct cause of the following exception:

Traceback (most recent call last):
  File "C:\Users\x16170389\Desktop\papercontrolsystem\app.py", line 518, in quantidadeadm
    quantidade_value = row['QUANTIDADE']
                       ~~~^^^^^^^^^^^^^^
  File "C:\Users\x16170389\AppData\Local\Programs\Python\Python311\Lib\site-packages\pandas\core\series.py", line 1040, in __getitem__
    return self._get_value(key)
           ^^^^^^^^^^^^^^^^^^^^
  File "C:\Users\x16170389\AppData\Local\Programs\Python\Python311\Lib\site-packages\pandas\core\series.py", line 1156, in _get_value
    loc = self.index.get_loc(label)
          ^^^^^^^^^^^^^^^^^^^^^^^^^
  File "C:\Users\x16170389\AppData\Local\Programs\Python\Python311\Lib\site-packages\pandas\core\indexes\base.py", line 3798, in get_loc
    raise KeyError(key) from err
KeyError: 'QUANTIDADE'
INFO:werkzeug:127.0.0.1 - - [11/Jan/2024 13:43:40] "POST /quantidadeadm HTTP/1.1" 200 -
INFO:werkzeug:127.0.0.1 - - [11/Jan/2024 13:43:40] "[36mGET /static/styles/quantidadeadm.css HTTP/1.1[0m" 304 -
INFO:werkzeug:127.0.0.1 - - [11/Jan/2024 13:43:40] "[36mGET /static/images/exitbutton.png HTTP/1.1[0m" 304 -
INFO:werkzeug: * Detected change in 'C:\\Users\\x16170389\\Desktop\\papercontrolsystem\\app.py', reloading
INFO:werkzeug: * Restarting with stat
WARNING:werkzeug: * Debugger is active!
INFO:werkzeug: * Debugger PIN: 110-393-147
INFO:werkzeug: * Detected change in 'C:\\Users\\x16170389\\Desktop\\papercontrolsystem\\app.py', reloading
INFO:werkzeug: * Restarting with stat
WARNING:werkzeug: * Debugger is active!
INFO:werkzeug: * Debugger PIN: 110-393-147
INFO:werkzeug:127.0.0.1 - - [11/Jan/2024 13:47:08] "[32mPOST /quantidadeadm HTTP/1.1[0m" 302 -
INFO:werkzeug:127.0.0.1 - - [11/Jan/2024 13:47:08] "GET /login?next=/quantidadeadm HTTP/1.1" 200 -
INFO:werkzeug:127.0.0.1 - - [11/Jan/2024 13:47:08] "[36mGET /static/styles/login.css HTTP/1.1[0m" 304 -
INFO:werkzeug:127.0.0.1 - - [11/Jan/2024 13:47:08] "[36mGET /static/styles/loading.css HTTP/1.1[0m" 304 -
INFO:werkzeug:127.0.0.1 - - [11/Jan/2024 13:47:08] "[36mGET /static/images/zezinho.png HTTP/1.1[0m" 304 -
INFO:werkzeug:127.0.0.1 - - [11/Jan/2024 13:47:10] "[32mPOST /login HTTP/1.1[0m" 302 -
INFO:werkzeug:127.0.0.1 - - [11/Jan/2024 13:47:10] "GET /loginadm HTTP/1.1" 200 -
INFO:werkzeug:127.0.0.1 - - [11/Jan/2024 13:47:10] "[36mGET /static/styles/loginadm.css HTTP/1.1[0m" 304 -
INFO:werkzeug:127.0.0.1 - - [11/Jan/2024 13:47:10] "[36mGET /static/images/exitbutton.png HTTP/1.1[0m" 304 -
INFO:werkzeug:127.0.0.1 - - [11/Jan/2024 13:47:10] "[36mGET /static/images/background-pc.png HTTP/1.1[0m" 304 -
INFO:werkzeug:127.0.0.1 - - [11/Jan/2024 13:47:11] "GET /quantidadeadm HTTP/1.1" 200 -
INFO:werkzeug:127.0.0.1 - - [11/Jan/2024 13:47:11] "[36mGET /static/styles/quantidadeadm.css HTTP/1.1[0m" 304 -
INFO:werkzeug:127.0.0.1 - - [11/Jan/2024 13:47:11] "[36mGET /static/images/exitbutton.png HTTP/1.1[0m" 304 -
INFO:werkzeug:127.0.0.1 - - [11/Jan/2024 13:47:11] "[36mGET /static/images/background-pc.png HTTP/1.1[0m" 304 -
ERROR:root:Erro no servidor: 'QUANTIDADE'
Traceback (most recent call last):
  File "C:\Users\x16170389\AppData\Local\Programs\Python\Python311\Lib\site-packages\pandas\core\indexes\base.py", line 3791, in get_loc
    return self._engine.get_loc(casted_key)
           ^^^^^^^^^^^^^^^^^^^^^^^^^^^^^^^^
  File "index.pyx", line 152, in pandas._libs.index.IndexEngine.get_loc
  File "index.pyx", line 181, in pandas._libs.index.IndexEngine.get_loc
  File "pandas\_libs\hashtable_class_helper.pxi", line 7080, in pandas._libs.hashtable.PyObjectHashTable.get_item
  File "pandas\_libs\hashtable_class_helper.pxi", line 7088, in pandas._libs.hashtable.PyObjectHashTable.get_item
KeyError: 'QUANTIDADE'

The above exception was the direct cause of the following exception:

Traceback (most recent call last):
  File "C:\Users\x16170389\Desktop\papercontrolsystem\app.py", line 518, in quantidadeadm
    quantidade_value = row['QUANTIDADE']
                       ~~~^^^^^^^^^^^^^^
  File "C:\Users\x16170389\AppData\Local\Programs\Python\Python311\Lib\site-packages\pandas\core\series.py", line 1040, in __getitem__
    return self._get_value(key)
           ^^^^^^^^^^^^^^^^^^^^
  File "C:\Users\x16170389\AppData\Local\Programs\Python\Python311\Lib\site-packages\pandas\core\series.py", line 1156, in _get_value
    loc = self.index.get_loc(label)
          ^^^^^^^^^^^^^^^^^^^^^^^^^
  File "C:\Users\x16170389\AppData\Local\Programs\Python\Python311\Lib\site-packages\pandas\core\indexes\base.py", line 3798, in get_loc
    raise KeyError(key) from err
KeyError: 'QUANTIDADE'
INFO:werkzeug:127.0.0.1 - - [11/Jan/2024 13:47:16] "POST /quantidadeadm HTTP/1.1" 200 -
INFO:werkzeug:127.0.0.1 - - [11/Jan/2024 13:47:16] "[36mGET /static/styles/quantidadeadm.css HTTP/1.1[0m" 304 -
INFO:werkzeug:127.0.0.1 - - [11/Jan/2024 13:47:16] "[36mGET /static/images/exitbutton.png HTTP/1.1[0m" 304 -
ERROR:root:Erro no servidor: 'QUANTIDADE'
Traceback (most recent call last):
  File "C:\Users\x16170389\AppData\Local\Programs\Python\Python311\Lib\site-packages\pandas\core\indexes\base.py", line 3791, in get_loc
    return self._engine.get_loc(casted_key)
           ^^^^^^^^^^^^^^^^^^^^^^^^^^^^^^^^
  File "index.pyx", line 152, in pandas._libs.index.IndexEngine.get_loc
  File "index.pyx", line 181, in pandas._libs.index.IndexEngine.get_loc
  File "pandas\_libs\hashtable_class_helper.pxi", line 7080, in pandas._libs.hashtable.PyObjectHashTable.get_item
  File "pandas\_libs\hashtable_class_helper.pxi", line 7088, in pandas._libs.hashtable.PyObjectHashTable.get_item
KeyError: 'QUANTIDADE'

The above exception was the direct cause of the following exception:

Traceback (most recent call last):
  File "C:\Users\x16170389\Desktop\papercontrolsystem\app.py", line 518, in quantidadeadm
    quantidade_value = row['QUANTIDADE']
                       ~~~^^^^^^^^^^^^^^
  File "C:\Users\x16170389\AppData\Local\Programs\Python\Python311\Lib\site-packages\pandas\core\series.py", line 1040, in __getitem__
    return self._get_value(key)
           ^^^^^^^^^^^^^^^^^^^^
  File "C:\Users\x16170389\AppData\Local\Programs\Python\Python311\Lib\site-packages\pandas\core\series.py", line 1156, in _get_value
    loc = self.index.get_loc(label)
          ^^^^^^^^^^^^^^^^^^^^^^^^^
  File "C:\Users\x16170389\AppData\Local\Programs\Python\Python311\Lib\site-packages\pandas\core\indexes\base.py", line 3798, in get_loc
    raise KeyError(key) from err
KeyError: 'QUANTIDADE'
INFO:werkzeug:127.0.0.1 - - [11/Jan/2024 13:52:40] "POST /quantidadeadm HTTP/1.1" 200 -
INFO:werkzeug:127.0.0.1 - - [11/Jan/2024 13:52:40] "[36mGET /static/styles/quantidadeadm.css HTTP/1.1[0m" 304 -
INFO:werkzeug:127.0.0.1 - - [11/Jan/2024 13:52:40] "[36mGET /static/images/exitbutton.png HTTP/1.1[0m" 304 -
INFO:werkzeug:127.0.0.1 - - [11/Jan/2024 13:52:40] "[36mGET /static/images/background-pc.png HTTP/1.1[0m" 304 -
ERROR:root:Erro no servidor: 'QUANTIDADE'
Traceback (most recent call last):
  File "C:\Users\x16170389\AppData\Local\Programs\Python\Python311\Lib\site-packages\pandas\core\indexes\base.py", line 3791, in get_loc
    return self._engine.get_loc(casted_key)
           ^^^^^^^^^^^^^^^^^^^^^^^^^^^^^^^^
  File "index.pyx", line 152, in pandas._libs.index.IndexEngine.get_loc
  File "index.pyx", line 181, in pandas._libs.index.IndexEngine.get_loc
  File "pandas\_libs\hashtable_class_helper.pxi", line 7080, in pandas._libs.hashtable.PyObjectHashTable.get_item
  File "pandas\_libs\hashtable_class_helper.pxi", line 7088, in pandas._libs.hashtable.PyObjectHashTable.get_item
KeyError: 'QUANTIDADE'

The above exception was the direct cause of the following exception:

Traceback (most recent call last):
  File "C:\Users\x16170389\Desktop\papercontrolsystem\app.py", line 518, in quantidadeadm
    quantidade_value = row['QUANTIDADE']
                       ~~~^^^^^^^^^^^^^^
  File "C:\Users\x16170389\AppData\Local\Programs\Python\Python311\Lib\site-packages\pandas\core\series.py", line 1040, in __getitem__
    return self._get_value(key)
           ^^^^^^^^^^^^^^^^^^^^
  File "C:\Users\x16170389\AppData\Local\Programs\Python\Python311\Lib\site-packages\pandas\core\series.py", line 1156, in _get_value
    loc = self.index.get_loc(label)
          ^^^^^^^^^^^^^^^^^^^^^^^^^
  File "C:\Users\x16170389\AppData\Local\Programs\Python\Python311\Lib\site-packages\pandas\core\indexes\base.py", line 3798, in get_loc
    raise KeyError(key) from err
KeyError: 'QUANTIDADE'
INFO:werkzeug:127.0.0.1 - - [11/Jan/2024 13:52:45] "POST /quantidadeadm HTTP/1.1" 200 -
INFO:werkzeug:127.0.0.1 - - [11/Jan/2024 13:52:45] "[36mGET /static/styles/quantidadeadm.css HTTP/1.1[0m" 304 -
INFO:werkzeug:127.0.0.1 - - [11/Jan/2024 13:52:45] "[36mGET /static/images/exitbutton.png HTTP/1.1[0m" 304 -
ERROR:root:Erro no servidor: 'QUANTIDADE'
Traceback (most recent call last):
  File "C:\Users\x16170389\AppData\Local\Programs\Python\Python311\Lib\site-packages\pandas\core\indexes\base.py", line 3791, in get_loc
    return self._engine.get_loc(casted_key)
           ^^^^^^^^^^^^^^^^^^^^^^^^^^^^^^^^
  File "index.pyx", line 152, in pandas._libs.index.IndexEngine.get_loc
  File "index.pyx", line 181, in pandas._libs.index.IndexEngine.get_loc
  File "pandas\_libs\hashtable_class_helper.pxi", line 7080, in pandas._libs.hashtable.PyObjectHashTable.get_item
  File "pandas\_libs\hashtable_class_helper.pxi", line 7088, in pandas._libs.hashtable.PyObjectHashTable.get_item
KeyError: 'QUANTIDADE'

The above exception was the direct cause of the following exception:

Traceback (most recent call last):
  File "C:\Users\x16170389\Desktop\papercontrolsystem\app.py", line 518, in quantidadeadm
    quantidade_value = row['QUANTIDADE']
                       ~~~^^^^^^^^^^^^^^
  File "C:\Users\x16170389\AppData\Local\Programs\Python\Python311\Lib\site-packages\pandas\core\series.py", line 1040, in __getitem__
    return self._get_value(key)
           ^^^^^^^^^^^^^^^^^^^^
  File "C:\Users\x16170389\AppData\Local\Programs\Python\Python311\Lib\site-packages\pandas\core\series.py", line 1156, in _get_value
    loc = self.index.get_loc(label)
          ^^^^^^^^^^^^^^^^^^^^^^^^^
  File "C:\Users\x16170389\AppData\Local\Programs\Python\Python311\Lib\site-packages\pandas\core\indexes\base.py", line 3798, in get_loc
    raise KeyError(key) from err
KeyError: 'QUANTIDADE'
INFO:werkzeug:127.0.0.1 - - [11/Jan/2024 13:52:52] "POST /quantidadeadm HTTP/1.1" 200 -
INFO:werkzeug:127.0.0.1 - - [11/Jan/2024 13:52:52] "[36mGET /static/styles/quantidadeadm.css HTTP/1.1[0m" 304 -
INFO:werkzeug:127.0.0.1 - - [11/Jan/2024 13:52:52] "[36mGET /static/images/exitbutton.png HTTP/1.1[0m" 304 -
WARNING:root:Valor nulo em 'andar', definindo como 0
WARNING:root:Valor nulo ou inválido em 'quantidade'
WARNING:root:Valor nulo em 'andar', definindo como 0
WARNING:root:Valor nulo ou inválido em 'quantidade'
WARNING:root:Valor nulo em 'andar', definindo como 0
WARNING:root:Valor nulo ou inválido em 'quantidade'
INFO:werkzeug:127.0.0.1 - - [11/Jan/2024 13:53:04] "POST /quantidadeadm HTTP/1.1" 200 -
ERROR:root:Erro no servidor: 'QUANTIDADE'
Traceback (most recent call last):
  File "C:\Users\x16170389\AppData\Local\Programs\Python\Python311\Lib\site-packages\pandas\core\indexes\base.py", line 3791, in get_loc
    return self._engine.get_loc(casted_key)
           ^^^^^^^^^^^^^^^^^^^^^^^^^^^^^^^^
  File "index.pyx", line 152, in pandas._libs.index.IndexEngine.get_loc
  File "index.pyx", line 181, in pandas._libs.index.IndexEngine.get_loc
  File "pandas\_libs\hashtable_class_helper.pxi", line 7080, in pandas._libs.hashtable.PyObjectHashTable.get_item
  File "pandas\_libs\hashtable_class_helper.pxi", line 7088, in pandas._libs.hashtable.PyObjectHashTable.get_item
KeyError: 'QUANTIDADE'

The above exception was the direct cause of the following exception:

Traceback (most recent call last):
  File "C:\Users\x16170389\Desktop\papercontrolsystem\app.py", line 518, in quantidadeadm
    quantidade_value = row['QUANTIDADE']
                       ~~~^^^^^^^^^^^^^^
  File "C:\Users\x16170389\AppData\Local\Programs\Python\Python311\Lib\site-packages\pandas\core\series.py", line 1040, in __getitem__
    return self._get_value(key)
           ^^^^^^^^^^^^^^^^^^^^
  File "C:\Users\x16170389\AppData\Local\Programs\Python\Python311\Lib\site-packages\pandas\core\series.py", line 1156, in _get_value
    loc = self.index.get_loc(label)
          ^^^^^^^^^^^^^^^^^^^^^^^^^
  File "C:\Users\x16170389\AppData\Local\Programs\Python\Python311\Lib\site-packages\pandas\core\indexes\base.py", line 3798, in get_loc
    raise KeyError(key) from err
KeyError: 'QUANTIDADE'
INFO:werkzeug:127.0.0.1 - - [11/Jan/2024 13:53:52] "POST /quantidadeadm HTTP/1.1" 200 -
INFO:werkzeug:127.0.0.1 - - [11/Jan/2024 13:53:52] "[36mGET /static/styles/quantidadeadm.css HTTP/1.1[0m" 304 -
INFO:werkzeug:127.0.0.1 - - [11/Jan/2024 13:53:52] "[36mGET /static/images/exitbutton.png HTTP/1.1[0m" 304 -
WARNING:root:Valor nulo em 'andar', definindo como 0
WARNING:root:Valor nulo ou inválido em 'quantidade'
WARNING:root:Valor nulo em 'andar', definindo como 0
WARNING:root:Valor nulo ou inválido em 'quantidade'
WARNING:root:Valor nulo em 'andar', definindo como 0
WARNING:root:Valor nulo ou inválido em 'quantidade'
INFO:werkzeug:127.0.0.1 - - [11/Jan/2024 13:53:56] "POST /quantidadeadm HTTP/1.1" 200 -
ERROR:root:Erro no servidor: 'QUANTIDADE'
Traceback (most recent call last):
  File "C:\Users\x16170389\AppData\Local\Programs\Python\Python311\Lib\site-packages\pandas\core\indexes\base.py", line 3791, in get_loc
    return self._engine.get_loc(casted_key)
           ^^^^^^^^^^^^^^^^^^^^^^^^^^^^^^^^
  File "index.pyx", line 152, in pandas._libs.index.IndexEngine.get_loc
  File "index.pyx", line 181, in pandas._libs.index.IndexEngine.get_loc
  File "pandas\_libs\hashtable_class_helper.pxi", line 7080, in pandas._libs.hashtable.PyObjectHashTable.get_item
  File "pandas\_libs\hashtable_class_helper.pxi", line 7088, in pandas._libs.hashtable.PyObjectHashTable.get_item
KeyError: 'QUANTIDADE'

The above exception was the direct cause of the following exception:

Traceback (most recent call last):
  File "C:\Users\x16170389\Desktop\papercontrolsystem\app.py", line 518, in quantidadeadm
    quantidade_value = row['QUANTIDADE']
                       ~~~^^^^^^^^^^^^^^
  File "C:\Users\x16170389\AppData\Local\Programs\Python\Python311\Lib\site-packages\pandas\core\series.py", line 1040, in __getitem__
    return self._get_value(key)
           ^^^^^^^^^^^^^^^^^^^^
  File "C:\Users\x16170389\AppData\Local\Programs\Python\Python311\Lib\site-packages\pandas\core\series.py", line 1156, in _get_value
    loc = self.index.get_loc(label)
          ^^^^^^^^^^^^^^^^^^^^^^^^^
  File "C:\Users\x16170389\AppData\Local\Programs\Python\Python311\Lib\site-packages\pandas\core\indexes\base.py", line 3798, in get_loc
    raise KeyError(key) from err
KeyError: 'QUANTIDADE'
INFO:werkzeug:127.0.0.1 - - [11/Jan/2024 13:54:08] "POST /quantidadeadm HTTP/1.1" 200 -
INFO:werkzeug:127.0.0.1 - - [11/Jan/2024 13:54:08] "[36mGET /static/styles/quantidadeadm.css HTTP/1.1[0m" 304 -
INFO:werkzeug:127.0.0.1 - - [11/Jan/2024 13:54:08] "[36mGET /static/images/exitbutton.png HTTP/1.1[0m" 304 -
WARNING:root:Valor nulo em 'andar', definindo como 0
WARNING:root:Valor nulo ou inválido em 'quantidade'
WARNING:root:Valor nulo em 'andar', definindo como 0
WARNING:root:Valor nulo ou inválido em 'quantidade'
WARNING:root:Valor nulo em 'andar', definindo como 0
WARNING:root:Valor nulo ou inválido em 'quantidade'
INFO:werkzeug:127.0.0.1 - - [11/Jan/2024 13:54:12] "POST /quantidadeadm HTTP/1.1" 200 -
INFO:werkzeug:127.0.0.1 - - [11/Jan/2024 13:55:39] "GET /login HTTP/1.1" 200 -
INFO:werkzeug:127.0.0.1 - - [11/Jan/2024 13:55:39] "[36mGET /static/styles/loading.css HTTP/1.1[0m" 304 -
INFO:werkzeug:127.0.0.1 - - [11/Jan/2024 13:55:39] "[36mGET /static/styles/login.css HTTP/1.1[0m" 304 -
INFO:werkzeug:127.0.0.1 - - [11/Jan/2024 13:55:39] "[36mGET /static/images/zezinho.png HTTP/1.1[0m" 304 -
INFO:werkzeug:127.0.0.1 - - [11/Jan/2024 13:55:40] "[32mPOST /login HTTP/1.1[0m" 302 -
INFO:werkzeug:127.0.0.1 - - [11/Jan/2024 13:55:40] "GET /loginadm HTTP/1.1" 200 -
INFO:werkzeug:127.0.0.1 - - [11/Jan/2024 13:55:40] "[36mGET /static/styles/loginadm.css HTTP/1.1[0m" 304 -
INFO:werkzeug:127.0.0.1 - - [11/Jan/2024 13:55:40] "[36mGET /static/images/exitbutton.png HTTP/1.1[0m" 304 -
INFO:werkzeug:127.0.0.1 - - [11/Jan/2024 13:55:40] "[36mGET /static/images/background-pc.png HTTP/1.1[0m" 304 -
INFO:werkzeug:127.0.0.1 - - [11/Jan/2024 13:55:41] "GET /quantidadeadm HTTP/1.1" 200 -
INFO:werkzeug:127.0.0.1 - - [11/Jan/2024 13:55:41] "[36mGET /static/styles/quantidadeadm.css HTTP/1.1[0m" 304 -
INFO:werkzeug:127.0.0.1 - - [11/Jan/2024 13:55:41] "[36mGET /static/images/exitbutton.png HTTP/1.1[0m" 304 -
ERROR:root:Erro no servidor: 'QUANTIDADE'
Traceback (most recent call last):
  File "C:\Users\x16170389\AppData\Local\Programs\Python\Python311\Lib\site-packages\pandas\core\indexes\base.py", line 3791, in get_loc
    return self._engine.get_loc(casted_key)
           ^^^^^^^^^^^^^^^^^^^^^^^^^^^^^^^^
  File "index.pyx", line 152, in pandas._libs.index.IndexEngine.get_loc
  File "index.pyx", line 181, in pandas._libs.index.IndexEngine.get_loc
  File "pandas\_libs\hashtable_class_helper.pxi", line 7080, in pandas._libs.hashtable.PyObjectHashTable.get_item
  File "pandas\_libs\hashtable_class_helper.pxi", line 7088, in pandas._libs.hashtable.PyObjectHashTable.get_item
KeyError: 'QUANTIDADE'

The above exception was the direct cause of the following exception:

Traceback (most recent call last):
  File "C:\Users\x16170389\Desktop\papercontrolsystem\app.py", line 518, in quantidadeadm
    quantidade_value = row['QUANTIDADE']
                       ~~~^^^^^^^^^^^^^^
  File "C:\Users\x16170389\AppData\Local\Programs\Python\Python311\Lib\site-packages\pandas\core\series.py", line 1040, in __getitem__
    return self._get_value(key)
           ^^^^^^^^^^^^^^^^^^^^
  File "C:\Users\x16170389\AppData\Local\Programs\Python\Python311\Lib\site-packages\pandas\core\series.py", line 1156, in _get_value
    loc = self.index.get_loc(label)
          ^^^^^^^^^^^^^^^^^^^^^^^^^
  File "C:\Users\x16170389\AppData\Local\Programs\Python\Python311\Lib\site-packages\pandas\core\indexes\base.py", line 3798, in get_loc
    raise KeyError(key) from err
KeyError: 'QUANTIDADE'
INFO:werkzeug:127.0.0.1 - - [11/Jan/2024 13:55:45] "POST /quantidadeadm HTTP/1.1" 200 -
INFO:werkzeug:127.0.0.1 - - [11/Jan/2024 13:55:45] "[36mGET /static/styles/quantidadeadm.css HTTP/1.1[0m" 304 -
INFO:werkzeug:127.0.0.1 - - [11/Jan/2024 13:55:45] "[36mGET /static/images/exitbutton.png HTTP/1.1[0m" 304 -
ERROR:root:Erro no servidor: 'QUANTIDADE'
Traceback (most recent call last):
  File "C:\Users\x16170389\AppData\Local\Programs\Python\Python311\Lib\site-packages\pandas\core\indexes\base.py", line 3791, in get_loc
    return self._engine.get_loc(casted_key)
           ^^^^^^^^^^^^^^^^^^^^^^^^^^^^^^^^
  File "index.pyx", line 152, in pandas._libs.index.IndexEngine.get_loc
  File "index.pyx", line 181, in pandas._libs.index.IndexEngine.get_loc
  File "pandas\_libs\hashtable_class_helper.pxi", line 7080, in pandas._libs.hashtable.PyObjectHashTable.get_item
  File "pandas\_libs\hashtable_class_helper.pxi", line 7088, in pandas._libs.hashtable.PyObjectHashTable.get_item
KeyError: 'QUANTIDADE'

The above exception was the direct cause of the following exception:

Traceback (most recent call last):
  File "C:\Users\x16170389\Desktop\papercontrolsystem\app.py", line 518, in quantidadeadm
    quantidade_value = row['QUANTIDADE']
                       ~~~^^^^^^^^^^^^^^
  File "C:\Users\x16170389\AppData\Local\Programs\Python\Python311\Lib\site-packages\pandas\core\series.py", line 1040, in __getitem__
    return self._get_value(key)
           ^^^^^^^^^^^^^^^^^^^^
  File "C:\Users\x16170389\AppData\Local\Programs\Python\Python311\Lib\site-packages\pandas\core\series.py", line 1156, in _get_value
    loc = self.index.get_loc(label)
          ^^^^^^^^^^^^^^^^^^^^^^^^^
  File "C:\Users\x16170389\AppData\Local\Programs\Python\Python311\Lib\site-packages\pandas\core\indexes\base.py", line 3798, in get_loc
    raise KeyError(key) from err
KeyError: 'QUANTIDADE'
INFO:werkzeug:127.0.0.1 - - [11/Jan/2024 13:58:29] "POST /quantidadeadm HTTP/1.1" 200 -
INFO:werkzeug:127.0.0.1 - - [11/Jan/2024 13:58:29] "[36mGET /static/styles/quantidadeadm.css HTTP/1.1[0m" 304 -
INFO:werkzeug:127.0.0.1 - - [11/Jan/2024 13:58:29] "[36mGET /static/images/exitbutton.png HTTP/1.1[0m" 304 -
ERROR:root:Erro no servidor: 'QUANTIDADE'
Traceback (most recent call last):
  File "C:\Users\x16170389\AppData\Local\Programs\Python\Python311\Lib\site-packages\pandas\core\indexes\base.py", line 3791, in get_loc
    return self._engine.get_loc(casted_key)
           ^^^^^^^^^^^^^^^^^^^^^^^^^^^^^^^^
  File "index.pyx", line 152, in pandas._libs.index.IndexEngine.get_loc
  File "index.pyx", line 181, in pandas._libs.index.IndexEngine.get_loc
  File "pandas\_libs\hashtable_class_helper.pxi", line 7080, in pandas._libs.hashtable.PyObjectHashTable.get_item
  File "pandas\_libs\hashtable_class_helper.pxi", line 7088, in pandas._libs.hashtable.PyObjectHashTable.get_item
KeyError: 'QUANTIDADE'

The above exception was the direct cause of the following exception:

Traceback (most recent call last):
  File "C:\Users\x16170389\Desktop\papercontrolsystem\app.py", line 518, in quantidadeadm
    quantidade_value = row['QUANTIDADE']
                       ~~~^^^^^^^^^^^^^^
  File "C:\Users\x16170389\AppData\Local\Programs\Python\Python311\Lib\site-packages\pandas\core\series.py", line 1040, in __getitem__
    return self._get_value(key)
           ^^^^^^^^^^^^^^^^^^^^
  File "C:\Users\x16170389\AppData\Local\Programs\Python\Python311\Lib\site-packages\pandas\core\series.py", line 1156, in _get_value
    loc = self.index.get_loc(label)
          ^^^^^^^^^^^^^^^^^^^^^^^^^
  File "C:\Users\x16170389\AppData\Local\Programs\Python\Python311\Lib\site-packages\pandas\core\indexes\base.py", line 3798, in get_loc
    raise KeyError(key) from err
KeyError: 'QUANTIDADE'
INFO:werkzeug:127.0.0.1 - - [11/Jan/2024 14:06:12] "POST /quantidadeadm HTTP/1.1" 200 -
INFO:werkzeug:127.0.0.1 - - [11/Jan/2024 14:06:12] "[36mGET /static/styles/quantidadeadm.css HTTP/1.1[0m" 304 -
INFO:werkzeug:127.0.0.1 - - [11/Jan/2024 14:06:12] "[36mGET /static/images/exitbutton.png HTTP/1.1[0m" 304 -
INFO:werkzeug:127.0.0.1 - - [11/Jan/2024 14:06:13] "[36mGET /static/images/background-pc.png HTTP/1.1[0m" 304 -
ERROR:root:Erro no servidor: 'QUANTIDADE'
Traceback (most recent call last):
  File "C:\Users\x16170389\AppData\Local\Programs\Python\Python311\Lib\site-packages\pandas\core\indexes\base.py", line 3791, in get_loc
    return self._engine.get_loc(casted_key)
           ^^^^^^^^^^^^^^^^^^^^^^^^^^^^^^^^
  File "index.pyx", line 152, in pandas._libs.index.IndexEngine.get_loc
  File "index.pyx", line 181, in pandas._libs.index.IndexEngine.get_loc
  File "pandas\_libs\hashtable_class_helper.pxi", line 7080, in pandas._libs.hashtable.PyObjectHashTable.get_item
  File "pandas\_libs\hashtable_class_helper.pxi", line 7088, in pandas._libs.hashtable.PyObjectHashTable.get_item
KeyError: 'QUANTIDADE'

The above exception was the direct cause of the following exception:

Traceback (most recent call last):
  File "C:\Users\x16170389\Desktop\papercontrolsystem\app.py", line 518, in quantidadeadm
    quantidade_value = row['QUANTIDADE']
                       ~~~^^^^^^^^^^^^^^
  File "C:\Users\x16170389\AppData\Local\Programs\Python\Python311\Lib\site-packages\pandas\core\series.py", line 1040, in __getitem__
    return self._get_value(key)
           ^^^^^^^^^^^^^^^^^^^^
  File "C:\Users\x16170389\AppData\Local\Programs\Python\Python311\Lib\site-packages\pandas\core\series.py", line 1156, in _get_value
    loc = self.index.get_loc(label)
          ^^^^^^^^^^^^^^^^^^^^^^^^^
  File "C:\Users\x16170389\AppData\Local\Programs\Python\Python311\Lib\site-packages\pandas\core\indexes\base.py", line 3798, in get_loc
    raise KeyError(key) from err
KeyError: 'QUANTIDADE'
INFO:werkzeug:127.0.0.1 - - [11/Jan/2024 14:08:37] "POST /quantidadeadm HTTP/1.1" 200 -
INFO:werkzeug:127.0.0.1 - - [11/Jan/2024 14:08:37] "[36mGET /static/styles/quantidadeadm.css HTTP/1.1[0m" 304 -
INFO:werkzeug:127.0.0.1 - - [11/Jan/2024 14:08:37] "[36mGET /static/images/exitbutton.png HTTP/1.1[0m" 304 -
INFO:werkzeug:127.0.0.1 - - [11/Jan/2024 14:08:37] "[36mGET /static/images/background-pc.png HTTP/1.1[0m" 304 -
WARNING:root:Valor nulo em 'andar', definindo como 0
WARNING:root:Valor nulo ou inválido em 'quantidade'
WARNING:root:Valor nulo em 'andar', definindo como 0
WARNING:root:Valor nulo ou inválido em 'quantidade'
WARNING:root:Valor nulo em 'andar', definindo como 0
WARNING:root:Valor nulo ou inválido em 'quantidade'
INFO:werkzeug:127.0.0.1 - - [11/Jan/2024 14:08:41] "POST /quantidadeadm HTTP/1.1" 200 -
WARNING:root:Valor nulo em 'andar', definindo como 0
WARNING:root:Valor nulo ou inválido em 'quantidade'
WARNING:root:Valor nulo em 'andar', definindo como 0
WARNING:root:Valor nulo ou inválido em 'quantidade'
WARNING:root:Valor nulo em 'andar', definindo como 0
WARNING:root:Valor nulo ou inválido em 'quantidade'
WARNING:root:Valor nulo em 'andar', definindo como 0
WARNING:root:Valor nulo ou inválido em 'quantidade'
WARNING:root:Valor nulo em 'andar', definindo como 0
WARNING:root:Valor nulo ou inválido em 'quantidade'
WARNING:root:Valor nulo em 'andar', definindo como 0
WARNING:root:Valor nulo ou inválido em 'quantidade'
WARNING:root:Valor nulo em 'andar', definindo como 0
WARNING:root:Valor nulo ou inválido em 'quantidade'
WARNING:root:Valor nulo em 'andar', definindo como 0
WARNING:root:Valor nulo ou inválido em 'quantidade'
WARNING:root:Valor nulo em 'andar', definindo como 0
WARNING:root:Valor nulo ou inválido em 'quantidade'
WARNING:root:Valor nulo em 'andar', definindo como 0
WARNING:root:Valor nulo ou inválido em 'quantidade'
WARNING:root:Valor nulo em 'andar', definindo como 0
WARNING:root:Valor nulo ou inválido em 'quantidade'
WARNING:root:Valor nulo em 'andar', definindo como 0
WARNING:root:Valor nulo ou inválido em 'quantidade'
WARNING:root:Valor nulo em 'andar', definindo como 0
WARNING:root:Valor nulo ou inválido em 'quantidade'
INFO:werkzeug:127.0.0.1 - - [11/Jan/2024 14:10:11] "POST /quantidadeadm HTTP/1.1" 200 -
INFO:werkzeug:127.0.0.1 - - [11/Jan/2024 14:14:27] "GET /login HTTP/1.1" 200 -
INFO:werkzeug:127.0.0.1 - - [11/Jan/2024 14:14:27] "[36mGET /static/styles/loading.css HTTP/1.1[0m" 304 -
INFO:werkzeug:127.0.0.1 - - [11/Jan/2024 14:14:27] "[36mGET /static/styles/login.css HTTP/1.1[0m" 304 -
INFO:werkzeug:127.0.0.1 - - [11/Jan/2024 14:14:27] "[36mGET /static/images/zezinho.png HTTP/1.1[0m" 304 -
INFO:werkzeug:127.0.0.1 - - [11/Jan/2024 14:14:30] "[32mPOST /login HTTP/1.1[0m" 302 -
INFO:werkzeug:127.0.0.1 - - [11/Jan/2024 14:14:30] "GET /loginrec HTTP/1.1" 200 -
INFO:werkzeug:127.0.0.1 - - [11/Jan/2024 14:14:30] "[36mGET /static/images/exitbutton.png HTTP/1.1[0m" 304 -
INFO:werkzeug:127.0.0.1 - - [11/Jan/2024 14:14:30] "[36mGET /static/images/zezinhobola.png HTTP/1.1[0m" 304 -
INFO:werkzeug:127.0.0.1 - - [11/Jan/2024 14:14:30] "[36mGET /static/styles/loginrec.css HTTP/1.1[0m" 304 -
INFO:werkzeug:127.0.0.1 - - [11/Jan/2024 14:14:30] "[36mGET /static/images/background-zezinho.png HTTP/1.1[0m" 304 -
INFO:root:Página de reabastecimento carregada com sucesso.
INFO:werkzeug:127.0.0.1 - - [11/Jan/2024 14:14:32] "GET /reabastecimento HTTP/1.1" 200 -
INFO:werkzeug:127.0.0.1 - - [11/Jan/2024 14:14:32] "[36mGET /static/images/exitbutton.png HTTP/1.1[0m" 304 -
INFO:werkzeug:127.0.0.1 - - [11/Jan/2024 14:14:32] "GET /static/styles/reabastecimento.css HTTP/1.1" 200 -
INFO:werkzeug:127.0.0.1 - - [11/Jan/2024 14:14:32] "[36mGET /static/images/background-zezinho.png HTTP/1.1[0m" 304 -
INFO:root:Reabastecimento solicitado com sucesso.
INFO:werkzeug:127.0.0.1 - - [11/Jan/2024 14:14:40] "[32mPOST /reabastecimento HTTP/1.1[0m" 302 -
INFO:root:Página de reabastecimento carregada com sucesso.
INFO:werkzeug:127.0.0.1 - - [11/Jan/2024 14:14:40] "GET /reabastecimento HTTP/1.1" 200 -
INFO:werkzeug:127.0.0.1 - - [11/Jan/2024 14:14:40] "GET /loginrec HTTP/1.1" 200 -
INFO:werkzeug:127.0.0.1 - - [11/Jan/2024 14:14:40] "[36mGET /static/styles/loginrec.css HTTP/1.1[0m" 304 -
INFO:werkzeug:127.0.0.1 - - [11/Jan/2024 14:14:40] "[36mGET /static/images/exitbutton.png HTTP/1.1[0m" 304 -
INFO:werkzeug:127.0.0.1 - - [11/Jan/2024 14:14:40] "[36mGET /static/images/zezinhobola.png HTTP/1.1[0m" 304 -
INFO:werkzeug:127.0.0.1 - - [11/Jan/2024 14:14:44] "GET /abastecimento HTTP/1.1" 200 -
INFO:werkzeug:127.0.0.1 - - [11/Jan/2024 14:14:44] "[36mGET /static/images/exitbutton.png HTTP/1.1[0m" 304 -
INFO:werkzeug:127.0.0.1 - - [11/Jan/2024 14:14:44] "GET /static/styles/abastecimento.css HTTP/1.1" 200 -
INFO:werkzeug:127.0.0.1 - - [11/Jan/2024 14:14:44] "[36mGET /static/images/background-zezinho.png HTTP/1.1[0m" 304 -
INFO:werkzeug:127.0.0.1 - - [11/Jan/2024 14:14:56] "POST /abastecimento HTTP/1.1" 200 -
INFO:werkzeug:127.0.0.1 - - [11/Jan/2024 14:14:58] "GET /loginrec HTTP/1.1" 200 -
INFO:werkzeug:127.0.0.1 - - [11/Jan/2024 14:14:58] "[36mGET /static/styles/loginrec.css HTTP/1.1[0m" 304 -
INFO:werkzeug:127.0.0.1 - - [11/Jan/2024 14:14:58] "[36mGET /static/images/exitbutton.png HTTP/1.1[0m" 304 -
INFO:werkzeug:127.0.0.1 - - [11/Jan/2024 14:14:58] "[36mGET /static/images/zezinhobola.png HTTP/1.1[0m" 304 -
INFO:werkzeug:127.0.0.1 - - [11/Jan/2024 14:14:58] "[36mGET /static/images/background-zezinho.png HTTP/1.1[0m" 304 -
INFO:werkzeug:127.0.0.1 - - [11/Jan/2024 14:15:00] "GET /login HTTP/1.1" 200 -
INFO:werkzeug:127.0.0.1 - - [11/Jan/2024 14:15:00] "[36mGET /static/styles/loading.css HTTP/1.1[0m" 304 -
INFO:werkzeug:127.0.0.1 - - [11/Jan/2024 14:15:00] "[36mGET /static/styles/login.css HTTP/1.1[0m" 304 -
INFO:werkzeug:127.0.0.1 - - [11/Jan/2024 14:15:00] "[36mGET /static/images/zezinho.png HTTP/1.1[0m" 304 -
INFO:werkzeug:127.0.0.1 - - [11/Jan/2024 14:15:03] "[32mPOST /login HTTP/1.1[0m" 302 -
INFO:werkzeug:127.0.0.1 - - [11/Jan/2024 14:15:03] "GET /loginadm HTTP/1.1" 200 -
INFO:werkzeug:127.0.0.1 - - [11/Jan/2024 14:15:03] "[36mGET /static/styles/loginadm.css HTTP/1.1[0m" 304 -
INFO:werkzeug:127.0.0.1 - - [11/Jan/2024 14:15:03] "[36mGET /static/images/exitbutton.png HTTP/1.1[0m" 304 -
INFO:werkzeug:127.0.0.1 - - [11/Jan/2024 14:15:03] "[36mGET /static/images/background-pc.png HTTP/1.1[0m" 304 -
INFO:werkzeug:127.0.0.1 - - [11/Jan/2024 14:15:05] "GET /quantidadeadm HTTP/1.1" 200 -
INFO:werkzeug:127.0.0.1 - - [11/Jan/2024 14:15:05] "[36mGET /static/styles/quantidadeadm.css HTTP/1.1[0m" 304 -
INFO:werkzeug:127.0.0.1 - - [11/Jan/2024 14:15:05] "[36mGET /static/images/exitbutton.png HTTP/1.1[0m" 304 -
INFO:werkzeug:127.0.0.1 - - [11/Jan/2024 14:15:05] "[36mGET /static/images/background-pc.png HTTP/1.1[0m" 304 -
WARNING:root:Valor nulo em 'andar', definindo como 0
WARNING:root:Valor nulo ou inválido em 'quantidade'
WARNING:root:Valor nulo em 'andar', definindo como 0
WARNING:root:Valor nulo ou inválido em 'quantidade'
WARNING:root:Valor nulo em 'andar', definindo como 0
WARNING:root:Valor nulo ou inválido em 'quantidade'
WARNING:root:Valor nulo em 'andar', definindo como 0
WARNING:root:Valor nulo ou inválido em 'quantidade'
WARNING:root:Valor nulo em 'andar', definindo como 0
WARNING:root:Valor nulo ou inválido em 'quantidade'
WARNING:root:Valor nulo em 'andar', definindo como 0
WARNING:root:Valor nulo ou inválido em 'quantidade'
WARNING:root:Valor nulo em 'andar', definindo como 0
WARNING:root:Valor nulo ou inválido em 'quantidade'
WARNING:root:Valor nulo em 'andar', definindo como 0
WARNING:root:Valor nulo ou inválido em 'quantidade'
WARNING:root:Valor nulo em 'andar', definindo como 0
WARNING:root:Valor nulo ou inválido em 'quantidade'
WARNING:root:Valor nulo em 'andar', definindo como 0
WARNING:root:Valor nulo ou inválido em 'quantidade'
WARNING:root:Valor nulo em 'andar', definindo como 0
WARNING:root:Valor nulo ou inválido em 'quantidade'
WARNING:root:Valor nulo em 'andar', definindo como 0
WARNING:root:Valor nulo ou inválido em 'quantidade'
WARNING:root:Valor nulo em 'andar', definindo como 0
WARNING:root:Valor nulo ou inválido em 'quantidade'
INFO:werkzeug:127.0.0.1 - - [11/Jan/2024 14:15:33] "POST /quantidadeadm HTTP/1.1" 200 -
INFO:werkzeug: * Detected change in 'C:\\Users\\x16170389\\Desktop\\papercontrolsystem\\app.py', reloading
INFO:werkzeug: * Restarting with stat
WARNING:werkzeug: * Debugger is active!
INFO:werkzeug: * Debugger PIN: 110-393-147
INFO:werkzeug:127.0.0.1 - - [11/Jan/2024 14:16:42] "[32mGET /quantidadeadm HTTP/1.1[0m" 302 -
INFO:werkzeug:127.0.0.1 - - [11/Jan/2024 14:16:42] "GET /login?next=/quantidadeadm HTTP/1.1" 200 -
INFO:werkzeug:127.0.0.1 - - [11/Jan/2024 14:16:42] "[36mGET /static/styles/loading.css HTTP/1.1[0m" 304 -
INFO:werkzeug:127.0.0.1 - - [11/Jan/2024 14:16:42] "[36mGET /static/styles/login.css HTTP/1.1[0m" 304 -
INFO:werkzeug:127.0.0.1 - - [11/Jan/2024 14:16:42] "[36mGET /static/images/zezinho.png HTTP/1.1[0m" 304 -
INFO:werkzeug:127.0.0.1 - - [11/Jan/2024 14:16:44] "[32mPOST /login HTTP/1.1[0m" 302 -
INFO:werkzeug:127.0.0.1 - - [11/Jan/2024 14:16:44] "GET /loginadm HTTP/1.1" 200 -
INFO:werkzeug:127.0.0.1 - - [11/Jan/2024 14:16:44] "[36mGET /static/styles/loginadm.css HTTP/1.1[0m" 304 -
INFO:werkzeug:127.0.0.1 - - [11/Jan/2024 14:16:44] "[36mGET /static/images/exitbutton.png HTTP/1.1[0m" 304 -
INFO:werkzeug:127.0.0.1 - - [11/Jan/2024 14:16:44] "[36mGET /static/images/background-pc.png HTTP/1.1[0m" 304 -
INFO:werkzeug:127.0.0.1 - - [11/Jan/2024 14:16:45] "GET /quantidadeadm HTTP/1.1" 200 -
INFO:werkzeug:127.0.0.1 - - [11/Jan/2024 14:16:45] "[36mGET /static/styles/quantidadeadm.css HTTP/1.1[0m" 304 -
INFO:werkzeug:127.0.0.1 - - [11/Jan/2024 14:16:45] "[36mGET /static/images/exitbutton.png HTTP/1.1[0m" 304 -
INFO:werkzeug:127.0.0.1 - - [11/Jan/2024 14:16:45] "[36mGET /static/images/background-pc.png HTTP/1.1[0m" 304 -
WARNING:root:Valor nulo em 'andar', definindo como 0
WARNING:root:Valor nulo ou inválido em 'quantidade'
WARNING:root:Valor nulo em 'andar', definindo como 0
WARNING:root:Valor nulo ou inválido em 'quantidade'
WARNING:root:Valor nulo em 'andar', definindo como 0
WARNING:root:Valor nulo ou inválido em 'quantidade'
WARNING:root:Valor nulo em 'andar', definindo como 0
WARNING:root:Valor nulo ou inválido em 'quantidade'
WARNING:root:Valor nulo em 'andar', definindo como 0
WARNING:root:Valor nulo ou inválido em 'quantidade'
WARNING:root:Valor nulo em 'andar', definindo como 0
WARNING:root:Valor nulo ou inválido em 'quantidade'
WARNING:root:Valor nulo em 'andar', definindo como 0
WARNING:root:Valor nulo ou inválido em 'quantidade'
WARNING:root:Valor nulo em 'andar', definindo como 0
WARNING:root:Valor nulo ou inválido em 'quantidade'
WARNING:root:Valor nulo em 'andar', definindo como 0
WARNING:root:Valor nulo ou inválido em 'quantidade'
WARNING:root:Valor nulo em 'andar', definindo como 0
WARNING:root:Valor nulo ou inválido em 'quantidade'
WARNING:root:Valor nulo em 'andar', definindo como 0
WARNING:root:Valor nulo ou inválido em 'quantidade'
WARNING:root:Valor nulo em 'andar', definindo como 0
WARNING:root:Valor nulo ou inválido em 'quantidade'
WARNING:root:Valor nulo em 'andar', definindo como 0
WARNING:root:Valor nulo ou inválido em 'quantidade'
INFO:werkzeug:127.0.0.1 - - [11/Jan/2024 14:16:51] "POST /quantidadeadm HTTP/1.1" 200 -
