INFO:mysql.connector:package: mysql.connector.plugins
INFO:mysql.connector:plugin_name: caching_sha2_password
INFO:mysql.connector:AUTHENTICATION_PLUGIN_CLASS: MySQLCachingSHA2PasswordAuthPlugin
INFO:mysql.connector:package: mysql.connector.plugins
INFO:mysql.connector:plugin_name: mysql_native_password
INFO:mysql.connector:AUTHENTICATION_PLUGIN_CLASS: MySQLNativePasswordAuthPlugin
INFO:werkzeug:127.0.0.1 - - [29/Feb/2024 12:45:53] "[32mPOST /LoginPaper HTTP/1.1[0m" 302 -
INFO:werkzeug:127.0.0.1 - - [29/Feb/2024 12:45:53] "GET /RepositorHome?exibirPopup=true HTTP/1.1" 200 -
INFO:werkzeug:127.0.0.1 - - [29/Feb/2024 12:45:53] "[36mGET /static/styles/loginrec.css HTTP/1.1[0m" 304 -
INFO:werkzeug:127.0.0.1 - - [29/Feb/2024 12:45:53] "[36mGET /static/images/exitbutton.png HTTP/1.1[0m" 304 -
INFO:werkzeug:127.0.0.1 - - [29/Feb/2024 12:45:53] "[36mGET /static/images/zezinhobola.png HTTP/1.1[0m" 304 -
INFO:werkzeug:127.0.0.1 - - [29/Feb/2024 12:45:53] "[36mGET /static/images/background-zezinho.png HTTP/1.1[0m" 304 -
INFO:werkzeug: * Detected change in 'C:\\Users\\x17859816\\Desktop\\papercontrollsystem\\app.py', reloading
INFO:werkzeug: * Restarting with stat
WARNING:werkzeug: * Debugger is active!
INFO:werkzeug: * Debugger PIN: 104-892-687
INFO:werkzeug:127.0.0.1 - - [29/Feb/2024 12:52:53] "[32mGET /RepositorHome?exibirPopup=true HTTP/1.1[0m" 302 -
INFO:werkzeug:127.0.0.1 - - [29/Feb/2024 12:52:53] "GET /LoginPaper?next=/RepositorHome?exibirPopup%3Dtrue HTTP/1.1" 200 -
INFO:werkzeug:127.0.0.1 - - [29/Feb/2024 12:52:53] "[36mGET /static/styles/login.css HTTP/1.1[0m" 304 -
INFO:werkzeug:127.0.0.1 - - [29/Feb/2024 12:52:53] "[36mGET /static/styles/loading.css HTTP/1.1[0m" 304 -
INFO:werkzeug:127.0.0.1 - - [29/Feb/2024 12:52:53] "[36mGET /static/images/zezinho.png HTTP/1.1[0m" 304 -
INFO:werkzeug:127.0.0.1 - - [29/Feb/2024 12:52:53] "[36mGET /static/images/zezinhobola.png HTTP/1.1[0m" 304 -
INFO:werkzeug:127.0.0.1 - - [29/Feb/2024 12:53:01] "[32mGET /RepositorHome?exibirPopup=true HTTP/1.1[0m" 302 -
INFO:werkzeug:127.0.0.1 - - [29/Feb/2024 12:53:01] "GET /LoginPaper?next=/RepositorHome?exibirPopup%3Dtrue HTTP/1.1" 200 -
INFO:werkzeug:127.0.0.1 - - [29/Feb/2024 12:53:01] "[36mGET /static/styles/loading.css HTTP/1.1[0m" 304 -
INFO:werkzeug:127.0.0.1 - - [29/Feb/2024 12:53:01] "[36mGET /static/styles/login.css HTTP/1.1[0m" 304 -
INFO:werkzeug:127.0.0.1 - - [29/Feb/2024 12:53:02] "[36mGET /static/images/zezinho.png HTTP/1.1[0m" 304 -
INFO:werkzeug:127.0.0.1 - - [29/Feb/2024 12:53:02] "[36mGET /static/images/zezinhobola.png HTTP/1.1[0m" 304 -
INFO:mysql.connector:package: mysql.connector.plugins
INFO:mysql.connector:plugin_name: caching_sha2_password
INFO:mysql.connector:AUTHENTICATION_PLUGIN_CLASS: MySQLCachingSHA2PasswordAuthPlugin
INFO:mysql.connector:package: mysql.connector.plugins
INFO:mysql.connector:plugin_name: mysql_native_password
INFO:mysql.connector:AUTHENTICATION_PLUGIN_CLASS: MySQLNativePasswordAuthPlugin
INFO:werkzeug:127.0.0.1 - - [29/Feb/2024 12:53:07] "[32mPOST /LoginPaper HTTP/1.1[0m" 302 -
INFO:werkzeug:127.0.0.1 - - [29/Feb/2024 12:53:07] "GET /RepositorHome?exibirPopup=true HTTP/1.1" 200 -
INFO:werkzeug:127.0.0.1 - - [29/Feb/2024 12:53:07] "[36mGET /static/styles/loginrec.css HTTP/1.1[0m" 304 -
INFO:werkzeug:127.0.0.1 - - [29/Feb/2024 12:53:07] "[36mGET /static/images/exitbutton.png HTTP/1.1[0m" 304 -
INFO:werkzeug:127.0.0.1 - - [29/Feb/2024 12:53:07] "[36mGET /static/images/zezinhobola.png HTTP/1.1[0m" 304 -
INFO:werkzeug:127.0.0.1 - - [29/Feb/2024 12:53:07] "[36mGET /static/images/background-zezinho.png HTTP/1.1[0m" 304 -
INFO:werkzeug:127.0.0.1 - - [29/Feb/2024 12:53:12] "GET /RepositorHome HTTP/1.1" 200 -
INFO:werkzeug:127.0.0.1 - - [29/Feb/2024 12:53:12] "[36mGET /static/styles/loginrec.css HTTP/1.1[0m" 304 -
INFO:werkzeug:127.0.0.1 - - [29/Feb/2024 12:53:12] "[36mGET /static/images/exitbutton.png HTTP/1.1[0m" 304 -
INFO:werkzeug:127.0.0.1 - - [29/Feb/2024 12:53:12] "[36mGET /static/images/zezinhobola.png HTTP/1.1[0m" 304 -
INFO:werkzeug:127.0.0.1 - - [29/Feb/2024 12:53:14] "GET /LoginPaper HTTP/1.1" 200 -
INFO:werkzeug:127.0.0.1 - - [29/Feb/2024 12:53:14] "[36mGET /static/styles/loading.css HTTP/1.1[0m" 304 -
INFO:werkzeug:127.0.0.1 - - [29/Feb/2024 12:53:14] "[36mGET /static/styles/login.css HTTP/1.1[0m" 304 -
INFO:werkzeug:127.0.0.1 - - [29/Feb/2024 12:53:17] "[32mPOST /LoginPaper HTTP/1.1[0m" 302 -
INFO:werkzeug:127.0.0.1 - - [29/Feb/2024 12:53:17] "GET /AdmHome HTTP/1.1" 200 -
INFO:werkzeug:127.0.0.1 - - [29/Feb/2024 12:53:17] "[36mGET /static/styles/loginadm.css HTTP/1.1[0m" 304 -
INFO:werkzeug:127.0.0.1 - - [29/Feb/2024 12:53:17] "[36mGET /static/images/exitbutton.png HTTP/1.1[0m" 304 -
INFO:werkzeug:127.0.0.1 - - [29/Feb/2024 12:53:17] "[36mGET /static/images/background-pc.png HTTP/1.1[0m" 304 -
INFO:werkzeug:127.0.0.1 - - [29/Feb/2024 12:53:19] "GET /enviarPopup HTTP/1.1" 200 -
INFO:werkzeug:127.0.0.1 - - [29/Feb/2024 12:53:19] "[36mGET /static/styles/enviarNotificacao.css HTTP/1.1[0m" 304 -
INFO:werkzeug:127.0.0.1 - - [29/Feb/2024 12:53:19] "[36mGET /static/images/exitbutton.png HTTP/1.1[0m" 304 -
INFO:werkzeug:127.0.0.1 - - [29/Feb/2024 12:53:19] "[36mGET /static/images/background-pc.png HTTP/1.1[0m" 304 -
INFO:werkzeug:127.0.0.1 - - [29/Feb/2024 12:53:24] "[32mPOST /enviarPopup HTTP/1.1[0m" 302 -
INFO:werkzeug:127.0.0.1 - - [29/Feb/2024 12:53:24] "GET /AdmHome?ilhasNecessarias={'GERAIS':+{2:+[('ILHA2',+1),+('ILHA8',+5),+('ILHA1',+1),+('ILHA7',+2),+('ILHA3',+1),+('ILHA5',+3)]}} HTTP/1.1" 200 -
INFO:werkzeug:127.0.0.1 - - [29/Feb/2024 12:53:24] "[36mGET /static/styles/loginadm.css HTTP/1.1[0m" 304 -
INFO:werkzeug:127.0.0.1 - - [29/Feb/2024 12:53:24] "[36mGET /static/images/exitbutton.png HTTP/1.1[0m" 304 -
INFO:werkzeug:127.0.0.1 - - [29/Feb/2024 12:53:24] "[36mGET /static/images/background-pc.png HTTP/1.1[0m" 304 -
INFO:werkzeug:127.0.0.1 - - [29/Feb/2024 12:53:32] "[32mPOST /LoginPaper HTTP/1.1[0m" 302 -
INFO:werkzeug:127.0.0.1 - - [29/Feb/2024 12:53:32] "GET /RepositorHome?exibirPopup=true HTTP/1.1" 200 -
INFO:werkzeug:127.0.0.1 - - [29/Feb/2024 12:53:32] "[36mGET /static/styles/loginrec.css HTTP/1.1[0m" 304 -
INFO:werkzeug:127.0.0.1 - - [29/Feb/2024 12:53:32] "[36mGET /static/images/exitbutton.png HTTP/1.1[0m" 304 -
INFO:werkzeug:127.0.0.1 - - [29/Feb/2024 12:53:32] "[36mGET /static/images/zezinhobola.png HTTP/1.1[0m" 304 -
INFO:werkzeug:127.0.0.1 - - [29/Feb/2024 12:53:32] "[36mGET /static/images/background-zezinho.png HTTP/1.1[0m" 304 -
INFO:werkzeug:127.0.0.1 - - [29/Feb/2024 12:53:37] "[36mGET /static/styles/loginrec.css HTTP/1.1[0m" 304 -
INFO:werkzeug:127.0.0.1 - - [29/Feb/2024 12:55:56] "GET /AdmHome?ilhasNecessarias={'GERAIS':+{2:+[('ILHA2',+1),+('ILHA8',+5),+('ILHA1',+1),+('ILHA7',+2),+('ILHA3',+1),+('ILHA5',+3)]}} HTTP/1.1" 200 -
INFO:werkzeug:127.0.0.1 - - [29/Feb/2024 12:55:56] "[36mGET /static/styles/loginadm.css HTTP/1.1[0m" 304 -
INFO:werkzeug:127.0.0.1 - - [29/Feb/2024 12:55:56] "[36mGET /static/images/exitbutton.png HTTP/1.1[0m" 304 -
INFO:werkzeug:127.0.0.1 - - [29/Feb/2024 12:55:56] "[36mGET /static/images/background-pc.png HTTP/1.1[0m" 304 -
INFO:werkzeug:127.0.0.1 - - [29/Feb/2024 12:55:56] "[36mGET /static/images/zezinhobola.png HTTP/1.1[0m" 304 -
INFO:werkzeug:127.0.0.1 - - [29/Feb/2024 12:55:58] "[35m[1mGET /RepositorHome?exibirPopup=true HTTP/1.1[0m" 500 -
INFO:werkzeug:127.0.0.1 - - [29/Feb/2024 12:55:58] "GET /RepositorHome?__debugger__=yes&cmd=resource&f=style.css HTTP/1.1" 200 -
INFO:werkzeug:127.0.0.1 - - [29/Feb/2024 12:55:58] "GET /RepositorHome?__debugger__=yes&cmd=resource&f=debugger.js HTTP/1.1" 200 -
INFO:werkzeug:127.0.0.1 - - [29/Feb/2024 12:55:58] "GET /?__debugger__=yes&cmd=resource&f=more.png HTTP/1.1" 200 -
INFO:werkzeug:127.0.0.1 - - [29/Feb/2024 12:55:58] "GET /?__debugger__=yes&cmd=resource&f=less.png HTTP/1.1" 200 -
INFO:werkzeug:127.0.0.1 - - [29/Feb/2024 12:55:58] "GET /RepositorHome?__debugger__=yes&cmd=resource&f=console.png HTTP/1.1" 200 -
INFO:werkzeug:127.0.0.1 - - [29/Feb/2024 12:55:58] "GET /LoginPaper HTTP/1.1" 200 -
INFO:werkzeug:127.0.0.1 - - [29/Feb/2024 12:55:58] "[36mGET /RepositorHome?__debugger__=yes&cmd=resource&f=console.png HTTP/1.1[0m" 304 -
INFO:werkzeug:127.0.0.1 - - [29/Feb/2024 12:55:58] "[36mGET /static/styles/loading.css HTTP/1.1[0m" 304 -
INFO:werkzeug:127.0.0.1 - - [29/Feb/2024 12:55:58] "[36mGET /static/styles/login.css HTTP/1.1[0m" 304 -
INFO:werkzeug:127.0.0.1 - - [29/Feb/2024 12:55:58] "[36mGET /static/images/zezinho.png HTTP/1.1[0m" 304 -
INFO:werkzeug:127.0.0.1 - - [29/Feb/2024 12:56:28] "[35m[1mGET /RepositorHome?exibirPopup=true HTTP/1.1[0m" 500 -
INFO:werkzeug:127.0.0.1 - - [29/Feb/2024 12:56:28] "[36mGET /RepositorHome?__debugger__=yes&cmd=resource&f=style.css HTTP/1.1[0m" 304 -
INFO:werkzeug:127.0.0.1 - - [29/Feb/2024 12:56:28] "[36mGET /RepositorHome?__debugger__=yes&cmd=resource&f=debugger.js HTTP/1.1[0m" 304 -
INFO:werkzeug:127.0.0.1 - - [29/Feb/2024 12:56:28] "[36mGET /RepositorHome?__debugger__=yes&cmd=resource&f=console.png HTTP/1.1[0m" 304 -
INFO:werkzeug:127.0.0.1 - - [29/Feb/2024 12:56:28] "[36mGET /RepositorHome?__debugger__=yes&cmd=resource&f=console.png HTTP/1.1[0m" 304 -
INFO:werkzeug:127.0.0.1 - - [29/Feb/2024 12:57:35] "[35m[1mGET /RepositorHome?exibirPopup=true HTTP/1.1[0m" 500 -
INFO:werkzeug:127.0.0.1 - - [29/Feb/2024 12:57:35] "[36mGET /RepositorHome?__debugger__=yes&cmd=resource&f=style.css HTTP/1.1[0m" 304 -
INFO:werkzeug:127.0.0.1 - - [29/Feb/2024 12:57:35] "[36mGET /RepositorHome?__debugger__=yes&cmd=resource&f=debugger.js HTTP/1.1[0m" 304 -
INFO:werkzeug:127.0.0.1 - - [29/Feb/2024 12:57:36] "[36mGET /RepositorHome?__debugger__=yes&cmd=resource&f=console.png HTTP/1.1[0m" 304 -
INFO:werkzeug:127.0.0.1 - - [29/Feb/2024 12:57:36] "[36mGET /RepositorHome?__debugger__=yes&cmd=resource&f=console.png HTTP/1.1[0m" 304 -
INFO:werkzeug:127.0.0.1 - - [29/Feb/2024 12:57:43] "[32mPOST /LoginPaper HTTP/1.1[0m" 302 -
INFO:werkzeug:127.0.0.1 - - [29/Feb/2024 12:57:43] "GET /AdmHome HTTP/1.1" 200 -
INFO:werkzeug:127.0.0.1 - - [29/Feb/2024 12:57:43] "[36mGET /static/styles/loginadm.css HTTP/1.1[0m" 304 -
INFO:werkzeug:127.0.0.1 - - [29/Feb/2024 12:57:43] "[36mGET /static/images/exitbutton.png HTTP/1.1[0m" 304 -
INFO:werkzeug:127.0.0.1 - - [29/Feb/2024 12:57:43] "[36mGET /static/images/background-pc.png HTTP/1.1[0m" 304 -
INFO:werkzeug:127.0.0.1 - - [29/Feb/2024 12:57:48] "GET /LoginPaper HTTP/1.1" 200 -
INFO:werkzeug:127.0.0.1 - - [29/Feb/2024 12:57:48] "[36mGET /static/styles/loading.css HTTP/1.1[0m" 304 -
INFO:werkzeug:127.0.0.1 - - [29/Feb/2024 12:57:48] "[36mGET /static/styles/login.css HTTP/1.1[0m" 304 -
INFO:werkzeug:127.0.0.1 - - [29/Feb/2024 12:57:48] "[36mGET /static/images/zezinho.png HTTP/1.1[0m" 304 -
INFO:werkzeug:127.0.0.1 - - [29/Feb/2024 12:57:51] "[32mPOST /LoginPaper HTTP/1.1[0m" 302 -
INFO:werkzeug:127.0.0.1 - - [29/Feb/2024 12:57:51] "GET /RepositorHome?exibirPopup=true HTTP/1.1" 200 -
INFO:werkzeug:127.0.0.1 - - [29/Feb/2024 12:57:51] "[36mGET /static/styles/loginrec.css HTTP/1.1[0m" 304 -
INFO:werkzeug:127.0.0.1 - - [29/Feb/2024 12:57:51] "[36mGET /static/images/exitbutton.png HTTP/1.1[0m" 304 -
INFO:werkzeug:127.0.0.1 - - [29/Feb/2024 12:57:51] "[36mGET /static/images/zezinhobola.png HTTP/1.1[0m" 304 -
INFO:werkzeug:127.0.0.1 - - [29/Feb/2024 12:57:51] "[36mGET /static/images/background-zezinho.png HTTP/1.1[0m" 304 -
INFO:werkzeug:127.0.0.1 - - [29/Feb/2024 12:57:54] "GET /RepositorHome?exibirPopup=true HTTP/1.1" 200 -
INFO:werkzeug:127.0.0.1 - - [29/Feb/2024 12:57:54] "[36mGET /static/styles/loginrec.css HTTP/1.1[0m" 304 -
INFO:werkzeug:127.0.0.1 - - [29/Feb/2024 12:57:54] "[36mGET /static/images/exitbutton.png HTTP/1.1[0m" 304 -
INFO:werkzeug:127.0.0.1 - - [29/Feb/2024 12:57:54] "[36mGET /static/images/zezinhobola.png HTTP/1.1[0m" 304 -
INFO:werkzeug:127.0.0.1 - - [29/Feb/2024 12:57:54] "[36mGET /static/images/background-zezinho.png HTTP/1.1[0m" 304 -
INFO:werkzeug:127.0.0.1 - - [29/Feb/2024 12:57:54] "[36mGET /static/images/zezinhobola.png HTTP/1.1[0m" 304 -
INFO:werkzeug:127.0.0.1 - - [29/Feb/2024 12:57:58] "GET /RepositorHome?exibirPopup=true HTTP/1.1" 200 -
INFO:werkzeug:127.0.0.1 - - [29/Feb/2024 12:57:58] "[36mGET /static/styles/loginrec.css HTTP/1.1[0m" 304 -
INFO:werkzeug:127.0.0.1 - - [29/Feb/2024 12:57:58] "[36mGET /static/images/exitbutton.png HTTP/1.1[0m" 304 -
INFO:werkzeug:127.0.0.1 - - [29/Feb/2024 12:57:58] "[36mGET /static/images/zezinhobola.png HTTP/1.1[0m" 304 -
INFO:werkzeug:127.0.0.1 - - [29/Feb/2024 12:57:58] "[36mGET /static/images/zezinhobola.png HTTP/1.1[0m" 304 -
INFO:werkzeug:127.0.0.1 - - [29/Feb/2024 13:02:21] "GET /RepositorHome?exibirPopup=true HTTP/1.1" 200 -
INFO:werkzeug:127.0.0.1 - - [29/Feb/2024 13:02:21] "[36mGET /static/styles/loginrec.css HTTP/1.1[0m" 304 -
INFO:werkzeug:127.0.0.1 - - [29/Feb/2024 13:02:21] "[36mGET /static/images/exitbutton.png HTTP/1.1[0m" 304 -
INFO:werkzeug:127.0.0.1 - - [29/Feb/2024 13:02:21] "[36mGET /static/images/zezinhobola.png HTTP/1.1[0m" 304 -
INFO:werkzeug:127.0.0.1 - - [29/Feb/2024 13:02:21] "[36mGET /static/images/background-zezinho.png HTTP/1.1[0m" 304 -
INFO:werkzeug:127.0.0.1 - - [29/Feb/2024 13:02:21] "[36mGET /static/images/zezinhobola.png HTTP/1.1[0m" 304 -
INFO:werkzeug:127.0.0.1 - - [29/Feb/2024 13:06:06] "GET /RepositorHome?exibirPopup=true HTTP/1.1" 200 -
INFO:werkzeug:127.0.0.1 - - [29/Feb/2024 13:06:07] "[36mGET /static/styles/loginrec.css HTTP/1.1[0m" 304 -
INFO:werkzeug:127.0.0.1 - - [29/Feb/2024 13:06:07] "[36mGET /static/images/exitbutton.png HTTP/1.1[0m" 304 -
INFO:werkzeug:127.0.0.1 - - [29/Feb/2024 13:06:07] "[36mGET /static/images/zezinhobola.png HTTP/1.1[0m" 304 -
INFO:werkzeug:127.0.0.1 - - [29/Feb/2024 13:06:07] "[36mGET /static/images/background-zezinho.png HTTP/1.1[0m" 304 -
INFO:werkzeug:127.0.0.1 - - [29/Feb/2024 13:06:07] "[36mGET /static/images/zezinhobola.png HTTP/1.1[0m" 304 -
INFO:werkzeug:127.0.0.1 - - [29/Feb/2024 13:06:09] "GET /RepositorHome?exibirPopup=true HTTP/1.1" 200 -
INFO:werkzeug:127.0.0.1 - - [29/Feb/2024 13:06:09] "[36mGET /static/styles/loginrec.css HTTP/1.1[0m" 304 -
INFO:werkzeug:127.0.0.1 - - [29/Feb/2024 13:06:09] "[36mGET /static/images/exitbutton.png HTTP/1.1[0m" 304 -
INFO:werkzeug:127.0.0.1 - - [29/Feb/2024 13:06:09] "[36mGET /static/images/zezinhobola.png HTTP/1.1[0m" 304 -
INFO:werkzeug:127.0.0.1 - - [29/Feb/2024 13:06:09] "[36mGET /static/images/background-zezinho.png HTTP/1.1[0m" 304 -
INFO:werkzeug:127.0.0.1 - - [29/Feb/2024 13:06:09] "[36mGET /static/images/zezinhobola.png HTTP/1.1[0m" 304 -
INFO:werkzeug:127.0.0.1 - - [29/Feb/2024 13:06:13] "[36mGET /static/styles/loginrec.css HTTP/1.1[0m" 304 -
INFO:werkzeug:127.0.0.1 - - [29/Feb/2024 13:06:42] "GET /RepositorHome?exibirPopup=true HTTP/1.1" 200 -
INFO:werkzeug:127.0.0.1 - - [29/Feb/2024 13:06:42] "[36mGET /static/styles/loginrec.css HTTP/1.1[0m" 304 -
INFO:werkzeug:127.0.0.1 - - [29/Feb/2024 13:06:42] "[36mGET /static/images/exitbutton.png HTTP/1.1[0m" 304 -
INFO:werkzeug:127.0.0.1 - - [29/Feb/2024 13:06:42] "[36mGET /static/images/zezinhobola.png HTTP/1.1[0m" 304 -
INFO:werkzeug:127.0.0.1 - - [29/Feb/2024 13:06:42] "[36mGET /static/images/zezinhobola.png HTTP/1.1[0m" 304 -
INFO:werkzeug:127.0.0.1 - - [29/Feb/2024 13:06:42] "[36mGET /static/images/background-zezinho.png HTTP/1.1[0m" 304 -
INFO:werkzeug:127.0.0.1 - - [29/Feb/2024 13:08:45] "[32mGET / HTTP/1.1[0m" 302 -
INFO:werkzeug:127.0.0.1 - - [29/Feb/2024 13:08:45] "GET /RepositorHome HTTP/1.1" 200 -
INFO:werkzeug:127.0.0.1 - - [29/Feb/2024 13:08:45] "[36mGET /static/styles/loginrec.css HTTP/1.1[0m" 304 -
INFO:werkzeug:127.0.0.1 - - [29/Feb/2024 13:08:45] "[36mGET /static/images/exitbutton.png HTTP/1.1[0m" 304 -
INFO:werkzeug:127.0.0.1 - - [29/Feb/2024 13:08:45] "[36mGET /static/images/zezinhobola.png HTTP/1.1[0m" 304 -
INFO:werkzeug:127.0.0.1 - - [29/Feb/2024 13:08:45] "[36mGET /static/images/background-zezinho.png HTTP/1.1[0m" 304 -
INFO:werkzeug:127.0.0.1 - - [29/Feb/2024 13:08:53] "GET /verificar_conexao HTTP/1.1" 200 -
INFO:werkzeug:127.0.0.1 - - [29/Feb/2024 13:12:48] "GET /RepositorHome?exibirPopup=true HTTP/1.1" 200 -
INFO:werkzeug:127.0.0.1 - - [29/Feb/2024 13:12:48] "[36mGET /static/styles/loginrec.css HTTP/1.1[0m" 304 -
INFO:werkzeug:127.0.0.1 - - [29/Feb/2024 13:12:48] "[36mGET /static/images/exitbutton.png HTTP/1.1[0m" 304 -
INFO:werkzeug:127.0.0.1 - - [29/Feb/2024 13:12:48] "[36mGET /static/images/zezinhobola.png HTTP/1.1[0m" 304 -
INFO:werkzeug:127.0.0.1 - - [29/Feb/2024 13:12:48] "[36mGET /static/images/zezinhobola.png HTTP/1.1[0m" 304 -
INFO:werkzeug:127.0.0.1 - - [29/Feb/2024 13:12:48] "[36mGET /static/images/background-zezinho.png HTTP/1.1[0m" 304 -
INFO:werkzeug:127.0.0.1 - - [29/Feb/2024 13:14:51] "GET /AjudaSugestao HTTP/1.1" 200 -
INFO:werkzeug:127.0.0.1 - - [29/Feb/2024 13:14:51] "[36mGET /static/images/exitbutton.png HTTP/1.1[0m" 304 -
INFO:werkzeug:127.0.0.1 - - [29/Feb/2024 13:14:51] "[36mGET /static/styles/ajudaOZe.css HTTP/1.1[0m" 304 -
INFO:werkzeug:127.0.0.1 - - [29/Feb/2024 13:14:51] "[36mGET /static/images/background-zezinho.png HTTP/1.1[0m" 304 -
INFO:werkzeug:127.0.0.1 - - [29/Feb/2024 13:14:54] "GET /RepositorHome HTTP/1.1" 200 -
INFO:werkzeug:127.0.0.1 - - [29/Feb/2024 13:14:54] "[36mGET /static/styles/loginrec.css HTTP/1.1[0m" 304 -
INFO:werkzeug:127.0.0.1 - - [29/Feb/2024 13:14:54] "[36mGET /static/images/exitbutton.png HTTP/1.1[0m" 304 -
INFO:werkzeug:127.0.0.1 - - [29/Feb/2024 13:14:54] "[36mGET /static/images/zezinhobola.png HTTP/1.1[0m" 304 -
INFO:werkzeug:127.0.0.1 - - [29/Feb/2024 13:14:54] "[36mGET /static/images/background-zezinho.png HTTP/1.1[0m" 304 -
INFO:werkzeug: * Detected change in 'C:\\Users\\x17859816\\Desktop\\papercontrollsystem\\app.py', reloading
INFO:werkzeug: * Restarting with stat
WARNING:werkzeug: * Debugger is active!
INFO:werkzeug: * Debugger PIN: 104-892-687
INFO:werkzeug:127.0.0.1 - - [29/Feb/2024 13:16:53] "[32mGET /RepositorHome HTTP/1.1[0m" 302 -
INFO:werkzeug:127.0.0.1 - - [29/Feb/2024 13:16:53] "GET /LoginPaper?next=/RepositorHome HTTP/1.1" 200 -
INFO:werkzeug:127.0.0.1 - - [29/Feb/2024 13:16:53] "[36mGET /static/styles/login.css HTTP/1.1[0m" 304 -
INFO:werkzeug:127.0.0.1 - - [29/Feb/2024 13:16:53] "[36mGET /static/styles/loading.css HTTP/1.1[0m" 304 -
INFO:werkzeug:127.0.0.1 - - [29/Feb/2024 13:16:53] "[36mGET /static/images/zezinho.png HTTP/1.1[0m" 304 -
INFO:werkzeug:127.0.0.1 - - [29/Feb/2024 13:16:53] "[36mGET /static/images/zezinhobola.png HTTP/1.1[0m" 304 -
INFO:mysql.connector:package: mysql.connector.plugins
INFO:mysql.connector:plugin_name: caching_sha2_password
INFO:mysql.connector:AUTHENTICATION_PLUGIN_CLASS: MySQLCachingSHA2PasswordAuthPlugin
INFO:mysql.connector:package: mysql.connector.plugins
INFO:mysql.connector:plugin_name: mysql_native_password
INFO:mysql.connector:AUTHENTICATION_PLUGIN_CLASS: MySQLNativePasswordAuthPlugin
INFO:werkzeug:127.0.0.1 - - [29/Feb/2024 13:16:56] "[32mPOST /LoginPaper HTTP/1.1[0m" 302 -
INFO:werkzeug:127.0.0.1 - - [29/Feb/2024 13:16:56] "GET /RepositorHome?exibirPopup=true HTTP/1.1" 200 -
INFO:werkzeug:127.0.0.1 - - [29/Feb/2024 13:16:56] "[36mGET /static/images/zezinhobola.png HTTP/1.1[0m" 304 -
INFO:werkzeug:127.0.0.1 - - [29/Feb/2024 13:16:56] "[36mGET /static/styles/loginrec.css HTTP/1.1[0m" 304 -
INFO:werkzeug:127.0.0.1 - - [29/Feb/2024 13:16:56] "[36mGET /static/images/exitbutton.png HTTP/1.1[0m" 304 -
INFO:werkzeug:127.0.0.1 - - [29/Feb/2024 13:16:56] "[36mGET /static/images/background-zezinho.png HTTP/1.1[0m" 304 -
INFO:werkzeug: * Detected change in 'C:\\Users\\x17859816\\Desktop\\papercontrollsystem\\app.py', reloading
INFO:werkzeug: * Restarting with stat
WARNING:werkzeug: * Debugger is active!
INFO:werkzeug: * Debugger PIN: 104-892-687
INFO:werkzeug:127.0.0.1 - - [29/Feb/2024 13:18:26] "[32mGET /RepositorHome?exibirPopup=true HTTP/1.1[0m" 302 -
INFO:werkzeug:127.0.0.1 - - [29/Feb/2024 13:18:26] "GET /LoginPaper?next=/RepositorHome?exibirPopup%3Dtrue HTTP/1.1" 200 -
INFO:werkzeug:127.0.0.1 - - [29/Feb/2024 13:18:26] "[36mGET /static/styles/loading.css HTTP/1.1[0m" 304 -
INFO:werkzeug:127.0.0.1 - - [29/Feb/2024 13:18:26] "[36mGET /static/styles/login.css HTTP/1.1[0m" 304 -
INFO:werkzeug:127.0.0.1 - - [29/Feb/2024 13:18:26] "[36mGET /static/images/zezinho.png HTTP/1.1[0m" 304 -
INFO:werkzeug:127.0.0.1 - - [29/Feb/2024 13:18:26] "[36mGET /static/images/zezinhobola.png HTTP/1.1[0m" 304 -
INFO:mysql.connector:package: mysql.connector.plugins
INFO:mysql.connector:plugin_name: caching_sha2_password
INFO:mysql.connector:AUTHENTICATION_PLUGIN_CLASS: MySQLCachingSHA2PasswordAuthPlugin
INFO:mysql.connector:package: mysql.connector.plugins
INFO:mysql.connector:plugin_name: mysql_native_password
INFO:mysql.connector:AUTHENTICATION_PLUGIN_CLASS: MySQLNativePasswordAuthPlugin
INFO:werkzeug:127.0.0.1 - - [29/Feb/2024 13:18:27] "[32mPOST /LoginPaper HTTP/1.1[0m" 302 -
INFO:werkzeug:127.0.0.1 - - [29/Feb/2024 13:18:27] "[35m[1mGET /RepositorHome?exibirPopup=true HTTP/1.1[0m" 500 -
INFO:werkzeug:127.0.0.1 - - [29/Feb/2024 13:18:27] "[36mGET /RepositorHome?__debugger__=yes&cmd=resource&f=style.css HTTP/1.1[0m" 304 -
INFO:werkzeug:127.0.0.1 - - [29/Feb/2024 13:18:27] "[36mGET /RepositorHome?__debugger__=yes&cmd=resource&f=debugger.js HTTP/1.1[0m" 304 -
INFO:werkzeug:127.0.0.1 - - [29/Feb/2024 13:18:27] "[36mGET /RepositorHome?__debugger__=yes&cmd=resource&f=console.png HTTP/1.1[0m" 304 -
INFO:werkzeug:127.0.0.1 - - [29/Feb/2024 13:18:27] "[36mGET /RepositorHome?__debugger__=yes&cmd=resource&f=console.png HTTP/1.1[0m" 304 -
INFO:werkzeug: * Detected change in 'C:\\Users\\x17859816\\Desktop\\papercontrollsystem\\app.py', reloading
INFO:werkzeug: * Restarting with stat
WARNING:werkzeug: * Debugger is active!
INFO:werkzeug: * Debugger PIN: 104-892-687
INFO:werkzeug:127.0.0.1 - - [29/Feb/2024 13:19:26] "[32mGET /RepositorHome?exibirPopup=true HTTP/1.1[0m" 302 -
INFO:werkzeug:127.0.0.1 - - [29/Feb/2024 13:19:26] "GET /LoginPaper?next=/RepositorHome?exibirPopup%3Dtrue HTTP/1.1" 200 -
INFO:werkzeug:127.0.0.1 - - [29/Feb/2024 13:19:27] "[36mGET /static/styles/login.css HTTP/1.1[0m" 304 -
INFO:werkzeug:127.0.0.1 - - [29/Feb/2024 13:19:27] "[36mGET /static/styles/loading.css HTTP/1.1[0m" 304 -
INFO:werkzeug:127.0.0.1 - - [29/Feb/2024 13:19:27] "[36mGET /static/images/zezinho.png HTTP/1.1[0m" 304 -
INFO:mysql.connector:package: mysql.connector.plugins
INFO:mysql.connector:plugin_name: caching_sha2_password
INFO:mysql.connector:AUTHENTICATION_PLUGIN_CLASS: MySQLCachingSHA2PasswordAuthPlugin
INFO:mysql.connector:package: mysql.connector.plugins
INFO:mysql.connector:plugin_name: mysql_native_password
INFO:mysql.connector:AUTHENTICATION_PLUGIN_CLASS: MySQLNativePasswordAuthPlugin
INFO:werkzeug:127.0.0.1 - - [29/Feb/2024 13:19:28] "[32mPOST /LoginPaper HTTP/1.1[0m" 302 -
INFO:werkzeug:127.0.0.1 - - [29/Feb/2024 13:19:28] "GET /RepositorHome?exibirPopup=true HTTP/1.1" 200 -
INFO:werkzeug:127.0.0.1 - - [29/Feb/2024 13:19:28] "[36mGET /static/styles/loginrec.css HTTP/1.1[0m" 304 -
INFO:werkzeug:127.0.0.1 - - [29/Feb/2024 13:19:28] "[36mGET /static/images/exitbutton.png HTTP/1.1[0m" 304 -
INFO:werkzeug:127.0.0.1 - - [29/Feb/2024 13:19:28] "[36mGET /static/images/zezinhobola.png HTTP/1.1[0m" 304 -
INFO:werkzeug:127.0.0.1 - - [29/Feb/2024 13:19:28] "[36mGET /static/images/background-zezinho.png HTTP/1.1[0m" 304 -
INFO:werkzeug:127.0.0.1 - - [29/Feb/2024 13:20:19] "[32mGET /RepositorHome HTTP/1.1[0m" 302 -
INFO:werkzeug:127.0.0.1 - - [29/Feb/2024 13:20:19] "GET /LoginPaper?next=/RepositorHome HTTP/1.1" 200 -
INFO:werkzeug:127.0.0.1 - - [29/Feb/2024 13:20:19] "[36mGET /static/styles/loading.css HTTP/1.1[0m" 304 -
INFO:werkzeug:127.0.0.1 - - [29/Feb/2024 13:20:19] "[36mGET /static/styles/login.css HTTP/1.1[0m" 304 -
INFO:werkzeug:127.0.0.1 - - [29/Feb/2024 13:20:19] "[36mGET /static/images/zezinho.png HTTP/1.1[0m" 304 -
INFO:werkzeug:127.0.0.1 - - [29/Feb/2024 13:20:22] "[32mPOST /LoginPaper HTTP/1.1[0m" 302 -
INFO:werkzeug:127.0.0.1 - - [29/Feb/2024 13:20:22] "GET /AdmHome HTTP/1.1" 200 -
INFO:werkzeug:127.0.0.1 - - [29/Feb/2024 13:20:22] "[36mGET /static/styles/loginadm.css HTTP/1.1[0m" 304 -
INFO:werkzeug:127.0.0.1 - - [29/Feb/2024 13:20:22] "[36mGET /static/images/exitbutton.png HTTP/1.1[0m" 304 -
INFO:werkzeug:127.0.0.1 - - [29/Feb/2024 13:20:22] "[36mGET /static/images/background-pc.png HTTP/1.1[0m" 304 -
INFO:werkzeug:127.0.0.1 - - [29/Feb/2024 13:20:23] "GET /enviarPopup HTTP/1.1" 200 -
INFO:werkzeug:127.0.0.1 - - [29/Feb/2024 13:20:23] "[36mGET /static/styles/enviarNotificacao.css HTTP/1.1[0m" 304 -
INFO:werkzeug:127.0.0.1 - - [29/Feb/2024 13:20:23] "[36mGET /static/images/exitbutton.png HTTP/1.1[0m" 304 -
INFO:werkzeug:127.0.0.1 - - [29/Feb/2024 13:20:23] "[36mGET /static/images/background-pc.png HTTP/1.1[0m" 304 -
INFO:werkzeug:127.0.0.1 - - [29/Feb/2024 13:20:33] "[32mPOST /enviarPopup HTTP/1.1[0m" 302 -
INFO:werkzeug:127.0.0.1 - - [29/Feb/2024 13:20:33] "GET /AdmHome?ilhasNecessarias={'GERAIS':+{2:+[('ILHA2',+1),+('ILHA8',+5),+('ILHA1',+1),+('ILHA7',+2),+('ILHA3',+1),+('ILHA5',+3)]}} HTTP/1.1" 200 -
INFO:werkzeug:127.0.0.1 - - [29/Feb/2024 13:20:33] "[36mGET /static/styles/loginadm.css HTTP/1.1[0m" 304 -
INFO:werkzeug:127.0.0.1 - - [29/Feb/2024 13:20:33] "[36mGET /static/images/exitbutton.png HTTP/1.1[0m" 304 -
INFO:werkzeug:127.0.0.1 - - [29/Feb/2024 13:20:36] "GET /RepositorHome?exibirPopup=true HTTP/1.1" 200 -
INFO:werkzeug:127.0.0.1 - - [29/Feb/2024 13:20:36] "[36mGET /static/styles/loginrec.css HTTP/1.1[0m" 304 -
INFO:werkzeug:127.0.0.1 - - [29/Feb/2024 13:20:36] "[36mGET /static/images/exitbutton.png HTTP/1.1[0m" 304 -
INFO:werkzeug:127.0.0.1 - - [29/Feb/2024 13:20:36] "[36mGET /static/images/zezinhobola.png HTTP/1.1[0m" 304 -
INFO:werkzeug:127.0.0.1 - - [29/Feb/2024 13:20:36] "[36mGET /static/images/background-zezinho.png HTTP/1.1[0m" 304 -
INFO:werkzeug:127.0.0.1 - - [29/Feb/2024 13:20:36] "[36mGET /static/images/zezinhobola.png HTTP/1.1[0m" 304 -
INFO:werkzeug:127.0.0.1 - - [29/Feb/2024 13:33:54] "[36mGET /static/styles/loginrec.css HTTP/1.1[0m" 304 -
INFO:werkzeug:127.0.0.1 - - [29/Feb/2024 13:34:11] "GET /LoginPaper HTTP/1.1" 200 -
INFO:werkzeug:127.0.0.1 - - [29/Feb/2024 13:34:11] "[36mGET /static/styles/loading.css HTTP/1.1[0m" 304 -
INFO:werkzeug:127.0.0.1 - - [29/Feb/2024 13:34:11] "[36mGET /static/styles/login.css HTTP/1.1[0m" 304 -
INFO:werkzeug:127.0.0.1 - - [29/Feb/2024 13:34:11] "[36mGET /static/images/zezinho.png HTTP/1.1[0m" 304 -
INFO:werkzeug:127.0.0.1 - - [29/Feb/2024 13:34:13] "[32mPOST /LoginPaper HTTP/1.1[0m" 302 -
INFO:werkzeug:127.0.0.1 - - [29/Feb/2024 13:34:13] "GET /RepositorHome?exibirPopup=true HTTP/1.1" 200 -
INFO:werkzeug:127.0.0.1 - - [29/Feb/2024 13:34:13] "[36mGET /static/styles/loginrec.css HTTP/1.1[0m" 304 -
INFO:werkzeug:127.0.0.1 - - [29/Feb/2024 13:34:13] "[36mGET /static/images/exitbutton.png HTTP/1.1[0m" 304 -
INFO:werkzeug:127.0.0.1 - - [29/Feb/2024 13:34:13] "[36mGET /static/images/zezinhobola.png HTTP/1.1[0m" 304 -
INFO:werkzeug:127.0.0.1 - - [29/Feb/2024 13:34:14] "[36mGET /static/images/background-zezinho.png HTTP/1.1[0m" 304 -
INFO:werkzeug:127.0.0.1 - - [29/Feb/2024 13:34:17] "[36mGET /static/styles/loginrec.css HTTP/1.1[0m" 304 -
INFO:werkzeug:127.0.0.1 - - [29/Feb/2024 13:36:53] "GET /RepositorHome?exibirPopup=true HTTP/1.1" 200 -
INFO:werkzeug:127.0.0.1 - - [29/Feb/2024 13:36:53] "[36mGET /static/styles/loginrec.css HTTP/1.1[0m" 304 -
INFO:werkzeug:127.0.0.1 - - [29/Feb/2024 13:36:53] "[36mGET /static/images/exitbutton.png HTTP/1.1[0m" 304 -
INFO:werkzeug:127.0.0.1 - - [29/Feb/2024 13:36:53] "[36mGET /static/images/zezinhobola.png HTTP/1.1[0m" 304 -
INFO:werkzeug:127.0.0.1 - - [29/Feb/2024 13:36:53] "[36mGET /static/images/background-zezinho.png HTTP/1.1[0m" 304 -
INFO:werkzeug:127.0.0.1 - - [29/Feb/2024 13:36:54] "[36mGET /static/images/zezinhobola.png HTTP/1.1[0m" 304 -
INFO:werkzeug:127.0.0.1 - - [29/Feb/2024 13:37:48] "GET /RepositorHome?exibirPopup=true HTTP/1.1" 200 -
INFO:werkzeug:127.0.0.1 - - [29/Feb/2024 13:37:48] "[36mGET /static/images/exitbutton.png HTTP/1.1[0m" 304 -
INFO:werkzeug:127.0.0.1 - - [29/Feb/2024 13:37:48] "[36mGET /static/images/zezinhobola.png HTTP/1.1[0m" 304 -
INFO:werkzeug:127.0.0.1 - - [29/Feb/2024 13:37:48] "GET /static/styles/loginrec.css HTTP/1.1" 200 -
INFO:werkzeug:127.0.0.1 - - [29/Feb/2024 13:37:48] "[36mGET /static/images/background-zezinho.png HTTP/1.1[0m" 304 -
INFO:werkzeug:127.0.0.1 - - [29/Feb/2024 13:37:48] "[36mGET /static/images/zezinhobola.png HTTP/1.1[0m" 304 -
INFO:werkzeug:127.0.0.1 - - [29/Feb/2024 13:38:14] "GET /RepositorHome?exibirPopup=true HTTP/1.1" 200 -
INFO:werkzeug:127.0.0.1 - - [29/Feb/2024 13:38:14] "[36mGET /static/images/exitbutton.png HTTP/1.1[0m" 304 -
INFO:werkzeug:127.0.0.1 - - [29/Feb/2024 13:38:14] "[36mGET /static/images/zezinhobola.png HTTP/1.1[0m" 304 -
INFO:werkzeug:127.0.0.1 - - [29/Feb/2024 13:38:14] "GET /static/styles/loginrec.css HTTP/1.1" 200 -
INFO:werkzeug:127.0.0.1 - - [29/Feb/2024 13:38:14] "[36mGET /static/images/background-zezinho.png HTTP/1.1[0m" 304 -
INFO:werkzeug:127.0.0.1 - - [29/Feb/2024 13:38:14] "[36mGET /static/images/zezinhobola.png HTTP/1.1[0m" 304 -
INFO:werkzeug:127.0.0.1 - - [29/Feb/2024 13:47:17] "GET /RepositorHome?exibirPopup=true HTTP/1.1" 200 -
INFO:werkzeug:127.0.0.1 - - [29/Feb/2024 13:47:17] "GET /static/styles/loginrec.css HTTP/1.1" 200 -
INFO:werkzeug:127.0.0.1 - - [29/Feb/2024 13:47:17] "[36mGET /static/images/exitbutton.png HTTP/1.1[0m" 304 -
INFO:werkzeug:127.0.0.1 - - [29/Feb/2024 13:47:17] "[36mGET /static/images/zezinhobola.png HTTP/1.1[0m" 304 -
INFO:werkzeug:127.0.0.1 - - [29/Feb/2024 13:47:17] "[36mGET /static/images/background-zezinho.png HTTP/1.1[0m" 304 -
INFO:werkzeug:127.0.0.1 - - [29/Feb/2024 13:47:17] "[36mGET /static/images/zezinhobola.png HTTP/1.1[0m" 304 -
INFO:werkzeug:127.0.0.1 - - [29/Feb/2024 13:52:39] "[35m[1mGET /RepositorHome?exibirPopup=true HTTP/1.1[0m" 500 -
INFO:werkzeug:127.0.0.1 - - [29/Feb/2024 13:52:39] "[36mGET /RepositorHome?__debugger__=yes&cmd=resource&f=style.css HTTP/1.1[0m" 304 -
INFO:werkzeug:127.0.0.1 - - [29/Feb/2024 13:52:39] "[36mGET /RepositorHome?__debugger__=yes&cmd=resource&f=debugger.js HTTP/1.1[0m" 304 -
INFO:werkzeug:127.0.0.1 - - [29/Feb/2024 13:52:39] "[36mGET /RepositorHome?__debugger__=yes&cmd=resource&f=console.png HTTP/1.1[0m" 304 -
INFO:werkzeug:127.0.0.1 - - [29/Feb/2024 13:52:40] "[36mGET /RepositorHome?__debugger__=yes&cmd=resource&f=console.png HTTP/1.1[0m" 304 -
INFO:werkzeug:127.0.0.1 - - [29/Feb/2024 13:52:47] "[35m[1mGET /RepositorHome?exibirPopup=true HTTP/1.1[0m" 500 -
INFO:werkzeug:127.0.0.1 - - [29/Feb/2024 13:52:47] "[36mGET /RepositorHome?__debugger__=yes&cmd=resource&f=style.css HTTP/1.1[0m" 304 -
INFO:werkzeug:127.0.0.1 - - [29/Feb/2024 13:52:47] "[36mGET /RepositorHome?__debugger__=yes&cmd=resource&f=debugger.js HTTP/1.1[0m" 304 -
INFO:werkzeug:127.0.0.1 - - [29/Feb/2024 13:52:47] "[36mGET /RepositorHome?__debugger__=yes&cmd=resource&f=console.png HTTP/1.1[0m" 304 -
INFO:werkzeug:127.0.0.1 - - [29/Feb/2024 13:52:47] "[36mGET /RepositorHome?__debugger__=yes&cmd=resource&f=console.png HTTP/1.1[0m" 304 -
INFO:werkzeug:127.0.0.1 - - [29/Feb/2024 13:52:52] "GET /RepositorHome?exibirPopup=true HTTP/1.1" 200 -
INFO:werkzeug:127.0.0.1 - - [29/Feb/2024 13:52:52] "[36mGET /static/styles/loginrec.css HTTP/1.1[0m" 304 -
INFO:werkzeug:127.0.0.1 - - [29/Feb/2024 13:52:52] "[36mGET /static/images/exitbutton.png HTTP/1.1[0m" 304 -
INFO:werkzeug:127.0.0.1 - - [29/Feb/2024 13:52:52] "[36mGET /static/images/zezinhobola.png HTTP/1.1[0m" 304 -
INFO:werkzeug:127.0.0.1 - - [29/Feb/2024 13:52:52] "[36mGET /static/images/background-zezinho.png HTTP/1.1[0m" 304 -
INFO:werkzeug:127.0.0.1 - - [29/Feb/2024 13:52:52] "[36mGET /static/images/zezinhobola.png HTTP/1.1[0m" 304 -
INFO:werkzeug:127.0.0.1 - - [29/Feb/2024 13:56:19] "GET /LoginPaper HTTP/1.1" 200 -
INFO:werkzeug:127.0.0.1 - - [29/Feb/2024 13:56:19] "[36mGET /static/styles/loading.css HTTP/1.1[0m" 304 -
INFO:werkzeug:127.0.0.1 - - [29/Feb/2024 13:56:19] "[36mGET /static/styles/login.css HTTP/1.1[0m" 304 -
INFO:werkzeug:127.0.0.1 - - [29/Feb/2024 13:56:19] "[36mGET /static/images/zezinho.png HTTP/1.1[0m" 304 -
INFO:werkzeug:127.0.0.1 - - [29/Feb/2024 13:56:22] "[32mPOST /LoginPaper HTTP/1.1[0m" 302 -
INFO:werkzeug:127.0.0.1 - - [29/Feb/2024 13:56:22] "GET /AdmHome HTTP/1.1" 200 -
INFO:werkzeug:127.0.0.1 - - [29/Feb/2024 13:56:22] "[36mGET /static/styles/loginadm.css HTTP/1.1[0m" 304 -
INFO:werkzeug:127.0.0.1 - - [29/Feb/2024 13:56:22] "[36mGET /static/images/exitbutton.png HTTP/1.1[0m" 304 -
INFO:werkzeug:127.0.0.1 - - [29/Feb/2024 13:56:22] "[36mGET /static/images/background-pc.png HTTP/1.1[0m" 304 -
INFO:werkzeug:127.0.0.1 - - [29/Feb/2024 13:56:23] "GET /enviarPopup HTTP/1.1" 200 -
INFO:werkzeug:127.0.0.1 - - [29/Feb/2024 13:56:24] "[36mGET /static/styles/enviarNotificacao.css HTTP/1.1[0m" 304 -
INFO:werkzeug:127.0.0.1 - - [29/Feb/2024 13:56:24] "[36mGET /static/images/exitbutton.png HTTP/1.1[0m" 304 -
INFO:werkzeug:127.0.0.1 - - [29/Feb/2024 13:56:24] "[36mGET /static/images/background-pc.png HTTP/1.1[0m" 304 -
INFO:werkzeug:127.0.0.1 - - [29/Feb/2024 13:56:31] "[32mPOST /enviarPopup HTTP/1.1[0m" 302 -
INFO:werkzeug:127.0.0.1 - - [29/Feb/2024 13:56:31] "GET /AdmHome?ilhasNecessarias={'GERAIS':+{2:+[('ILHA2',+1),+('ILHA8',+5),+('ILHA1',+1),+('ILHA7',+2),+('ILHA3',+1),+('ILHA5',+3)]}} HTTP/1.1" 200 -
INFO:werkzeug:127.0.0.1 - - [29/Feb/2024 13:56:31] "[36mGET /static/styles/loginadm.css HTTP/1.1[0m" 304 -
INFO:werkzeug:127.0.0.1 - - [29/Feb/2024 13:56:31] "[36mGET /static/images/exitbutton.png HTTP/1.1[0m" 304 -
INFO:werkzeug:127.0.0.1 - - [29/Feb/2024 13:56:34] "GET /RepositorHome?exibirPopup=true HTTP/1.1" 200 -
INFO:werkzeug:127.0.0.1 - - [29/Feb/2024 13:56:34] "[36mGET /static/styles/loginrec.css HTTP/1.1[0m" 304 -
INFO:werkzeug:127.0.0.1 - - [29/Feb/2024 13:56:34] "[36mGET /static/images/exitbutton.png HTTP/1.1[0m" 304 -
INFO:werkzeug:127.0.0.1 - - [29/Feb/2024 13:56:34] "[36mGET /static/images/zezinhobola.png HTTP/1.1[0m" 304 -
INFO:werkzeug:127.0.0.1 - - [29/Feb/2024 13:56:34] "[36mGET /static/images/background-zezinho.png HTTP/1.1[0m" 304 -
INFO:werkzeug:127.0.0.1 - - [29/Feb/2024 13:56:34] "[36mGET /static/images/zezinhobola.png HTTP/1.1[0m" 304 -
INFO:werkzeug: * Detected change in 'C:\\Users\\x17859816\\Desktop\\papercontrollsystem\\app.py', reloading
INFO:werkzeug: * Restarting with stat
WARNING:werkzeug: * Debugger is active!
INFO:werkzeug: * Debugger PIN: 104-892-687
INFO:werkzeug:127.0.0.1 - - [29/Feb/2024 14:02:00] "[32mGET /RepositorHome?exibirPopup=true HTTP/1.1[0m" 302 -
INFO:werkzeug:127.0.0.1 - - [29/Feb/2024 14:02:00] "GET /LoginPaper?next=/RepositorHome?exibirPopup%3Dtrue HTTP/1.1" 200 -
INFO:werkzeug:127.0.0.1 - - [29/Feb/2024 14:02:00] "[36mGET /static/styles/loading.css HTTP/1.1[0m" 304 -
INFO:werkzeug:127.0.0.1 - - [29/Feb/2024 14:02:00] "[36mGET /static/styles/login.css HTTP/1.1[0m" 304 -
INFO:werkzeug:127.0.0.1 - - [29/Feb/2024 14:02:00] "[36mGET /static/images/zezinho.png HTTP/1.1[0m" 304 -
INFO:werkzeug:127.0.0.1 - - [29/Feb/2024 14:02:00] "[36mGET /static/images/zezinhobola.png HTTP/1.1[0m" 304 -
INFO:mysql.connector:package: mysql.connector.plugins
INFO:mysql.connector:plugin_name: caching_sha2_password
INFO:mysql.connector:AUTHENTICATION_PLUGIN_CLASS: MySQLCachingSHA2PasswordAuthPlugin
INFO:mysql.connector:package: mysql.connector.plugins
INFO:mysql.connector:plugin_name: mysql_native_password
INFO:mysql.connector:AUTHENTICATION_PLUGIN_CLASS: MySQLNativePasswordAuthPlugin
INFO:werkzeug:127.0.0.1 - - [29/Feb/2024 14:02:02] "[32mPOST /LoginPaper HTTP/1.1[0m" 302 -
INFO:werkzeug:127.0.0.1 - - [29/Feb/2024 14:02:02] "GET /RepositorHome?exibirPopup=true HTTP/1.1" 200 -
INFO:werkzeug:127.0.0.1 - - [29/Feb/2024 14:02:02] "[36mGET /static/styles/loginrec.css HTTP/1.1[0m" 304 -
INFO:werkzeug:127.0.0.1 - - [29/Feb/2024 14:02:02] "[36mGET /static/images/exitbutton.png HTTP/1.1[0m" 304 -
INFO:werkzeug:127.0.0.1 - - [29/Feb/2024 14:02:02] "[36mGET /static/images/zezinhobola.png HTTP/1.1[0m" 304 -
INFO:werkzeug:127.0.0.1 - - [29/Feb/2024 14:02:02] "[36mGET /static/images/background-zezinho.png HTTP/1.1[0m" 304 -
INFO:werkzeug: * Detected change in 'C:\\Users\\x17859816\\Desktop\\papercontrollsystem\\app.py', reloading
INFO:werkzeug: * Restarting with stat
WARNING:werkzeug: * Debugger is active!
INFO:werkzeug: * Debugger PIN: 104-892-687
INFO:werkzeug: * Detected change in 'C:\\Users\\x17859816\\Desktop\\papercontrollsystem\\app.py', reloading
INFO:werkzeug: * Restarting with stat
WARNING:werkzeug: * Debugger is active!
INFO:werkzeug: * Debugger PIN: 104-892-687
INFO:werkzeug:127.0.0.1 - - [29/Feb/2024 14:38:21] "[32mGET /AdmHome?ilhasNecessarias={'GERAIS':+{2:+[('ILHA2',+1),+('ILHA8',+5),+('ILHA1',+1),+('ILHA7',+2),+('ILHA3',+1),+('ILHA5',+3)]}} HTTP/1.1[0m" 302 -
INFO:werkzeug:127.0.0.1 - - [29/Feb/2024 14:38:21] "GET /LoginPaper?next=/AdmHome?ilhasNecessarias%3D{'GERAIS':%2B{2:%2B[('ILHA2',%2B1),%2B('ILHA8',%2B5),%2B('ILHA1',%2B1),%2B('ILHA7',%2B2),%2B('ILHA3',%2B1),%2B('ILHA5',%2B3)]}} HTTP/1.1" 200 -
INFO:werkzeug:127.0.0.1 - - [29/Feb/2024 14:38:21] "[36mGET /static/styles/loading.css HTTP/1.1[0m" 304 -
INFO:werkzeug:127.0.0.1 - - [29/Feb/2024 14:38:21] "[36mGET /static/styles/login.css HTTP/1.1[0m" 304 -
INFO:werkzeug:127.0.0.1 - - [29/Feb/2024 14:38:21] "[36mGET /static/images/zezinho.png HTTP/1.1[0m" 304 -
INFO:werkzeug:127.0.0.1 - - [29/Feb/2024 14:38:21] "[36mGET /static/images/zezinhobola.png HTTP/1.1[0m" 304 -
INFO:mysql.connector:package: mysql.connector.plugins
INFO:mysql.connector:plugin_name: caching_sha2_password
INFO:mysql.connector:AUTHENTICATION_PLUGIN_CLASS: MySQLCachingSHA2PasswordAuthPlugin
INFO:mysql.connector:package: mysql.connector.plugins
INFO:mysql.connector:plugin_name: mysql_native_password
INFO:mysql.connector:AUTHENTICATION_PLUGIN_CLASS: MySQLNativePasswordAuthPlugin
INFO:werkzeug:127.0.0.1 - - [29/Feb/2024 14:38:22] "[32mPOST /LoginPaper HTTP/1.1[0m" 302 -
INFO:werkzeug:127.0.0.1 - - [29/Feb/2024 14:38:22] "GET /AdmHome HTTP/1.1" 200 -
INFO:werkzeug:127.0.0.1 - - [29/Feb/2024 14:38:22] "[36mGET /static/styles/loginadm.css HTTP/1.1[0m" 304 -
INFO:werkzeug:127.0.0.1 - - [29/Feb/2024 14:38:22] "[36mGET /static/images/exitbutton.png HTTP/1.1[0m" 304 -
INFO:werkzeug:127.0.0.1 - - [29/Feb/2024 14:38:22] "[36mGET /static/images/background-pc.png HTTP/1.1[0m" 304 -
INFO:werkzeug:127.0.0.1 - - [29/Feb/2024 14:38:24] "GET /enviarPopup HTTP/1.1" 200 -
INFO:werkzeug:127.0.0.1 - - [29/Feb/2024 14:38:24] "[36mGET /static/images/exitbutton.png HTTP/1.1[0m" 304 -
INFO:werkzeug:127.0.0.1 - - [29/Feb/2024 14:38:24] "[36mGET /static/styles/enviarNotificacao.css HTTP/1.1[0m" 304 -
INFO:werkzeug:127.0.0.1 - - [29/Feb/2024 14:38:24] "[36mGET /static/images/background-pc.png HTTP/1.1[0m" 304 -
INFO:werkzeug:127.0.0.1 - - [29/Feb/2024 14:38:28] "[32mPOST /enviarPopup HTTP/1.1[0m" 302 -
INFO:werkzeug:127.0.0.1 - - [29/Feb/2024 14:38:28] "GET /AdmHome?ilhasNecessarias={'GERAIS':+{2:+[('ILHA2',+1),+('ILHA8',+5),+('ILHA1',+1),+('ILHA7',+2),+('ILHA3',+1),+('ILHA5',+3)]}} HTTP/1.1" 200 -
INFO:werkzeug:127.0.0.1 - - [29/Feb/2024 14:38:29] "[36mGET /static/styles/loginadm.css HTTP/1.1[0m" 304 -
INFO:werkzeug:127.0.0.1 - - [29/Feb/2024 14:38:29] "[36mGET /static/images/exitbutton.png HTTP/1.1[0m" 304 -
INFO:werkzeug: * Detected change in 'C:\\Users\\x17859816\\Desktop\\papercontrollsystem\\app.py', reloading
INFO:werkzeug: * Restarting with stat
WARNING:werkzeug: * Debugger is active!
INFO:werkzeug: * Debugger PIN: 104-892-687
INFO:werkzeug:127.0.0.1 - - [29/Feb/2024 14:39:00] "[32mGET /AdmHome?ilhasNecessarias={'GERAIS':+{2:+[('ILHA2',+1),+('ILHA8',+5),+('ILHA1',+1),+('ILHA7',+2),+('ILHA3',+1),+('ILHA5',+3)]}} HTTP/1.1[0m" 302 -
INFO:werkzeug:127.0.0.1 - - [29/Feb/2024 14:39:00] "GET /LoginPaper?next=/AdmHome?ilhasNecessarias%3D{'GERAIS':%2B{2:%2B[('ILHA2',%2B1),%2B('ILHA8',%2B5),%2B('ILHA1',%2B1),%2B('ILHA7',%2B2),%2B('ILHA3',%2B1),%2B('ILHA5',%2B3)]}} HTTP/1.1" 200 -
INFO:werkzeug:127.0.0.1 - - [29/Feb/2024 14:39:00] "[36mGET /static/styles/login.css HTTP/1.1[0m" 304 -
INFO:werkzeug:127.0.0.1 - - [29/Feb/2024 14:39:00] "[36mGET /static/styles/loading.css HTTP/1.1[0m" 304 -
INFO:werkzeug:127.0.0.1 - - [29/Feb/2024 14:39:00] "[36mGET /static/images/zezinho.png HTTP/1.1[0m" 304 -
INFO:werkzeug:127.0.0.1 - - [29/Feb/2024 14:39:00] "[36mGET /static/images/zezinhobola.png HTTP/1.1[0m" 304 -
INFO:mysql.connector:package: mysql.connector.plugins
INFO:mysql.connector:plugin_name: caching_sha2_password
INFO:mysql.connector:AUTHENTICATION_PLUGIN_CLASS: MySQLCachingSHA2PasswordAuthPlugin
INFO:mysql.connector:package: mysql.connector.plugins
INFO:mysql.connector:plugin_name: mysql_native_password
INFO:mysql.connector:AUTHENTICATION_PLUGIN_CLASS: MySQLNativePasswordAuthPlugin
INFO:werkzeug:127.0.0.1 - - [29/Feb/2024 14:39:02] "[32mPOST /LoginPaper HTTP/1.1[0m" 302 -
INFO:werkzeug:127.0.0.1 - - [29/Feb/2024 14:39:02] "GET /AdmHome HTTP/1.1" 200 -
INFO:werkzeug:127.0.0.1 - - [29/Feb/2024 14:39:02] "[36mGET /static/styles/loginadm.css HTTP/1.1[0m" 304 -
INFO:werkzeug:127.0.0.1 - - [29/Feb/2024 14:39:02] "[36mGET /static/images/exitbutton.png HTTP/1.1[0m" 304 -
INFO:werkzeug:127.0.0.1 - - [29/Feb/2024 14:39:03] "GET /enviarPopup HTTP/1.1" 200 -
INFO:werkzeug:127.0.0.1 - - [29/Feb/2024 14:39:03] "[36mGET /static/styles/enviarNotificacao.css HTTP/1.1[0m" 304 -
INFO:werkzeug:127.0.0.1 - - [29/Feb/2024 14:39:03] "[36mGET /static/images/exitbutton.png HTTP/1.1[0m" 304 -
INFO:werkzeug:127.0.0.1 - - [29/Feb/2024 14:39:03] "[36mGET /static/images/background-pc.png HTTP/1.1[0m" 304 -
INFO:werkzeug:127.0.0.1 - - [29/Feb/2024 14:39:05] "[32mPOST /enviarPopup HTTP/1.1[0m" 302 -
INFO:werkzeug:127.0.0.1 - - [29/Feb/2024 14:39:05] "GET /enviarPopup HTTP/1.1" 200 -
INFO:werkzeug:127.0.0.1 - - [29/Feb/2024 14:39:05] "[36mGET /static/styles/enviarNotificacao.css HTTP/1.1[0m" 304 -
INFO:werkzeug:127.0.0.1 - - [29/Feb/2024 14:39:05] "[36mGET /static/images/exitbutton.png HTTP/1.1[0m" 304 -
INFO:werkzeug:127.0.0.1 - - [29/Feb/2024 14:39:08] "[32mPOST /enviarPopup HTTP/1.1[0m" 302 -
INFO:werkzeug:127.0.0.1 - - [29/Feb/2024 14:39:08] "GET /AdmHome?ilhasNecessarias={'GERAIS':+{2:+[('ILHA2',+1),+('ILHA8',+5),+('ILHA1',+1),+('ILHA7',+2),+('ILHA3',+1),+('ILHA5',+3)]}} HTTP/1.1" 200 -
INFO:werkzeug:127.0.0.1 - - [29/Feb/2024 14:39:08] "[36mGET /static/styles/loginadm.css HTTP/1.1[0m" 304 -
INFO:werkzeug:127.0.0.1 - - [29/Feb/2024 14:39:08] "[36mGET /static/images/exitbutton.png HTTP/1.1[0m" 304 -
INFO:werkzeug: * Detected change in 'C:\\Users\\x17859816\\Desktop\\papercontrollsystem\\app.py', reloading
INFO:werkzeug: * Restarting with stat
WARNING:werkzeug: * Debugger is active!
INFO:werkzeug: * Debugger PIN: 104-892-687
INFO:werkzeug:127.0.0.1 - - [29/Feb/2024 14:44:28] "[32mGET /AdmHome?ilhasNecessarias={'GERAIS':+{2:+[('ILHA2',+1),+('ILHA8',+5),+('ILHA1',+1),+('ILHA7',+2),+('ILHA3',+1),+('ILHA5',+3)]}} HTTP/1.1[0m" 302 -
INFO:werkzeug:127.0.0.1 - - [29/Feb/2024 14:44:28] "GET /LoginPaper?next=/AdmHome?ilhasNecessarias%3D{'GERAIS':%2B{2:%2B[('ILHA2',%2B1),%2B('ILHA8',%2B5),%2B('ILHA1',%2B1),%2B('ILHA7',%2B2),%2B('ILHA3',%2B1),%2B('ILHA5',%2B3)]}} HTTP/1.1" 200 -
INFO:werkzeug:127.0.0.1 - - [29/Feb/2024 14:44:28] "[36mGET /static/styles/login.css HTTP/1.1[0m" 304 -
INFO:werkzeug:127.0.0.1 - - [29/Feb/2024 14:44:28] "[36mGET /static/styles/loading.css HTTP/1.1[0m" 304 -
INFO:werkzeug:127.0.0.1 - - [29/Feb/2024 14:44:28] "[36mGET /static/images/zezinho.png HTTP/1.1[0m" 304 -
INFO:werkzeug:127.0.0.1 - - [29/Feb/2024 14:44:28] "[36mGET /static/images/zezinhobola.png HTTP/1.1[0m" 304 -
INFO:werkzeug:127.0.0.1 - - [29/Feb/2024 14:44:30] "[32mGET /RepositorHome?exibirPopup=true HTTP/1.1[0m" 302 -
INFO:werkzeug:127.0.0.1 - - [29/Feb/2024 14:44:30] "GET /LoginPaper?next=/RepositorHome?exibirPopup%3Dtrue HTTP/1.1" 200 -
INFO:werkzeug:127.0.0.1 - - [29/Feb/2024 14:44:30] "[36mGET /static/styles/loading.css HTTP/1.1[0m" 304 -
INFO:werkzeug:127.0.0.1 - - [29/Feb/2024 14:44:30] "[36mGET /static/styles/login.css HTTP/1.1[0m" 304 -
INFO:werkzeug:127.0.0.1 - - [29/Feb/2024 14:44:30] "[36mGET /static/images/zezinho.png HTTP/1.1[0m" 304 -
INFO:werkzeug:127.0.0.1 - - [29/Feb/2024 14:44:30] "[36mGET /static/images/zezinhobola.png HTTP/1.1[0m" 304 -
INFO:mysql.connector:package: mysql.connector.plugins
INFO:mysql.connector:plugin_name: caching_sha2_password
INFO:mysql.connector:AUTHENTICATION_PLUGIN_CLASS: MySQLCachingSHA2PasswordAuthPlugin
INFO:mysql.connector:package: mysql.connector.plugins
INFO:mysql.connector:plugin_name: mysql_native_password
INFO:mysql.connector:AUTHENTICATION_PLUGIN_CLASS: MySQLNativePasswordAuthPlugin
INFO:werkzeug:127.0.0.1 - - [29/Feb/2024 14:44:31] "[32mPOST /LoginPaper HTTP/1.1[0m" 302 -
INFO:werkzeug:127.0.0.1 - - [29/Feb/2024 14:44:31] "GET /RepositorHome?exibirPopup=true HTTP/1.1" 200 -
INFO:werkzeug:127.0.0.1 - - [29/Feb/2024 14:44:31] "[36mGET /static/images/exitbutton.png HTTP/1.1[0m" 304 -
INFO:werkzeug:127.0.0.1 - - [29/Feb/2024 14:44:31] "[36mGET /static/images/zezinhobola.png HTTP/1.1[0m" 304 -
INFO:werkzeug:127.0.0.1 - - [29/Feb/2024 14:44:31] "[36mGET /static/styles/loginrec.css HTTP/1.1[0m" 304 -
INFO:werkzeug:127.0.0.1 - - [29/Feb/2024 14:44:31] "[36mGET /static/images/background-zezinho.png HTTP/1.1[0m" 304 -
INFO:werkzeug:127.0.0.1 - - [29/Feb/2024 14:45:20] "[32mPOST /LoginPaper HTTP/1.1[0m" 302 -
INFO:werkzeug:127.0.0.1 - - [29/Feb/2024 14:45:20] "GET /AdmHome HTTP/1.1" 200 -
INFO:werkzeug:127.0.0.1 - - [29/Feb/2024 14:45:20] "[36mGET /static/styles/loginadm.css HTTP/1.1[0m" 304 -
INFO:werkzeug:127.0.0.1 - - [29/Feb/2024 14:45:20] "[36mGET /static/images/exitbutton.png HTTP/1.1[0m" 304 -
INFO:werkzeug:127.0.0.1 - - [29/Feb/2024 14:45:20] "[36mGET /static/images/background-pc.png HTTP/1.1[0m" 304 -
INFO:werkzeug:127.0.0.1 - - [29/Feb/2024 14:45:22] "GET /enviarPopup HTTP/1.1" 200 -
INFO:werkzeug:127.0.0.1 - - [29/Feb/2024 14:45:22] "[36mGET /static/styles/enviarNotificacao.css HTTP/1.1[0m" 304 -
INFO:werkzeug:127.0.0.1 - - [29/Feb/2024 14:45:22] "[36mGET /static/images/exitbutton.png HTTP/1.1[0m" 304 -
INFO:werkzeug:127.0.0.1 - - [29/Feb/2024 14:45:22] "[36mGET /static/images/background-pc.png HTTP/1.1[0m" 304 -
INFO:werkzeug:127.0.0.1 - - [29/Feb/2024 14:45:25] "[32mPOST /enviarPopup HTTP/1.1[0m" 302 -
INFO:werkzeug:127.0.0.1 - - [29/Feb/2024 14:45:25] "GET /AdmHome?ilhasNecessarias={'GERAIS':+{2:+[('ILHA2',+1),+('ILHA8',+5),+('ILHA1',+1),+('ILHA7',+2),+('ILHA3',+1),+('ILHA5',+3)]}}&ilhasNecessarias=Olá,+repositor+do+Prédio+GERAIS,+Andar+2.+Vocês+precisam+reabastecer:%0AIlha:+ILHA5,+Quantidade:+3+resmas HTTP/1.1" 200 -
INFO:werkzeug:127.0.0.1 - - [29/Feb/2024 14:45:25] "[36mGET /static/styles/loginadm.css HTTP/1.1[0m" 304 -
INFO:werkzeug:127.0.0.1 - - [29/Feb/2024 14:45:25] "[36mGET /static/images/exitbutton.png HTTP/1.1[0m" 304 -
INFO:werkzeug:127.0.0.1 - - [29/Feb/2024 14:45:34] "GET /RepositorHome?exibirPopup=true HTTP/1.1" 200 -
INFO:werkzeug:127.0.0.1 - - [29/Feb/2024 14:45:34] "[36mGET /static/styles/loginrec.css HTTP/1.1[0m" 304 -
INFO:werkzeug:127.0.0.1 - - [29/Feb/2024 14:45:34] "[36mGET /static/images/exitbutton.png HTTP/1.1[0m" 304 -
INFO:werkzeug:127.0.0.1 - - [29/Feb/2024 14:45:34] "[36mGET /static/images/zezinhobola.png HTTP/1.1[0m" 304 -
INFO:werkzeug:127.0.0.1 - - [29/Feb/2024 14:45:34] "[36mGET /static/images/background-zezinho.png HTTP/1.1[0m" 304 -
INFO:werkzeug:127.0.0.1 - - [29/Feb/2024 14:45:34] "[36mGET /static/images/zezinhobola.png HTTP/1.1[0m" 304 -
INFO:werkzeug: * Detected change in 'C:\\Users\\x17859816\\Desktop\\papercontrollsystem\\app.py', reloading
INFO:werkzeug: * Restarting with stat
WARNING:werkzeug: * Debugger is active!
INFO:werkzeug: * Debugger PIN: 104-892-687
INFO:werkzeug:127.0.0.1 - - [29/Feb/2024 14:46:10] "[32mGET /AdmHome?ilhasNecessarias={'GERAIS':+{2:+[('ILHA2',+1),+('ILHA8',+5),+('ILHA1',+1),+('ILHA7',+2),+('ILHA3',+1),+('ILHA5',+3)]}}&ilhasNecessarias=Olá,+repositor+do+Prédio+GERAIS,+Andar+2.+Vocês+precisam+reabastecer:%0AIlha:+ILHA5,+Quantidade:+3+resmas HTTP/1.1[0m" 302 -
INFO:werkzeug:127.0.0.1 - - [29/Feb/2024 14:46:10] "GET /LoginPaper?next=/AdmHome?ilhasNecessarias%3D{'GERAIS':%2B{2:%2B[('ILHA2',%2B1),%2B('ILHA8',%2B5),%2B('ILHA1',%2B1),%2B('ILHA7',%2B2),%2B('ILHA3',%2B1),%2B('ILHA5',%2B3)]}}%26ilhasNecessarias%3DOlá,%2Brepositor%2Bdo%2BPrédio%2BGERAIS,%2BAndar%2B2.%2BVocês%2Bprecisam%2Breabastecer:%250AIlha:%2BILHA5,%2BQuantidade:%2B3%2Bresmas HTTP/1.1" 200 -
INFO:werkzeug:127.0.0.1 - - [29/Feb/2024 14:46:10] "[36mGET /static/styles/login.css HTTP/1.1[0m" 304 -
INFO:werkzeug:127.0.0.1 - - [29/Feb/2024 14:46:10] "[36mGET /static/styles/loading.css HTTP/1.1[0m" 304 -
INFO:werkzeug:127.0.0.1 - - [29/Feb/2024 14:46:10] "[36mGET /static/images/zezinho.png HTTP/1.1[0m" 304 -
INFO:werkzeug:127.0.0.1 - - [29/Feb/2024 14:46:10] "[36mGET /static/images/zezinhobola.png HTTP/1.1[0m" 304 -
INFO:mysql.connector:package: mysql.connector.plugins
INFO:mysql.connector:plugin_name: caching_sha2_password
INFO:mysql.connector:AUTHENTICATION_PLUGIN_CLASS: MySQLCachingSHA2PasswordAuthPlugin
INFO:mysql.connector:package: mysql.connector.plugins
INFO:mysql.connector:plugin_name: mysql_native_password
INFO:mysql.connector:AUTHENTICATION_PLUGIN_CLASS: MySQLNativePasswordAuthPlugin
INFO:werkzeug:127.0.0.1 - - [29/Feb/2024 14:46:11] "[32mPOST /LoginPaper HTTP/1.1[0m" 302 -
INFO:werkzeug:127.0.0.1 - - [29/Feb/2024 14:46:11] "GET /AdmHome HTTP/1.1" 200 -
INFO:werkzeug:127.0.0.1 - - [29/Feb/2024 14:46:11] "[36mGET /static/styles/loginadm.css HTTP/1.1[0m" 304 -
INFO:werkzeug:127.0.0.1 - - [29/Feb/2024 14:46:11] "[36mGET /static/images/exitbutton.png HTTP/1.1[0m" 304 -
INFO:werkzeug:127.0.0.1 - - [29/Feb/2024 14:46:12] "GET /enviarPopup HTTP/1.1" 200 -
INFO:werkzeug:127.0.0.1 - - [29/Feb/2024 14:46:12] "[36mGET /static/styles/enviarNotificacao.css HTTP/1.1[0m" 304 -
INFO:werkzeug:127.0.0.1 - - [29/Feb/2024 14:46:12] "[36mGET /static/images/exitbutton.png HTTP/1.1[0m" 304 -
INFO:werkzeug:127.0.0.1 - - [29/Feb/2024 14:46:12] "[36mGET /static/images/background-pc.png HTTP/1.1[0m" 304 -
INFO:werkzeug:127.0.0.1 - - [29/Feb/2024 14:46:16] "[32mPOST /enviarPopup HTTP/1.1[0m" 302 -
INFO:werkzeug:127.0.0.1 - - [29/Feb/2024 14:46:16] "GET /AdmHome?ilhasNecessarias={'GERAIS':+{2:+[('ILHA2',+1),+('ILHA8',+5),+('ILHA1',+1),+('ILHA7',+2),+('ILHA3',+1),+('ILHA5',+3)]}}&ilhasNecessarias=Olá,+repositor+do+Prédio+GERAIS,+Andar+2.+Vocês+precisam+reabastecer:%0AIlha:+ILHA5,+Quantidade:+3+resmas HTTP/1.1" 200 -
INFO:werkzeug:127.0.0.1 - - [29/Feb/2024 14:46:16] "[36mGET /static/styles/loginadm.css HTTP/1.1[0m" 304 -
INFO:werkzeug:127.0.0.1 - - [29/Feb/2024 14:46:16] "[36mGET /static/images/exitbutton.png HTTP/1.1[0m" 304 -
INFO:werkzeug:127.0.0.1 - - [29/Feb/2024 14:46:20] "[32mGET /RepositorHome?exibirPopup=true HTTP/1.1[0m" 302 -
INFO:werkzeug:127.0.0.1 - - [29/Feb/2024 14:46:20] "GET /LoginPaper?next=/RepositorHome?exibirPopup%3Dtrue HTTP/1.1" 200 -
INFO:werkzeug:127.0.0.1 - - [29/Feb/2024 14:46:20] "[36mGET /static/styles/loading.css HTTP/1.1[0m" 304 -
INFO:werkzeug:127.0.0.1 - - [29/Feb/2024 14:46:20] "[36mGET /static/styles/login.css HTTP/1.1[0m" 304 -
INFO:werkzeug:127.0.0.1 - - [29/Feb/2024 14:46:20] "[36mGET /static/images/zezinho.png HTTP/1.1[0m" 304 -
INFO:werkzeug:127.0.0.1 - - [29/Feb/2024 14:46:20] "[36mGET /static/images/zezinhobola.png HTTP/1.1[0m" 304 -
INFO:werkzeug:127.0.0.1 - - [29/Feb/2024 14:46:22] "[32mPOST /LoginPaper HTTP/1.1[0m" 302 -
INFO:werkzeug:127.0.0.1 - - [29/Feb/2024 14:46:22] "GET /RepositorHome?exibirPopup=true HTTP/1.1" 200 -
INFO:werkzeug:127.0.0.1 - - [29/Feb/2024 14:46:22] "[36mGET /static/styles/loginrec.css HTTP/1.1[0m" 304 -
INFO:werkzeug:127.0.0.1 - - [29/Feb/2024 14:46:22] "[36mGET /static/images/exitbutton.png HTTP/1.1[0m" 304 -
INFO:werkzeug:127.0.0.1 - - [29/Feb/2024 14:46:22] "[36mGET /static/images/zezinhobola.png HTTP/1.1[0m" 304 -
INFO:werkzeug:127.0.0.1 - - [29/Feb/2024 14:46:22] "[36mGET /static/images/background-zezinho.png HTTP/1.1[0m" 304 -
INFO:werkzeug: * Detected change in 'C:\\Users\\x17859816\\Desktop\\papercontrollsystem\\app.py', reloading
INFO:werkzeug: * Restarting with stat
WARNING:werkzeug: * Debugger is active!
INFO:werkzeug: * Debugger PIN: 104-892-687
INFO:werkzeug:127.0.0.1 - - [29/Feb/2024 14:49:24] "[32mGET /RepositorHome?exibirPopup=true HTTP/1.1[0m" 302 -
INFO:werkzeug:127.0.0.1 - - [29/Feb/2024 14:49:24] "GET /LoginPaper?next=/RepositorHome?exibirPopup%3Dtrue HTTP/1.1" 200 -
INFO:werkzeug:127.0.0.1 - - [29/Feb/2024 14:49:25] "[36mGET /static/styles/loading.css HTTP/1.1[0m" 304 -
INFO:werkzeug:127.0.0.1 - - [29/Feb/2024 14:49:25] "[36mGET /static/styles/login.css HTTP/1.1[0m" 304 -
INFO:werkzeug:127.0.0.1 - - [29/Feb/2024 14:49:25] "[36mGET /static/images/zezinho.png HTTP/1.1[0m" 304 -
INFO:werkzeug:127.0.0.1 - - [29/Feb/2024 14:49:25] "[36mGET /static/images/zezinhobola.png HTTP/1.1[0m" 304 -
INFO:werkzeug:127.0.0.1 - - [29/Feb/2024 14:49:28] "[32mGET /AdmHome?ilhasNecessarias={'GERAIS':+{2:+[('ILHA2',+1),+('ILHA8',+5),+('ILHA1',+1),+('ILHA7',+2),+('ILHA3',+1),+('ILHA5',+3)]}}&ilhasNecessarias=Olá,+repositor+do+Prédio+GERAIS,+Andar+2.+Vocês+precisam+reabastecer:%0AIlha:+ILHA5,+Quantidade:+3+resmas HTTP/1.1[0m" 302 -
INFO:werkzeug:127.0.0.1 - - [29/Feb/2024 14:49:28] "GET /LoginPaper?next=/AdmHome?ilhasNecessarias%3D{'GERAIS':%2B{2:%2B[('ILHA2',%2B1),%2B('ILHA8',%2B5),%2B('ILHA1',%2B1),%2B('ILHA7',%2B2),%2B('ILHA3',%2B1),%2B('ILHA5',%2B3)]}}%26ilhasNecessarias%3DOlá,%2Brepositor%2Bdo%2BPrédio%2BGERAIS,%2BAndar%2B2.%2BVocês%2Bprecisam%2Breabastecer:%250AIlha:%2BILHA5,%2BQuantidade:%2B3%2Bresmas HTTP/1.1" 200 -
INFO:werkzeug:127.0.0.1 - - [29/Feb/2024 14:49:28] "[36mGET /static/styles/loading.css HTTP/1.1[0m" 304 -
INFO:werkzeug:127.0.0.1 - - [29/Feb/2024 14:49:28] "[36mGET /static/styles/login.css HTTP/1.1[0m" 304 -
INFO:werkzeug:127.0.0.1 - - [29/Feb/2024 14:49:28] "[36mGET /static/images/zezinho.png HTTP/1.1[0m" 304 -
INFO:werkzeug:127.0.0.1 - - [29/Feb/2024 14:49:28] "[36mGET /static/images/zezinhobola.png HTTP/1.1[0m" 304 -
INFO:mysql.connector:package: mysql.connector.plugins
INFO:mysql.connector:plugin_name: caching_sha2_password
INFO:mysql.connector:AUTHENTICATION_PLUGIN_CLASS: MySQLCachingSHA2PasswordAuthPlugin
INFO:mysql.connector:package: mysql.connector.plugins
INFO:mysql.connector:plugin_name: mysql_native_password
INFO:mysql.connector:AUTHENTICATION_PLUGIN_CLASS: MySQLNativePasswordAuthPlugin
INFO:werkzeug:127.0.0.1 - - [29/Feb/2024 14:49:30] "[32mPOST /LoginPaper HTTP/1.1[0m" 302 -
INFO:werkzeug:127.0.0.1 - - [29/Feb/2024 14:49:30] "GET /AdmHome HTTP/1.1" 200 -
INFO:werkzeug:127.0.0.1 - - [29/Feb/2024 14:49:30] "[36mGET /static/styles/loginadm.css HTTP/1.1[0m" 304 -
INFO:werkzeug:127.0.0.1 - - [29/Feb/2024 14:49:30] "[36mGET /static/images/exitbutton.png HTTP/1.1[0m" 304 -
INFO:werkzeug:127.0.0.1 - - [29/Feb/2024 14:49:31] "GET /enviarPopup HTTP/1.1" 200 -
INFO:werkzeug:127.0.0.1 - - [29/Feb/2024 14:49:31] "[36mGET /static/styles/enviarNotificacao.css HTTP/1.1[0m" 304 -
INFO:werkzeug:127.0.0.1 - - [29/Feb/2024 14:49:31] "[36mGET /static/images/exitbutton.png HTTP/1.1[0m" 304 -
INFO:werkzeug:127.0.0.1 - - [29/Feb/2024 14:49:31] "[36mGET /static/images/background-pc.png HTTP/1.1[0m" 304 -
INFO:werkzeug:127.0.0.1 - - [29/Feb/2024 14:49:34] "[32mPOST /enviarPopup HTTP/1.1[0m" 302 -
INFO:werkzeug:127.0.0.1 - - [29/Feb/2024 14:49:34] "GET /AdmHome HTTP/1.1" 200 -
INFO:werkzeug:127.0.0.1 - - [29/Feb/2024 14:49:34] "[36mGET /static/styles/loginadm.css HTTP/1.1[0m" 304 -
INFO:werkzeug:127.0.0.1 - - [29/Feb/2024 14:49:34] "[36mGET /static/images/exitbutton.png HTTP/1.1[0m" 304 -
INFO:werkzeug: * Detected change in 'C:\\Users\\x17859816\\Desktop\\papercontrollsystem\\app.py', reloading
INFO:werkzeug: * Restarting with stat
WARNING:werkzeug: * Debugger is active!
INFO:werkzeug: * Debugger PIN: 104-892-687
INFO:werkzeug:127.0.0.1 - - [29/Feb/2024 14:49:54] "GET /LoginPaper?next=/RepositorHome?exibirPopup%3Dtrue HTTP/1.1" 200 -
INFO:werkzeug:127.0.0.1 - - [29/Feb/2024 14:49:54] "[36mGET /static/styles/login.css HTTP/1.1[0m" 304 -
INFO:werkzeug:127.0.0.1 - - [29/Feb/2024 14:49:54] "[36mGET /static/styles/loading.css HTTP/1.1[0m" 304 -
INFO:werkzeug:127.0.0.1 - - [29/Feb/2024 14:49:54] "[36mGET /static/images/zezinhobola.png HTTP/1.1[0m" 304 -
INFO:werkzeug:127.0.0.1 - - [29/Feb/2024 14:49:54] "[36mGET /static/images/zezinho.png HTTP/1.1[0m" 304 -
INFO:werkzeug:127.0.0.1 - - [29/Feb/2024 14:49:56] "[32mGET /AdmHome HTTP/1.1[0m" 302 -
INFO:werkzeug:127.0.0.1 - - [29/Feb/2024 14:49:56] "GET /LoginPaper?next=/AdmHome HTTP/1.1" 200 -
INFO:werkzeug:127.0.0.1 - - [29/Feb/2024 14:49:56] "[36mGET /static/styles/loading.css HTTP/1.1[0m" 304 -
INFO:werkzeug:127.0.0.1 - - [29/Feb/2024 14:49:56] "[36mGET /static/styles/login.css HTTP/1.1[0m" 304 -
INFO:werkzeug:127.0.0.1 - - [29/Feb/2024 14:49:56] "[36mGET /static/images/zezinhobola.png HTTP/1.1[0m" 304 -
INFO:mysql.connector:package: mysql.connector.plugins
INFO:mysql.connector:plugin_name: caching_sha2_password
INFO:mysql.connector:AUTHENTICATION_PLUGIN_CLASS: MySQLCachingSHA2PasswordAuthPlugin
INFO:mysql.connector:package: mysql.connector.plugins
INFO:mysql.connector:plugin_name: mysql_native_password
INFO:mysql.connector:AUTHENTICATION_PLUGIN_CLASS: MySQLNativePasswordAuthPlugin
INFO:werkzeug:127.0.0.1 - - [29/Feb/2024 14:49:57] "[32mPOST /LoginPaper HTTP/1.1[0m" 302 -
INFO:werkzeug:127.0.0.1 - - [29/Feb/2024 14:49:57] "GET /AdmHome HTTP/1.1" 200 -
INFO:werkzeug:127.0.0.1 - - [29/Feb/2024 14:49:57] "[36mGET /static/styles/loginadm.css HTTP/1.1[0m" 304 -
INFO:werkzeug:127.0.0.1 - - [29/Feb/2024 14:49:57] "[36mGET /static/images/exitbutton.png HTTP/1.1[0m" 304 -
INFO:werkzeug:127.0.0.1 - - [29/Feb/2024 14:49:58] "GET /enviarPopup HTTP/1.1" 200 -
INFO:werkzeug:127.0.0.1 - - [29/Feb/2024 14:49:58] "[36mGET /static/styles/enviarNotificacao.css HTTP/1.1[0m" 304 -
INFO:werkzeug:127.0.0.1 - - [29/Feb/2024 14:49:58] "[36mGET /static/images/exitbutton.png HTTP/1.1[0m" 304 -
INFO:werkzeug:127.0.0.1 - - [29/Feb/2024 14:50:01] "[32mPOST /enviarPopup HTTP/1.1[0m" 302 -
INFO:werkzeug:127.0.0.1 - - [29/Feb/2024 14:50:01] "GET /AdmHome HTTP/1.1" 200 -
INFO:werkzeug:127.0.0.1 - - [29/Feb/2024 14:50:01] "[36mGET /static/styles/loginadm.css HTTP/1.1[0m" 304 -
INFO:werkzeug:127.0.0.1 - - [29/Feb/2024 14:50:01] "[36mGET /static/images/exitbutton.png HTTP/1.1[0m" 304 -
INFO:werkzeug:127.0.0.1 - - [29/Feb/2024 14:50:05] "[32mPOST /LoginPaper HTTP/1.1[0m" 302 -
INFO:werkzeug:127.0.0.1 - - [29/Feb/2024 14:50:05] "GET /RepositorHome?exibirPopup=true HTTP/1.1" 200 -
INFO:werkzeug:127.0.0.1 - - [29/Feb/2024 14:50:05] "[36mGET /static/styles/loginrec.css HTTP/1.1[0m" 304 -
INFO:werkzeug:127.0.0.1 - - [29/Feb/2024 14:50:05] "[36mGET /static/images/exitbutton.png HTTP/1.1[0m" 304 -
INFO:werkzeug:127.0.0.1 - - [29/Feb/2024 14:50:05] "[36mGET /static/images/zezinhobola.png HTTP/1.1[0m" 304 -
INFO:werkzeug:127.0.0.1 - - [29/Feb/2024 14:50:05] "[36mGET /static/images/background-zezinho.png HTTP/1.1[0m" 304 -
INFO:werkzeug:127.0.0.1 - - [29/Feb/2024 14:50:23] "[32mGET / HTTP/1.1[0m" 302 -
INFO:werkzeug:127.0.0.1 - - [29/Feb/2024 14:50:23] "GET /AdmHome HTTP/1.1" 200 -
INFO:werkzeug:127.0.0.1 - - [29/Feb/2024 14:50:23] "[36mGET /static/styles/loginadm.css HTTP/1.1[0m" 304 -
INFO:werkzeug:127.0.0.1 - - [29/Feb/2024 14:50:23] "[36mGET /static/images/exitbutton.png HTTP/1.1[0m" 304 -
INFO:werkzeug:127.0.0.1 - - [29/Feb/2024 14:50:23] "[36mGET /static/images/background-pc.png HTTP/1.1[0m" 304 -
INFO:werkzeug:127.0.0.1 - - [29/Feb/2024 14:50:28] "GET /verificar_conexao HTTP/1.1" 200 -
INFO:werkzeug:127.0.0.1 - - [29/Feb/2024 14:54:39] "[35m[1mGET /RepositorHome?exibirPopup=true HTTP/1.1[0m" 500 -
INFO:werkzeug:127.0.0.1 - - [29/Feb/2024 14:54:39] "[36mGET /RepositorHome?__debugger__=yes&cmd=resource&f=style.css HTTP/1.1[0m" 304 -
INFO:werkzeug:127.0.0.1 - - [29/Feb/2024 14:54:39] "[36mGET /RepositorHome?__debugger__=yes&cmd=resource&f=debugger.js HTTP/1.1[0m" 304 -
INFO:werkzeug:127.0.0.1 - - [29/Feb/2024 14:54:39] "[36mGET /RepositorHome?__debugger__=yes&cmd=resource&f=console.png HTTP/1.1[0m" 304 -
INFO:werkzeug:127.0.0.1 - - [29/Feb/2024 14:54:39] "[36mGET /RepositorHome?__debugger__=yes&cmd=resource&f=console.png HTTP/1.1[0m" 304 -
INFO:werkzeug:127.0.0.1 - - [29/Feb/2024 14:55:00] "GET /RepositorHome?exibirPopup=true HTTP/1.1" 200 -
INFO:werkzeug:127.0.0.1 - - [29/Feb/2024 14:55:00] "[36mGET /static/styles/loginrec.css HTTP/1.1[0m" 304 -
INFO:werkzeug:127.0.0.1 - - [29/Feb/2024 14:55:00] "[36mGET /static/images/exitbutton.png HTTP/1.1[0m" 304 -
INFO:werkzeug:127.0.0.1 - - [29/Feb/2024 14:55:00] "[36mGET /static/images/zezinhobola.png HTTP/1.1[0m" 304 -
INFO:werkzeug:127.0.0.1 - - [29/Feb/2024 14:55:00] "[36mGET /static/images/background-zezinho.png HTTP/1.1[0m" 304 -
INFO:werkzeug:127.0.0.1 - - [29/Feb/2024 14:55:00] "[36mGET /static/images/zezinhobola.png HTTP/1.1[0m" 304 -
INFO:werkzeug:127.0.0.1 - - [29/Feb/2024 14:58:28] "GET /RepositorHome?exibirPopup=true HTTP/1.1" 200 -
INFO:werkzeug:127.0.0.1 - - [29/Feb/2024 14:58:28] "[36mGET /static/styles/loginrec.css HTTP/1.1[0m" 304 -
INFO:werkzeug:127.0.0.1 - - [29/Feb/2024 14:58:28] "[36mGET /static/images/exitbutton.png HTTP/1.1[0m" 304 -
INFO:werkzeug:127.0.0.1 - - [29/Feb/2024 14:58:28] "[36mGET /static/images/zezinhobola.png HTTP/1.1[0m" 304 -
INFO:werkzeug:127.0.0.1 - - [29/Feb/2024 14:58:28] "[36mGET /static/images/background-zezinho.png HTTP/1.1[0m" 304 -
INFO:werkzeug:127.0.0.1 - - [29/Feb/2024 14:58:28] "[36mGET /static/images/zezinhobola.png HTTP/1.1[0m" 304 -
INFO:werkzeug:127.0.0.1 - - [29/Feb/2024 14:58:32] "GET /RepositorHome?exibirPopup=true HTTP/1.1" 200 -
INFO:werkzeug:127.0.0.1 - - [29/Feb/2024 14:58:32] "[36mGET /static/styles/loginrec.css HTTP/1.1[0m" 304 -
INFO:werkzeug:127.0.0.1 - - [29/Feb/2024 14:58:32] "[36mGET /static/images/exitbutton.png HTTP/1.1[0m" 304 -
INFO:werkzeug:127.0.0.1 - - [29/Feb/2024 14:58:32] "[36mGET /static/images/zezinhobola.png HTTP/1.1[0m" 304 -
INFO:werkzeug:127.0.0.1 - - [29/Feb/2024 14:58:32] "[36mGET /static/images/zezinhobola.png HTTP/1.1[0m" 304 -
INFO:werkzeug:127.0.0.1 - - [29/Feb/2024 14:58:32] "[36mGET /static/images/background-zezinho.png HTTP/1.1[0m" 304 -
INFO:werkzeug:127.0.0.1 - - [29/Feb/2024 14:58:33] "GET /RepositorHome?exibirPopup=true HTTP/1.1" 200 -
INFO:werkzeug:127.0.0.1 - - [29/Feb/2024 14:58:33] "[36mGET /static/styles/loginrec.css HTTP/1.1[0m" 304 -
INFO:werkzeug:127.0.0.1 - - [29/Feb/2024 14:58:33] "[36mGET /static/images/exitbutton.png HTTP/1.1[0m" 304 -
INFO:werkzeug:127.0.0.1 - - [29/Feb/2024 14:58:33] "[36mGET /static/images/zezinhobola.png HTTP/1.1[0m" 304 -
INFO:werkzeug:127.0.0.1 - - [29/Feb/2024 14:58:33] "[36mGET /static/images/zezinhobola.png HTTP/1.1[0m" 304 -
INFO:werkzeug:127.0.0.1 - - [29/Feb/2024 14:58:33] "[36mGET /static/images/background-zezinho.png HTTP/1.1[0m" 304 -
INFO:werkzeug:127.0.0.1 - - [29/Feb/2024 14:58:43] "GET /enviarPopup HTTP/1.1" 200 -
INFO:werkzeug:127.0.0.1 - - [29/Feb/2024 14:58:43] "[36mGET /static/styles/enviarNotificacao.css HTTP/1.1[0m" 304 -
INFO:werkzeug:127.0.0.1 - - [29/Feb/2024 14:58:43] "[36mGET /static/images/exitbutton.png HTTP/1.1[0m" 304 -
INFO:werkzeug:127.0.0.1 - - [29/Feb/2024 14:58:43] "[36mGET /static/images/background-pc.png HTTP/1.1[0m" 304 -
INFO:werkzeug:127.0.0.1 - - [29/Feb/2024 14:58:46] "[32mPOST /enviarPopup HTTP/1.1[0m" 302 -
INFO:werkzeug:127.0.0.1 - - [29/Feb/2024 14:58:46] "GET /AdmHome HTTP/1.1" 200 -
INFO:werkzeug:127.0.0.1 - - [29/Feb/2024 14:58:46] "[36mGET /static/styles/loginadm.css HTTP/1.1[0m" 304 -
INFO:werkzeug:127.0.0.1 - - [29/Feb/2024 14:58:46] "[36mGET /static/images/exitbutton.png HTTP/1.1[0m" 304 -
INFO:werkzeug:127.0.0.1 - - [29/Feb/2024 14:58:46] "[36mGET /static/images/background-pc.png HTTP/1.1[0m" 304 -
INFO:werkzeug:127.0.0.1 - - [29/Feb/2024 14:58:49] "GET /RepositorHome?exibirPopup=true HTTP/1.1" 200 -
INFO:werkzeug:127.0.0.1 - - [29/Feb/2024 14:58:49] "[36mGET /static/styles/loginrec.css HTTP/1.1[0m" 304 -
INFO:werkzeug:127.0.0.1 - - [29/Feb/2024 14:58:49] "[36mGET /static/images/exitbutton.png HTTP/1.1[0m" 304 -
INFO:werkzeug:127.0.0.1 - - [29/Feb/2024 14:58:49] "[36mGET /static/images/zezinhobola.png HTTP/1.1[0m" 304 -
INFO:werkzeug:127.0.0.1 - - [29/Feb/2024 14:58:49] "[36mGET /static/images/zezinhobola.png HTTP/1.1[0m" 304 -
INFO:werkzeug:127.0.0.1 - - [29/Feb/2024 14:58:50] "[36mGET /static/images/background-zezinho.png HTTP/1.1[0m" 304 -
INFO:werkzeug:127.0.0.1 - - [29/Feb/2024 14:58:58] "[36mGET /static/styles/loginrec.css HTTP/1.1[0m" 304 -
INFO:werkzeug:127.0.0.1 - - [29/Feb/2024 14:59:32] "GET /RepositorHome?exibirPopup=true HTTP/1.1" 200 -
INFO:werkzeug:127.0.0.1 - - [29/Feb/2024 14:59:32] "[36mGET /static/styles/loginrec.css HTTP/1.1[0m" 304 -
INFO:werkzeug:127.0.0.1 - - [29/Feb/2024 14:59:32] "[36mGET /static/images/exitbutton.png HTTP/1.1[0m" 304 -
INFO:werkzeug:127.0.0.1 - - [29/Feb/2024 14:59:32] "[36mGET /static/images/zezinhobola.png HTTP/1.1[0m" 304 -
INFO:werkzeug:127.0.0.1 - - [29/Feb/2024 14:59:32] "[36mGET /static/images/zezinhobola.png HTTP/1.1[0m" 304 -
INFO:werkzeug:127.0.0.1 - - [29/Feb/2024 14:59:32] "[36mGET /static/images/background-zezinho.png HTTP/1.1[0m" 304 -
INFO:werkzeug:127.0.0.1 - - [29/Feb/2024 15:03:10] "GET /RepositorHome?exibirPopup=true HTTP/1.1" 200 -
INFO:werkzeug:127.0.0.1 - - [29/Feb/2024 15:03:10] "[36mGET /static/styles/loginrec.css HTTP/1.1[0m" 304 -
INFO:werkzeug:127.0.0.1 - - [29/Feb/2024 15:03:10] "[36mGET /static/images/exitbutton.png HTTP/1.1[0m" 304 -
INFO:werkzeug:127.0.0.1 - - [29/Feb/2024 15:03:10] "[36mGET /static/images/zezinhobola.png HTTP/1.1[0m" 304 -
INFO:werkzeug:127.0.0.1 - - [29/Feb/2024 15:03:10] "[36mGET /static/images/zezinhobola.png HTTP/1.1[0m" 304 -
INFO:werkzeug:127.0.0.1 - - [29/Feb/2024 15:03:10] "[36mGET /static/images/background-zezinho.png HTTP/1.1[0m" 304 -
INFO:werkzeug: * Detected change in 'C:\\Users\\x17859816\\Desktop\\papercontrollsystem\\app.py', reloading
INFO:werkzeug: * Restarting with stat
WARNING:werkzeug: * Debugger is active!
INFO:werkzeug: * Debugger PIN: 104-892-687
INFO:werkzeug:127.0.0.1 - - [29/Feb/2024 15:11:44] "[32mGET /RepositorHome?exibirPopup=true HTTP/1.1[0m" 302 -
INFO:werkzeug:127.0.0.1 - - [29/Feb/2024 15:11:44] "GET /LoginPaper?next=/RepositorHome?exibirPopup%3Dtrue HTTP/1.1" 200 -
INFO:werkzeug:127.0.0.1 - - [29/Feb/2024 15:11:45] "[36mGET /static/styles/loading.css HTTP/1.1[0m" 304 -
INFO:werkzeug:127.0.0.1 - - [29/Feb/2024 15:11:45] "[36mGET /static/styles/login.css HTTP/1.1[0m" 304 -
INFO:werkzeug:127.0.0.1 - - [29/Feb/2024 15:11:45] "[36mGET /static/images/zezinho.png HTTP/1.1[0m" 304 -
INFO:werkzeug:127.0.0.1 - - [29/Feb/2024 15:11:45] "[36mGET /static/images/zezinhobola.png HTTP/1.1[0m" 304 -
INFO:mysql.connector:package: mysql.connector.plugins
INFO:mysql.connector:plugin_name: caching_sha2_password
INFO:mysql.connector:AUTHENTICATION_PLUGIN_CLASS: MySQLCachingSHA2PasswordAuthPlugin
INFO:mysql.connector:package: mysql.connector.plugins
INFO:mysql.connector:plugin_name: mysql_native_password
INFO:mysql.connector:AUTHENTICATION_PLUGIN_CLASS: MySQLNativePasswordAuthPlugin
INFO:werkzeug:127.0.0.1 - - [29/Feb/2024 15:11:47] "[32mPOST /LoginPaper HTTP/1.1[0m" 302 -
INFO:werkzeug:127.0.0.1 - - [29/Feb/2024 15:11:47] "GET /RepositorHome?exibirPopup=true HTTP/1.1" 200 -
INFO:werkzeug:127.0.0.1 - - [29/Feb/2024 15:11:47] "[36mGET /static/images/exitbutton.png HTTP/1.1[0m" 304 -
INFO:werkzeug:127.0.0.1 - - [29/Feb/2024 15:11:47] "[36mGET /static/images/zezinhobola.png HTTP/1.1[0m" 304 -
INFO:werkzeug:127.0.0.1 - - [29/Feb/2024 15:11:47] "GET /static/styles/loginrec.css HTTP/1.1" 200 -
INFO:werkzeug:127.0.0.1 - - [29/Feb/2024 15:11:47] "[36mGET /static/images/background-zezinho.png HTTP/1.1[0m" 304 -
INFO:werkzeug:127.0.0.1 - - [29/Feb/2024 15:12:02] "[32mGET /AdmHome HTTP/1.1[0m" 302 -
INFO:werkzeug:127.0.0.1 - - [29/Feb/2024 15:12:02] "GET /LoginPaper?next=/AdmHome HTTP/1.1" 200 -
INFO:werkzeug:127.0.0.1 - - [29/Feb/2024 15:12:02] "[36mGET /static/styles/loading.css HTTP/1.1[0m" 304 -
INFO:werkzeug:127.0.0.1 - - [29/Feb/2024 15:12:02] "[36mGET /static/styles/login.css HTTP/1.1[0m" 304 -
INFO:werkzeug:127.0.0.1 - - [29/Feb/2024 15:12:02] "[36mGET /static/images/zezinho.png HTTP/1.1[0m" 304 -
INFO:werkzeug:127.0.0.1 - - [29/Feb/2024 15:12:02] "[36mGET /static/images/zezinhobola.png HTTP/1.1[0m" 304 -
INFO:werkzeug:127.0.0.1 - - [29/Feb/2024 15:12:12] "[32mPOST /LoginPaper HTTP/1.1[0m" 302 -
INFO:werkzeug:127.0.0.1 - - [29/Feb/2024 15:12:12] "GET /RepositorHome?exibirPopup=true HTTP/1.1" 200 -
INFO:werkzeug:127.0.0.1 - - [29/Feb/2024 15:12:12] "GET /static/styles/loginrec.css HTTP/1.1" 200 -
INFO:werkzeug:127.0.0.1 - - [29/Feb/2024 15:12:12] "[36mGET /static/images/exitbutton.png HTTP/1.1[0m" 304 -
INFO:werkzeug:127.0.0.1 - - [29/Feb/2024 15:12:12] "[36mGET /static/images/zezinhobola.png HTTP/1.1[0m" 304 -
INFO:werkzeug:127.0.0.1 - - [29/Feb/2024 15:12:12] "[36mGET /static/images/background-zezinho.png HTTP/1.1[0m" 304 -
INFO:werkzeug: * Detected change in 'C:\\Users\\x17859816\\Desktop\\papercontrollsystem\\app.py', reloading
INFO:werkzeug: * Restarting with stat
WARNING:werkzeug: * Debugger is active!
INFO:werkzeug: * Debugger PIN: 104-892-687
INFO:werkzeug:127.0.0.1 - - [29/Feb/2024 15:12:52] "[32mGET /RepositorHome?exibirPopup=true HTTP/1.1[0m" 302 -
INFO:werkzeug:127.0.0.1 - - [29/Feb/2024 15:12:52] "GET /LoginPaper?next=/RepositorHome?exibirPopup%3Dtrue HTTP/1.1" 200 -
INFO:werkzeug:127.0.0.1 - - [29/Feb/2024 15:12:52] "[36mGET /static/styles/login.css HTTP/1.1[0m" 304 -
INFO:werkzeug:127.0.0.1 - - [29/Feb/2024 15:12:52] "[36mGET /static/styles/loading.css HTTP/1.1[0m" 304 -
INFO:werkzeug:127.0.0.1 - - [29/Feb/2024 15:12:52] "[36mGET /static/images/zezinho.png HTTP/1.1[0m" 304 -
INFO:werkzeug:127.0.0.1 - - [29/Feb/2024 15:12:52] "[36mGET /static/images/zezinhobola.png HTTP/1.1[0m" 304 -
INFO:mysql.connector:package: mysql.connector.plugins
INFO:mysql.connector:plugin_name: caching_sha2_password
INFO:mysql.connector:AUTHENTICATION_PLUGIN_CLASS: MySQLCachingSHA2PasswordAuthPlugin
INFO:mysql.connector:package: mysql.connector.plugins
INFO:mysql.connector:plugin_name: mysql_native_password
INFO:mysql.connector:AUTHENTICATION_PLUGIN_CLASS: MySQLNativePasswordAuthPlugin
INFO:werkzeug:127.0.0.1 - - [29/Feb/2024 15:12:53] "[32mPOST /LoginPaper HTTP/1.1[0m" 302 -
INFO:werkzeug:127.0.0.1 - - [29/Feb/2024 15:12:53] "GET /RepositorHome?exibirPopup=true HTTP/1.1" 200 -
INFO:werkzeug:127.0.0.1 - - [29/Feb/2024 15:12:53] "[36mGET /static/styles/loginrec.css HTTP/1.1[0m" 304 -
INFO:werkzeug:127.0.0.1 - - [29/Feb/2024 15:12:53] "[36mGET /static/images/exitbutton.png HTTP/1.1[0m" 304 -
INFO:werkzeug:127.0.0.1 - - [29/Feb/2024 15:12:53] "[36mGET /static/images/zezinhobola.png HTTP/1.1[0m" 304 -
INFO:werkzeug:127.0.0.1 - - [29/Feb/2024 15:12:53] "[36mGET /static/images/background-zezinho.png HTTP/1.1[0m" 304 -
INFO:werkzeug:[31m[1mWARNING: This is a development server. Do not use it in a production deployment. Use a production WSGI server instead.[0m
 * Running on http://127.0.0.1:5000
INFO:werkzeug:[33mPress CTRL+C to quit[0m
INFO:werkzeug: * Restarting with stat
WARNING:werkzeug: * Debugger is active!
INFO:werkzeug: * Debugger PIN: 101-197-873
INFO:werkzeug:127.0.0.1 - - [29/Feb/2024 15:40:43] "[32mGET /RepositorHome?exibirPopup=true HTTP/1.1[0m" 302 -
INFO:werkzeug:127.0.0.1 - - [29/Feb/2024 15:40:43] "GET /LoginPaper?next=/RepositorHome?exibirPopup%3Dtrue HTTP/1.1" 200 -
INFO:werkzeug:127.0.0.1 - - [29/Feb/2024 15:40:43] "[36mGET /static/styles/loading.css HTTP/1.1[0m" 304 -
INFO:werkzeug:127.0.0.1 - - [29/Feb/2024 15:40:43] "[36mGET /static/styles/login.css HTTP/1.1[0m" 304 -
INFO:werkzeug:127.0.0.1 - - [29/Feb/2024 15:40:43] "[36mGET /static/images/zezinho.png HTTP/1.1[0m" 304 -
INFO:werkzeug:127.0.0.1 - - [29/Feb/2024 15:40:43] "[36mGET /static/images/zezinhobola.png HTTP/1.1[0m" 304 -
INFO:mysql.connector:package: mysql.connector.plugins
INFO:mysql.connector:plugin_name: caching_sha2_password
INFO:mysql.connector:AUTHENTICATION_PLUGIN_CLASS: MySQLCachingSHA2PasswordAuthPlugin
INFO:mysql.connector:package: mysql.connector.plugins
INFO:mysql.connector:plugin_name: mysql_native_password
INFO:mysql.connector:AUTHENTICATION_PLUGIN_CLASS: MySQLNativePasswordAuthPlugin
INFO:werkzeug:127.0.0.1 - - [29/Feb/2024 15:40:45] "[32mPOST /LoginPaper HTTP/1.1[0m" 302 -
INFO:werkzeug:127.0.0.1 - - [29/Feb/2024 15:40:45] "GET /AdmHome HTTP/1.1" 200 -
INFO:werkzeug:127.0.0.1 - - [29/Feb/2024 15:40:45] "[36mGET /static/images/exitbutton.png HTTP/1.1[0m" 304 -
INFO:werkzeug:127.0.0.1 - - [29/Feb/2024 15:40:45] "[36mGET /static/styles/loginadm.css HTTP/1.1[0m" 304 -
INFO:werkzeug:127.0.0.1 - - [29/Feb/2024 15:40:45] "[36mGET /static/images/background-pc.png HTTP/1.1[0m" 304 -
INFO:werkzeug:127.0.0.1 - - [29/Feb/2024 15:40:46] "GET /enviarPopup HTTP/1.1" 200 -
INFO:werkzeug:127.0.0.1 - - [29/Feb/2024 15:40:46] "[36mGET /static/images/exitbutton.png HTTP/1.1[0m" 304 -
INFO:werkzeug:127.0.0.1 - - [29/Feb/2024 15:40:46] "[36mGET /static/styles/enviarNotificacao.css HTTP/1.1[0m" 304 -
INFO:werkzeug:127.0.0.1 - - [29/Feb/2024 15:40:46] "[36mGET /static/images/background-pc.png HTTP/1.1[0m" 304 -
INFO:werkzeug:127.0.0.1 - - [29/Feb/2024 15:40:50] "[35m[1mPOST /enviarPopup HTTP/1.1[0m" 500 -
INFO:werkzeug:127.0.0.1 - - [29/Feb/2024 15:40:51] "GET /enviarPopup?__debugger__=yes&cmd=resource&f=style.css HTTP/1.1" 200 -
INFO:werkzeug:127.0.0.1 - - [29/Feb/2024 15:40:51] "GET /enviarPopup?__debugger__=yes&cmd=resource&f=debugger.js HTTP/1.1" 200 -
INFO:werkzeug:127.0.0.1 - - [29/Feb/2024 15:40:51] "GET /enviarPopup?__debugger__=yes&cmd=resource&f=console.png HTTP/1.1" 200 -
INFO:werkzeug:127.0.0.1 - - [29/Feb/2024 15:40:51] "[36mGET /enviarPopup?__debugger__=yes&cmd=resource&f=console.png HTTP/1.1[0m" 304 -
INFO:werkzeug: * Detected change in 'C:\\Users\\x17859816\\Desktop\\papercontrollsystem\\app.py', reloading
INFO:werkzeug: * Restarting with stat
WARNING:werkzeug: * Debugger is active!
INFO:werkzeug: * Debugger PIN: 101-197-873
INFO:werkzeug:127.0.0.1 - - [29/Feb/2024 15:41:08] "[32mPOST /enviarPopup HTTP/1.1[0m" 302 -
INFO:werkzeug:127.0.0.1 - - [29/Feb/2024 15:41:08] "GET /LoginPaper?next=/enviarPopup HTTP/1.1" 200 -
INFO:werkzeug:127.0.0.1 - - [29/Feb/2024 15:41:08] "[36mGET /static/styles/loading.css HTTP/1.1[0m" 304 -
INFO:werkzeug:127.0.0.1 - - [29/Feb/2024 15:41:08] "[36mGET /static/styles/login.css HTTP/1.1[0m" 304 -
INFO:mysql.connector:package: mysql.connector.plugins
INFO:mysql.connector:plugin_name: caching_sha2_password
INFO:mysql.connector:AUTHENTICATION_PLUGIN_CLASS: MySQLCachingSHA2PasswordAuthPlugin
INFO:mysql.connector:package: mysql.connector.plugins
INFO:mysql.connector:plugin_name: mysql_native_password
INFO:mysql.connector:AUTHENTICATION_PLUGIN_CLASS: MySQLNativePasswordAuthPlugin
INFO:werkzeug:127.0.0.1 - - [29/Feb/2024 15:41:09] "[32mPOST /LoginPaper HTTP/1.1[0m" 302 -
INFO:werkzeug:127.0.0.1 - - [29/Feb/2024 15:41:09] "GET /AdmHome HTTP/1.1" 200 -
INFO:werkzeug:127.0.0.1 - - [29/Feb/2024 15:41:09] "[36mGET /static/styles/loginadm.css HTTP/1.1[0m" 304 -
INFO:werkzeug:127.0.0.1 - - [29/Feb/2024 15:41:09] "[36mGET /static/images/exitbutton.png HTTP/1.1[0m" 304 -
INFO:werkzeug:127.0.0.1 - - [29/Feb/2024 15:41:10] "GET /enviarPopup HTTP/1.1" 200 -
INFO:werkzeug:127.0.0.1 - - [29/Feb/2024 15:41:10] "[36mGET /static/styles/enviarNotificacao.css HTTP/1.1[0m" 304 -
INFO:werkzeug:127.0.0.1 - - [29/Feb/2024 15:41:10] "[36mGET /static/images/exitbutton.png HTTP/1.1[0m" 304 -
INFO:werkzeug:127.0.0.1 - - [29/Feb/2024 15:41:13] "[32mPOST /enviarPopup HTTP/1.1[0m" 302 -
INFO:werkzeug:127.0.0.1 - - [29/Feb/2024 15:41:13] "GET /AdmHome HTTP/1.1" 200 -
INFO:werkzeug:127.0.0.1 - - [29/Feb/2024 15:41:13] "[36mGET /static/styles/loginadm.css HTTP/1.1[0m" 304 -
INFO:werkzeug:127.0.0.1 - - [29/Feb/2024 15:41:13] "[36mGET /static/images/exitbutton.png HTTP/1.1[0m" 304 -
INFO:werkzeug:127.0.0.1 - - [29/Feb/2024 15:41:20] "GET /LoginPaper HTTP/1.1" 200 -
INFO:werkzeug:127.0.0.1 - - [29/Feb/2024 15:41:20] "[36mGET /static/styles/loading.css HTTP/1.1[0m" 304 -
INFO:werkzeug:127.0.0.1 - - [29/Feb/2024 15:41:20] "[36mGET /static/styles/login.css HTTP/1.1[0m" 304 -
INFO:werkzeug:127.0.0.1 - - [29/Feb/2024 15:41:20] "[36mGET /static/images/zezinho.png HTTP/1.1[0m" 304 -
INFO:werkzeug:127.0.0.1 - - [29/Feb/2024 15:41:22] "[32mPOST /LoginPaper HTTP/1.1[0m" 302 -
INFO:werkzeug:127.0.0.1 - - [29/Feb/2024 15:41:22] "GET /RepositorHome?exibirPopup=true HTTP/1.1" 200 -
INFO:werkzeug:127.0.0.1 - - [29/Feb/2024 15:41:22] "[36mGET /static/images/exitbutton.png HTTP/1.1[0m" 304 -
INFO:werkzeug:127.0.0.1 - - [29/Feb/2024 15:41:22] "[36mGET /static/images/zezinhobola.png HTTP/1.1[0m" 304 -
INFO:werkzeug:127.0.0.1 - - [29/Feb/2024 15:41:22] "[36mGET /static/styles/loginrec.css HTTP/1.1[0m" 304 -
INFO:werkzeug:127.0.0.1 - - [29/Feb/2024 15:41:22] "[36mGET /static/images/background-zezinho.png HTTP/1.1[0m" 304 -
INFO:werkzeug: * Detected change in 'C:\\Users\\x17859816\\Desktop\\papercontrollsystem\\app.py', reloading
INFO:werkzeug: * Restarting with stat
WARNING:werkzeug: * Debugger is active!
INFO:werkzeug: * Debugger PIN: 101-197-873
INFO:werkzeug:127.0.0.1 - - [29/Feb/2024 15:47:43] "[32mGET /RepositorHome?exibirPopup=true HTTP/1.1[0m" 302 -
INFO:werkzeug:127.0.0.1 - - [29/Feb/2024 15:47:43] "GET /LoginPaper?next=/RepositorHome?exibirPopup%3Dtrue HTTP/1.1" 200 -
INFO:werkzeug:127.0.0.1 - - [29/Feb/2024 15:47:43] "[36mGET /static/styles/login.css HTTP/1.1[0m" 304 -
INFO:werkzeug:127.0.0.1 - - [29/Feb/2024 15:47:43] "[36mGET /static/styles/loading.css HTTP/1.1[0m" 304 -
INFO:werkzeug:127.0.0.1 - - [29/Feb/2024 15:47:43] "[36mGET /static/images/zezinho.png HTTP/1.1[0m" 304 -
INFO:werkzeug:127.0.0.1 - - [29/Feb/2024 15:47:43] "[36mGET /static/images/zezinhobola.png HTTP/1.1[0m" 304 -
INFO:mysql.connector:package: mysql.connector.plugins
INFO:mysql.connector:plugin_name: caching_sha2_password
INFO:mysql.connector:AUTHENTICATION_PLUGIN_CLASS: MySQLCachingSHA2PasswordAuthPlugin
INFO:mysql.connector:package: mysql.connector.plugins
INFO:mysql.connector:plugin_name: mysql_native_password
INFO:mysql.connector:AUTHENTICATION_PLUGIN_CLASS: MySQLNativePasswordAuthPlugin
INFO:werkzeug:127.0.0.1 - - [29/Feb/2024 15:47:44] "[32mPOST /LoginPaper HTTP/1.1[0m" 302 -
INFO:werkzeug:127.0.0.1 - - [29/Feb/2024 15:47:44] "GET /RepositorHome?exibirPopup=true HTTP/1.1" 200 -
INFO:werkzeug:127.0.0.1 - - [29/Feb/2024 15:47:44] "[36mGET /static/styles/loginrec.css HTTP/1.1[0m" 304 -
INFO:werkzeug:127.0.0.1 - - [29/Feb/2024 15:47:44] "[36mGET /static/images/exitbutton.png HTTP/1.1[0m" 304 -
INFO:werkzeug:127.0.0.1 - - [29/Feb/2024 15:47:44] "[36mGET /static/images/zezinhobola.png HTTP/1.1[0m" 304 -
INFO:werkzeug:127.0.0.1 - - [29/Feb/2024 15:47:44] "[36mGET /static/images/background-zezinho.png HTTP/1.1[0m" 304 -
INFO:werkzeug:127.0.0.1 - - [29/Feb/2024 15:47:46] "GET /LoginPaper HTTP/1.1" 200 -
INFO:werkzeug:127.0.0.1 - - [29/Feb/2024 15:47:46] "[36mGET /static/styles/loading.css HTTP/1.1[0m" 304 -
INFO:werkzeug:127.0.0.1 - - [29/Feb/2024 15:47:46] "[36mGET /static/styles/login.css HTTP/1.1[0m" 304 -
INFO:werkzeug:127.0.0.1 - - [29/Feb/2024 15:47:50] "[32mPOST /LoginPaper HTTP/1.1[0m" 302 -
INFO:werkzeug:127.0.0.1 - - [29/Feb/2024 15:47:50] "GET /RepositorHome?exibirPopup=true HTTP/1.1" 200 -
INFO:werkzeug:127.0.0.1 - - [29/Feb/2024 15:47:50] "[36mGET /static/styles/loginrec.css HTTP/1.1[0m" 304 -
INFO:werkzeug:127.0.0.1 - - [29/Feb/2024 15:47:50] "[36mGET /static/images/exitbutton.png HTTP/1.1[0m" 304 -
INFO:werkzeug:127.0.0.1 - - [29/Feb/2024 15:47:50] "[36mGET /static/images/zezinhobola.png HTTP/1.1[0m" 304 -
INFO:werkzeug:127.0.0.1 - - [29/Feb/2024 15:47:51] "GET /LoginPaper HTTP/1.1" 200 -
INFO:werkzeug:127.0.0.1 - - [29/Feb/2024 15:47:51] "[36mGET /static/styles/loading.css HTTP/1.1[0m" 304 -
INFO:werkzeug:127.0.0.1 - - [29/Feb/2024 15:47:51] "[36mGET /static/styles/login.css HTTP/1.1[0m" 304 -
INFO:werkzeug:127.0.0.1 - - [29/Feb/2024 15:47:55] "[32mPOST /LoginPaper HTTP/1.1[0m" 302 -
INFO:werkzeug:127.0.0.1 - - [29/Feb/2024 15:47:55] "GET /AdmHome HTTP/1.1" 200 -
INFO:werkzeug:127.0.0.1 - - [29/Feb/2024 15:47:55] "[36mGET /static/styles/loginadm.css HTTP/1.1[0m" 304 -
INFO:werkzeug:127.0.0.1 - - [29/Feb/2024 15:47:55] "[36mGET /static/images/exitbutton.png HTTP/1.1[0m" 304 -
INFO:werkzeug:127.0.0.1 - - [29/Feb/2024 15:47:55] "[36mGET /static/images/background-pc.png HTTP/1.1[0m" 304 -
INFO:werkzeug:127.0.0.1 - - [29/Feb/2024 15:47:56] "GET /enviarPopup HTTP/1.1" 200 -
INFO:werkzeug:127.0.0.1 - - [29/Feb/2024 15:47:56] "[36mGET /static/styles/enviarNotificacao.css HTTP/1.1[0m" 304 -
INFO:werkzeug:127.0.0.1 - - [29/Feb/2024 15:47:56] "[36mGET /static/images/exitbutton.png HTTP/1.1[0m" 304 -
INFO:werkzeug:127.0.0.1 - - [29/Feb/2024 15:47:56] "[36mGET /static/images/background-pc.png HTTP/1.1[0m" 304 -
INFO:werkzeug:127.0.0.1 - - [29/Feb/2024 15:48:00] "[35m[1mPOST /enviarPopup HTTP/1.1[0m" 500 -
INFO:werkzeug:127.0.0.1 - - [29/Feb/2024 15:48:00] "[36mGET /enviarPopup?__debugger__=yes&cmd=resource&f=style.css HTTP/1.1[0m" 304 -
INFO:werkzeug:127.0.0.1 - - [29/Feb/2024 15:48:00] "[36mGET /enviarPopup?__debugger__=yes&cmd=resource&f=debugger.js HTTP/1.1[0m" 304 -
INFO:werkzeug:127.0.0.1 - - [29/Feb/2024 15:48:00] "[36mGET /enviarPopup?__debugger__=yes&cmd=resource&f=console.png HTTP/1.1[0m" 304 -
INFO:werkzeug:127.0.0.1 - - [29/Feb/2024 15:48:00] "[36mGET /enviarPopup?__debugger__=yes&cmd=resource&f=console.png HTTP/1.1[0m" 304 -
INFO:werkzeug: * Detected change in 'C:\\Users\\x17859816\\Desktop\\papercontrollsystem\\app.py', reloading
INFO:werkzeug: * Restarting with stat
WARNING:werkzeug: * Debugger is active!
INFO:werkzeug: * Debugger PIN: 101-197-873
INFO:werkzeug:127.0.0.1 - - [29/Feb/2024 15:49:40] "[32mPOST /enviarPopup HTTP/1.1[0m" 302 -
INFO:werkzeug:127.0.0.1 - - [29/Feb/2024 15:49:40] "GET /LoginPaper?next=/enviarPopup HTTP/1.1" 200 -
INFO:werkzeug:127.0.0.1 - - [29/Feb/2024 15:49:40] "[36mGET /static/styles/loading.css HTTP/1.1[0m" 304 -
INFO:werkzeug:127.0.0.1 - - [29/Feb/2024 15:49:40] "[36mGET /static/styles/login.css HTTP/1.1[0m" 304 -
INFO:werkzeug:127.0.0.1 - - [29/Feb/2024 15:49:40] "[36mGET /static/images/zezinho.png HTTP/1.1[0m" 304 -
INFO:mysql.connector:package: mysql.connector.plugins
INFO:mysql.connector:plugin_name: caching_sha2_password
INFO:mysql.connector:AUTHENTICATION_PLUGIN_CLASS: MySQLCachingSHA2PasswordAuthPlugin
INFO:mysql.connector:package: mysql.connector.plugins
INFO:mysql.connector:plugin_name: mysql_native_password
INFO:mysql.connector:AUTHENTICATION_PLUGIN_CLASS: MySQLNativePasswordAuthPlugin
INFO:werkzeug:127.0.0.1 - - [29/Feb/2024 15:49:42] "[32mPOST /LoginPaper HTTP/1.1[0m" 302 -
INFO:werkzeug:127.0.0.1 - - [29/Feb/2024 15:49:42] "GET /AdmHome HTTP/1.1" 200 -
INFO:werkzeug:127.0.0.1 - - [29/Feb/2024 15:49:42] "[36mGET /static/styles/loginadm.css HTTP/1.1[0m" 304 -
INFO:werkzeug:127.0.0.1 - - [29/Feb/2024 15:49:42] "[36mGET /static/images/exitbutton.png HTTP/1.1[0m" 304 -
INFO:werkzeug:127.0.0.1 - - [29/Feb/2024 15:49:42] "[36mGET /static/images/background-pc.png HTTP/1.1[0m" 304 -
INFO:werkzeug:127.0.0.1 - - [29/Feb/2024 15:49:42] "GET /RelatorioSemanal HTTP/1.1" 200 -
INFO:werkzeug:127.0.0.1 - - [29/Feb/2024 15:49:42] "[36mGET /static/images/exitbutton.png HTTP/1.1[0m" 304 -
INFO:werkzeug:127.0.0.1 - - [29/Feb/2024 15:49:42] "[36mGET /static/styles/quantidadeadm.css HTTP/1.1[0m" 304 -
INFO:werkzeug:127.0.0.1 - - [29/Feb/2024 15:49:42] "[36mGET /static/images/background-pc.png HTTP/1.1[0m" 304 -
INFO:werkzeug:127.0.0.1 - - [29/Feb/2024 15:49:43] "GET /AdmHome HTTP/1.1" 200 -
INFO:werkzeug:127.0.0.1 - - [29/Feb/2024 15:49:43] "[36mGET /static/styles/loginadm.css HTTP/1.1[0m" 304 -
INFO:werkzeug:127.0.0.1 - - [29/Feb/2024 15:49:43] "[36mGET /static/images/exitbutton.png HTTP/1.1[0m" 304 -
INFO:werkzeug:127.0.0.1 - - [29/Feb/2024 15:49:44] "GET /enviarPopup HTTP/1.1" 200 -
INFO:werkzeug:127.0.0.1 - - [29/Feb/2024 15:49:44] "[36mGET /static/styles/enviarNotificacao.css HTTP/1.1[0m" 304 -
INFO:werkzeug:127.0.0.1 - - [29/Feb/2024 15:49:44] "[36mGET /static/images/exitbutton.png HTTP/1.1[0m" 304 -
INFO:werkzeug:127.0.0.1 - - [29/Feb/2024 15:49:44] "[36mGET /static/images/background-pc.png HTTP/1.1[0m" 304 -
INFO:werkzeug:127.0.0.1 - - [29/Feb/2024 15:49:47] "[32mPOST /enviarPopup HTTP/1.1[0m" 302 -
INFO:werkzeug:127.0.0.1 - - [29/Feb/2024 15:49:47] "GET /AdmHome HTTP/1.1" 200 -
INFO:werkzeug:127.0.0.1 - - [29/Feb/2024 15:49:47] "[36mGET /static/styles/loginadm.css HTTP/1.1[0m" 304 -
INFO:werkzeug:127.0.0.1 - - [29/Feb/2024 15:49:47] "[36mGET /static/images/exitbutton.png HTTP/1.1[0m" 304 -
INFO:werkzeug:[31m[1mWARNING: This is a development server. Do not use it in a production deployment. Use a production WSGI server instead.[0m
 * Running on http://127.0.0.1:5000
INFO:werkzeug:[33mPress CTRL+C to quit[0m
INFO:werkzeug: * Restarting with stat
WARNING:werkzeug: * Debugger is active!
INFO:werkzeug: * Debugger PIN: 101-197-873
INFO:werkzeug:127.0.0.1 - - [01/Mar/2024 07:37:35] "[32mGET /AdmHome HTTP/1.1[0m" 302 -
INFO:werkzeug:127.0.0.1 - - [01/Mar/2024 07:37:35] "GET /LoginPaper?next=/AdmHome HTTP/1.1" 200 -
INFO:werkzeug:127.0.0.1 - - [01/Mar/2024 07:37:35] "[36mGET /static/styles/login.css HTTP/1.1[0m" 304 -
INFO:werkzeug:127.0.0.1 - - [01/Mar/2024 07:37:35] "[36mGET /static/styles/loading.css HTTP/1.1[0m" 304 -
INFO:werkzeug:127.0.0.1 - - [01/Mar/2024 07:37:35] "[36mGET /static/images/zezinho.png HTTP/1.1[0m" 304 -
INFO:werkzeug:127.0.0.1 - - [01/Mar/2024 07:37:35] "[36mGET /static/images/zezinhobola.png HTTP/1.1[0m" 304 -
INFO:werkzeug:127.0.0.1 - - [01/Mar/2024 07:48:29] "[35m[1mPOST /LoginPaper HTTP/1.1[0m" 500 -
INFO:werkzeug:127.0.0.1 - - [01/Mar/2024 07:48:29] "[36mGET /LoginPaper?__debugger__=yes&cmd=resource&f=style.css HTTP/1.1[0m" 304 -
INFO:werkzeug:127.0.0.1 - - [01/Mar/2024 07:48:29] "[36mGET /LoginPaper?__debugger__=yes&cmd=resource&f=debugger.js HTTP/1.1[0m" 304 -
INFO:werkzeug:127.0.0.1 - - [01/Mar/2024 07:48:29] "[36mGET /LoginPaper?__debugger__=yes&cmd=resource&f=console.png HTTP/1.1[0m" 304 -
INFO:werkzeug:127.0.0.1 - - [01/Mar/2024 07:48:29] "[36mGET /LoginPaper?__debugger__=yes&cmd=resource&f=console.png HTTP/1.1[0m" 304 -
INFO:mysql.connector:package: mysql.connector.plugins
INFO:mysql.connector:plugin_name: caching_sha2_password
INFO:mysql.connector:AUTHENTICATION_PLUGIN_CLASS: MySQLCachingSHA2PasswordAuthPlugin
INFO:mysql.connector:package: mysql.connector.plugins
INFO:mysql.connector:plugin_name: mysql_native_password
INFO:mysql.connector:AUTHENTICATION_PLUGIN_CLASS: MySQLNativePasswordAuthPlugin
INFO:werkzeug:127.0.0.1 - - [01/Mar/2024 07:49:47] "[32mPOST /LoginPaper HTTP/1.1[0m" 302 -
INFO:werkzeug:127.0.0.1 - - [01/Mar/2024 07:49:47] "GET /AdmHome HTTP/1.1" 200 -
INFO:werkzeug:127.0.0.1 - - [01/Mar/2024 07:49:47] "[36mGET /static/images/exitbutton.png HTTP/1.1[0m" 304 -
INFO:werkzeug:127.0.0.1 - - [01/Mar/2024 07:49:47] "[36mGET /static/styles/loginadm.css HTTP/1.1[0m" 304 -
INFO:werkzeug:127.0.0.1 - - [01/Mar/2024 07:49:47] "[36mGET /static/images/background-pc.png HTTP/1.1[0m" 304 -
INFO:werkzeug:127.0.0.1 - - [01/Mar/2024 07:50:15] "GET /enviarPopup HTTP/1.1" 200 -
INFO:werkzeug:127.0.0.1 - - [01/Mar/2024 07:50:15] "[36mGET /static/images/exitbutton.png HTTP/1.1[0m" 304 -
INFO:werkzeug:127.0.0.1 - - [01/Mar/2024 07:50:15] "[36mGET /static/styles/enviarNotificacao.css HTTP/1.1[0m" 304 -
INFO:werkzeug:127.0.0.1 - - [01/Mar/2024 07:50:15] "[36mGET /static/images/background-pc.png HTTP/1.1[0m" 304 -
INFO:werkzeug:127.0.0.1 - - [01/Mar/2024 07:50:21] "[32mPOST /enviarPopup HTTP/1.1[0m" 302 -
INFO:werkzeug:127.0.0.1 - - [01/Mar/2024 07:50:21] "GET /AdmHome HTTP/1.1" 200 -
INFO:werkzeug:127.0.0.1 - - [01/Mar/2024 07:50:21] "[36mGET /static/styles/loginadm.css HTTP/1.1[0m" 304 -
INFO:werkzeug:127.0.0.1 - - [01/Mar/2024 07:50:21] "[36mGET /static/images/exitbutton.png HTTP/1.1[0m" 304 -
INFO:werkzeug:127.0.0.1 - - [01/Mar/2024 07:50:21] "[36mGET /static/images/background-pc.png HTTP/1.1[0m" 304 -
INFO:werkzeug:127.0.0.1 - - [01/Mar/2024 07:51:08] "GET /enviarPopup HTTP/1.1" 200 -
INFO:werkzeug:127.0.0.1 - - [01/Mar/2024 07:51:08] "[36mGET /static/styles/enviarNotificacao.css HTTP/1.1[0m" 304 -
INFO:werkzeug:127.0.0.1 - - [01/Mar/2024 07:51:08] "[36mGET /static/images/exitbutton.png HTTP/1.1[0m" 304 -
INFO:werkzeug:127.0.0.1 - - [01/Mar/2024 07:51:08] "[36mGET /static/images/background-pc.png HTTP/1.1[0m" 304 -
INFO:werkzeug:127.0.0.1 - - [01/Mar/2024 07:51:34] "[32mPOST /enviarPopup HTTP/1.1[0m" 302 -
INFO:werkzeug:127.0.0.1 - - [01/Mar/2024 07:51:34] "GET /AdmHome HTTP/1.1" 200 -
INFO:werkzeug:127.0.0.1 - - [01/Mar/2024 07:51:34] "[36mGET /static/styles/loginadm.css HTTP/1.1[0m" 304 -
INFO:werkzeug:127.0.0.1 - - [01/Mar/2024 07:51:34] "[36mGET /static/images/exitbutton.png HTTP/1.1[0m" 304 -
INFO:werkzeug:127.0.0.1 - - [01/Mar/2024 07:51:34] "[36mGET /static/images/background-pc.png HTTP/1.1[0m" 304 -
INFO:werkzeug:127.0.0.1 - - [01/Mar/2024 07:53:04] "[32mGET / HTTP/1.1[0m" 302 -
INFO:werkzeug:127.0.0.1 - - [01/Mar/2024 07:53:04] "GET /LoginPaper?next=/ HTTP/1.1" 200 -
INFO:werkzeug:127.0.0.1 - - [01/Mar/2024 07:53:04] "[36mGET /static/styles/loading.css HTTP/1.1[0m" 304 -
INFO:werkzeug:127.0.0.1 - - [01/Mar/2024 07:53:04] "[36mGET /static/styles/login.css HTTP/1.1[0m" 304 -
INFO:werkzeug:127.0.0.1 - - [01/Mar/2024 07:53:04] "[36mGET /static/images/zezinho.png HTTP/1.1[0m" 304 -
INFO:werkzeug:127.0.0.1 - - [01/Mar/2024 07:53:06] "[32mPOST /LoginPaper HTTP/1.1[0m" 302 -
INFO:werkzeug:127.0.0.1 - - [01/Mar/2024 07:53:06] "GET /RepositorHome?exibirPopup=true HTTP/1.1" 200 -
INFO:werkzeug:127.0.0.1 - - [01/Mar/2024 07:53:06] "[36mGET /static/images/exitbutton.png HTTP/1.1[0m" 304 -
INFO:werkzeug:127.0.0.1 - - [01/Mar/2024 07:53:06] "[36mGET /static/images/zezinhobola.png HTTP/1.1[0m" 304 -
INFO:werkzeug:127.0.0.1 - - [01/Mar/2024 07:53:06] "[36mGET /static/styles/loginrec.css HTTP/1.1[0m" 304 -
INFO:werkzeug:127.0.0.1 - - [01/Mar/2024 07:53:06] "[36mGET /static/images/background-zezinho.png HTTP/1.1[0m" 304 -
INFO:werkzeug:127.0.0.1 - - [01/Mar/2024 07:53:11] "GET /enviarPopup HTTP/1.1" 200 -
INFO:werkzeug:127.0.0.1 - - [01/Mar/2024 07:53:11] "[36mGET /static/styles/enviarNotificacao.css HTTP/1.1[0m" 304 -
INFO:werkzeug:127.0.0.1 - - [01/Mar/2024 07:53:11] "[36mGET /static/images/exitbutton.png HTTP/1.1[0m" 304 -
INFO:werkzeug:127.0.0.1 - - [01/Mar/2024 07:53:11] "[36mGET /static/images/background-pc.png HTTP/1.1[0m" 304 -
INFO:werkzeug:127.0.0.1 - - [01/Mar/2024 07:53:15] "[32mPOST /enviarPopup HTTP/1.1[0m" 302 -
INFO:werkzeug:127.0.0.1 - - [01/Mar/2024 07:53:15] "GET /AdmHome HTTP/1.1" 200 -
INFO:werkzeug:127.0.0.1 - - [01/Mar/2024 07:53:15] "[36mGET /static/styles/loginadm.css HTTP/1.1[0m" 304 -
INFO:werkzeug:127.0.0.1 - - [01/Mar/2024 07:53:15] "[36mGET /static/images/exitbutton.png HTTP/1.1[0m" 304 -
INFO:werkzeug:127.0.0.1 - - [01/Mar/2024 07:53:15] "[36mGET /static/images/background-pc.png HTTP/1.1[0m" 304 -
INFO:werkzeug:127.0.0.1 - - [01/Mar/2024 07:53:16] "GET /RepositorHome?exibirPopup=true HTTP/1.1" 200 -
INFO:werkzeug:127.0.0.1 - - [01/Mar/2024 07:53:16] "[36mGET /static/styles/loginrec.css HTTP/1.1[0m" 304 -
INFO:werkzeug:127.0.0.1 - - [01/Mar/2024 07:53:16] "[36mGET /static/images/exitbutton.png HTTP/1.1[0m" 304 -
INFO:werkzeug:127.0.0.1 - - [01/Mar/2024 07:53:16] "[36mGET /static/images/zezinhobola.png HTTP/1.1[0m" 304 -
INFO:werkzeug:127.0.0.1 - - [01/Mar/2024 07:53:16] "[36mGET /static/images/zezinhobola.png HTTP/1.1[0m" 304 -
INFO:werkzeug:127.0.0.1 - - [01/Mar/2024 07:53:17] "[36mGET /static/images/background-zezinho.png HTTP/1.1[0m" 304 -
INFO:werkzeug:127.0.0.1 - - [01/Mar/2024 08:03:54] "GET /RepositorHome?exibirPopup=true HTTP/1.1" 200 -
INFO:werkzeug:127.0.0.1 - - [01/Mar/2024 08:03:54] "[36mGET /static/styles/loginrec.css HTTP/1.1[0m" 304 -
INFO:werkzeug:127.0.0.1 - - [01/Mar/2024 08:03:54] "[36mGET /static/images/exitbutton.png HTTP/1.1[0m" 304 -
INFO:werkzeug:127.0.0.1 - - [01/Mar/2024 08:03:54] "[36mGET /static/images/zezinhobola.png HTTP/1.1[0m" 304 -
INFO:werkzeug:127.0.0.1 - - [01/Mar/2024 08:03:54] "[36mGET /static/images/zezinhobola.png HTTP/1.1[0m" 304 -
INFO:werkzeug:127.0.0.1 - - [01/Mar/2024 08:03:54] "[36mGET /static/images/background-zezinho.png HTTP/1.1[0m" 304 -
INFO:werkzeug:127.0.0.1 - - [01/Mar/2024 08:03:55] "GET /AjudaSugestao HTTP/1.1" 200 -
INFO:werkzeug:127.0.0.1 - - [01/Mar/2024 08:03:55] "[36mGET /static/images/exitbutton.png HTTP/1.1[0m" 304 -
INFO:werkzeug:127.0.0.1 - - [01/Mar/2024 08:03:55] "[36mGET /static/styles/ajudaOZe.css HTTP/1.1[0m" 304 -
INFO:werkzeug:127.0.0.1 - - [01/Mar/2024 08:03:55] "[36mGET /static/images/background-zezinho.png HTTP/1.1[0m" 304 -
INFO:werkzeug:127.0.0.1 - - [01/Mar/2024 08:03:59] "[36mGET /static/styles/loginrec.css HTTP/1.1[0m" 304 -
INFO:werkzeug:127.0.0.1 - - [01/Mar/2024 08:04:12] "GET /AjudaSugestao HTTP/1.1" 200 -
INFO:werkzeug:127.0.0.1 - - [01/Mar/2024 08:04:12] "[36mGET /static/styles/ajudaOZe.css HTTP/1.1[0m" 304 -
INFO:werkzeug:127.0.0.1 - - [01/Mar/2024 08:04:12] "[36mGET /static/images/exitbutton.png HTTP/1.1[0m" 304 -
INFO:werkzeug:127.0.0.1 - - [01/Mar/2024 08:04:12] "[36mGET /static/images/background-zezinho.png HTTP/1.1[0m" 304 -
INFO:__main__:Enviando e-mail para lucas.nascimento@planejamento.mg.gov.br sobre a Ajuda de ID 52
INFO:__main__:E-mail para lucas.nascimento@planejamento.mg.gov.br enviado com sucesso!
INFO:werkzeug:127.0.0.1 - - [01/Mar/2024 08:04:23] "POST /AjudaSugestao HTTP/1.1" 200 -
INFO:werkzeug:127.0.0.1 - - [01/Mar/2024 08:04:23] "[36mGET /static/styles/ajudaOZe.css HTTP/1.1[0m" 304 -
INFO:werkzeug:127.0.0.1 - - [01/Mar/2024 08:04:23] "[36mGET /static/images/exitbutton.png HTTP/1.1[0m" 304 -
INFO:werkzeug:127.0.0.1 - - [01/Mar/2024 08:04:23] "[36mGET /static/images/background-zezinho.png HTTP/1.1[0m" 304 -
INFO:werkzeug:127.0.0.1 - - [01/Mar/2024 08:04:55] "GET /RepositorHome HTTP/1.1" 200 -
INFO:werkzeug:127.0.0.1 - - [01/Mar/2024 08:04:55] "[36mGET /static/styles/loginrec.css HTTP/1.1[0m" 304 -
INFO:werkzeug:127.0.0.1 - - [01/Mar/2024 08:04:55] "[36mGET /static/images/exitbutton.png HTTP/1.1[0m" 304 -
INFO:werkzeug:127.0.0.1 - - [01/Mar/2024 08:04:55] "[36mGET /static/images/zezinhobola.png HTTP/1.1[0m" 304 -
INFO:werkzeug:127.0.0.1 - - [01/Mar/2024 08:04:55] "[36mGET /static/images/background-zezinho.png HTTP/1.1[0m" 304 -
INFO:werkzeug:127.0.0.1 - - [01/Mar/2024 08:06:06] "[36mGET /static/styles/loginrec.css HTTP/1.1[0m" 304 -
INFO:werkzeug:127.0.0.1 - - [01/Mar/2024 08:06:32] "GET /RepositorHome HTTP/1.1" 200 -
INFO:werkzeug:127.0.0.1 - - [01/Mar/2024 08:06:32] "[36mGET /static/styles/loginrec.css HTTP/1.1[0m" 304 -
INFO:werkzeug:127.0.0.1 - - [01/Mar/2024 08:06:32] "[36mGET /static/images/exitbutton.png HTTP/1.1[0m" 304 -
INFO:werkzeug:127.0.0.1 - - [01/Mar/2024 08:06:32] "[36mGET /static/images/zezinhobola.png HTTP/1.1[0m" 304 -
INFO:werkzeug:127.0.0.1 - - [01/Mar/2024 08:06:32] "[36mGET /static/images/background-zezinho.png HTTP/1.1[0m" 304 -
INFO:werkzeug:127.0.0.1 - - [01/Mar/2024 08:06:32] "[36mGET /static/images/zezinhobola.png HTTP/1.1[0m" 304 -
INFO:werkzeug:127.0.0.1 - - [01/Mar/2024 08:09:36] "GET /RepositorHome HTTP/1.1" 200 -
INFO:werkzeug:127.0.0.1 - - [01/Mar/2024 08:09:36] "[36mGET /static/images/exitbutton.png HTTP/1.1[0m" 304 -
INFO:werkzeug:127.0.0.1 - - [01/Mar/2024 08:09:36] "[36mGET /static/images/zezinhobola.png HTTP/1.1[0m" 304 -
INFO:werkzeug:127.0.0.1 - - [01/Mar/2024 08:09:36] "GET /static/styles/loginrec.css HTTP/1.1" 200 -
INFO:werkzeug:127.0.0.1 - - [01/Mar/2024 08:09:36] "[36mGET /static/images/background-zezinho.png HTTP/1.1[0m" 304 -
INFO:werkzeug:127.0.0.1 - - [01/Mar/2024 08:09:36] "[36mGET /static/images/zezinhobola.png HTTP/1.1[0m" 304 -
INFO:werkzeug:127.0.0.1 - - [01/Mar/2024 08:09:37] "GET /RepositorHome HTTP/1.1" 200 -
INFO:werkzeug:127.0.0.1 - - [01/Mar/2024 08:09:37] "[36mGET /static/styles/loginrec.css HTTP/1.1[0m" 304 -
INFO:werkzeug:127.0.0.1 - - [01/Mar/2024 08:09:37] "[36mGET /static/images/exitbutton.png HTTP/1.1[0m" 304 -
INFO:werkzeug:127.0.0.1 - - [01/Mar/2024 08:09:37] "[36mGET /static/images/zezinhobola.png HTTP/1.1[0m" 304 -
INFO:werkzeug:127.0.0.1 - - [01/Mar/2024 08:09:37] "[36mGET /static/images/zezinhobola.png HTTP/1.1[0m" 304 -
INFO:werkzeug:127.0.0.1 - - [01/Mar/2024 08:09:37] "[36mGET /static/images/background-zezinho.png HTTP/1.1[0m" 304 -
INFO:werkzeug:127.0.0.1 - - [01/Mar/2024 08:12:07] "GET /RepositorHome HTTP/1.1" 200 -
INFO:werkzeug:127.0.0.1 - - [01/Mar/2024 08:12:07] "[36mGET /static/images/exitbutton.png HTTP/1.1[0m" 304 -
INFO:werkzeug:127.0.0.1 - - [01/Mar/2024 08:12:07] "GET /static/styles/loginrec.css HTTP/1.1" 200 -
INFO:werkzeug:127.0.0.1 - - [01/Mar/2024 08:12:07] "[36mGET /static/images/zezinhobola.png HTTP/1.1[0m" 304 -
INFO:werkzeug:127.0.0.1 - - [01/Mar/2024 08:12:07] "[36mGET /static/images/background-zezinho.png HTTP/1.1[0m" 304 -
INFO:werkzeug:127.0.0.1 - - [01/Mar/2024 08:12:07] "[36mGET /static/images/zezinhobola.png HTTP/1.1[0m" 304 -
INFO:werkzeug:127.0.0.1 - - [01/Mar/2024 08:15:57] "[33mGET /favicon.ico HTTP/1.1[0m" 404 -
INFO:werkzeug:127.0.0.1 - - [01/Mar/2024 08:16:01] "[36mGET /static/styles/loginrec.css HTTP/1.1[0m" 304 -
INFO:werkzeug: * Detected change in 'C:\\Users\\x17859816\\Desktop\\papercontrollsystem\\app.py', reloading
INFO:werkzeug: * Restarting with stat
WARNING:werkzeug: * Debugger is active!
INFO:werkzeug: * Debugger PIN: 101-197-873
INFO:werkzeug:127.0.0.1 - - [01/Mar/2024 08:22:09] "[32mGET /AdmHome HTTP/1.1[0m" 302 -
INFO:werkzeug:127.0.0.1 - - [01/Mar/2024 08:22:09] "GET /LoginPaper?next=/AdmHome HTTP/1.1" 200 -
INFO:werkzeug:127.0.0.1 - - [01/Mar/2024 08:22:09] "[36mGET /static/styles/loading.css HTTP/1.1[0m" 304 -
INFO:werkzeug:127.0.0.1 - - [01/Mar/2024 08:22:09] "[36mGET /static/styles/login.css HTTP/1.1[0m" 304 -
INFO:werkzeug:127.0.0.1 - - [01/Mar/2024 08:22:09] "[36mGET /static/images/zezinho.png HTTP/1.1[0m" 304 -
INFO:werkzeug:127.0.0.1 - - [01/Mar/2024 08:22:09] "[36mGET /static/images/zezinhobola.png HTTP/1.1[0m" 304 -
INFO:mysql.connector:package: mysql.connector.plugins
INFO:mysql.connector:plugin_name: caching_sha2_password
INFO:mysql.connector:AUTHENTICATION_PLUGIN_CLASS: MySQLCachingSHA2PasswordAuthPlugin
INFO:mysql.connector:package: mysql.connector.plugins
INFO:mysql.connector:plugin_name: mysql_native_password
INFO:mysql.connector:AUTHENTICATION_PLUGIN_CLASS: MySQLNativePasswordAuthPlugin
INFO:werkzeug:127.0.0.1 - - [01/Mar/2024 08:22:11] "[32mPOST /LoginPaper HTTP/1.1[0m" 302 -
INFO:werkzeug:127.0.0.1 - - [01/Mar/2024 08:22:11] "GET /AdmHome HTTP/1.1" 200 -
INFO:werkzeug:127.0.0.1 - - [01/Mar/2024 08:22:11] "[36mGET /static/styles/loginadm.css HTTP/1.1[0m" 304 -
INFO:werkzeug:127.0.0.1 - - [01/Mar/2024 08:22:11] "[36mGET /static/images/exitbutton.png HTTP/1.1[0m" 304 -
INFO:werkzeug:127.0.0.1 - - [01/Mar/2024 08:22:11] "[36mGET /static/images/background-pc.png HTTP/1.1[0m" 304 -
INFO:werkzeug:127.0.0.1 - - [01/Mar/2024 08:22:11] "GET /enviarPopup HTTP/1.1" 200 -
INFO:werkzeug:127.0.0.1 - - [01/Mar/2024 08:22:12] "[36mGET /static/styles/enviarNotificacao.css HTTP/1.1[0m" 304 -
INFO:werkzeug:127.0.0.1 - - [01/Mar/2024 08:22:12] "[36mGET /static/images/exitbutton.png HTTP/1.1[0m" 304 -
INFO:werkzeug:127.0.0.1 - - [01/Mar/2024 08:22:12] "[36mGET /static/images/background-pc.png HTTP/1.1[0m" 304 -
INFO:werkzeug:127.0.0.1 - - [01/Mar/2024 08:22:16] "[32mPOST /enviarPopup HTTP/1.1[0m" 302 -
INFO:werkzeug:127.0.0.1 - - [01/Mar/2024 08:22:16] "GET /AdmHome HTTP/1.1" 200 -
INFO:werkzeug:127.0.0.1 - - [01/Mar/2024 08:22:16] "[36mGET /static/styles/loginadm.css HTTP/1.1[0m" 304 -
INFO:werkzeug:127.0.0.1 - - [01/Mar/2024 08:22:16] "[36mGET /static/images/exitbutton.png HTTP/1.1[0m" 304 -
INFO:werkzeug:127.0.0.1 - - [01/Mar/2024 08:22:27] "GET /RelatorioSemanal HTTP/1.1" 200 -
INFO:werkzeug:127.0.0.1 - - [01/Mar/2024 08:22:27] "[36mGET /static/images/exitbutton.png HTTP/1.1[0m" 304 -
INFO:werkzeug:127.0.0.1 - - [01/Mar/2024 08:22:27] "[36mGET /static/styles/quantidadeadm.css HTTP/1.1[0m" 304 -
INFO:werkzeug:127.0.0.1 - - [01/Mar/2024 08:22:27] "[36mGET /static/images/background-pc.png HTTP/1.1[0m" 304 -
WARNING:root:Valor inválido em 'REPOSIÇÃO': nan
WARNING:root:Valor inválido em 'REPOSIÇÃO': nan
WARNING:root:Valor inválido em 'REPOSIÇÃO': nan
WARNING:root:Valor inválido em 'REPOSIÇÃO': nan
WARNING:root:Valor inválido em 'REPOSIÇÃO': nan
WARNING:root:Valor inválido em 'REPOSIÇÃO': nan
WARNING:root:Valor inválido em 'REPOSIÇÃO': nan
WARNING:root:Valor inválido em 'REPOSIÇÃO': nan
WARNING:root:Valor inválido em 'REPOSIÇÃO': nan
WARNING:root:Valor inválido em 'REPOSIÇÃO': nan
WARNING:root:Valor inválido em 'REPOSIÇÃO': nan
WARNING:root:Valor inválido em 'REPOSIÇÃO': nan
ERROR:root:Erro no servidor: invalid literal for int() with base 10: ''
Traceback (most recent call last):
  File "C:\Users\x17859816\Desktop\papercontrollsystem\app.py", line 573, in quantidadeadm
    ilha_numero = int(''.join(filter(str.isdigit, ilha)))
                  ^^^^^^^^^^^^^^^^^^^^^^^^^^^^^^^^^^^^^^^
ValueError: invalid literal for int() with base 10: ''
INFO:werkzeug:127.0.0.1 - - [01/Mar/2024 08:22:32] "POST /RelatorioSemanal HTTP/1.1" 200 -
INFO:werkzeug:127.0.0.1 - - [01/Mar/2024 08:22:32] "[36mGET /static/styles/quantidadeadm.css HTTP/1.1[0m" 304 -
INFO:werkzeug:127.0.0.1 - - [01/Mar/2024 08:22:32] "[36mGET /static/images/exitbutton.png HTTP/1.1[0m" 304 -
WARNING:root:Valor inválido em 'REPOSIÇÃO': nan
WARNING:root:Valor inválido em 'REPOSIÇÃO': nan
WARNING:root:Valor inválido em 'REPOSIÇÃO': nan
WARNING:root:Valor inválido em 'REPOSIÇÃO': nan
WARNING:root:Valor inválido em 'REPOSIÇÃO': nan
WARNING:root:Valor inválido em 'REPOSIÇÃO': nan
WARNING:root:Valor inválido em 'REPOSIÇÃO': nan
WARNING:root:Valor inválido em 'REPOSIÇÃO': nan
WARNING:root:Valor inválido em 'REPOSIÇÃO': nan
WARNING:root:Valor inválido em 'REPOSIÇÃO': nan
WARNING:root:Valor inválido em 'REPOSIÇÃO': nan
WARNING:root:Valor inválido em 'REPOSIÇÃO': nan
ERROR:root:Erro no servidor: invalid literal for int() with base 10: ''
Traceback (most recent call last):
  File "C:\Users\x17859816\Desktop\papercontrollsystem\app.py", line 573, in quantidadeadm
    ilha_numero = int(''.join(filter(str.isdigit, ilha)))
                  ^^^^^^^^^^^^^^^^^^^^^^^^^^^^^^^^^^^^^^^
ValueError: invalid literal for int() with base 10: ''
INFO:werkzeug:127.0.0.1 - - [01/Mar/2024 08:22:49] "POST /RelatorioSemanal HTTP/1.1" 200 -
INFO:werkzeug:127.0.0.1 - - [01/Mar/2024 08:22:49] "[36mGET /static/styles/quantidadeadm.css HTTP/1.1[0m" 304 -
INFO:werkzeug:127.0.0.1 - - [01/Mar/2024 08:22:49] "[36mGET /static/images/exitbutton.png HTTP/1.1[0m" 304 -
WARNING:root:Valor inválido em 'REPOSIÇÃO': nan
WARNING:root:Valor inválido em 'REPOSIÇÃO': nan
WARNING:root:Valor inválido em 'REPOSIÇÃO': nan
WARNING:root:Valor inválido em 'REPOSIÇÃO': nan
WARNING:root:Valor inválido em 'REPOSIÇÃO': nan
WARNING:root:Valor inválido em 'REPOSIÇÃO': nan
WARNING:root:Valor inválido em 'REPOSIÇÃO': nan
WARNING:root:Valor inválido em 'REPOSIÇÃO': nan
WARNING:root:Valor inválido em 'REPOSIÇÃO': nan
WARNING:root:Valor inválido em 'REPOSIÇÃO': nan
WARNING:root:Valor inválido em 'REPOSIÇÃO': nan
WARNING:root:Valor inválido em 'REPOSIÇÃO': nan
ERROR:root:Erro no servidor: invalid literal for int() with base 10: ''
Traceback (most recent call last):
  File "C:\Users\x17859816\Desktop\papercontrollsystem\app.py", line 573, in quantidadeadm
    ilha_numero = int(''.join(filter(str.isdigit, ilha)))
                  ^^^^^^^^^^^^^^^^^^^^^^^^^^^^^^^^^^^^^^^
ValueError: invalid literal for int() with base 10: ''
INFO:werkzeug:127.0.0.1 - - [01/Mar/2024 08:26:57] "POST /RelatorioSemanal HTTP/1.1" 200 -
INFO:werkzeug:127.0.0.1 - - [01/Mar/2024 08:26:57] "[36mGET /static/styles/quantidadeadm.css HTTP/1.1[0m" 304 -
INFO:werkzeug:127.0.0.1 - - [01/Mar/2024 08:26:57] "[36mGET /static/images/exitbutton.png HTTP/1.1[0m" 304 -
INFO:werkzeug: * Detected change in 'C:\\Users\\x17859816\\Desktop\\papercontrollsystem\\app.py', reloading
INFO:werkzeug: * Restarting with stat
WARNING:werkzeug: * Debugger is active!
INFO:werkzeug: * Debugger PIN: 101-197-873
INFO:werkzeug:127.0.0.1 - - [01/Mar/2024 08:43:32] "[32mPOST /RelatorioSemanal HTTP/1.1[0m" 302 -
INFO:werkzeug:127.0.0.1 - - [01/Mar/2024 08:43:32] "GET /LoginPaper?next=/RelatorioSemanal HTTP/1.1" 200 -
INFO:werkzeug:127.0.0.1 - - [01/Mar/2024 08:43:33] "[36mGET /static/styles/loading.css HTTP/1.1[0m" 304 -
INFO:werkzeug:127.0.0.1 - - [01/Mar/2024 08:43:33] "[36mGET /static/styles/login.css HTTP/1.1[0m" 304 -
INFO:werkzeug:127.0.0.1 - - [01/Mar/2024 08:43:33] "[36mGET /static/images/zezinho.png HTTP/1.1[0m" 304 -
INFO:werkzeug:127.0.0.1 - - [01/Mar/2024 08:43:33] "[36mGET /static/images/zezinhobola.png HTTP/1.1[0m" 304 -
INFO:mysql.connector:package: mysql.connector.plugins
INFO:mysql.connector:plugin_name: caching_sha2_password
INFO:mysql.connector:AUTHENTICATION_PLUGIN_CLASS: MySQLCachingSHA2PasswordAuthPlugin
INFO:mysql.connector:package: mysql.connector.plugins
INFO:mysql.connector:plugin_name: mysql_native_password
INFO:mysql.connector:AUTHENTICATION_PLUGIN_CLASS: MySQLNativePasswordAuthPlugin
INFO:werkzeug:127.0.0.1 - - [01/Mar/2024 08:43:34] "[32mPOST /LoginPaper HTTP/1.1[0m" 302 -
INFO:werkzeug:127.0.0.1 - - [01/Mar/2024 08:43:34] "GET /AdmHome HTTP/1.1" 200 -
INFO:werkzeug:127.0.0.1 - - [01/Mar/2024 08:43:34] "[36mGET /static/styles/loginadm.css HTTP/1.1[0m" 304 -
INFO:werkzeug:127.0.0.1 - - [01/Mar/2024 08:43:34] "[36mGET /static/images/exitbutton.png HTTP/1.1[0m" 304 -
INFO:werkzeug:127.0.0.1 - - [01/Mar/2024 08:43:34] "[36mGET /static/images/background-pc.png HTTP/1.1[0m" 304 -
INFO:werkzeug:127.0.0.1 - - [01/Mar/2024 08:43:34] "GET /RelatorioSemanal HTTP/1.1" 200 -
INFO:werkzeug:127.0.0.1 - - [01/Mar/2024 08:43:34] "[36mGET /static/styles/quantidadeadm.css HTTP/1.1[0m" 304 -
INFO:werkzeug:127.0.0.1 - - [01/Mar/2024 08:43:34] "[36mGET /static/images/exitbutton.png HTTP/1.1[0m" 304 -
INFO:werkzeug:127.0.0.1 - - [01/Mar/2024 08:43:34] "[36mGET /static/images/background-pc.png HTTP/1.1[0m" 304 -
WARNING:root:Valor inválido ou vazio em 'LOCALIZAÇÃO'
WARNING:root:Valor inválido ou vazio em 'LOCALIZAÇÃO'
WARNING:root:Valor inválido ou vazio em 'LOCALIZAÇÃO'
WARNING:root:Valor inválido ou vazio em 'LOCALIZAÇÃO'
WARNING:root:Valor inválido ou vazio em 'LOCALIZAÇÃO'
WARNING:root:Valor inválido ou vazio em 'LOCALIZAÇÃO'
WARNING:root:Valor inválido ou vazio em 'LOCALIZAÇÃO'
WARNING:root:Valor inválido ou vazio em 'LOCALIZAÇÃO'
WARNING:root:Valor inválido ou vazio em 'LOCALIZAÇÃO'
WARNING:root:Valor inválido ou vazio em 'LOCALIZAÇÃO'
WARNING:root:Valor inválido ou vazio em 'LOCALIZAÇÃO'
WARNING:root:Valor inválido ou vazio em 'LOCALIZAÇÃO'
WARNING:root:Valor inválido ou vazio em 'LOCALIZAÇÃO'
WARNING:root:Valor inválido ou vazio em 'LOCALIZAÇÃO'
INFO:werkzeug:127.0.0.1 - - [01/Mar/2024 08:43:39] "POST /RelatorioSemanal HTTP/1.1" 200 -
ERROR:root:Erro no servidor: 'REPOSIÇÃO'
Traceback (most recent call last):
  File "C:\Users\x17859816\AppData\Local\Packages\PythonSoftwareFoundation.Python.3.12_qbz5n2kfra8p0\LocalCache\local-packages\Python312\site-packages\pandas\core\indexes\base.py", line 3802, in get_loc
    return self._engine.get_loc(casted_key)
           ^^^^^^^^^^^^^^^^^^^^^^^^^^^^^^^^
  File "index.pyx", line 153, in pandas._libs.index.IndexEngine.get_loc
  File "index.pyx", line 182, in pandas._libs.index.IndexEngine.get_loc
  File "pandas\\_libs\\hashtable_class_helper.pxi", line 7081, in pandas._libs.hashtable.PyObjectHashTable.get_item
  File "pandas\\_libs\\hashtable_class_helper.pxi", line 7089, in pandas._libs.hashtable.PyObjectHashTable.get_item
KeyError: 'REPOSIÇÃO'

The above exception was the direct cause of the following exception:

Traceback (most recent call last):
  File "C:\Users\x17859816\Desktop\papercontrollsystem\app.py", line 534, in quantidadeadm
    reposicao_value = row['REPOSIÇÃO']
                      ~~~^^^^^^^^^^^^^
  File "C:\Users\x17859816\AppData\Local\Packages\PythonSoftwareFoundation.Python.3.12_qbz5n2kfra8p0\LocalCache\local-packages\Python312\site-packages\pandas\core\series.py", line 1111, in __getitem__
    return self._get_value(key)
           ^^^^^^^^^^^^^^^^^^^^
  File "C:\Users\x17859816\AppData\Local\Packages\PythonSoftwareFoundation.Python.3.12_qbz5n2kfra8p0\LocalCache\local-packages\Python312\site-packages\pandas\core\series.py", line 1227, in _get_value
    loc = self.index.get_loc(label)
          ^^^^^^^^^^^^^^^^^^^^^^^^^
  File "C:\Users\x17859816\AppData\Local\Packages\PythonSoftwareFoundation.Python.3.12_qbz5n2kfra8p0\LocalCache\local-packages\Python312\site-packages\pandas\core\indexes\base.py", line 3809, in get_loc
    raise KeyError(key) from err
KeyError: 'REPOSIÇÃO'
INFO:werkzeug:127.0.0.1 - - [01/Mar/2024 08:53:22] "POST /RelatorioSemanal HTTP/1.1" 200 -
INFO:werkzeug:127.0.0.1 - - [01/Mar/2024 08:53:22] "[36mGET /static/styles/quantidadeadm.css HTTP/1.1[0m" 304 -
INFO:werkzeug:127.0.0.1 - - [01/Mar/2024 08:53:22] "[36mGET /static/images/exitbutton.png HTTP/1.1[0m" 304 -
INFO:werkzeug:127.0.0.1 - - [01/Mar/2024 08:53:22] "[36mGET /static/images/background-pc.png HTTP/1.1[0m" 304 -
ERROR:root:Erro no servidor: 'REPOSIÇÃO'
Traceback (most recent call last):
  File "C:\Users\x17859816\AppData\Local\Packages\PythonSoftwareFoundation.Python.3.12_qbz5n2kfra8p0\LocalCache\local-packages\Python312\site-packages\pandas\core\indexes\base.py", line 3802, in get_loc
    return self._engine.get_loc(casted_key)
           ^^^^^^^^^^^^^^^^^^^^^^^^^^^^^^^^
  File "index.pyx", line 153, in pandas._libs.index.IndexEngine.get_loc
  File "index.pyx", line 182, in pandas._libs.index.IndexEngine.get_loc
  File "pandas\\_libs\\hashtable_class_helper.pxi", line 7081, in pandas._libs.hashtable.PyObjectHashTable.get_item
  File "pandas\\_libs\\hashtable_class_helper.pxi", line 7089, in pandas._libs.hashtable.PyObjectHashTable.get_item
KeyError: 'REPOSIÇÃO'

The above exception was the direct cause of the following exception:

Traceback (most recent call last):
  File "C:\Users\x17859816\Desktop\papercontrollsystem\app.py", line 534, in quantidadeadm
    reposicao_value = row['REPOSIÇÃO']
                      ~~~^^^^^^^^^^^^^
  File "C:\Users\x17859816\AppData\Local\Packages\PythonSoftwareFoundation.Python.3.12_qbz5n2kfra8p0\LocalCache\local-packages\Python312\site-packages\pandas\core\series.py", line 1111, in __getitem__
    return self._get_value(key)
           ^^^^^^^^^^^^^^^^^^^^
  File "C:\Users\x17859816\AppData\Local\Packages\PythonSoftwareFoundation.Python.3.12_qbz5n2kfra8p0\LocalCache\local-packages\Python312\site-packages\pandas\core\series.py", line 1227, in _get_value
    loc = self.index.get_loc(label)
          ^^^^^^^^^^^^^^^^^^^^^^^^^
  File "C:\Users\x17859816\AppData\Local\Packages\PythonSoftwareFoundation.Python.3.12_qbz5n2kfra8p0\LocalCache\local-packages\Python312\site-packages\pandas\core\indexes\base.py", line 3809, in get_loc
    raise KeyError(key) from err
KeyError: 'REPOSIÇÃO'
INFO:werkzeug:127.0.0.1 - - [01/Mar/2024 08:54:39] "POST /RelatorioSemanal HTTP/1.1" 200 -
INFO:werkzeug:127.0.0.1 - - [01/Mar/2024 08:54:39] "[36mGET /static/styles/quantidadeadm.css HTTP/1.1[0m" 304 -
INFO:werkzeug:127.0.0.1 - - [01/Mar/2024 08:54:39] "[36mGET /static/images/exitbutton.png HTTP/1.1[0m" 304 -
INFO:werkzeug:127.0.0.1 - - [01/Mar/2024 08:54:39] "[36mGET /static/images/background-pc.png HTTP/1.1[0m" 304 -
ERROR:root:Erro no servidor: 'REPOSIÇÃO'
Traceback (most recent call last):
  File "C:\Users\x17859816\AppData\Local\Packages\PythonSoftwareFoundation.Python.3.12_qbz5n2kfra8p0\LocalCache\local-packages\Python312\site-packages\pandas\core\indexes\base.py", line 3802, in get_loc
    return self._engine.get_loc(casted_key)
           ^^^^^^^^^^^^^^^^^^^^^^^^^^^^^^^^
  File "index.pyx", line 153, in pandas._libs.index.IndexEngine.get_loc
  File "index.pyx", line 182, in pandas._libs.index.IndexEngine.get_loc
  File "pandas\\_libs\\hashtable_class_helper.pxi", line 7081, in pandas._libs.hashtable.PyObjectHashTable.get_item
  File "pandas\\_libs\\hashtable_class_helper.pxi", line 7089, in pandas._libs.hashtable.PyObjectHashTable.get_item
KeyError: 'REPOSIÇÃO'

The above exception was the direct cause of the following exception:

Traceback (most recent call last):
  File "C:\Users\x17859816\Desktop\papercontrollsystem\app.py", line 534, in quantidadeadm
    reposicao_value = row['REPOSIÇÃO']
                      ~~~^^^^^^^^^^^^^
  File "C:\Users\x17859816\AppData\Local\Packages\PythonSoftwareFoundation.Python.3.12_qbz5n2kfra8p0\LocalCache\local-packages\Python312\site-packages\pandas\core\series.py", line 1111, in __getitem__
    return self._get_value(key)
           ^^^^^^^^^^^^^^^^^^^^
  File "C:\Users\x17859816\AppData\Local\Packages\PythonSoftwareFoundation.Python.3.12_qbz5n2kfra8p0\LocalCache\local-packages\Python312\site-packages\pandas\core\series.py", line 1227, in _get_value
    loc = self.index.get_loc(label)
          ^^^^^^^^^^^^^^^^^^^^^^^^^
  File "C:\Users\x17859816\AppData\Local\Packages\PythonSoftwareFoundation.Python.3.12_qbz5n2kfra8p0\LocalCache\local-packages\Python312\site-packages\pandas\core\indexes\base.py", line 3809, in get_loc
    raise KeyError(key) from err
KeyError: 'REPOSIÇÃO'
INFO:werkzeug:127.0.0.1 - - [01/Mar/2024 08:55:15] "POST /RelatorioSemanal HTTP/1.1" 200 -
INFO:werkzeug:127.0.0.1 - - [01/Mar/2024 08:55:15] "[36mGET /static/styles/quantidadeadm.css HTTP/1.1[0m" 304 -
INFO:werkzeug:127.0.0.1 - - [01/Mar/2024 08:55:15] "[36mGET /static/images/exitbutton.png HTTP/1.1[0m" 304 -
INFO:werkzeug:127.0.0.1 - - [01/Mar/2024 08:55:15] "[36mGET /static/images/background-pc.png HTTP/1.1[0m" 304 -
WARNING:root:Valor inválido ou vazio em 'LOCALIZAÇÃO'
WARNING:root:Valor inválido ou vazio em 'LOCALIZAÇÃO'
WARNING:root:Valor inválido ou vazio em 'LOCALIZAÇÃO'
WARNING:root:Valor inválido ou vazio em 'LOCALIZAÇÃO'
WARNING:root:Valor inválido ou vazio em 'LOCALIZAÇÃO'
WARNING:root:Valor inválido ou vazio em 'LOCALIZAÇÃO'
WARNING:root:Valor inválido ou vazio em 'LOCALIZAÇÃO'
WARNING:root:Valor inválido ou vazio em 'LOCALIZAÇÃO'
WARNING:root:Valor inválido ou vazio em 'LOCALIZAÇÃO'
WARNING:root:Valor inválido ou vazio em 'LOCALIZAÇÃO'
WARNING:root:Valor inválido ou vazio em 'LOCALIZAÇÃO'
WARNING:root:Valor inválido ou vazio em 'LOCALIZAÇÃO'
WARNING:root:Valor inválido ou vazio em 'LOCALIZAÇÃO'
WARNING:root:Valor inválido ou vazio em 'LOCALIZAÇÃO'
INFO:werkzeug:127.0.0.1 - - [01/Mar/2024 08:55:20] "POST /RelatorioSemanal HTTP/1.1" 200 -
WARNING:root:Valor inválido ou vazio em 'LOCALIZAÇÃO'
WARNING:root:Valor inválido ou vazio em 'LOCALIZAÇÃO'
WARNING:root:Valor inválido ou vazio em 'LOCALIZAÇÃO'
WARNING:root:Valor inválido ou vazio em 'LOCALIZAÇÃO'
WARNING:root:Valor inválido ou vazio em 'LOCALIZAÇÃO'
WARNING:root:Valor inválido ou vazio em 'LOCALIZAÇÃO'
WARNING:root:Valor inválido ou vazio em 'LOCALIZAÇÃO'
WARNING:root:Valor inválido ou vazio em 'LOCALIZAÇÃO'
WARNING:root:Valor inválido ou vazio em 'LOCALIZAÇÃO'
WARNING:root:Valor inválido ou vazio em 'LOCALIZAÇÃO'
WARNING:root:Valor inválido ou vazio em 'LOCALIZAÇÃO'
WARNING:root:Valor inválido ou vazio em 'LOCALIZAÇÃO'
WARNING:root:Valor inválido ou vazio em 'LOCALIZAÇÃO'
INFO:werkzeug:127.0.0.1 - - [01/Mar/2024 08:58:49] "POST /RelatorioSemanal HTTP/1.1" 200 -
ERROR:root:Erro no servidor: 'REPOSIÇÃO'
Traceback (most recent call last):
  File "C:\Users\x17859816\AppData\Local\Packages\PythonSoftwareFoundation.Python.3.12_qbz5n2kfra8p0\LocalCache\local-packages\Python312\site-packages\pandas\core\indexes\base.py", line 3802, in get_loc
    return self._engine.get_loc(casted_key)
           ^^^^^^^^^^^^^^^^^^^^^^^^^^^^^^^^
  File "index.pyx", line 153, in pandas._libs.index.IndexEngine.get_loc
  File "index.pyx", line 182, in pandas._libs.index.IndexEngine.get_loc
  File "pandas\\_libs\\hashtable_class_helper.pxi", line 7081, in pandas._libs.hashtable.PyObjectHashTable.get_item
  File "pandas\\_libs\\hashtable_class_helper.pxi", line 7089, in pandas._libs.hashtable.PyObjectHashTable.get_item
KeyError: 'REPOSIÇÃO'

The above exception was the direct cause of the following exception:

Traceback (most recent call last):
  File "C:\Users\x17859816\Desktop\papercontrollsystem\app.py", line 534, in quantidadeadm
    reposicao_value = row['REPOSIÇÃO']
                      ~~~^^^^^^^^^^^^^
  File "C:\Users\x17859816\AppData\Local\Packages\PythonSoftwareFoundation.Python.3.12_qbz5n2kfra8p0\LocalCache\local-packages\Python312\site-packages\pandas\core\series.py", line 1111, in __getitem__
    return self._get_value(key)
           ^^^^^^^^^^^^^^^^^^^^
  File "C:\Users\x17859816\AppData\Local\Packages\PythonSoftwareFoundation.Python.3.12_qbz5n2kfra8p0\LocalCache\local-packages\Python312\site-packages\pandas\core\series.py", line 1227, in _get_value
    loc = self.index.get_loc(label)
          ^^^^^^^^^^^^^^^^^^^^^^^^^
  File "C:\Users\x17859816\AppData\Local\Packages\PythonSoftwareFoundation.Python.3.12_qbz5n2kfra8p0\LocalCache\local-packages\Python312\site-packages\pandas\core\indexes\base.py", line 3809, in get_loc
    raise KeyError(key) from err
KeyError: 'REPOSIÇÃO'
INFO:werkzeug:127.0.0.1 - - [01/Mar/2024 09:01:29] "POST /RelatorioSemanal HTTP/1.1" 200 -
INFO:werkzeug:127.0.0.1 - - [01/Mar/2024 09:01:29] "[36mGET /static/styles/quantidadeadm.css HTTP/1.1[0m" 304 -
INFO:werkzeug:127.0.0.1 - - [01/Mar/2024 09:01:29] "[36mGET /static/images/exitbutton.png HTTP/1.1[0m" 304 -
INFO:werkzeug:127.0.0.1 - - [01/Mar/2024 09:01:29] "[36mGET /static/images/background-pc.png HTTP/1.1[0m" 304 -
WARNING:root:Valor inválido ou vazio em 'LOCALIZAÇÃO'
WARNING:root:Valor inválido ou vazio em 'LOCALIZAÇÃO'
WARNING:root:Valor inválido ou vazio em 'LOCALIZAÇÃO'
WARNING:root:Valor inválido ou vazio em 'LOCALIZAÇÃO'
WARNING:root:Valor inválido ou vazio em 'LOCALIZAÇÃO'
WARNING:root:Valor inválido ou vazio em 'LOCALIZAÇÃO'
WARNING:root:Valor inválido ou vazio em 'LOCALIZAÇÃO'
WARNING:root:Valor inválido ou vazio em 'LOCALIZAÇÃO'
WARNING:root:Valor inválido ou vazio em 'LOCALIZAÇÃO'
WARNING:root:Valor inválido ou vazio em 'LOCALIZAÇÃO'
WARNING:root:Valor inválido ou vazio em 'LOCALIZAÇÃO'
WARNING:root:Valor inválido ou vazio em 'LOCALIZAÇÃO'
WARNING:root:Valor inválido ou vazio em 'LOCALIZAÇÃO'
INFO:werkzeug:127.0.0.1 - - [01/Mar/2024 09:02:12] "POST /RelatorioSemanal HTTP/1.1" 200 -
WARNING:root:Valor inválido ou vazio em 'LOCALIZAÇÃO'
WARNING:root:Valor inválido ou vazio em 'LOCALIZAÇÃO'
WARNING:root:Valor inválido ou vazio em 'LOCALIZAÇÃO'
WARNING:root:Valor inválido ou vazio em 'LOCALIZAÇÃO'
WARNING:root:Valor inválido ou vazio em 'LOCALIZAÇÃO'
WARNING:root:Valor inválido ou vazio em 'LOCALIZAÇÃO'
WARNING:root:Valor inválido ou vazio em 'LOCALIZAÇÃO'
WARNING:root:Valor inválido ou vazio em 'LOCALIZAÇÃO'
WARNING:root:Valor inválido ou vazio em 'LOCALIZAÇÃO'
WARNING:root:Valor inválido ou vazio em 'LOCALIZAÇÃO'
WARNING:root:Valor inválido ou vazio em 'LOCALIZAÇÃO'
WARNING:root:Valor inválido ou vazio em 'LOCALIZAÇÃO'
WARNING:root:Valor inválido ou vazio em 'LOCALIZAÇÃO'
INFO:werkzeug:127.0.0.1 - - [01/Mar/2024 09:04:21] "POST /RelatorioSemanal HTTP/1.1" 200 -
INFO:werkzeug:127.0.0.1 - - [01/Mar/2024 09:05:18] "GET /AdmHome HTTP/1.1" 200 -
INFO:werkzeug:127.0.0.1 - - [01/Mar/2024 09:05:18] "[36mGET /static/styles/loginadm.css HTTP/1.1[0m" 304 -
INFO:werkzeug:127.0.0.1 - - [01/Mar/2024 09:05:18] "[36mGET /static/images/exitbutton.png HTTP/1.1[0m" 304 -
INFO:werkzeug:127.0.0.1 - - [01/Mar/2024 09:05:18] "[36mGET /static/images/background-pc.png HTTP/1.1[0m" 304 -
INFO:werkzeug:127.0.0.1 - - [01/Mar/2024 09:05:19] "GET /enviarPopup HTTP/1.1" 200 -
INFO:werkzeug:127.0.0.1 - - [01/Mar/2024 09:05:19] "[36mGET /static/styles/enviarNotificacao.css HTTP/1.1[0m" 304 -
INFO:werkzeug:127.0.0.1 - - [01/Mar/2024 09:05:19] "[36mGET /static/images/exitbutton.png HTTP/1.1[0m" 304 -
INFO:werkzeug:127.0.0.1 - - [01/Mar/2024 09:05:19] "[36mGET /static/images/background-pc.png HTTP/1.1[0m" 304 -
INFO:werkzeug:127.0.0.1 - - [01/Mar/2024 09:05:23] "[32mPOST /enviarPopup HTTP/1.1[0m" 302 -
INFO:werkzeug:127.0.0.1 - - [01/Mar/2024 09:05:23] "GET /AdmHome HTTP/1.1" 200 -
INFO:werkzeug:127.0.0.1 - - [01/Mar/2024 09:05:23] "[36mGET /static/styles/loginadm.css HTTP/1.1[0m" 304 -
INFO:werkzeug:127.0.0.1 - - [01/Mar/2024 09:05:23] "[36mGET /static/images/exitbutton.png HTTP/1.1[0m" 304 -
INFO:werkzeug:127.0.0.1 - - [01/Mar/2024 09:06:24] "[32mGET /RepositorHome HTTP/1.1[0m" 302 -
INFO:werkzeug:127.0.0.1 - - [01/Mar/2024 09:06:24] "GET /LoginPaper?next=/RepositorHome HTTP/1.1" 200 -
INFO:werkzeug:127.0.0.1 - - [01/Mar/2024 09:06:24] "[36mGET /static/styles/login.css HTTP/1.1[0m" 304 -
INFO:werkzeug:127.0.0.1 - - [01/Mar/2024 09:06:24] "[36mGET /static/styles/loading.css HTTP/1.1[0m" 304 -
INFO:werkzeug:127.0.0.1 - - [01/Mar/2024 09:06:24] "[36mGET /static/images/zezinho.png HTTP/1.1[0m" 304 -
INFO:werkzeug:127.0.0.1 - - [01/Mar/2024 09:06:26] "[32mPOST /LoginPaper HTTP/1.1[0m" 302 -
INFO:werkzeug:127.0.0.1 - - [01/Mar/2024 09:06:26] "GET /RepositorHome?exibirPopup=true HTTP/1.1" 200 -
INFO:werkzeug:127.0.0.1 - - [01/Mar/2024 09:06:26] "[36mGET /static/images/zezinhobola.png HTTP/1.1[0m" 304 -
INFO:werkzeug:127.0.0.1 - - [01/Mar/2024 09:06:26] "[36mGET /static/styles/loginrec.css HTTP/1.1[0m" 304 -
INFO:werkzeug:127.0.0.1 - - [01/Mar/2024 09:06:26] "[36mGET /static/images/exitbutton.png HTTP/1.1[0m" 304 -
INFO:werkzeug:127.0.0.1 - - [01/Mar/2024 09:06:26] "[36mGET /static/images/background-zezinho.png HTTP/1.1[0m" 304 -
INFO:werkzeug:127.0.0.1 - - [01/Mar/2024 09:06:43] "GET /AjudaSugestao HTTP/1.1" 200 -
INFO:werkzeug:127.0.0.1 - - [01/Mar/2024 09:06:43] "[36mGET /static/styles/ajudaOZe.css HTTP/1.1[0m" 304 -
INFO:werkzeug:127.0.0.1 - - [01/Mar/2024 09:06:43] "[36mGET /static/images/exitbutton.png HTTP/1.1[0m" 304 -
INFO:werkzeug:127.0.0.1 - - [01/Mar/2024 09:06:43] "[36mGET /static/images/background-zezinho.png HTTP/1.1[0m" 304 -
INFO:__main__:Enviando e-mail para lucas.nascimento@planejamento.mg.gov.br sobre a Ajuda de ID 53
INFO:__main__:E-mail para lucas.nascimento@planejamento.mg.gov.br enviado com sucesso!
INFO:werkzeug:127.0.0.1 - - [01/Mar/2024 09:07:01] "POST /AjudaSugestao HTTP/1.1" 200 -
INFO:werkzeug:127.0.0.1 - - [01/Mar/2024 09:07:01] "[36mGET /static/styles/ajudaOZe.css HTTP/1.1[0m" 304 -
INFO:werkzeug:127.0.0.1 - - [01/Mar/2024 09:07:01] "[36mGET /static/images/exitbutton.png HTTP/1.1[0m" 304 -
INFO:werkzeug:127.0.0.1 - - [01/Mar/2024 09:07:01] "[36mGET /static/images/background-zezinho.png HTTP/1.1[0m" 304 -
INFO:werkzeug:127.0.0.1 - - [01/Mar/2024 09:08:49] "GET /RelatorioSemanal HTTP/1.1" 200 -
INFO:werkzeug:127.0.0.1 - - [01/Mar/2024 09:08:49] "[36mGET /static/styles/quantidadeadm.css HTTP/1.1[0m" 304 -
INFO:werkzeug:127.0.0.1 - - [01/Mar/2024 09:08:49] "[36mGET /static/images/exitbutton.png HTTP/1.1[0m" 304 -
INFO:werkzeug:127.0.0.1 - - [01/Mar/2024 09:08:50] "[36mGET /static/images/background-pc.png HTTP/1.1[0m" 304 -
WARNING:root:Valor inválido ou vazio em 'LOCALIZAÇÃO'
WARNING:root:Valor inválido ou vazio em 'LOCALIZAÇÃO'
WARNING:root:Valor inválido ou vazio em 'LOCALIZAÇÃO'
WARNING:root:Valor inválido ou vazio em 'LOCALIZAÇÃO'
WARNING:root:Valor inválido ou vazio em 'LOCALIZAÇÃO'
WARNING:root:Valor inválido ou vazio em 'LOCALIZAÇÃO'
WARNING:root:Valor inválido ou vazio em 'LOCALIZAÇÃO'
WARNING:root:Valor inválido ou vazio em 'LOCALIZAÇÃO'
WARNING:root:Valor inválido ou vazio em 'LOCALIZAÇÃO'
WARNING:root:Valor inválido ou vazio em 'LOCALIZAÇÃO'
WARNING:root:Valor inválido ou vazio em 'LOCALIZAÇÃO'
WARNING:root:Valor inválido ou vazio em 'LOCALIZAÇÃO'
WARNING:root:Valor inválido ou vazio em 'LOCALIZAÇÃO'
WARNING:root:Valor inválido ou vazio em 'LOCALIZAÇÃO'
INFO:werkzeug:127.0.0.1 - - [01/Mar/2024 09:08:55] "POST /RelatorioSemanal HTTP/1.1" 200 -
INFO:werkzeug:127.0.0.1 - - [01/Mar/2024 09:09:30] "GET /AdmHome HTTP/1.1" 200 -
INFO:werkzeug:127.0.0.1 - - [01/Mar/2024 09:09:30] "[36mGET /static/styles/loginadm.css HTTP/1.1[0m" 304 -
INFO:werkzeug:127.0.0.1 - - [01/Mar/2024 09:09:30] "[36mGET /static/images/exitbutton.png HTTP/1.1[0m" 304 -
INFO:werkzeug:127.0.0.1 - - [01/Mar/2024 09:09:30] "[36mGET /static/images/background-pc.png HTTP/1.1[0m" 304 -
INFO:werkzeug:127.0.0.1 - - [01/Mar/2024 09:09:30] "GET /enviarPopup HTTP/1.1" 200 -
INFO:werkzeug:127.0.0.1 - - [01/Mar/2024 09:09:30] "[36mGET /static/styles/enviarNotificacao.css HTTP/1.1[0m" 304 -
INFO:werkzeug:127.0.0.1 - - [01/Mar/2024 09:09:30] "[36mGET /static/images/exitbutton.png HTTP/1.1[0m" 304 -
INFO:werkzeug:127.0.0.1 - - [01/Mar/2024 09:09:30] "[36mGET /static/images/background-pc.png HTTP/1.1[0m" 304 -
INFO:werkzeug:127.0.0.1 - - [01/Mar/2024 09:09:58] "[32mPOST /enviarPopup HTTP/1.1[0m" 302 -
INFO:werkzeug:127.0.0.1 - - [01/Mar/2024 09:09:58] "GET /AdmHome HTTP/1.1" 200 -
INFO:werkzeug:127.0.0.1 - - [01/Mar/2024 09:09:58] "[36mGET /static/styles/loginadm.css HTTP/1.1[0m" 304 -
INFO:werkzeug:127.0.0.1 - - [01/Mar/2024 09:09:58] "[36mGET /static/images/exitbutton.png HTTP/1.1[0m" 304 -
INFO:werkzeug:127.0.0.1 - - [01/Mar/2024 09:10:25] "GET /enviarPopup HTTP/1.1" 200 -
INFO:werkzeug:127.0.0.1 - - [01/Mar/2024 09:10:25] "[36mGET /static/styles/enviarNotificacao.css HTTP/1.1[0m" 304 -
INFO:werkzeug:127.0.0.1 - - [01/Mar/2024 09:10:25] "[36mGET /static/images/exitbutton.png HTTP/1.1[0m" 304 -
INFO:werkzeug:127.0.0.1 - - [01/Mar/2024 09:10:25] "[36mGET /static/images/background-pc.png HTTP/1.1[0m" 304 -
INFO:werkzeug:127.0.0.1 - - [01/Mar/2024 09:10:28] "[32mPOST /enviarPopup HTTP/1.1[0m" 302 -
INFO:werkzeug:127.0.0.1 - - [01/Mar/2024 09:10:28] "GET /AdmHome HTTP/1.1" 200 -
INFO:werkzeug:127.0.0.1 - - [01/Mar/2024 09:10:28] "[36mGET /static/styles/loginadm.css HTTP/1.1[0m" 304 -
INFO:werkzeug:127.0.0.1 - - [01/Mar/2024 09:10:28] "[36mGET /static/images/exitbutton.png HTTP/1.1[0m" 304 -
INFO:werkzeug:127.0.0.1 - - [01/Mar/2024 09:12:28] "[32mGET / HTTP/1.1[0m" 302 -
INFO:werkzeug:127.0.0.1 - - [01/Mar/2024 09:12:28] "GET /AdmHome HTTP/1.1" 200 -
INFO:werkzeug:127.0.0.1 - - [01/Mar/2024 09:12:28] "[36mGET /static/styles/loginadm.css HTTP/1.1[0m" 304 -
INFO:werkzeug:127.0.0.1 - - [01/Mar/2024 09:12:28] "[36mGET /static/images/exitbutton.png HTTP/1.1[0m" 304 -
INFO:werkzeug:127.0.0.1 - - [01/Mar/2024 09:12:28] "[36mGET /static/images/background-pc.png HTTP/1.1[0m" 304 -
INFO:werkzeug:127.0.0.1 - - [01/Mar/2024 09:12:31] "[33mGET /LUCASTRINASCIMENTO HTTP/1.1[0m" 404 -
INFO:werkzeug:127.0.0.1 - - [01/Mar/2024 09:12:31] "[33mGET /favicon.ico HTTP/1.1[0m" 404 -
INFO:werkzeug: * Detected change in 'C:\\Users\\x17859816\\Desktop\\papercontrollsystem\\app.py', reloading
INFO:werkzeug: * Restarting with stat
WARNING:werkzeug: * Debugger is active!
INFO:werkzeug: * Debugger PIN: 101-197-873
INFO:mysql.connector:package: mysql.connector.plugins
INFO:mysql.connector:plugin_name: caching_sha2_password
INFO:mysql.connector:AUTHENTICATION_PLUGIN_CLASS: MySQLCachingSHA2PasswordAuthPlugin
INFO:mysql.connector:package: mysql.connector.plugins
INFO:mysql.connector:plugin_name: mysql_native_password
INFO:mysql.connector:AUTHENTICATION_PLUGIN_CLASS: MySQLNativePasswordAuthPlugin
INFO:werkzeug:127.0.0.1 - - [01/Mar/2024 09:12:35] "GET /LUCASTRINASCIMENTO HTTP/1.1" 200 -
INFO:werkzeug: * Detected change in 'C:\\Users\\x17859816\\Desktop\\papercontrollsystem\\app.py', reloading
INFO:werkzeug: * Restarting with stat
WARNING:werkzeug: * Debugger is active!
INFO:werkzeug: * Debugger PIN: 101-197-873
INFO:werkzeug:127.0.0.1 - - [01/Mar/2024 09:15:04] "[32mGET /AdmHome HTTP/1.1[0m" 302 -
INFO:werkzeug:127.0.0.1 - - [01/Mar/2024 09:15:04] "GET /LoginPaper?next=/AdmHome HTTP/1.1" 200 -
INFO:werkzeug:127.0.0.1 - - [01/Mar/2024 09:15:04] "[36mGET /static/styles/loading.css HTTP/1.1[0m" 304 -
INFO:werkzeug:127.0.0.1 - - [01/Mar/2024 09:15:04] "[36mGET /static/styles/login.css HTTP/1.1[0m" 304 -
INFO:werkzeug:127.0.0.1 - - [01/Mar/2024 09:15:04] "[36mGET /static/images/zezinho.png HTTP/1.1[0m" 304 -
INFO:werkzeug:127.0.0.1 - - [01/Mar/2024 09:15:04] "[36mGET /static/images/zezinhobola.png HTTP/1.1[0m" 304 -
INFO:mysql.connector:package: mysql.connector.plugins
INFO:mysql.connector:plugin_name: caching_sha2_password
INFO:mysql.connector:AUTHENTICATION_PLUGIN_CLASS: MySQLCachingSHA2PasswordAuthPlugin
INFO:mysql.connector:package: mysql.connector.plugins
INFO:mysql.connector:plugin_name: mysql_native_password
INFO:mysql.connector:AUTHENTICATION_PLUGIN_CLASS: MySQLNativePasswordAuthPlugin
INFO:werkzeug:127.0.0.1 - - [01/Mar/2024 09:15:06] "[32mPOST /LoginPaper HTTP/1.1[0m" 302 -
INFO:werkzeug:127.0.0.1 - - [01/Mar/2024 09:15:06] "GET /AdmHome HTTP/1.1" 200 -
INFO:werkzeug:127.0.0.1 - - [01/Mar/2024 09:15:06] "[36mGET /static/styles/loginadm.css HTTP/1.1[0m" 304 -
INFO:werkzeug:127.0.0.1 - - [01/Mar/2024 09:15:06] "[36mGET /static/images/exitbutton.png HTTP/1.1[0m" 304 -
INFO:werkzeug:127.0.0.1 - - [01/Mar/2024 09:15:07] "GET /enviarPopup HTTP/1.1" 200 -
INFO:werkzeug:127.0.0.1 - - [01/Mar/2024 09:15:07] "[36mGET /static/styles/enviarNotificacao.css HTTP/1.1[0m" 304 -
INFO:werkzeug:127.0.0.1 - - [01/Mar/2024 09:15:07] "[36mGET /static/images/exitbutton.png HTTP/1.1[0m" 304 -
INFO:werkzeug:127.0.0.1 - - [01/Mar/2024 09:15:07] "[36mGET /static/images/background-pc.png HTTP/1.1[0m" 304 -
INFO:werkzeug:127.0.0.1 - - [01/Mar/2024 09:15:10] "[32mPOST /enviarPopup HTTP/1.1[0m" 302 -
INFO:werkzeug:127.0.0.1 - - [01/Mar/2024 09:15:10] "GET /AdmHome HTTP/1.1" 200 -
INFO:werkzeug:127.0.0.1 - - [01/Mar/2024 09:15:10] "[36mGET /static/styles/loginadm.css HTTP/1.1[0m" 304 -
INFO:werkzeug:127.0.0.1 - - [01/Mar/2024 09:15:10] "[36mGET /static/images/exitbutton.png HTTP/1.1[0m" 304 -
INFO:werkzeug: * Detected change in 'C:\\Users\\x17859816\\Desktop\\papercontrollsystem\\app.py', reloading
INFO:werkzeug: * Restarting with stat
WARNING:werkzeug: * Debugger is active!
INFO:werkzeug: * Debugger PIN: 101-197-873
INFO:werkzeug: * Detected change in 'C:\\Users\\x17859816\\Desktop\\papercontrollsystem\\app.py', reloading
INFO:werkzeug: * Restarting with stat
WARNING:werkzeug: * Debugger is active!
INFO:werkzeug: * Debugger PIN: 101-197-873
INFO:werkzeug:127.0.0.1 - - [01/Mar/2024 09:30:40] "[32mGET /AdmHome HTTP/1.1[0m" 302 -
INFO:werkzeug:127.0.0.1 - - [01/Mar/2024 09:30:40] "GET /LoginPaper?next=/AdmHome HTTP/1.1" 200 -
INFO:werkzeug:127.0.0.1 - - [01/Mar/2024 09:30:40] "[36mGET /static/styles/loading.css HTTP/1.1[0m" 304 -
INFO:werkzeug:127.0.0.1 - - [01/Mar/2024 09:30:40] "[36mGET /static/styles/login.css HTTP/1.1[0m" 304 -
INFO:werkzeug:127.0.0.1 - - [01/Mar/2024 09:30:40] "[36mGET /static/images/zezinho.png HTTP/1.1[0m" 304 -
INFO:werkzeug:127.0.0.1 - - [01/Mar/2024 09:30:40] "[36mGET /static/images/zezinhobola.png HTTP/1.1[0m" 304 -
INFO:mysql.connector:package: mysql.connector.plugins
INFO:mysql.connector:plugin_name: caching_sha2_password
INFO:mysql.connector:AUTHENTICATION_PLUGIN_CLASS: MySQLCachingSHA2PasswordAuthPlugin
INFO:mysql.connector:package: mysql.connector.plugins
INFO:mysql.connector:plugin_name: mysql_native_password
INFO:mysql.connector:AUTHENTICATION_PLUGIN_CLASS: MySQLNativePasswordAuthPlugin
INFO:werkzeug:127.0.0.1 - - [01/Mar/2024 09:30:42] "[32mPOST /LoginPaper HTTP/1.1[0m" 302 -
INFO:werkzeug:127.0.0.1 - - [01/Mar/2024 09:30:42] "GET /AdmHome HTTP/1.1" 200 -
INFO:werkzeug:127.0.0.1 - - [01/Mar/2024 09:30:42] "[36mGET /static/styles/loginadm.css HTTP/1.1[0m" 304 -
INFO:werkzeug:127.0.0.1 - - [01/Mar/2024 09:30:42] "[36mGET /static/images/exitbutton.png HTTP/1.1[0m" 304 -
INFO:werkzeug:127.0.0.1 - - [01/Mar/2024 09:30:42] "[36mGET /static/images/background-pc.png HTTP/1.1[0m" 304 -
INFO:werkzeug:127.0.0.1 - - [01/Mar/2024 09:31:24] "GET /enviarPopup HTTP/1.1" 200 -
INFO:werkzeug:127.0.0.1 - - [01/Mar/2024 09:31:24] "[36mGET /static/styles/enviarNotificacao.css HTTP/1.1[0m" 304 -
INFO:werkzeug:127.0.0.1 - - [01/Mar/2024 09:31:24] "[36mGET /static/images/exitbutton.png HTTP/1.1[0m" 304 -
INFO:werkzeug:127.0.0.1 - - [01/Mar/2024 09:31:24] "[36mGET /static/images/background-pc.png HTTP/1.1[0m" 304 -
INFO:werkzeug:127.0.0.1 - - [01/Mar/2024 09:32:49] "[32mPOST /enviarPopup HTTP/1.1[0m" 302 -
INFO:werkzeug:127.0.0.1 - - [01/Mar/2024 09:32:49] "[32mGET /RepositorHome?ilhas_e_quantidades={"GERAIS":+{"14":+[["ILHA2",+1]],+"13":+[["ILHA1",+3],+["ILHA7",+56]],+"12":+[["ILHA3",+1],+["ILHA5",+1],+["ILHA8",+1]],+"11":+[["ILHA6",+1],+["ILHA3",+2]],+"10":+[["ILHA1",+2],+["ILHA7",+2],+["ILHA4",+1],+["ILHA6",+1]],+"8":+[["ILHA1",+1],+["ILHA7",+1],+["ILHA2",+1]],+"7":+[["ILHA1",+1],+["ILHA7",+1],+["ILHA2",+1]],+"6":+[["ILHA5",+1],+["ILHA2",+1],+["ILHA8",+1]],+"5":+[["ILHA2",+2],+["ILHA7",+1],+["ILHA1",+3]],+"4":+[["ILHA1",+2],+["ILHA7",+2],+["ILHA3",+2],+["ILHA4",+1],+["ILHA6",+1]],+"3":+[["ILHA1",+2],+["ILHA4",+4],+["ILHA8",+2]],+"2":+[["ILHA6",+1]],+"1":+[["ILHA2",+1],+["ILHA8",+3],+["ILHA7",+2],+["ILHA4",+1]]}}&mensagem_notificacao=Olá,+repositor+do+Prédio+GERAIS,+Andar+14.+Vocês+precisam+reabastecer:%0AIlha:+ILHA2,+Quantidade:+1+resmas%0AOlá,+repositor+do+Prédio+GERAIS,+Andar+13.+Vocês+precisam+reabastecer:%0AIlha:+ILHA1,+Quantidade:+3+resmas%0AOlá,+repositor+do+Prédio+GERAIS,+Andar+13.+Vocês+precisam+reabastecer:%0AIlha:+ILHA7,+Quantidade:+56+resmas%0AOlá,+repositor+do+Prédio+GERAIS,+Andar+12.+Vocês+precisam+reabastecer:%0AIlha:+ILHA3,+Quantidade:+1+resmas%0AOlá,+repositor+do+Prédio+GERAIS,+Andar+12.+Vocês+precisam+reabastecer:%0AIlha:+ILHA5,+Quantidade:+1+resmas%0AOlá,+repositor+do+Prédio+GERAIS,+Andar+12.+Vocês+precisam+reabastecer:%0AIlha:+ILHA8,+Quantidade:+1+resmas%0AOlá,+repositor+do+Prédio+GERAIS,+Andar+11.+Vocês+precisam+reabastecer:%0AIlha:+ILHA6,+Quantidade:+1+resmas%0AOlá,+repositor+do+Prédio+GERAIS,+Andar+11.+Vocês+precisam+reabastecer:%0AIlha:+ILHA3,+Quantidade:+2+resmas%0AOlá,+repositor+do+Prédio+GERAIS,+Andar+10.+Vocês+precisam+reabastecer:%0AIlha:+ILHA1,+Quantidade:+2+resmas%0AOlá,+repositor+do+Prédio+GERAIS,+Andar+10.+Vocês+precisam+reabastecer:%0AIlha:+ILHA7,+Quantidade:+2+resmas%0AOlá,+repositor+do+Prédio+GERAIS,+Andar+10.+Vocês+precisam+reabastecer:%0AIlha:+ILHA4,+Quantidade:+1+resmas%0AOlá,+repositor+do+Prédio+GERAIS,+Andar+10.+Vocês+precisam+reabastecer:%0AIlha:+ILHA6,+Quantidade:+1+resmas%0AOlá,+repositor+do+Prédio+GERAIS,+Andar+8.+Vocês+precisam+reabastecer:%0AIlha:+ILHA1,+Quantidade:+1+resmas%0AOlá,+repositor+do+Prédio+GERAIS,+Andar+8.+Vocês+precisam+reabastecer:%0AIlha:+ILHA7,+Quantidade:+1+resmas%0AOlá,+repositor+do+Prédio+GERAIS,+Andar+8.+Vocês+precisam+reabastecer:%0AIlha:+ILHA2,+Quantidade:+1+resmas%0AOlá,+repositor+do+Prédio+GERAIS,+Andar+7.+Vocês+precisam+reabastecer:%0AIlha:+ILHA1,+Quantidade:+1+resmas%0AOlá,+repositor+do+Prédio+GERAIS,+Andar+7.+Vocês+precisam+reabastecer:%0AIlha:+ILHA7,+Quantidade:+1+resmas%0AOlá,+repositor+do+Prédio+GERAIS,+Andar+7.+Vocês+precisam+reabastecer:%0AIlha:+ILHA2,+Quantidade:+1+resmas%0AOlá,+repositor+do+Prédio+GERAIS,+Andar+6.+Vocês+precisam+reabastecer:%0AIlha:+ILHA5,+Quantidade:+1+resmas%0AOlá,+repositor+do+Prédio+GERAIS,+Andar+6.+Vocês+precisam+reabastecer:%0AIlha:+ILHA2,+Quantidade:+1+resmas%0AOlá,+repositor+do+Prédio+GERAIS,+Andar+6.+Vocês+precisam+reabastecer:%0AIlha:+ILHA8,+Quantidade:+1+resmas%0AOlá,+repositor+do+Prédio+GERAIS,+Andar+5.+Vocês+precisam+reabastecer:%0AIlha:+ILHA2,+Quantidade:+2+resmas%0AOlá,+repositor+do+Prédio+GERAIS,+Andar+5.+Vocês+precisam+reabastecer:%0AIlha:+ILHA7,+Quantidade:+1+resmas%0AOlá,+repositor+do+Prédio+GERAIS,+Andar+5.+Vocês+precisam+reabastecer:%0AIlha:+ILHA1,+Quantidade:+3+resmas%0AOlá,+repositor+do+Prédio+GERAIS,+Andar+4.+Vocês+precisam+reabastecer:%0AIlha:+ILHA1,+Quantidade:+2+resmas%0AOlá,+repositor+do+Prédio+GERAIS,+Andar+4.+Vocês+precisam+reabastecer:%0AIlha:+ILHA7,+Quantidade:+2+resmas%0AOlá,+repositor+do+Prédio+GERAIS,+Andar+4.+Vocês+precisam+reabastecer:%0AIlha:+ILHA3,+Quantidade:+2+resmas%0AOlá,+repositor+do+Prédio+GERAIS,+Andar+4.+Vocês+precisam+reabastecer:%0AIlha:+ILHA4,+Quantidade:+1+resmas%0AOlá,+repositor+do+Prédio+GERAIS,+Andar+4.+Vocês+precisam+reabastecer:%0AIlha:+ILHA6,+Quantidade:+1+resmas%0AOlá,+repositor+do+Prédio+GERAIS,+Andar+3.+Vocês+precisam+reabastecer:%0AIlha:+ILHA1,+Quantidade:+2+resmas%0AOlá,+repositor+do+Prédio+GERAIS,+Andar+3.+Vocês+precisam+reabastecer:%0AIlha:+ILHA4,+Quantidade:+4+resmas%0AOlá,+repositor+do+Prédio+GERAIS,+Andar+3.+Vocês+precisam+reabastecer:%0AIlha:+ILHA8,+Quantidade:+2+resmas%0AOlá,+repositor+do+Prédio+GERAIS,+Andar+2.+Vocês+precisam+reabastecer:%0AIlha:+ILHA6,+Quantidade:+1+resmas%0AOlá,+repositor+do+Prédio+GERAIS,+Andar+1.+Vocês+precisam+reabastecer:%0AIlha:+ILHA2,+Quantidade:+1+resmas%0AOlá,+repositor+do+Prédio+GERAIS,+Andar+1.+Vocês+precisam+reabastecer:%0AIlha:+ILHA8,+Quantidade:+3+resmas%0AOlá,+repositor+do+Prédio+GERAIS,+Andar+1.+Vocês+precisam+reabastecer:%0AIlha:+ILHA7,+Quantidade:+2+resmas%0AOlá,+repositor+do+Prédio+GERAIS,+Andar+1.+Vocês+precisam+reabastecer:%0AIlha:+ILHA4,+Quantidade:+1+resmas%0A HTTP/1.1[0m" 302 -
INFO:werkzeug:127.0.0.1 - - [01/Mar/2024 09:32:49] "GET /LoginPaper HTTP/1.1" 200 -
INFO:werkzeug:127.0.0.1 - - [01/Mar/2024 09:32:49] "[36mGET /static/styles/loading.css HTTP/1.1[0m" 304 -
INFO:werkzeug:127.0.0.1 - - [01/Mar/2024 09:32:49] "[36mGET /static/styles/login.css HTTP/1.1[0m" 304 -
INFO:werkzeug:127.0.0.1 - - [01/Mar/2024 09:32:49] "[36mGET /static/images/zezinho.png HTTP/1.1[0m" 304 -
INFO:werkzeug:127.0.0.1 - - [01/Mar/2024 09:33:08] "[32mPOST /AjudaSugestao HTTP/1.1[0m" 302 -
INFO:werkzeug:127.0.0.1 - - [01/Mar/2024 09:33:08] "GET /LoginPaper?next=/AjudaSugestao HTTP/1.1" 200 -
INFO:werkzeug:127.0.0.1 - - [01/Mar/2024 09:33:08] "[36mGET /static/styles/loading.css HTTP/1.1[0m" 304 -
INFO:werkzeug:127.0.0.1 - - [01/Mar/2024 09:33:08] "[36mGET /static/styles/login.css HTTP/1.1[0m" 304 -
INFO:werkzeug:127.0.0.1 - - [01/Mar/2024 09:33:09] "[36mGET /static/images/zezinho.png HTTP/1.1[0m" 304 -
INFO:werkzeug:127.0.0.1 - - [01/Mar/2024 09:33:09] "[36mGET /static/images/zezinhobola.png HTTP/1.1[0m" 304 -
INFO:werkzeug:127.0.0.1 - - [01/Mar/2024 09:33:09] "[32mPOST /LoginPaper HTTP/1.1[0m" 302 -
INFO:werkzeug:127.0.0.1 - - [01/Mar/2024 09:33:10] "[35m[1mGET /RepositorHome?exibirPopup=true HTTP/1.1[0m" 500 -
INFO:werkzeug:127.0.0.1 - - [01/Mar/2024 09:33:10] "[36mGET /RepositorHome?__debugger__=yes&cmd=resource&f=style.css HTTP/1.1[0m" 304 -
INFO:werkzeug:127.0.0.1 - - [01/Mar/2024 09:33:10] "[36mGET /RepositorHome?__debugger__=yes&cmd=resource&f=debugger.js HTTP/1.1[0m" 304 -
INFO:werkzeug:127.0.0.1 - - [01/Mar/2024 09:33:10] "[36mGET /RepositorHome?__debugger__=yes&cmd=resource&f=console.png HTTP/1.1[0m" 304 -
INFO:werkzeug:127.0.0.1 - - [01/Mar/2024 09:33:10] "[36mGET /RepositorHome?__debugger__=yes&cmd=resource&f=console.png HTTP/1.1[0m" 304 -
INFO:werkzeug: * Detected change in 'C:\\Users\\x17859816\\Desktop\\papercontrollsystem\\app.py', reloading
INFO:werkzeug: * Restarting with stat
WARNING:werkzeug: * Debugger is active!
INFO:werkzeug: * Debugger PIN: 101-197-873
INFO:werkzeug: * Detected change in 'C:\\Users\\x17859816\\Desktop\\papercontrollsystem\\app.py', reloading
INFO:werkzeug: * Restarting with stat
WARNING:werkzeug: * Debugger is active!
INFO:werkzeug: * Debugger PIN: 101-197-873
INFO:werkzeug:127.0.0.1 - - [01/Mar/2024 09:44:01] "GET /LoginPaper HTTP/1.1" 200 -
INFO:werkzeug:127.0.0.1 - - [01/Mar/2024 09:44:01] "[36mGET /static/styles/loading.css HTTP/1.1[0m" 304 -
INFO:werkzeug:127.0.0.1 - - [01/Mar/2024 09:44:01] "[36mGET /static/styles/login.css HTTP/1.1[0m" 304 -
INFO:werkzeug:127.0.0.1 - - [01/Mar/2024 09:44:01] "[36mGET /static/images/zezinho.png HTTP/1.1[0m" 304 -
INFO:werkzeug:127.0.0.1 - - [01/Mar/2024 09:44:01] "[36mGET /static/images/zezinhobola.png HTTP/1.1[0m" 304 -
INFO:mysql.connector:package: mysql.connector.plugins
INFO:mysql.connector:plugin_name: caching_sha2_password
INFO:mysql.connector:AUTHENTICATION_PLUGIN_CLASS: MySQLCachingSHA2PasswordAuthPlugin
INFO:mysql.connector:package: mysql.connector.plugins
INFO:mysql.connector:plugin_name: mysql_native_password
INFO:mysql.connector:AUTHENTICATION_PLUGIN_CLASS: MySQLNativePasswordAuthPlugin
INFO:werkzeug:127.0.0.1 - - [01/Mar/2024 09:44:07] "[32mPOST /LoginPaper HTTP/1.1[0m" 302 -
INFO:werkzeug:127.0.0.1 - - [01/Mar/2024 09:44:07] "GET /AdmHome HTTP/1.1" 200 -
INFO:werkzeug:127.0.0.1 - - [01/Mar/2024 09:44:07] "[36mGET /static/styles/loginadm.css HTTP/1.1[0m" 304 -
INFO:werkzeug:127.0.0.1 - - [01/Mar/2024 09:44:07] "[36mGET /static/images/exitbutton.png HTTP/1.1[0m" 304 -
INFO:werkzeug:127.0.0.1 - - [01/Mar/2024 09:44:07] "[36mGET /static/images/background-pc.png HTTP/1.1[0m" 304 -
INFO:werkzeug:127.0.0.1 - - [01/Mar/2024 09:44:08] "GET /enviarPopup HTTP/1.1" 200 -
INFO:werkzeug:127.0.0.1 - - [01/Mar/2024 09:44:08] "[36mGET /static/styles/enviarNotificacao.css HTTP/1.1[0m" 304 -
INFO:werkzeug:127.0.0.1 - - [01/Mar/2024 09:44:08] "[36mGET /static/images/exitbutton.png HTTP/1.1[0m" 304 -
INFO:werkzeug:127.0.0.1 - - [01/Mar/2024 09:44:08] "[36mGET /static/images/background-pc.png HTTP/1.1[0m" 304 -
INFO:werkzeug:127.0.0.1 - - [01/Mar/2024 09:44:11] "[32mPOST /enviarPopup HTTP/1.1[0m" 302 -
INFO:werkzeug:127.0.0.1 - - [01/Mar/2024 09:44:11] "[32mGET /RepositorHome?ilhas_e_quantidades={"GERAIS":+{"14":+[["ILHA2",+1]],+"13":+[["ILHA1",+3],+["ILHA7",+56]],+"12":+[["ILHA3",+1],+["ILHA5",+1],+["ILHA8",+1]],+"11":+[["ILHA6",+1],+["ILHA3",+2]],+"10":+[["ILHA1",+2],+["ILHA7",+2],+["ILHA4",+1],+["ILHA6",+1]],+"8":+[["ILHA1",+1],+["ILHA7",+1],+["ILHA2",+1]],+"7":+[["ILHA1",+1],+["ILHA7",+1],+["ILHA2",+1]],+"6":+[["ILHA5",+1],+["ILHA2",+1],+["ILHA8",+1]],+"5":+[["ILHA2",+2],+["ILHA7",+1],+["ILHA1",+3]],+"4":+[["ILHA1",+2],+["ILHA7",+2],+["ILHA3",+2],+["ILHA4",+1],+["ILHA6",+1]],+"3":+[["ILHA1",+2],+["ILHA4",+4],+["ILHA8",+2]],+"2":+[["ILHA6",+1]],+"1":+[["ILHA2",+1],+["ILHA8",+3],+["ILHA7",+2],+["ILHA4",+1]]}}&mensagem_notificacao=Olá,+repositor+do+Prédio+GERAIS,+Andar+14.+Vocês+precisam+reabastecer:%0AIlha:+ILHA2,+Quantidade:+1+resmas%0AOlá,+repositor+do+Prédio+GERAIS,+Andar+13.+Vocês+precisam+reabastecer:%0AIlha:+ILHA1,+Quantidade:+3+resmas%0AOlá,+repositor+do+Prédio+GERAIS,+Andar+13.+Vocês+precisam+reabastecer:%0AIlha:+ILHA7,+Quantidade:+56+resmas%0AOlá,+repositor+do+Prédio+GERAIS,+Andar+12.+Vocês+precisam+reabastecer:%0AIlha:+ILHA3,+Quantidade:+1+resmas%0AOlá,+repositor+do+Prédio+GERAIS,+Andar+12.+Vocês+precisam+reabastecer:%0AIlha:+ILHA5,+Quantidade:+1+resmas%0AOlá,+repositor+do+Prédio+GERAIS,+Andar+12.+Vocês+precisam+reabastecer:%0AIlha:+ILHA8,+Quantidade:+1+resmas%0AOlá,+repositor+do+Prédio+GERAIS,+Andar+11.+Vocês+precisam+reabastecer:%0AIlha:+ILHA6,+Quantidade:+1+resmas%0AOlá,+repositor+do+Prédio+GERAIS,+Andar+11.+Vocês+precisam+reabastecer:%0AIlha:+ILHA3,+Quantidade:+2+resmas%0AOlá,+repositor+do+Prédio+GERAIS,+Andar+10.+Vocês+precisam+reabastecer:%0AIlha:+ILHA1,+Quantidade:+2+resmas%0AOlá,+repositor+do+Prédio+GERAIS,+Andar+10.+Vocês+precisam+reabastecer:%0AIlha:+ILHA7,+Quantidade:+2+resmas%0AOlá,+repositor+do+Prédio+GERAIS,+Andar+10.+Vocês+precisam+reabastecer:%0AIlha:+ILHA4,+Quantidade:+1+resmas%0AOlá,+repositor+do+Prédio+GERAIS,+Andar+10.+Vocês+precisam+reabastecer:%0AIlha:+ILHA6,+Quantidade:+1+resmas%0AOlá,+repositor+do+Prédio+GERAIS,+Andar+8.+Vocês+precisam+reabastecer:%0AIlha:+ILHA1,+Quantidade:+1+resmas%0AOlá,+repositor+do+Prédio+GERAIS,+Andar+8.+Vocês+precisam+reabastecer:%0AIlha:+ILHA7,+Quantidade:+1+resmas%0AOlá,+repositor+do+Prédio+GERAIS,+Andar+8.+Vocês+precisam+reabastecer:%0AIlha:+ILHA2,+Quantidade:+1+resmas%0AOlá,+repositor+do+Prédio+GERAIS,+Andar+7.+Vocês+precisam+reabastecer:%0AIlha:+ILHA1,+Quantidade:+1+resmas%0AOlá,+repositor+do+Prédio+GERAIS,+Andar+7.+Vocês+precisam+reabastecer:%0AIlha:+ILHA7,+Quantidade:+1+resmas%0AOlá,+repositor+do+Prédio+GERAIS,+Andar+7.+Vocês+precisam+reabastecer:%0AIlha:+ILHA2,+Quantidade:+1+resmas%0AOlá,+repositor+do+Prédio+GERAIS,+Andar+6.+Vocês+precisam+reabastecer:%0AIlha:+ILHA5,+Quantidade:+1+resmas%0AOlá,+repositor+do+Prédio+GERAIS,+Andar+6.+Vocês+precisam+reabastecer:%0AIlha:+ILHA2,+Quantidade:+1+resmas%0AOlá,+repositor+do+Prédio+GERAIS,+Andar+6.+Vocês+precisam+reabastecer:%0AIlha:+ILHA8,+Quantidade:+1+resmas%0AOlá,+repositor+do+Prédio+GERAIS,+Andar+5.+Vocês+precisam+reabastecer:%0AIlha:+ILHA2,+Quantidade:+2+resmas%0AOlá,+repositor+do+Prédio+GERAIS,+Andar+5.+Vocês+precisam+reabastecer:%0AIlha:+ILHA7,+Quantidade:+1+resmas%0AOlá,+repositor+do+Prédio+GERAIS,+Andar+5.+Vocês+precisam+reabastecer:%0AIlha:+ILHA1,+Quantidade:+3+resmas%0AOlá,+repositor+do+Prédio+GERAIS,+Andar+4.+Vocês+precisam+reabastecer:%0AIlha:+ILHA1,+Quantidade:+2+resmas%0AOlá,+repositor+do+Prédio+GERAIS,+Andar+4.+Vocês+precisam+reabastecer:%0AIlha:+ILHA7,+Quantidade:+2+resmas%0AOlá,+repositor+do+Prédio+GERAIS,+Andar+4.+Vocês+precisam+reabastecer:%0AIlha:+ILHA3,+Quantidade:+2+resmas%0AOlá,+repositor+do+Prédio+GERAIS,+Andar+4.+Vocês+precisam+reabastecer:%0AIlha:+ILHA4,+Quantidade:+1+resmas%0AOlá,+repositor+do+Prédio+GERAIS,+Andar+4.+Vocês+precisam+reabastecer:%0AIlha:+ILHA6,+Quantidade:+1+resmas%0AOlá,+repositor+do+Prédio+GERAIS,+Andar+3.+Vocês+precisam+reabastecer:%0AIlha:+ILHA1,+Quantidade:+2+resmas%0AOlá,+repositor+do+Prédio+GERAIS,+Andar+3.+Vocês+precisam+reabastecer:%0AIlha:+ILHA4,+Quantidade:+4+resmas%0AOlá,+repositor+do+Prédio+GERAIS,+Andar+3.+Vocês+precisam+reabastecer:%0AIlha:+ILHA8,+Quantidade:+2+resmas%0AOlá,+repositor+do+Prédio+GERAIS,+Andar+2.+Vocês+precisam+reabastecer:%0AIlha:+ILHA6,+Quantidade:+1+resmas%0AOlá,+repositor+do+Prédio+GERAIS,+Andar+1.+Vocês+precisam+reabastecer:%0AIlha:+ILHA2,+Quantidade:+1+resmas%0AOlá,+repositor+do+Prédio+GERAIS,+Andar+1.+Vocês+precisam+reabastecer:%0AIlha:+ILHA8,+Quantidade:+3+resmas%0AOlá,+repositor+do+Prédio+GERAIS,+Andar+1.+Vocês+precisam+reabastecer:%0AIlha:+ILHA7,+Quantidade:+2+resmas%0AOlá,+repositor+do+Prédio+GERAIS,+Andar+1.+Vocês+precisam+reabastecer:%0AIlha:+ILHA4,+Quantidade:+1+resmas%0A HTTP/1.1[0m" 302 -
INFO:werkzeug:127.0.0.1 - - [01/Mar/2024 09:44:11] "GET /LoginPaper HTTP/1.1" 200 -
INFO:werkzeug:127.0.0.1 - - [01/Mar/2024 09:44:11] "[36mGET /static/styles/loading.css HTTP/1.1[0m" 304 -
INFO:werkzeug:127.0.0.1 - - [01/Mar/2024 09:44:11] "[36mGET /static/styles/login.css HTTP/1.1[0m" 304 -
INFO:werkzeug:127.0.0.1 - - [01/Mar/2024 09:44:14] "[32mGET /RepositorHome?exibirPopup=true HTTP/1.1[0m" 302 -
INFO:werkzeug:127.0.0.1 - - [01/Mar/2024 09:44:14] "GET /LoginPaper?next=/RepositorHome?exibirPopup%3Dtrue HTTP/1.1" 200 -
INFO:werkzeug:127.0.0.1 - - [01/Mar/2024 09:44:14] "[36mGET /static/styles/loading.css HTTP/1.1[0m" 304 -
INFO:werkzeug:127.0.0.1 - - [01/Mar/2024 09:44:14] "[36mGET /static/styles/login.css HTTP/1.1[0m" 304 -
INFO:werkzeug:127.0.0.1 - - [01/Mar/2024 09:44:14] "[36mGET /static/images/zezinho.png HTTP/1.1[0m" 304 -
INFO:werkzeug:127.0.0.1 - - [01/Mar/2024 09:44:16] "[32mPOST /LoginPaper HTTP/1.1[0m" 302 -
INFO:werkzeug:127.0.0.1 - - [01/Mar/2024 09:44:16] "[35m[1mGET /RepositorHome?exibirPopup=true HTTP/1.1[0m" 500 -
INFO:werkzeug:127.0.0.1 - - [01/Mar/2024 09:44:16] "[36mGET /RepositorHome?__debugger__=yes&cmd=resource&f=style.css HTTP/1.1[0m" 304 -
INFO:werkzeug:127.0.0.1 - - [01/Mar/2024 09:44:16] "[36mGET /RepositorHome?__debugger__=yes&cmd=resource&f=debugger.js HTTP/1.1[0m" 304 -
INFO:werkzeug:127.0.0.1 - - [01/Mar/2024 09:44:16] "[36mGET /RepositorHome?__debugger__=yes&cmd=resource&f=console.png HTTP/1.1[0m" 304 -
INFO:werkzeug:127.0.0.1 - - [01/Mar/2024 09:44:16] "[36mGET /RepositorHome?__debugger__=yes&cmd=resource&f=console.png HTTP/1.1[0m" 304 -
INFO:werkzeug: * Detected change in 'C:\\Users\\x17859816\\Desktop\\papercontrollsystem\\app.py', reloading
INFO:werkzeug: * Restarting with stat
WARNING:werkzeug: * Debugger is active!
INFO:werkzeug: * Debugger PIN: 101-197-873
INFO:werkzeug: * Detected change in 'C:\\Users\\x17859816\\Desktop\\papercontrollsystem\\app.py', reloading
INFO:werkzeug: * Restarting with stat
WARNING:werkzeug: * Debugger is active!
INFO:werkzeug: * Debugger PIN: 101-197-873
INFO:werkzeug:127.0.0.1 - - [01/Mar/2024 09:47:08] "GET /LoginPaper HTTP/1.1" 200 -
INFO:werkzeug:127.0.0.1 - - [01/Mar/2024 09:47:08] "[36mGET /static/styles/loading.css HTTP/1.1[0m" 304 -
INFO:werkzeug:127.0.0.1 - - [01/Mar/2024 09:47:08] "[36mGET /static/styles/login.css HTTP/1.1[0m" 304 -
INFO:werkzeug:127.0.0.1 - - [01/Mar/2024 09:47:08] "[36mGET /static/images/zezinho.png HTTP/1.1[0m" 304 -
INFO:werkzeug:127.0.0.1 - - [01/Mar/2024 09:47:08] "[36mGET /static/images/zezinhobola.png HTTP/1.1[0m" 304 -
INFO:mysql.connector:package: mysql.connector.plugins
INFO:mysql.connector:plugin_name: caching_sha2_password
INFO:mysql.connector:AUTHENTICATION_PLUGIN_CLASS: MySQLCachingSHA2PasswordAuthPlugin
INFO:mysql.connector:package: mysql.connector.plugins
INFO:mysql.connector:plugin_name: mysql_native_password
INFO:mysql.connector:AUTHENTICATION_PLUGIN_CLASS: MySQLNativePasswordAuthPlugin
INFO:werkzeug:127.0.0.1 - - [01/Mar/2024 09:47:09] "[32mPOST /LoginPaper HTTP/1.1[0m" 302 -
INFO:werkzeug:127.0.0.1 - - [01/Mar/2024 09:47:09] "GET /AdmHome HTTP/1.1" 200 -
INFO:werkzeug:127.0.0.1 - - [01/Mar/2024 09:47:09] "[36mGET /static/styles/loginadm.css HTTP/1.1[0m" 304 -
INFO:werkzeug:127.0.0.1 - - [01/Mar/2024 09:47:09] "[36mGET /static/images/exitbutton.png HTTP/1.1[0m" 304 -
INFO:werkzeug:127.0.0.1 - - [01/Mar/2024 09:47:09] "[36mGET /static/images/background-pc.png HTTP/1.1[0m" 304 -
INFO:werkzeug:127.0.0.1 - - [01/Mar/2024 09:47:10] "GET /RelatorioSemanal HTTP/1.1" 200 -
INFO:werkzeug:127.0.0.1 - - [01/Mar/2024 09:47:10] "[36mGET /static/styles/quantidadeadm.css HTTP/1.1[0m" 304 -
INFO:werkzeug:127.0.0.1 - - [01/Mar/2024 09:47:10] "[36mGET /static/images/exitbutton.png HTTP/1.1[0m" 304 -
INFO:werkzeug:127.0.0.1 - - [01/Mar/2024 09:47:10] "[36mGET /static/images/background-pc.png HTTP/1.1[0m" 304 -
ERROR:root:Erro no servidor: 'LOCALIZAÇÃO'
Traceback (most recent call last):
  File "C:\Users\x17859816\AppData\Local\Packages\PythonSoftwareFoundation.Python.3.12_qbz5n2kfra8p0\LocalCache\local-packages\Python312\site-packages\pandas\core\indexes\base.py", line 3802, in get_loc
    return self._engine.get_loc(casted_key)
           ^^^^^^^^^^^^^^^^^^^^^^^^^^^^^^^^
  File "index.pyx", line 153, in pandas._libs.index.IndexEngine.get_loc
  File "index.pyx", line 182, in pandas._libs.index.IndexEngine.get_loc
  File "pandas\\_libs\\hashtable_class_helper.pxi", line 7081, in pandas._libs.hashtable.PyObjectHashTable.get_item
  File "pandas\\_libs\\hashtable_class_helper.pxi", line 7089, in pandas._libs.hashtable.PyObjectHashTable.get_item
KeyError: 'LOCALIZAÇÃO'

The above exception was the direct cause of the following exception:

Traceback (most recent call last):
  File "C:\Users\x17859816\Desktop\papercontrollsystem\app.py", line 534, in quantidadeadm
    ilha = str(row['LOCALIZAÇÃO'])
               ~~~^^^^^^^^^^^^^^^
  File "C:\Users\x17859816\AppData\Local\Packages\PythonSoftwareFoundation.Python.3.12_qbz5n2kfra8p0\LocalCache\local-packages\Python312\site-packages\pandas\core\series.py", line 1111, in __getitem__
    return self._get_value(key)
           ^^^^^^^^^^^^^^^^^^^^
  File "C:\Users\x17859816\AppData\Local\Packages\PythonSoftwareFoundation.Python.3.12_qbz5n2kfra8p0\LocalCache\local-packages\Python312\site-packages\pandas\core\series.py", line 1227, in _get_value
    loc = self.index.get_loc(label)
          ^^^^^^^^^^^^^^^^^^^^^^^^^
  File "C:\Users\x17859816\AppData\Local\Packages\PythonSoftwareFoundation.Python.3.12_qbz5n2kfra8p0\LocalCache\local-packages\Python312\site-packages\pandas\core\indexes\base.py", line 3809, in get_loc
    raise KeyError(key) from err
KeyError: 'LOCALIZAÇÃO'
INFO:werkzeug:127.0.0.1 - - [01/Mar/2024 09:47:13] "POST /RelatorioSemanal HTTP/1.1" 200 -
INFO:werkzeug:127.0.0.1 - - [01/Mar/2024 09:47:13] "[36mGET /static/styles/quantidadeadm.css HTTP/1.1[0m" 304 -
INFO:werkzeug:127.0.0.1 - - [01/Mar/2024 09:47:13] "[36mGET /static/images/exitbutton.png HTTP/1.1[0m" 304 -
ERROR:root:Erro no servidor: 'LOCALIZAÇÃO'
Traceback (most recent call last):
  File "C:\Users\x17859816\AppData\Local\Packages\PythonSoftwareFoundation.Python.3.12_qbz5n2kfra8p0\LocalCache\local-packages\Python312\site-packages\pandas\core\indexes\base.py", line 3802, in get_loc
    return self._engine.get_loc(casted_key)
           ^^^^^^^^^^^^^^^^^^^^^^^^^^^^^^^^
  File "index.pyx", line 153, in pandas._libs.index.IndexEngine.get_loc
  File "index.pyx", line 182, in pandas._libs.index.IndexEngine.get_loc
  File "pandas\\_libs\\hashtable_class_helper.pxi", line 7081, in pandas._libs.hashtable.PyObjectHashTable.get_item
  File "pandas\\_libs\\hashtable_class_helper.pxi", line 7089, in pandas._libs.hashtable.PyObjectHashTable.get_item
KeyError: 'LOCALIZAÇÃO'

The above exception was the direct cause of the following exception:

Traceback (most recent call last):
  File "C:\Users\x17859816\Desktop\papercontrollsystem\app.py", line 534, in quantidadeadm
    ilha = str(row['LOCALIZAÇÃO'])
               ~~~^^^^^^^^^^^^^^^
  File "C:\Users\x17859816\AppData\Local\Packages\PythonSoftwareFoundation.Python.3.12_qbz5n2kfra8p0\LocalCache\local-packages\Python312\site-packages\pandas\core\series.py", line 1111, in __getitem__
    return self._get_value(key)
           ^^^^^^^^^^^^^^^^^^^^
  File "C:\Users\x17859816\AppData\Local\Packages\PythonSoftwareFoundation.Python.3.12_qbz5n2kfra8p0\LocalCache\local-packages\Python312\site-packages\pandas\core\series.py", line 1227, in _get_value
    loc = self.index.get_loc(label)
          ^^^^^^^^^^^^^^^^^^^^^^^^^
  File "C:\Users\x17859816\AppData\Local\Packages\PythonSoftwareFoundation.Python.3.12_qbz5n2kfra8p0\LocalCache\local-packages\Python312\site-packages\pandas\core\indexes\base.py", line 3809, in get_loc
    raise KeyError(key) from err
KeyError: 'LOCALIZAÇÃO'
INFO:werkzeug:127.0.0.1 - - [01/Mar/2024 09:47:38] "POST /RelatorioSemanal HTTP/1.1" 200 -
INFO:werkzeug:127.0.0.1 - - [01/Mar/2024 09:47:38] "[36mGET /static/styles/quantidadeadm.css HTTP/1.1[0m" 304 -
INFO:werkzeug:127.0.0.1 - - [01/Mar/2024 09:47:38] "[36mGET /static/images/exitbutton.png HTTP/1.1[0m" 304 -
INFO:werkzeug:127.0.0.1 - - [01/Mar/2024 09:48:43] "GET /AdmHome HTTP/1.1" 200 -
INFO:werkzeug:127.0.0.1 - - [01/Mar/2024 09:48:43] "[36mGET /static/styles/loginadm.css HTTP/1.1[0m" 304 -
INFO:werkzeug:127.0.0.1 - - [01/Mar/2024 09:48:43] "[36mGET /static/images/exitbutton.png HTTP/1.1[0m" 304 -
INFO:werkzeug:127.0.0.1 - - [01/Mar/2024 09:48:43] "[36mGET /static/images/background-pc.png HTTP/1.1[0m" 304 -
INFO:werkzeug:127.0.0.1 - - [01/Mar/2024 09:48:44] "GET /enviarPopup HTTP/1.1" 200 -
INFO:werkzeug:127.0.0.1 - - [01/Mar/2024 09:48:44] "[36mGET /static/styles/enviarNotificacao.css HTTP/1.1[0m" 304 -
INFO:werkzeug:127.0.0.1 - - [01/Mar/2024 09:48:44] "[36mGET /static/images/exitbutton.png HTTP/1.1[0m" 304 -
INFO:werkzeug:127.0.0.1 - - [01/Mar/2024 09:48:44] "[36mGET /static/images/background-pc.png HTTP/1.1[0m" 304 -
INFO:werkzeug:127.0.0.1 - - [01/Mar/2024 09:48:49] "[32mPOST /enviarPopup HTTP/1.1[0m" 302 -
INFO:werkzeug:127.0.0.1 - - [01/Mar/2024 09:48:49] "GET /AdmHome?ilhas_e_quantidades={"GERAIS":+{"14":+[["ILHA2",+1]],+"13":+[["ILHA1",+3],+["ILHA7",+56]],+"12":+[["ILHA3",+1],+["ILHA5",+1],+["ILHA8",+1]],+"11":+[["ILHA6",+1],+["ILHA3",+2]],+"10":+[["ILHA1",+2],+["ILHA7",+2],+["ILHA4",+1],+["ILHA6",+1]],+"8":+[["ILHA1",+1],+["ILHA7",+1],+["ILHA2",+1]],+"7":+[["ILHA1",+1],+["ILHA7",+1],+["ILHA2",+1]],+"6":+[["ILHA5",+1],+["ILHA2",+1],+["ILHA8",+1]],+"5":+[["ILHA2",+2],+["ILHA7",+1],+["ILHA1",+3]],+"4":+[["ILHA1",+2],+["ILHA7",+2],+["ILHA3",+2],+["ILHA4",+1],+["ILHA6",+1]],+"3":+[["ILHA1",+2],+["ILHA4",+4],+["ILHA8",+2]],+"2":+[["ILHA6",+1]],+"1":+[["ILHA2",+1],+["ILHA8",+3],+["ILHA7",+2],+["ILHA4",+1]]}}&mensagem_notificacao=Olá,+repositor+do+Prédio+GERAIS,+Andar+14.+Vocês+precisam+reabastecer:%0AIlha:+ILHA2,+Quantidade:+1+resmas%0AOlá,+repositor+do+Prédio+GERAIS,+Andar+13.+Vocês+precisam+reabastecer:%0AIlha:+ILHA1,+Quantidade:+3+resmas%0AOlá,+repositor+do+Prédio+GERAIS,+Andar+13.+Vocês+precisam+reabastecer:%0AIlha:+ILHA7,+Quantidade:+56+resmas%0AOlá,+repositor+do+Prédio+GERAIS,+Andar+12.+Vocês+precisam+reabastecer:%0AIlha:+ILHA3,+Quantidade:+1+resmas%0AOlá,+repositor+do+Prédio+GERAIS,+Andar+12.+Vocês+precisam+reabastecer:%0AIlha:+ILHA5,+Quantidade:+1+resmas%0AOlá,+repositor+do+Prédio+GERAIS,+Andar+12.+Vocês+precisam+reabastecer:%0AIlha:+ILHA8,+Quantidade:+1+resmas%0AOlá,+repositor+do+Prédio+GERAIS,+Andar+11.+Vocês+precisam+reabastecer:%0AIlha:+ILHA6,+Quantidade:+1+resmas%0AOlá,+repositor+do+Prédio+GERAIS,+Andar+11.+Vocês+precisam+reabastecer:%0AIlha:+ILHA3,+Quantidade:+2+resmas%0AOlá,+repositor+do+Prédio+GERAIS,+Andar+10.+Vocês+precisam+reabastecer:%0AIlha:+ILHA1,+Quantidade:+2+resmas%0AOlá,+repositor+do+Prédio+GERAIS,+Andar+10.+Vocês+precisam+reabastecer:%0AIlha:+ILHA7,+Quantidade:+2+resmas%0AOlá,+repositor+do+Prédio+GERAIS,+Andar+10.+Vocês+precisam+reabastecer:%0AIlha:+ILHA4,+Quantidade:+1+resmas%0AOlá,+repositor+do+Prédio+GERAIS,+Andar+10.+Vocês+precisam+reabastecer:%0AIlha:+ILHA6,+Quantidade:+1+resmas%0AOlá,+repositor+do+Prédio+GERAIS,+Andar+8.+Vocês+precisam+reabastecer:%0AIlha:+ILHA1,+Quantidade:+1+resmas%0AOlá,+repositor+do+Prédio+GERAIS,+Andar+8.+Vocês+precisam+reabastecer:%0AIlha:+ILHA7,+Quantidade:+1+resmas%0AOlá,+repositor+do+Prédio+GERAIS,+Andar+8.+Vocês+precisam+reabastecer:%0AIlha:+ILHA2,+Quantidade:+1+resmas%0AOlá,+repositor+do+Prédio+GERAIS,+Andar+7.+Vocês+precisam+reabastecer:%0AIlha:+ILHA1,+Quantidade:+1+resmas%0AOlá,+repositor+do+Prédio+GERAIS,+Andar+7.+Vocês+precisam+reabastecer:%0AIlha:+ILHA7,+Quantidade:+1+resmas%0AOlá,+repositor+do+Prédio+GERAIS,+Andar+7.+Vocês+precisam+reabastecer:%0AIlha:+ILHA2,+Quantidade:+1+resmas%0AOlá,+repositor+do+Prédio+GERAIS,+Andar+6.+Vocês+precisam+reabastecer:%0AIlha:+ILHA5,+Quantidade:+1+resmas%0AOlá,+repositor+do+Prédio+GERAIS,+Andar+6.+Vocês+precisam+reabastecer:%0AIlha:+ILHA2,+Quantidade:+1+resmas%0AOlá,+repositor+do+Prédio+GERAIS,+Andar+6.+Vocês+precisam+reabastecer:%0AIlha:+ILHA8,+Quantidade:+1+resmas%0AOlá,+repositor+do+Prédio+GERAIS,+Andar+5.+Vocês+precisam+reabastecer:%0AIlha:+ILHA2,+Quantidade:+2+resmas%0AOlá,+repositor+do+Prédio+GERAIS,+Andar+5.+Vocês+precisam+reabastecer:%0AIlha:+ILHA7,+Quantidade:+1+resmas%0AOlá,+repositor+do+Prédio+GERAIS,+Andar+5.+Vocês+precisam+reabastecer:%0AIlha:+ILHA1,+Quantidade:+3+resmas%0AOlá,+repositor+do+Prédio+GERAIS,+Andar+4.+Vocês+precisam+reabastecer:%0AIlha:+ILHA1,+Quantidade:+2+resmas%0AOlá,+repositor+do+Prédio+GERAIS,+Andar+4.+Vocês+precisam+reabastecer:%0AIlha:+ILHA7,+Quantidade:+2+resmas%0AOlá,+repositor+do+Prédio+GERAIS,+Andar+4.+Vocês+precisam+reabastecer:%0AIlha:+ILHA3,+Quantidade:+2+resmas%0AOlá,+repositor+do+Prédio+GERAIS,+Andar+4.+Vocês+precisam+reabastecer:%0AIlha:+ILHA4,+Quantidade:+1+resmas%0AOlá,+repositor+do+Prédio+GERAIS,+Andar+4.+Vocês+precisam+reabastecer:%0AIlha:+ILHA6,+Quantidade:+1+resmas%0AOlá,+repositor+do+Prédio+GERAIS,+Andar+3.+Vocês+precisam+reabastecer:%0AIlha:+ILHA1,+Quantidade:+2+resmas%0AOlá,+repositor+do+Prédio+GERAIS,+Andar+3.+Vocês+precisam+reabastecer:%0AIlha:+ILHA4,+Quantidade:+4+resmas%0AOlá,+repositor+do+Prédio+GERAIS,+Andar+3.+Vocês+precisam+reabastecer:%0AIlha:+ILHA8,+Quantidade:+2+resmas%0AOlá,+repositor+do+Prédio+GERAIS,+Andar+2.+Vocês+precisam+reabastecer:%0AIlha:+ILHA6,+Quantidade:+1+resmas%0AOlá,+repositor+do+Prédio+GERAIS,+Andar+1.+Vocês+precisam+reabastecer:%0AIlha:+ILHA2,+Quantidade:+1+resmas%0AOlá,+repositor+do+Prédio+GERAIS,+Andar+1.+Vocês+precisam+reabastecer:%0AIlha:+ILHA8,+Quantidade:+3+resmas%0AOlá,+repositor+do+Prédio+GERAIS,+Andar+1.+Vocês+precisam+reabastecer:%0AIlha:+ILHA7,+Quantidade:+2+resmas%0AOlá,+repositor+do+Prédio+GERAIS,+Andar+1.+Vocês+precisam+reabastecer:%0AIlha:+ILHA4,+Quantidade:+1+resmas%0A HTTP/1.1" 200 -
INFO:werkzeug:127.0.0.1 - - [01/Mar/2024 09:48:49] "[36mGET /static/styles/loginadm.css HTTP/1.1[0m" 304 -
INFO:werkzeug:127.0.0.1 - - [01/Mar/2024 09:48:49] "[36mGET /static/images/exitbutton.png HTTP/1.1[0m" 304 -
INFO:werkzeug:127.0.0.1 - - [01/Mar/2024 09:49:32] "[32mGET /RepositorHome?exibirPopup=true HTTP/1.1[0m" 302 -
INFO:werkzeug:127.0.0.1 - - [01/Mar/2024 09:49:32] "GET /LoginPaper?next=/RepositorHome?exibirPopup%3Dtrue HTTP/1.1" 200 -
INFO:werkzeug:127.0.0.1 - - [01/Mar/2024 09:49:32] "[36mGET /static/styles/loading.css HTTP/1.1[0m" 304 -
INFO:werkzeug:127.0.0.1 - - [01/Mar/2024 09:49:32] "[36mGET /static/styles/login.css HTTP/1.1[0m" 304 -
INFO:werkzeug:127.0.0.1 - - [01/Mar/2024 09:49:32] "[36mGET /static/images/zezinho.png HTTP/1.1[0m" 304 -
INFO:werkzeug:127.0.0.1 - - [01/Mar/2024 09:49:33] "[32mPOST /LoginPaper HTTP/1.1[0m" 302 -
INFO:werkzeug:127.0.0.1 - - [01/Mar/2024 09:49:33] "[32mGET /RepositorHome?exibirPopup=true HTTP/1.1[0m" 302 -
INFO:werkzeug:127.0.0.1 - - [01/Mar/2024 09:49:33] "GET /LoginPaper HTTP/1.1" 200 -
INFO:werkzeug:127.0.0.1 - - [01/Mar/2024 09:49:33] "[36mGET /static/styles/loading.css HTTP/1.1[0m" 304 -
INFO:werkzeug:127.0.0.1 - - [01/Mar/2024 09:49:33] "[36mGET /static/styles/login.css HTTP/1.1[0m" 304 -
INFO:werkzeug:127.0.0.1 - - [01/Mar/2024 09:49:33] "[36mGET /static/images/zezinho.png HTTP/1.1[0m" 304 -
INFO:werkzeug:127.0.0.1 - - [01/Mar/2024 09:49:35] "[32mPOST /LoginPaper HTTP/1.1[0m" 302 -
INFO:werkzeug:127.0.0.1 - - [01/Mar/2024 09:49:35] "[32mGET /RepositorHome?exibirPopup=true HTTP/1.1[0m" 302 -
INFO:werkzeug:127.0.0.1 - - [01/Mar/2024 09:49:35] "GET /LoginPaper HTTP/1.1" 200 -
INFO:werkzeug:127.0.0.1 - - [01/Mar/2024 09:49:35] "[36mGET /static/styles/loading.css HTTP/1.1[0m" 304 -
INFO:werkzeug:127.0.0.1 - - [01/Mar/2024 09:49:35] "[36mGET /static/styles/login.css HTTP/1.1[0m" 304 -
INFO:werkzeug:127.0.0.1 - - [01/Mar/2024 09:49:35] "[36mGET /static/images/zezinho.png HTTP/1.1[0m" 304 -
INFO:werkzeug:127.0.0.1 - - [01/Mar/2024 09:49:37] "[32mPOST /LoginPaper HTTP/1.1[0m" 302 -
INFO:werkzeug:127.0.0.1 - - [01/Mar/2024 09:49:37] "[32mGET /RepositorHome?exibirPopup=true HTTP/1.1[0m" 302 -
INFO:werkzeug:127.0.0.1 - - [01/Mar/2024 09:49:37] "GET /LoginPaper HTTP/1.1" 200 -
INFO:werkzeug:127.0.0.1 - - [01/Mar/2024 09:49:37] "[36mGET /static/styles/loading.css HTTP/1.1[0m" 304 -
INFO:werkzeug:127.0.0.1 - - [01/Mar/2024 09:49:37] "[36mGET /static/styles/login.css HTTP/1.1[0m" 304 -
INFO:werkzeug:127.0.0.1 - - [01/Mar/2024 09:49:37] "[36mGET /static/images/zezinho.png HTTP/1.1[0m" 304 -
INFO:werkzeug:127.0.0.1 - - [01/Mar/2024 09:49:54] "[32mPOST /LoginPaper HTTP/1.1[0m" 302 -
INFO:werkzeug:127.0.0.1 - - [01/Mar/2024 09:49:54] "[32mGET /RepositorHome?exibirPopup=true HTTP/1.1[0m" 302 -
INFO:werkzeug:127.0.0.1 - - [01/Mar/2024 09:49:54] "GET /LoginPaper HTTP/1.1" 200 -
INFO:werkzeug:127.0.0.1 - - [01/Mar/2024 09:49:54] "[36mGET /static/styles/loading.css HTTP/1.1[0m" 304 -
INFO:werkzeug:127.0.0.1 - - [01/Mar/2024 09:49:54] "[36mGET /static/styles/login.css HTTP/1.1[0m" 304 -
INFO:werkzeug:127.0.0.1 - - [01/Mar/2024 09:49:54] "[36mGET /static/images/zezinho.png HTTP/1.1[0m" 304 -
INFO:werkzeug:127.0.0.1 - - [01/Mar/2024 09:50:16] "GET /LoginPaper HTTP/1.1" 200 -
INFO:werkzeug:127.0.0.1 - - [01/Mar/2024 09:50:16] "[36mGET /static/styles/loading.css HTTP/1.1[0m" 304 -
INFO:werkzeug:127.0.0.1 - - [01/Mar/2024 09:50:16] "[36mGET /static/styles/login.css HTTP/1.1[0m" 304 -
INFO:werkzeug:127.0.0.1 - - [01/Mar/2024 09:50:16] "[36mGET /static/images/zezinhobola.png HTTP/1.1[0m" 304 -
INFO:werkzeug:127.0.0.1 - - [01/Mar/2024 09:50:16] "[36mGET /static/images/zezinho.png HTTP/1.1[0m" 304 -
INFO:werkzeug:127.0.0.1 - - [01/Mar/2024 09:50:17] "GET /LoginPaper HTTP/1.1" 200 -
INFO:werkzeug:127.0.0.1 - - [01/Mar/2024 09:50:17] "[36mGET /static/styles/login.css HTTP/1.1[0m" 304 -
INFO:werkzeug:127.0.0.1 - - [01/Mar/2024 09:50:17] "[36mGET /static/styles/loading.css HTTP/1.1[0m" 304 -
INFO:werkzeug:127.0.0.1 - - [01/Mar/2024 09:50:17] "[36mGET /static/images/zezinhobola.png HTTP/1.1[0m" 304 -
INFO:werkzeug:127.0.0.1 - - [01/Mar/2024 09:50:17] "[36mGET /static/images/zezinho.png HTTP/1.1[0m" 304 -
INFO:werkzeug:127.0.0.1 - - [01/Mar/2024 09:50:20] "GET /LoginPaper HTTP/1.1" 200 -
INFO:werkzeug:127.0.0.1 - - [01/Mar/2024 09:50:20] "[36mGET /static/styles/loading.css HTTP/1.1[0m" 304 -
INFO:werkzeug:127.0.0.1 - - [01/Mar/2024 09:50:20] "[36mGET /static/styles/login.css HTTP/1.1[0m" 304 -
INFO:werkzeug:127.0.0.1 - - [01/Mar/2024 09:50:20] "[36mGET /static/images/zezinhobola.png HTTP/1.1[0m" 304 -
INFO:werkzeug:127.0.0.1 - - [01/Mar/2024 09:50:20] "[36mGET /static/images/zezinho.png HTTP/1.1[0m" 304 -
INFO:werkzeug:127.0.0.1 - - [01/Mar/2024 09:50:23] "[36mGET /static/styles/loading.css HTTP/1.1[0m" 304 -
INFO:werkzeug:127.0.0.1 - - [01/Mar/2024 09:50:23] "[36mGET /static/styles/login.css HTTP/1.1[0m" 304 -
INFO:werkzeug:127.0.0.1 - - [01/Mar/2024 09:50:40] "[32mPOST /LoginPaper HTTP/1.1[0m" 302 -
INFO:werkzeug:127.0.0.1 - - [01/Mar/2024 09:50:40] "[32mGET /RepositorHome?exibirPopup=true HTTP/1.1[0m" 302 -
INFO:werkzeug:127.0.0.1 - - [01/Mar/2024 09:50:40] "GET /LoginPaper HTTP/1.1" 200 -
INFO:werkzeug:127.0.0.1 - - [01/Mar/2024 09:50:40] "[36mGET /static/styles/loading.css HTTP/1.1[0m" 304 -
INFO:werkzeug:127.0.0.1 - - [01/Mar/2024 09:50:40] "[36mGET /static/styles/login.css HTTP/1.1[0m" 304 -
INFO:werkzeug:127.0.0.1 - - [01/Mar/2024 09:50:40] "[36mGET /static/images/zezinho.png HTTP/1.1[0m" 304 -
INFO:werkzeug:127.0.0.1 - - [01/Mar/2024 09:51:38] "[36mGET /static/styles/loading.css HTTP/1.1[0m" 304 -
INFO:werkzeug:127.0.0.1 - - [01/Mar/2024 09:51:38] "[36mGET /static/styles/login.css HTTP/1.1[0m" 304 -
INFO:werkzeug:127.0.0.1 - - [01/Mar/2024 10:01:45] "GET /LoginPaper HTTP/1.1" 200 -
INFO:werkzeug:127.0.0.1 - - [01/Mar/2024 10:01:45] "[36mGET /static/styles/loading.css HTTP/1.1[0m" 304 -
INFO:werkzeug:127.0.0.1 - - [01/Mar/2024 10:01:45] "[36mGET /static/styles/login.css HTTP/1.1[0m" 304 -
INFO:werkzeug:127.0.0.1 - - [01/Mar/2024 10:01:45] "[36mGET /static/images/zezinho.png HTTP/1.1[0m" 304 -
INFO:werkzeug:127.0.0.1 - - [01/Mar/2024 10:01:48] "[32mPOST /LoginPaper HTTP/1.1[0m" 302 -
INFO:werkzeug:127.0.0.1 - - [01/Mar/2024 10:01:48] "[32mGET /RepositorHome?exibirPopup=true HTTP/1.1[0m" 302 -
INFO:werkzeug:127.0.0.1 - - [01/Mar/2024 10:01:48] "GET /LoginPaper HTTP/1.1" 200 -
INFO:werkzeug:127.0.0.1 - - [01/Mar/2024 10:01:48] "[36mGET /static/styles/loading.css HTTP/1.1[0m" 304 -
INFO:werkzeug:127.0.0.1 - - [01/Mar/2024 10:01:48] "[36mGET /static/styles/login.css HTTP/1.1[0m" 304 -
INFO:werkzeug:127.0.0.1 - - [01/Mar/2024 10:28:51] "[32mPOST /LoginPaper HTTP/1.1[0m" 302 -
INFO:werkzeug:127.0.0.1 - - [01/Mar/2024 10:28:51] "GET /AdmHome HTTP/1.1" 200 -
INFO:werkzeug:127.0.0.1 - - [01/Mar/2024 10:28:51] "[36mGET /static/styles/loginadm.css HTTP/1.1[0m" 304 -
INFO:werkzeug:127.0.0.1 - - [01/Mar/2024 10:28:51] "[36mGET /static/images/exitbutton.png HTTP/1.1[0m" 304 -
INFO:werkzeug:127.0.0.1 - - [01/Mar/2024 10:28:51] "[36mGET /static/images/background-pc.png HTTP/1.1[0m" 304 -
INFO:werkzeug:127.0.0.1 - - [01/Mar/2024 10:28:55] "GET /LoginPaper HTTP/1.1" 200 -
INFO:werkzeug:127.0.0.1 - - [01/Mar/2024 10:28:55] "[36mGET /static/styles/loading.css HTTP/1.1[0m" 304 -
INFO:werkzeug:127.0.0.1 - - [01/Mar/2024 10:28:55] "[36mGET /static/styles/login.css HTTP/1.1[0m" 304 -
INFO:werkzeug:127.0.0.1 - - [01/Mar/2024 10:28:55] "[36mGET /static/images/zezinho.png HTTP/1.1[0m" 304 -
INFO:werkzeug:127.0.0.1 - - [01/Mar/2024 10:28:58] "[32mPOST /LoginPaper HTTP/1.1[0m" 302 -
INFO:werkzeug:127.0.0.1 - - [01/Mar/2024 10:28:58] "[32mGET /RepositorHome?exibirPopup=true HTTP/1.1[0m" 302 -
INFO:werkzeug:127.0.0.1 - - [01/Mar/2024 10:28:59] "GET /LoginPaper HTTP/1.1" 200 -
INFO:werkzeug:127.0.0.1 - - [01/Mar/2024 10:28:59] "[36mGET /static/styles/loading.css HTTP/1.1[0m" 304 -
INFO:werkzeug:127.0.0.1 - - [01/Mar/2024 10:28:59] "[36mGET /static/styles/login.css HTTP/1.1[0m" 304 -
INFO:werkzeug:127.0.0.1 - - [01/Mar/2024 10:29:00] "[32mPOST /LoginPaper HTTP/1.1[0m" 302 -
INFO:werkzeug:127.0.0.1 - - [01/Mar/2024 10:29:00] "GET /AdmHome HTTP/1.1" 200 -
INFO:werkzeug:127.0.0.1 - - [01/Mar/2024 10:29:00] "[36mGET /static/styles/loginadm.css HTTP/1.1[0m" 304 -
INFO:werkzeug:127.0.0.1 - - [01/Mar/2024 10:29:00] "[36mGET /static/images/exitbutton.png HTTP/1.1[0m" 304 -
INFO:werkzeug:127.0.0.1 - - [01/Mar/2024 10:46:15] "[36mGET /static/styles/loginadm.css HTTP/1.1[0m" 304 -
INFO:werkzeug:127.0.0.1 - - [01/Mar/2024 10:46:24] "GET /AdmHome HTTP/1.1" 200 -
INFO:werkzeug:127.0.0.1 - - [01/Mar/2024 10:46:24] "[36mGET /static/styles/loginadm.css HTTP/1.1[0m" 304 -
INFO:werkzeug:127.0.0.1 - - [01/Mar/2024 10:46:24] "[36mGET /static/images/exitbutton.png HTTP/1.1[0m" 304 -
INFO:werkzeug:127.0.0.1 - - [01/Mar/2024 10:46:24] "[36mGET /static/images/background-pc.png HTTP/1.1[0m" 304 -
INFO:werkzeug:127.0.0.1 - - [01/Mar/2024 10:46:24] "[36mGET /static/images/zezinhobola.png HTTP/1.1[0m" 304 -
INFO:werkzeug:127.0.0.1 - - [01/Mar/2024 10:46:26] "GET /LoginPaper HTTP/1.1" 200 -
INFO:werkzeug:127.0.0.1 - - [01/Mar/2024 10:46:26] "[36mGET /static/styles/loading.css HTTP/1.1[0m" 304 -
INFO:werkzeug:127.0.0.1 - - [01/Mar/2024 10:46:26] "[36mGET /static/styles/login.css HTTP/1.1[0m" 304 -
INFO:werkzeug:127.0.0.1 - - [01/Mar/2024 10:46:26] "[36mGET /static/images/zezinho.png HTTP/1.1[0m" 304 -
INFO:werkzeug:127.0.0.1 - - [01/Mar/2024 10:46:30] "[32mPOST /LoginPaper HTTP/1.1[0m" 302 -
INFO:werkzeug:127.0.0.1 - - [01/Mar/2024 10:46:30] "[32mGET /RepositorHome?exibirPopup=true HTTP/1.1[0m" 302 -
INFO:werkzeug:127.0.0.1 - - [01/Mar/2024 10:46:30] "GET /LoginPaper HTTP/1.1" 200 -
INFO:werkzeug:127.0.0.1 - - [01/Mar/2024 10:46:31] "[36mGET /static/styles/loading.css HTTP/1.1[0m" 304 -
INFO:werkzeug:127.0.0.1 - - [01/Mar/2024 10:46:31] "[36mGET /static/styles/login.css HTTP/1.1[0m" 304 -
INFO:werkzeug:127.0.0.1 - - [01/Mar/2024 10:46:37] "GET /LoginPaper HTTP/1.1" 200 -
INFO:werkzeug:127.0.0.1 - - [01/Mar/2024 10:46:37] "[36mGET /static/styles/loading.css HTTP/1.1[0m" 304 -
INFO:werkzeug:127.0.0.1 - - [01/Mar/2024 10:46:37] "[36mGET /static/styles/login.css HTTP/1.1[0m" 304 -
INFO:werkzeug:127.0.0.1 - - [01/Mar/2024 10:46:38] "[36mGET /static/images/zezinhobola.png HTTP/1.1[0m" 304 -
INFO:werkzeug:127.0.0.1 - - [01/Mar/2024 10:46:40] "[36mGET /static/styles/loading.css HTTP/1.1[0m" 304 -
INFO:werkzeug:127.0.0.1 - - [01/Mar/2024 10:46:40] "[36mGET /static/styles/login.css HTTP/1.1[0m" 304 -
INFO:werkzeug:127.0.0.1 - - [01/Mar/2024 10:52:57] "GET /LoginPaper HTTP/1.1" 200 -
INFO:werkzeug:127.0.0.1 - - [01/Mar/2024 10:52:57] "[36mGET /static/styles/loading.css HTTP/1.1[0m" 304 -
INFO:werkzeug:127.0.0.1 - - [01/Mar/2024 10:52:57] "[36mGET /static/styles/login.css HTTP/1.1[0m" 304 -
INFO:werkzeug:127.0.0.1 - - [01/Mar/2024 10:52:57] "[36mGET /static/images/zezinhobola.png HTTP/1.1[0m" 304 -
INFO:werkzeug:127.0.0.1 - - [01/Mar/2024 10:53:03] "[32mPOST /LoginPaper HTTP/1.1[0m" 302 -
INFO:werkzeug:127.0.0.1 - - [01/Mar/2024 10:53:03] "[32mGET /RepositorHome?exibirPopup=true HTTP/1.1[0m" 302 -
INFO:werkzeug:127.0.0.1 - - [01/Mar/2024 10:53:03] "GET /LoginPaper HTTP/1.1" 200 -
INFO:werkzeug:127.0.0.1 - - [01/Mar/2024 10:53:03] "[36mGET /static/styles/loading.css HTTP/1.1[0m" 304 -
INFO:werkzeug:127.0.0.1 - - [01/Mar/2024 10:53:03] "[36mGET /static/styles/login.css HTTP/1.1[0m" 304 -
INFO:werkzeug:127.0.0.1 - - [01/Mar/2024 15:12:29] "[32mPOST /LoginPaper HTTP/1.1[0m" 302 -
INFO:werkzeug:127.0.0.1 - - [01/Mar/2024 15:12:29] "[32mGET /RepositorHome?exibirPopup=true HTTP/1.1[0m" 302 -
INFO:werkzeug:127.0.0.1 - - [01/Mar/2024 15:12:29] "GET /LoginPaper HTTP/1.1" 200 -
INFO:werkzeug:127.0.0.1 - - [01/Mar/2024 15:12:29] "[36mGET /static/styles/loading.css HTTP/1.1[0m" 304 -
INFO:werkzeug:127.0.0.1 - - [01/Mar/2024 15:12:29] "[36mGET /static/styles/login.css HTTP/1.1[0m" 304 -
INFO:werkzeug:127.0.0.1 - - [01/Mar/2024 15:12:29] "[36mGET /static/images/zezinho.png HTTP/1.1[0m" 304 -
INFO:werkzeug:127.0.0.1 - - [01/Mar/2024 15:12:45] "GET /Abastecimento HTTP/1.1" 200 -
INFO:werkzeug:127.0.0.1 - - [01/Mar/2024 15:12:45] "[36mGET /static/images/exitbutton.png HTTP/1.1[0m" 304 -
INFO:werkzeug:127.0.0.1 - - [01/Mar/2024 15:12:45] "GET /static/styles/abastecimento.css HTTP/1.1" 200 -
INFO:werkzeug:127.0.0.1 - - [01/Mar/2024 15:12:45] "[36mGET /static/images/background-zezinho.png HTTP/1.1[0m" 304 -
INFO:werkzeug:127.0.0.1 - - [01/Mar/2024 15:12:47] "[32mGET /RepositorHome HTTP/1.1[0m" 302 -
INFO:werkzeug:127.0.0.1 - - [01/Mar/2024 15:12:47] "GET /LoginPaper HTTP/1.1" 200 -
INFO:werkzeug:127.0.0.1 - - [01/Mar/2024 15:12:47] "[36mGET /static/styles/loading.css HTTP/1.1[0m" 304 -
INFO:werkzeug:127.0.0.1 - - [01/Mar/2024 15:12:47] "[36mGET /static/styles/login.css HTTP/1.1[0m" 304 -
INFO:werkzeug:127.0.0.1 - - [01/Mar/2024 15:12:52] "[32mGET / HTTP/1.1[0m" 302 -
INFO:werkzeug:127.0.0.1 - - [01/Mar/2024 15:12:53] "[32mGET /RepositorHome HTTP/1.1[0m" 302 -
INFO:werkzeug:127.0.0.1 - - [01/Mar/2024 15:12:53] "GET /LoginPaper HTTP/1.1" 200 -
INFO:werkzeug:127.0.0.1 - - [01/Mar/2024 15:12:53] "[36mGET /static/styles/loading.css HTTP/1.1[0m" 304 -
INFO:werkzeug:127.0.0.1 - - [01/Mar/2024 15:12:53] "[36mGET /static/styles/login.css HTTP/1.1[0m" 304 -
INFO:werkzeug:127.0.0.1 - - [01/Mar/2024 15:12:53] "[36mGET /static/images/zezinho.png HTTP/1.1[0m" 304 -
INFO:werkzeug:127.0.0.1 - - [01/Mar/2024 15:12:55] "GET /Abastecimento HTTP/1.1" 200 -
INFO:werkzeug:127.0.0.1 - - [01/Mar/2024 15:12:55] "[36mGET /static/styles/abastecimento.css HTTP/1.1[0m" 304 -
INFO:werkzeug:127.0.0.1 - - [01/Mar/2024 15:12:55] "[36mGET /static/images/exitbutton.png HTTP/1.1[0m" 304 -
INFO:root:Página de reabastecimento carregada com sucesso.
INFO:werkzeug:127.0.0.1 - - [01/Mar/2024 15:13:55] "GET /Reabastecimento HTTP/1.1" 200 -
INFO:werkzeug:127.0.0.1 - - [01/Mar/2024 15:13:55] "[36mGET /static/images/exitbutton.png HTTP/1.1[0m" 304 -
INFO:werkzeug:127.0.0.1 - - [01/Mar/2024 15:13:55] "GET /static/styles/reabastecimento.css HTTP/1.1" 200 -
INFO:werkzeug:127.0.0.1 - - [01/Mar/2024 15:13:56] "[36mGET /static/images/background-zezinho.png HTTP/1.1[0m" 304 -
INFO:werkzeug: * Detected change in 'C:\\Users\\x17859816\\Desktop\\papercontrollsystem\\database.py', reloading
INFO:werkzeug: * Restarting with stat
WARNING:werkzeug: * Debugger is active!
INFO:werkzeug: * Debugger PIN: 101-197-873
INFO:werkzeug: * Detected change in 'C:\\Users\\x17859816\\Desktop\\papercontrollsystem\\app.py', reloading
INFO:werkzeug: * Restarting with stat
